/common/pkgs/cuda/cuda-11.4/lib64:/common/pkgs/cuda/cuda-11.4/extras/CUPTI/lib64:/rhome/mdodson/.conda/envs/learn/lib
Tensorflow version: 2.4.1
Num GPUs Available:  1
[PhysicalDevice(name='/physical_device:CPU:0', device_type='CPU'), PhysicalDevice(name='/physical_device:XLA_CPU:0', device_type='XLA_CPU'), PhysicalDevice(name='/physical_device:XLA_GPU:0', device_type='XLA_GPU'), PhysicalDevice(name='/physical_device:GPU:0', device_type='GPU')]
Model: "model"
_________________________________________________________________
Layer (type)                 Output Shape              Param #   
=================================================================
input_1 (InputLayer)         [(None, 400, 22)]         0         
_________________________________________________________________
in_dist (TimeDistributed)    (None, 400, 32)           736       
_________________________________________________________________
enc_bd_0 (Bidirectional)     (None, 400, 64)           16640     
_________________________________________________________________
enc_bnorm_0 (BatchNormalizat (None, 400, 64)           256       
_________________________________________________________________
dropout (Dropout)            (None, 400, 64)           0         
_________________________________________________________________
enc_bd_1 (Bidirectional)     (None, 400, 64)           24832     
_________________________________________________________________
enc_bnorm_1 (BatchNormalizat (None, 400, 64)           256       
_________________________________________________________________
dropout_1 (Dropout)          (None, 400, 64)           0         
_________________________________________________________________
enc_bd_2 (Bidirectional)     (None, 400, 64)           24832     
_________________________________________________________________
enc_bnorm_2 (BatchNormalizat (None, 400, 64)           256       
_________________________________________________________________
dropout_2 (Dropout)          (None, 400, 64)           0         
_________________________________________________________________
enc_bd_3 (Bidirectional)     (None, 400, 64)           24832     
_________________________________________________________________
enc_bnorm_3 (BatchNormalizat (None, 400, 64)           256       
_________________________________________________________________
dropout_3 (Dropout)          (None, 400, 64)           0         
_________________________________________________________________
enc_bd_4 (Bidirectional)     (None, 400, 64)           24832     
_________________________________________________________________
enc_bnorm_4 (BatchNormalizat (None, 400, 64)           256       
_________________________________________________________________
dropout_4 (Dropout)          (None, 400, 64)           0         
_________________________________________________________________
enc_bd_5 (Bidirectional)     (None, 64)                24832     
_________________________________________________________________
enc_bnorm_5 (BatchNormalizat (None, 64)                256       
_________________________________________________________________
dropout_5 (Dropout)          (None, 64)                0         
_________________________________________________________________
latent_projection (Dense)    (None, 32)                2080      
_________________________________________________________________
repeat_vector (RepeatVector) (None, 400, 32)           0         
_________________________________________________________________
dec_bd_0 (Bidirectional)     (None, 400, 64)           16640     
_________________________________________________________________
dec_bnorm_0 (BatchNormalizat (None, 400, 64)           256       
_________________________________________________________________
dec_bd_1 (Bidirectional)     (None, 400, 64)           24832     
_________________________________________________________________
dec_bnorm_1 (BatchNormalizat (None, 400, 64)           256       
_________________________________________________________________
dec_bd_2 (Bidirectional)     (None, 400, 64)           24832     
_________________________________________________________________
dec_bnorm_2 (BatchNormalizat (None, 400, 64)           256       
_________________________________________________________________
dec_bd_3 (Bidirectional)     (None, 400, 64)           24832     
_________________________________________________________________
dec_bnorm_3 (BatchNormalizat (None, 400, 64)           256       
_________________________________________________________________
dec_bd_4 (Bidirectional)     (None, 400, 64)           24832     
_________________________________________________________________
dec_bnorm_4 (BatchNormalizat (None, 400, 64)           256       
_________________________________________________________________
dec_bd_5 (Bidirectional)     (None, 400, 64)           24832     
_________________________________________________________________
dec_bnorm_5 (BatchNormalizat (None, 400, 64)           256       
_________________________________________________________________
out_dist (TimeDistributed)   (None, 400, 22)           1430      
=================================================================
Total params: 288,918
Trainable params: 287,382
Non-trainable params: 1,536
_________________________________________________________________
Compiling model
Making generators
Fitting model
Epoch 1/1000
100/100 - 97s - loss: 1.2961 - mse: 1.2961 - val_loss: 0.8057 - val_mse: 0.8057
Epoch 2/1000
100/100 - 45s - loss: 0.6547 - mse: 0.6547 - val_loss: 0.6245 - val_mse: 0.6245
Epoch 3/1000
100/100 - 45s - loss: 0.5607 - mse: 0.5607 - val_loss: 0.5151 - val_mse: 0.5151
Epoch 4/1000
100/100 - 45s - loss: 0.5273 - mse: 0.5273 - val_loss: 0.4626 - val_mse: 0.4626
Epoch 5/1000
100/100 - 48s - loss: 0.4874 - mse: 0.4874 - val_loss: 0.4543 - val_mse: 0.4543
Epoch 6/1000
100/100 - 46s - loss: 0.4633 - mse: 0.4633 - val_loss: 0.4288 - val_mse: 0.4288
Epoch 7/1000
100/100 - 49s - loss: 0.4495 - mse: 0.4495 - val_loss: 0.4070 - val_mse: 0.4070
Epoch 8/1000
100/100 - 46s - loss: 0.4378 - mse: 0.4378 - val_loss: 0.3943 - val_mse: 0.3943
Epoch 9/1000
100/100 - 46s - loss: 0.4333 - mse: 0.4333 - val_loss: 0.3840 - val_mse: 0.3840
Epoch 10/1000
100/100 - 49s - loss: 0.4148 - mse: 0.4148 - val_loss: 0.3732 - val_mse: 0.3732
Epoch 11/1000
100/100 - 46s - loss: 0.4126 - mse: 0.4126 - val_loss: 0.3630 - val_mse: 0.3630
Epoch 12/1000
100/100 - 48s - loss: 0.4002 - mse: 0.4002 - val_loss: 0.3578 - val_mse: 0.3578
Epoch 13/1000
100/100 - 50s - loss: 0.4031 - mse: 0.4031 - val_loss: 0.3496 - val_mse: 0.3496
Epoch 14/1000
100/100 - 52s - loss: 0.3993 - mse: 0.3993 - val_loss: 0.3391 - val_mse: 0.3391
Epoch 15/1000
100/100 - 47s - loss: 0.3823 - mse: 0.3823 - val_loss: 0.3372 - val_mse: 0.3372
Epoch 16/1000
100/100 - 49s - loss: 0.3897 - mse: 0.3897 - val_loss: 0.3523 - val_mse: 0.3523
Epoch 17/1000
100/100 - 49s - loss: 0.3827 - mse: 0.3827 - val_loss: 0.3337 - val_mse: 0.3337
Epoch 18/1000
100/100 - 50s - loss: 0.3639 - mse: 0.3639 - val_loss: 0.3233 - val_mse: 0.3233
Epoch 19/1000
100/100 - 53s - loss: 0.3808 - mse: 0.3808 - val_loss: 0.3151 - val_mse: 0.3151
Epoch 20/1000
100/100 - 49s - loss: 0.3504 - mse: 0.3504 - val_loss: 0.3100 - val_mse: 0.3100
Epoch 21/1000
100/100 - 50s - loss: 0.3444 - mse: 0.3444 - val_loss: 0.3012 - val_mse: 0.3012
Epoch 22/1000
100/100 - 47s - loss: 0.3394 - mse: 0.3394 - val_loss: 0.2883 - val_mse: 0.2883
Epoch 23/1000
100/100 - 53s - loss: 0.3348 - mse: 0.3348 - val_loss: 0.2915 - val_mse: 0.2915
Epoch 24/1000
100/100 - 50s - loss: 0.3351 - mse: 0.3351 - val_loss: 0.2856 - val_mse: 0.2856
Epoch 25/1000
100/100 - 50s - loss: 0.3212 - mse: 0.3212 - val_loss: 0.2805 - val_mse: 0.2805
Epoch 26/1000
100/100 - 51s - loss: 0.3290 - mse: 0.3290 - val_loss: 0.2789 - val_mse: 0.2789
Epoch 27/1000
100/100 - 78s - loss: 0.3244 - mse: 0.3244 - val_loss: 0.2869 - val_mse: 0.2869
Epoch 28/1000
100/100 - 53s - loss: 0.3217 - mse: 0.3217 - val_loss: 0.2714 - val_mse: 0.2714
Epoch 29/1000
100/100 - 47s - loss: 0.3196 - mse: 0.3196 - val_loss: 0.2719 - val_mse: 0.2719
Epoch 30/1000
100/100 - 54s - loss: 0.3169 - mse: 0.3169 - val_loss: 0.2837 - val_mse: 0.2837
Epoch 31/1000
100/100 - 54s - loss: 0.3193 - mse: 0.3193 - val_loss: 0.2656 - val_mse: 0.2656
Epoch 32/1000
100/100 - 57s - loss: 0.3191 - mse: 0.3191 - val_loss: 0.2623 - val_mse: 0.2623
Epoch 33/1000
100/100 - 75s - loss: 0.2966 - mse: 0.2966 - val_loss: 0.2663 - val_mse: 0.2663
Epoch 34/1000
100/100 - 86s - loss: 0.3075 - mse: 0.3075 - val_loss: 0.2595 - val_mse: 0.2595
Epoch 35/1000
100/100 - 98s - loss: 0.3034 - mse: 0.3034 - val_loss: 0.2565 - val_mse: 0.2565
Epoch 36/1000
100/100 - 96s - loss: 0.3008 - mse: 0.3008 - val_loss: 0.2524 - val_mse: 0.2524
Epoch 37/1000
100/100 - 90s - loss: 0.3177 - mse: 0.3177 - val_loss: 0.2874 - val_mse: 0.2874
Epoch 38/1000
100/100 - 88s - loss: 0.3034 - mse: 0.3034 - val_loss: 0.2595 - val_mse: 0.2595
Epoch 39/1000
100/100 - 84s - loss: 0.3038 - mse: 0.3038 - val_loss: 0.2544 - val_mse: 0.2544
Epoch 40/1000
100/100 - 77s - loss: 0.2939 - mse: 0.2939 - val_loss: 0.2470 - val_mse: 0.2470
Epoch 41/1000
100/100 - 73s - loss: 0.2885 - mse: 0.2885 - val_loss: 0.2439 - val_mse: 0.2439
Epoch 42/1000
100/100 - 70s - loss: 0.2846 - mse: 0.2846 - val_loss: 0.2480 - val_mse: 0.2480
Epoch 43/1000
100/100 - 68s - loss: 0.2898 - mse: 0.2898 - val_loss: 0.2513 - val_mse: 0.2513
Epoch 44/1000
100/100 - 75s - loss: 0.2960 - mse: 0.2960 - val_loss: 0.2559 - val_mse: 0.2559
Epoch 45/1000
100/100 - 71s - loss: 0.2893 - mse: 0.2893 - val_loss: 0.2429 - val_mse: 0.2429
Epoch 46/1000
100/100 - 59s - loss: 0.2862 - mse: 0.2862 - val_loss: 0.2586 - val_mse: 0.2586
Epoch 47/1000
100/100 - 53s - loss: 0.2875 - mse: 0.2875 - val_loss: 0.2406 - val_mse: 0.2406
Epoch 48/1000
100/100 - 51s - loss: 0.2850 - mse: 0.2850 - val_loss: 0.2415 - val_mse: 0.2415
Epoch 49/1000
100/100 - 50s - loss: 0.2894 - mse: 0.2894 - val_loss: 0.2479 - val_mse: 0.2479
Epoch 50/1000
100/100 - 50s - loss: 0.2850 - mse: 0.2850 - val_loss: 0.2444 - val_mse: 0.2444
Epoch 51/1000
100/100 - 47s - loss: 0.2828 - mse: 0.2828 - val_loss: 0.2455 - val_mse: 0.2455
Epoch 52/1000
100/100 - 51s - loss: 0.2786 - mse: 0.2786 - val_loss: 0.2446 - val_mse: 0.2446
Epoch 53/1000
100/100 - 49s - loss: 0.2789 - mse: 0.2789 - val_loss: 0.2424 - val_mse: 0.2424
Epoch 54/1000
100/100 - 48s - loss: 0.2924 - mse: 0.2924 - val_loss: 0.2627 - val_mse: 0.2627
Epoch 55/1000
100/100 - 45s - loss: 0.2929 - mse: 0.2929 - val_loss: 0.2548 - val_mse: 0.2548
Epoch 56/1000
100/100 - 45s - loss: 0.2909 - mse: 0.2909 - val_loss: 0.2383 - val_mse: 0.2383
Epoch 57/1000
100/100 - 44s - loss: 0.2843 - mse: 0.2843 - val_loss: 0.2432 - val_mse: 0.2432
Epoch 58/1000
100/100 - 48s - loss: 0.2756 - mse: 0.2756 - val_loss: 0.2330 - val_mse: 0.2330
Epoch 59/1000
100/100 - 49s - loss: 0.2773 - mse: 0.2773 - val_loss: 0.2332 - val_mse: 0.2332
Epoch 60/1000
100/100 - 51s - loss: 0.2826 - mse: 0.2826 - val_loss: 0.2401 - val_mse: 0.2401
Epoch 61/1000
100/100 - 45s - loss: 0.2780 - mse: 0.2780 - val_loss: 0.2515 - val_mse: 0.2515
Epoch 62/1000
100/100 - 45s - loss: 0.2710 - mse: 0.2710 - val_loss: 0.2335 - val_mse: 0.2335
Epoch 63/1000
100/100 - 45s - loss: 0.2682 - mse: 0.2682 - val_loss: 0.2276 - val_mse: 0.2276
Epoch 64/1000
100/100 - 46s - loss: 0.2570 - mse: 0.2570 - val_loss: 0.2336 - val_mse: 0.2336
Epoch 65/1000
100/100 - 43s - loss: 0.2765 - mse: 0.2765 - val_loss: 0.2423 - val_mse: 0.2423
Epoch 66/1000
100/100 - 45s - loss: 0.2704 - mse: 0.2704 - val_loss: 0.2313 - val_mse: 0.2313
Epoch 67/1000
100/100 - 44s - loss: 0.2723 - mse: 0.2723 - val_loss: 0.2353 - val_mse: 0.2353
Epoch 68/1000
100/100 - 45s - loss: 0.2765 - mse: 0.2765 - val_loss: 0.2300 - val_mse: 0.2300
Epoch 69/1000
100/100 - 45s - loss: 0.2722 - mse: 0.2722 - val_loss: 0.2339 - val_mse: 0.2339
Epoch 70/1000
100/100 - 45s - loss: 0.3139 - mse: 0.3139 - val_loss: 0.2626 - val_mse: 0.2626
Epoch 71/1000
100/100 - 45s - loss: 0.2815 - mse: 0.2815 - val_loss: 0.2376 - val_mse: 0.2376
Epoch 72/1000
100/100 - 45s - loss: 0.2754 - mse: 0.2754 - val_loss: 0.2370 - val_mse: 0.2370
Epoch 73/1000
100/100 - 45s - loss: 0.2681 - mse: 0.2681 - val_loss: 0.2332 - val_mse: 0.2332
Epoch 74/1000
100/100 - 43s - loss: 0.2876 - mse: 0.2876 - val_loss: 0.3048 - val_mse: 0.3048
Epoch 75/1000
100/100 - 45s - loss: 0.2801 - mse: 0.2801 - val_loss: 0.2378 - val_mse: 0.2378
Epoch 76/1000
100/100 - 45s - loss: 0.2890 - mse: 0.2890 - val_loss: 0.2529 - val_mse: 0.2529
Epoch 77/1000
100/100 - 45s - loss: 0.2815 - mse: 0.2815 - val_loss: 0.2529 - val_mse: 0.2529
Epoch 78/1000
100/100 - 44s - loss: 0.2649 - mse: 0.2649 - val_loss: 0.2405 - val_mse: 0.2405
Epoch 79/1000
100/100 - 46s - loss: 0.2666 - mse: 0.2666 - val_loss: 0.2248 - val_mse: 0.2248
Epoch 80/1000
100/100 - 45s - loss: 0.2565 - mse: 0.2565 - val_loss: 0.2269 - val_mse: 0.2269
Epoch 81/1000
100/100 - 44s - loss: 0.2577 - mse: 0.2577 - val_loss: 0.2238 - val_mse: 0.2238
Epoch 82/1000
100/100 - 45s - loss: 0.2639 - mse: 0.2639 - val_loss: 0.2170 - val_mse: 0.2170
Epoch 83/1000
100/100 - 45s - loss: 0.2697 - mse: 0.2697 - val_loss: 0.2366 - val_mse: 0.2366
Epoch 84/1000
100/100 - 45s - loss: 0.2633 - mse: 0.2633 - val_loss: 0.2526 - val_mse: 0.2526
Epoch 85/1000
100/100 - 45s - loss: 0.2656 - mse: 0.2656 - val_loss: 0.2272 - val_mse: 0.2272
Epoch 86/1000
100/100 - 45s - loss: 0.2690 - mse: 0.2690 - val_loss: 0.2241 - val_mse: 0.2241
Epoch 87/1000
100/100 - 44s - loss: 0.2596 - mse: 0.2596 - val_loss: 0.2220 - val_mse: 0.2220
Epoch 88/1000
100/100 - 46s - loss: 0.2547 - mse: 0.2547 - val_loss: 0.2271 - val_mse: 0.2271
Epoch 89/1000
100/100 - 45s - loss: 0.2562 - mse: 0.2562 - val_loss: 0.2232 - val_mse: 0.2232
Epoch 90/1000
100/100 - 43s - loss: 0.2599 - mse: 0.2599 - val_loss: 0.2331 - val_mse: 0.2331
Epoch 91/1000
100/100 - 45s - loss: 0.2542 - mse: 0.2542 - val_loss: 0.2212 - val_mse: 0.2212
Epoch 92/1000
100/100 - 45s - loss: 0.2502 - mse: 0.2502 - val_loss: 0.2247 - val_mse: 0.2247
Epoch 93/1000
100/100 - 44s - loss: 0.2576 - mse: 0.2576 - val_loss: 0.2179 - val_mse: 0.2179
Epoch 94/1000
100/100 - 47s - loss: 0.2443 - mse: 0.2443 - val_loss: 0.2158 - val_mse: 0.2158
Epoch 95/1000
100/100 - 45s - loss: 0.2540 - mse: 0.2540 - val_loss: 0.2222 - val_mse: 0.2222
Epoch 96/1000
100/100 - 45s - loss: 0.2507 - mse: 0.2507 - val_loss: 0.2198 - val_mse: 0.2198
Epoch 97/1000
100/100 - 46s - loss: 0.2492 - mse: 0.2492 - val_loss: 0.2191 - val_mse: 0.2191
Epoch 98/1000
100/100 - 45s - loss: 0.2712 - mse: 0.2712 - val_loss: 0.2268 - val_mse: 0.2268
Epoch 99/1000
100/100 - 45s - loss: 0.2554 - mse: 0.2554 - val_loss: 0.2362 - val_mse: 0.2362
Epoch 100/1000
100/100 - 43s - loss: 0.2628 - mse: 0.2628 - val_loss: 0.5538 - val_mse: 0.5538
Epoch 101/1000
100/100 - 46s - loss: 0.4110 - mse: 0.4110 - val_loss: 0.3734 - val_mse: 0.3734
Epoch 102/1000
100/100 - 46s - loss: 0.3229 - mse: 0.3229 - val_loss: 0.2947 - val_mse: 0.2947
Epoch 103/1000
100/100 - 45s - loss: 0.3151 - mse: 0.3151 - val_loss: 0.2780 - val_mse: 0.2780
Epoch 104/1000
100/100 - 46s - loss: 0.2840 - mse: 0.2840 - val_loss: 0.2576 - val_mse: 0.2576
Epoch 105/1000
100/100 - 45s - loss: 0.3056 - mse: 0.3056 - val_loss: 0.2607 - val_mse: 0.2607
Epoch 106/1000
100/100 - 44s - loss: 0.2901 - mse: 0.2901 - val_loss: 0.2432 - val_mse: 0.2432
Epoch 107/1000
100/100 - 44s - loss: 0.2668 - mse: 0.2668 - val_loss: 0.2297 - val_mse: 0.2297
Epoch 108/1000
100/100 - 45s - loss: 0.2683 - mse: 0.2683 - val_loss: 0.2368 - val_mse: 0.2368
Epoch 109/1000
100/100 - 46s - loss: 0.2624 - mse: 0.2624 - val_loss: 0.2259 - val_mse: 0.2259
Epoch 110/1000
100/100 - 46s - loss: 0.2677 - mse: 0.2677 - val_loss: 0.2308 - val_mse: 0.2308
Epoch 111/1000
100/100 - 45s - loss: 0.2529 - mse: 0.2529 - val_loss: 0.2189 - val_mse: 0.2189
Epoch 112/1000
100/100 - 45s - loss: 0.2564 - mse: 0.2564 - val_loss: 0.2274 - val_mse: 0.2274
Epoch 113/1000
100/100 - 44s - loss: 0.2541 - mse: 0.2541 - val_loss: 0.2200 - val_mse: 0.2200
Epoch 114/1000
100/100 - 45s - loss: 0.2531 - mse: 0.2531 - val_loss: 0.2538 - val_mse: 0.2538
Epoch 115/1000
100/100 - 45s - loss: 0.2767 - mse: 0.2767 - val_loss: 0.2422 - val_mse: 0.2422
Epoch 116/1000
100/100 - 45s - loss: 0.2715 - mse: 0.2715 - val_loss: 0.2605 - val_mse: 0.2605
Epoch 117/1000
100/100 - 46s - loss: 0.2779 - mse: 0.2779 - val_loss: 0.2330 - val_mse: 0.2330
Epoch 118/1000
100/100 - 45s - loss: 0.2695 - mse: 0.2695 - val_loss: 0.2769 - val_mse: 0.2769
Epoch 119/1000
100/100 - 45s - loss: 0.2944 - mse: 0.2944 - val_loss: 0.3727 - val_mse: 0.3727
Epoch 120/1000
100/100 - 45s - loss: 0.2868 - mse: 0.2868 - val_loss: 0.2490 - val_mse: 0.2490
Epoch 121/1000
100/100 - 46s - loss: 0.2691 - mse: 0.2691 - val_loss: 0.2337 - val_mse: 0.2337
Epoch 122/1000
100/100 - 44s - loss: 0.2668 - mse: 0.2668 - val_loss: 0.2322 - val_mse: 0.2322
Epoch 123/1000
100/100 - 45s - loss: 0.2642 - mse: 0.2642 - val_loss: 0.2253 - val_mse: 0.2253
Epoch 124/1000
100/100 - 45s - loss: 0.2480 - mse: 0.2480 - val_loss: 0.2196 - val_mse: 0.2196
Epoch 125/1000
100/100 - 45s - loss: 0.2565 - mse: 0.2565 - val_loss: 0.2178 - val_mse: 0.2178
Epoch 126/1000
100/100 - 46s - loss: 0.2528 - mse: 0.2528 - val_loss: 0.2205 - val_mse: 0.2205
Epoch 127/1000
100/100 - 46s - loss: 0.2469 - mse: 0.2469 - val_loss: 0.2177 - val_mse: 0.2177
Epoch 128/1000
100/100 - 46s - loss: 0.2532 - mse: 0.2532 - val_loss: 0.2130 - val_mse: 0.2130
Epoch 129/1000
100/100 - 45s - loss: 0.2513 - mse: 0.2513 - val_loss: 0.2180 - val_mse: 0.2180
Epoch 130/1000
100/100 - 45s - loss: 0.2676 - mse: 0.2676 - val_loss: 0.2269 - val_mse: 0.2269
Epoch 131/1000
100/100 - 46s - loss: 0.2535 - mse: 0.2535 - val_loss: 0.2241 - val_mse: 0.2241
Epoch 132/1000
100/100 - 46s - loss: 0.2602 - mse: 0.2602 - val_loss: 0.2146 - val_mse: 0.2146
Epoch 133/1000
100/100 - 46s - loss: 0.2444 - mse: 0.2444 - val_loss: 0.2128 - val_mse: 0.2128
Epoch 134/1000
100/100 - 45s - loss: 0.2490 - mse: 0.2490 - val_loss: 0.2281 - val_mse: 0.2281
Epoch 135/1000
100/100 - 45s - loss: 0.2567 - mse: 0.2567 - val_loss: 0.2391 - val_mse: 0.2391
Epoch 136/1000
100/100 - 46s - loss: 0.2552 - mse: 0.2552 - val_loss: 0.2175 - val_mse: 0.2175
Epoch 137/1000
100/100 - 46s - loss: 0.2588 - mse: 0.2588 - val_loss: 0.2239 - val_mse: 0.2239
Epoch 138/1000
100/100 - 43s - loss: 0.2613 - mse: 0.2613 - val_loss: 0.2163 - val_mse: 0.2163
Epoch 139/1000
100/100 - 45s - loss: 0.2458 - mse: 0.2458 - val_loss: 0.2264 - val_mse: 0.2264
Epoch 140/1000
100/100 - 44s - loss: 0.2404 - mse: 0.2404 - val_loss: 0.2166 - val_mse: 0.2166
Epoch 141/1000
100/100 - 45s - loss: 0.2461 - mse: 0.2461 - val_loss: 0.2150 - val_mse: 0.2150
Epoch 142/1000
100/100 - 45s - loss: 0.2431 - mse: 0.2431 - val_loss: 0.2136 - val_mse: 0.2136
Epoch 143/1000
100/100 - 46s - loss: 0.2470 - mse: 0.2470 - val_loss: 0.2149 - val_mse: 0.2149
Epoch 144/1000
100/100 - 44s - loss: 0.2412 - mse: 0.2412 - val_loss: 0.2113 - val_mse: 0.2113
Epoch 145/1000
100/100 - 45s - loss: 0.2446 - mse: 0.2446 - val_loss: 0.2088 - val_mse: 0.2088
Epoch 146/1000
100/100 - 45s - loss: 0.2445 - mse: 0.2445 - val_loss: 0.2103 - val_mse: 0.2103
Epoch 147/1000
100/100 - 45s - loss: 0.2466 - mse: 0.2466 - val_loss: 0.2498 - val_mse: 0.2498
Epoch 148/1000
100/100 - 46s - loss: 0.2491 - mse: 0.2491 - val_loss: 0.2173 - val_mse: 0.2173
Epoch 149/1000
100/100 - 45s - loss: 0.2491 - mse: 0.2491 - val_loss: 0.2805 - val_mse: 0.2805
Epoch 150/1000
100/100 - 45s - loss: 0.2582 - mse: 0.2582 - val_loss: 0.2284 - val_mse: 0.2284
Epoch 151/1000
100/100 - 46s - loss: 0.2577 - mse: 0.2577 - val_loss: 0.2186 - val_mse: 0.2186
Epoch 152/1000
100/100 - 45s - loss: 0.2375 - mse: 0.2375 - val_loss: 0.2063 - val_mse: 0.2063
Epoch 153/1000
100/100 - 45s - loss: 0.2371 - mse: 0.2371 - val_loss: 0.2194 - val_mse: 0.2194
Epoch 154/1000
100/100 - 45s - loss: 0.2549 - mse: 0.2549 - val_loss: 0.2132 - val_mse: 0.2132
Epoch 155/1000
100/100 - 46s - loss: 0.2387 - mse: 0.2387 - val_loss: 0.2097 - val_mse: 0.2097
Epoch 156/1000
100/100 - 45s - loss: 0.2414 - mse: 0.2414 - val_loss: 0.2098 - val_mse: 0.2098
Epoch 157/1000
100/100 - 44s - loss: 0.2401 - mse: 0.2401 - val_loss: 0.2150 - val_mse: 0.2150
Epoch 158/1000
100/100 - 45s - loss: 0.2398 - mse: 0.2398 - val_loss: 0.2070 - val_mse: 0.2070
Epoch 159/1000
100/100 - 45s - loss: 0.2379 - mse: 0.2379 - val_loss: 0.2023 - val_mse: 0.2023
Epoch 160/1000
100/100 - 45s - loss: 0.2374 - mse: 0.2374 - val_loss: 0.2048 - val_mse: 0.2048
Epoch 161/1000
100/100 - 45s - loss: 0.2364 - mse: 0.2364 - val_loss: 0.2049 - val_mse: 0.2049
Epoch 162/1000
100/100 - 45s - loss: 0.2453 - mse: 0.2453 - val_loss: 0.2082 - val_mse: 0.2082
Epoch 163/1000
100/100 - 49s - loss: 0.2405 - mse: 0.2405 - val_loss: 0.2061 - val_mse: 0.2061
Epoch 164/1000
100/100 - 47s - loss: 0.2322 - mse: 0.2322 - val_loss: 0.2032 - val_mse: 0.2032
Epoch 165/1000
100/100 - 44s - loss: 0.2412 - mse: 0.2412 - val_loss: 0.2312 - val_mse: 0.2312
Epoch 166/1000
100/100 - 46s - loss: 0.2383 - mse: 0.2383 - val_loss: 0.2143 - val_mse: 0.2143
Epoch 167/1000
100/100 - 46s - loss: 0.2405 - mse: 0.2405 - val_loss: 0.2102 - val_mse: 0.2102
Epoch 168/1000
100/100 - 44s - loss: 0.2342 - mse: 0.2342 - val_loss: 0.2104 - val_mse: 0.2104
Epoch 169/1000
100/100 - 46s - loss: 0.2379 - mse: 0.2379 - val_loss: 0.2068 - val_mse: 0.2068
Epoch 170/1000
100/100 - 42s - loss: 0.2590 - mse: 0.2590 - val_loss: 0.2911 - val_mse: 0.2911
Epoch 171/1000
100/100 - 47s - loss: 0.2730 - mse: 0.2730 - val_loss: 0.2588 - val_mse: 0.2588
Epoch 172/1000
100/100 - 46s - loss: 0.2632 - mse: 0.2632 - val_loss: 0.2371 - val_mse: 0.2371
Epoch 173/1000
100/100 - 48s - loss: 0.2605 - mse: 0.2605 - val_loss: 0.2366 - val_mse: 0.2366
Epoch 174/1000
100/100 - 55s - loss: 0.2505 - mse: 0.2505 - val_loss: 0.2167 - val_mse: 0.2167
Epoch 175/1000
100/100 - 46s - loss: 0.2507 - mse: 0.2507 - val_loss: 0.2249 - val_mse: 0.2249
Epoch 176/1000
100/100 - 45s - loss: 0.3286 - mse: 0.3286 - val_loss: 0.3560 - val_mse: 0.3560
Epoch 177/1000
100/100 - 44s - loss: 0.2833 - mse: 0.2833 - val_loss: 0.2353 - val_mse: 0.2353
Epoch 178/1000
100/100 - 44s - loss: 0.2661 - mse: 0.2661 - val_loss: 0.2253 - val_mse: 0.2253
Epoch 179/1000
100/100 - 45s - loss: 0.2627 - mse: 0.2627 - val_loss: 0.2169 - val_mse: 0.2169
Epoch 180/1000
100/100 - 44s - loss: 0.2430 - mse: 0.2430 - val_loss: 0.2115 - val_mse: 0.2115
Epoch 181/1000
100/100 - 45s - loss: 0.2452 - mse: 0.2452 - val_loss: 0.2125 - val_mse: 0.2125
Epoch 182/1000
100/100 - 45s - loss: 0.2480 - mse: 0.2479 - val_loss: 0.2135 - val_mse: 0.2135
Epoch 183/1000
100/100 - 44s - loss: 0.2361 - mse: 0.2361 - val_loss: 0.2059 - val_mse: 0.2059
Epoch 184/1000
100/100 - 44s - loss: 0.2323 - mse: 0.2323 - val_loss: 0.2034 - val_mse: 0.2034
Epoch 185/1000
100/100 - 44s - loss: 0.2374 - mse: 0.2374 - val_loss: 0.2003 - val_mse: 0.2003
Epoch 186/1000
100/100 - 43s - loss: 0.2335 - mse: 0.2335 - val_loss: 0.2017 - val_mse: 0.2017
Epoch 187/1000
100/100 - 46s - loss: 0.2368 - mse: 0.2368 - val_loss: 0.2007 - val_mse: 0.2007
Epoch 188/1000
100/100 - 42s - loss: 0.2348 - mse: 0.2348 - val_loss: 0.1998 - val_mse: 0.1998
Epoch 189/1000
100/100 - 45s - loss: 0.2402 - mse: 0.2402 - val_loss: 0.2027 - val_mse: 0.2027
Epoch 190/1000
100/100 - 45s - loss: 0.2407 - mse: 0.2407 - val_loss: 0.2029 - val_mse: 0.2029
Epoch 191/1000
100/100 - 45s - loss: 0.2404 - mse: 0.2404 - val_loss: 0.2005 - val_mse: 0.2005
Epoch 192/1000
100/100 - 44s - loss: 0.2367 - mse: 0.2367 - val_loss: 0.2022 - val_mse: 0.2022
Epoch 193/1000
100/100 - 45s - loss: 0.2303 - mse: 0.2303 - val_loss: 0.1972 - val_mse: 0.1972
Epoch 194/1000
100/100 - 46s - loss: 0.2281 - mse: 0.2281 - val_loss: 0.2318 - val_mse: 0.2318
Epoch 195/1000
100/100 - 44s - loss: 0.2387 - mse: 0.2387 - val_loss: 0.2097 - val_mse: 0.2097
Epoch 196/1000
100/100 - 44s - loss: 0.2460 - mse: 0.2460 - val_loss: 0.2691 - val_mse: 0.2691
Epoch 197/1000
100/100 - 44s - loss: 0.2442 - mse: 0.2442 - val_loss: 0.2104 - val_mse: 0.2104
Epoch 198/1000
100/100 - 46s - loss: 0.2337 - mse: 0.2337 - val_loss: 0.2064 - val_mse: 0.2064
Epoch 199/1000
100/100 - 45s - loss: 0.2281 - mse: 0.2281 - val_loss: 0.2010 - val_mse: 0.2010
Epoch 200/1000
100/100 - 45s - loss: 0.2307 - mse: 0.2307 - val_loss: 0.2031 - val_mse: 0.2031
Epoch 201/1000
100/100 - 45s - loss: 0.2283 - mse: 0.2283 - val_loss: 0.1973 - val_mse: 0.1973
Epoch 202/1000
100/100 - 45s - loss: 0.2254 - mse: 0.2254 - val_loss: 0.1984 - val_mse: 0.1984
Epoch 203/1000
100/100 - 45s - loss: 0.2316 - mse: 0.2316 - val_loss: 0.1968 - val_mse: 0.1968
Epoch 204/1000
100/100 - 43s - loss: 0.2316 - mse: 0.2316 - val_loss: 0.2006 - val_mse: 0.2006
Epoch 205/1000
100/100 - 46s - loss: 0.2305 - mse: 0.2305 - val_loss: 0.2303 - val_mse: 0.2303
Epoch 206/1000
100/100 - 43s - loss: 0.2485 - mse: 0.2485 - val_loss: 0.2068 - val_mse: 0.2068
Epoch 207/1000
100/100 - 45s - loss: 0.2416 - mse: 0.2416 - val_loss: 0.2574 - val_mse: 0.2574
Epoch 208/1000
100/100 - 44s - loss: 0.2495 - mse: 0.2495 - val_loss: 0.2095 - val_mse: 0.2095
Epoch 209/1000
100/100 - 45s - loss: 0.2373 - mse: 0.2373 - val_loss: 0.2141 - val_mse: 0.2141
Epoch 210/1000
100/100 - 45s - loss: 0.2414 - mse: 0.2414 - val_loss: 0.2023 - val_mse: 0.2023
Epoch 211/1000
100/100 - 45s - loss: 0.2287 - mse: 0.2287 - val_loss: 0.1990 - val_mse: 0.1990
Epoch 212/1000
100/100 - 45s - loss: 0.2306 - mse: 0.2306 - val_loss: 0.2031 - val_mse: 0.2031
Epoch 213/1000
100/100 - 45s - loss: 0.2243 - mse: 0.2243 - val_loss: 0.2031 - val_mse: 0.2031
Epoch 214/1000
100/100 - 45s - loss: 0.2291 - mse: 0.2291 - val_loss: 0.1961 - val_mse: 0.1961
Epoch 215/1000
100/100 - 44s - loss: 0.2268 - mse: 0.2268 - val_loss: 0.1970 - val_mse: 0.1970
Epoch 216/1000
100/100 - 45s - loss: 0.2267 - mse: 0.2267 - val_loss: 0.1964 - val_mse: 0.1964
Epoch 217/1000
100/100 - 46s - loss: 0.2310 - mse: 0.2310 - val_loss: 0.1945 - val_mse: 0.1945
Epoch 218/1000
100/100 - 45s - loss: 0.2316 - mse: 0.2316 - val_loss: 0.2077 - val_mse: 0.2077
Epoch 219/1000
100/100 - 44s - loss: 0.2308 - mse: 0.2308 - val_loss: 0.1935 - val_mse: 0.1935
Epoch 220/1000
100/100 - 45s - loss: 0.2251 - mse: 0.2251 - val_loss: 0.1936 - val_mse: 0.1936
Epoch 221/1000
100/100 - 43s - loss: 0.2271 - mse: 0.2271 - val_loss: 0.1958 - val_mse: 0.1958
Epoch 222/1000
100/100 - 45s - loss: 0.2287 - mse: 0.2287 - val_loss: 0.1991 - val_mse: 0.1991
Epoch 223/1000
100/100 - 45s - loss: 0.2283 - mse: 0.2283 - val_loss: 0.1961 - val_mse: 0.1961
Epoch 224/1000
100/100 - 45s - loss: 0.2305 - mse: 0.2305 - val_loss: 0.1943 - val_mse: 0.1943
Epoch 225/1000
100/100 - 47s - loss: 0.2227 - mse: 0.2227 - val_loss: 0.1920 - val_mse: 0.1920
Epoch 226/1000
100/100 - 42s - loss: 0.2312 - mse: 0.2312 - val_loss: 0.2220 - val_mse: 0.2220
Epoch 227/1000
100/100 - 45s - loss: 0.2315 - mse: 0.2315 - val_loss: 0.2067 - val_mse: 0.2067
Epoch 228/1000
100/100 - 45s - loss: 0.2401 - mse: 0.2401 - val_loss: 0.1996 - val_mse: 0.1996
Epoch 229/1000
100/100 - 46s - loss: 0.2231 - mse: 0.2231 - val_loss: 0.2003 - val_mse: 0.2003
Epoch 230/1000
100/100 - 46s - loss: 0.2328 - mse: 0.2328 - val_loss: 0.1946 - val_mse: 0.1946
Epoch 231/1000
100/100 - 45s - loss: 0.2233 - mse: 0.2233 - val_loss: 0.1978 - val_mse: 0.1978
Epoch 232/1000
100/100 - 45s - loss: 0.2233 - mse: 0.2233 - val_loss: 0.1912 - val_mse: 0.1912
Epoch 233/1000
100/100 - 45s - loss: 0.2221 - mse: 0.2221 - val_loss: 0.1938 - val_mse: 0.1938
Epoch 234/1000
100/100 - 45s - loss: 0.2226 - mse: 0.2226 - val_loss: 0.2085 - val_mse: 0.2085
Epoch 235/1000
100/100 - 45s - loss: 0.2290 - mse: 0.2290 - val_loss: 0.1946 - val_mse: 0.1946
Epoch 236/1000
100/100 - 45s - loss: 0.2359 - mse: 0.2359 - val_loss: 0.2385 - val_mse: 0.2385
Epoch 237/1000
100/100 - 44s - loss: 0.2410 - mse: 0.2410 - val_loss: 0.2058 - val_mse: 0.2058
Epoch 238/1000
100/100 - 44s - loss: 0.2303 - mse: 0.2303 - val_loss: 0.2022 - val_mse: 0.2022
Epoch 239/1000
100/100 - 43s - loss: 0.2358 - mse: 0.2358 - val_loss: 0.1975 - val_mse: 0.1975
Epoch 240/1000
100/100 - 46s - loss: 0.2299 - mse: 0.2299 - val_loss: 0.2030 - val_mse: 0.2030
Epoch 241/1000
100/100 - 45s - loss: 0.2272 - mse: 0.2272 - val_loss: 0.1957 - val_mse: 0.1957
Epoch 242/1000
100/100 - 45s - loss: 0.2245 - mse: 0.2245 - val_loss: 0.1968 - val_mse: 0.1968
Epoch 243/1000
100/100 - 45s - loss: 0.2298 - mse: 0.2298 - val_loss: 0.1893 - val_mse: 0.1893
Epoch 244/1000
100/100 - 46s - loss: 0.2233 - mse: 0.2233 - val_loss: 0.1948 - val_mse: 0.1948
Epoch 245/1000
100/100 - 45s - loss: 0.2185 - mse: 0.2185 - val_loss: 0.1904 - val_mse: 0.1904
Epoch 246/1000
100/100 - 45s - loss: 0.2258 - mse: 0.2258 - val_loss: 0.1913 - val_mse: 0.1913
Epoch 247/1000
100/100 - 44s - loss: 0.2224 - mse: 0.2224 - val_loss: 0.1921 - val_mse: 0.1921
Epoch 248/1000
100/100 - 45s - loss: 0.2223 - mse: 0.2223 - val_loss: 0.1949 - val_mse: 0.1949
Epoch 249/1000
100/100 - 45s - loss: 0.2210 - mse: 0.2210 - val_loss: 0.3155 - val_mse: 0.3155
Epoch 250/1000
100/100 - 45s - loss: 0.2449 - mse: 0.2449 - val_loss: 0.2066 - val_mse: 0.2066
Epoch 251/1000
100/100 - 45s - loss: 0.2260 - mse: 0.2260 - val_loss: 0.2057 - val_mse: 0.2057
Epoch 252/1000
100/100 - 46s - loss: 0.2265 - mse: 0.2265 - val_loss: 0.1987 - val_mse: 0.1987
Epoch 253/1000
100/100 - 46s - loss: 0.2291 - mse: 0.2291 - val_loss: 0.1997 - val_mse: 0.1997
Epoch 254/1000
100/100 - 50s - loss: 0.2348 - mse: 0.2348 - val_loss: 0.2405 - val_mse: 0.2405
Epoch 255/1000
100/100 - 44s - loss: 0.2455 - mse: 0.2455 - val_loss: 0.2149 - val_mse: 0.2149
Epoch 256/1000
100/100 - 45s - loss: 0.2400 - mse: 0.2400 - val_loss: 0.2059 - val_mse: 0.2059
Epoch 257/1000
100/100 - 46s - loss: 0.2266 - mse: 0.2266 - val_loss: 0.1944 - val_mse: 0.1944
Epoch 258/1000
100/100 - 46s - loss: 0.2391 - mse: 0.2391 - val_loss: 0.2053 - val_mse: 0.2053
Epoch 259/1000
100/100 - 46s - loss: 0.2429 - mse: 0.2429 - val_loss: 0.2068 - val_mse: 0.2068
Epoch 260/1000
100/100 - 46s - loss: 0.2454 - mse: 0.2454 - val_loss: 0.2050 - val_mse: 0.2050
Epoch 261/1000
100/100 - 45s - loss: 0.2302 - mse: 0.2302 - val_loss: 0.1994 - val_mse: 0.1994
Epoch 262/1000
100/100 - 44s - loss: 0.2359 - mse: 0.2359 - val_loss: 0.2146 - val_mse: 0.2146
Epoch 263/1000
100/100 - 45s - loss: 0.2410 - mse: 0.2410 - val_loss: 0.2363 - val_mse: 0.2363
Epoch 264/1000
100/100 - 44s - loss: 0.2312 - mse: 0.2312 - val_loss: 0.1949 - val_mse: 0.1949
Epoch 265/1000
100/100 - 44s - loss: 0.2405 - mse: 0.2405 - val_loss: 0.1982 - val_mse: 0.1982
Epoch 266/1000
100/100 - 45s - loss: 0.2260 - mse: 0.2260 - val_loss: 0.1945 - val_mse: 0.1945
Epoch 267/1000
100/100 - 44s - loss: 0.2280 - mse: 0.2280 - val_loss: 0.1943 - val_mse: 0.1943
Epoch 268/1000
100/100 - 44s - loss: 0.2258 - mse: 0.2258 - val_loss: 0.1926 - val_mse: 0.1926
Epoch 269/1000
100/100 - 45s - loss: 0.2201 - mse: 0.2201 - val_loss: 0.1952 - val_mse: 0.1952
Epoch 270/1000
100/100 - 43s - loss: 0.2427 - mse: 0.2427 - val_loss: 0.2126 - val_mse: 0.2126
Epoch 271/1000
100/100 - 46s - loss: 0.2335 - mse: 0.2335 - val_loss: 0.1982 - val_mse: 0.1982
Epoch 272/1000
100/100 - 43s - loss: 0.2186 - mse: 0.2186 - val_loss: 0.1905 - val_mse: 0.1905
Epoch 273/1000
100/100 - 45s - loss: 0.2202 - mse: 0.2202 - val_loss: 0.1921 - val_mse: 0.1921
Epoch 274/1000
100/100 - 44s - loss: 0.2228 - mse: 0.2228 - val_loss: 0.1926 - val_mse: 0.1926
Epoch 275/1000
100/100 - 45s - loss: 0.2241 - mse: 0.2241 - val_loss: 0.1915 - val_mse: 0.1915
Epoch 276/1000
100/100 - 44s - loss: 0.2179 - mse: 0.2179 - val_loss: 0.1946 - val_mse: 0.1946
Epoch 277/1000
100/100 - 43s - loss: 0.2195 - mse: 0.2195 - val_loss: 0.1893 - val_mse: 0.1893
Epoch 278/1000
100/100 - 44s - loss: 0.2517 - mse: 0.2517 - val_loss: 0.2726 - val_mse: 0.2726
Epoch 279/1000
100/100 - 45s - loss: 0.2489 - mse: 0.2489 - val_loss: 0.2116 - val_mse: 0.2116
Epoch 280/1000
100/100 - 45s - loss: 0.2295 - mse: 0.2295 - val_loss: 0.1943 - val_mse: 0.1943
Epoch 281/1000
100/100 - 46s - loss: 0.2173 - mse: 0.2173 - val_loss: 0.1932 - val_mse: 0.1932
Epoch 282/1000
100/100 - 46s - loss: 0.2244 - mse: 0.2244 - val_loss: 0.1992 - val_mse: 0.1992
Epoch 283/1000
100/100 - 48s - loss: 0.2196 - mse: 0.2196 - val_loss: 0.1929 - val_mse: 0.1929
Epoch 284/1000
100/100 - 46s - loss: 0.2263 - mse: 0.2263 - val_loss: 0.1909 - val_mse: 0.1909
Epoch 285/1000
100/100 - 46s - loss: 0.2213 - mse: 0.2213 - val_loss: 0.1881 - val_mse: 0.1881
Epoch 286/1000
100/100 - 44s - loss: 0.2273 - mse: 0.2273 - val_loss: 0.1926 - val_mse: 0.1926
Epoch 287/1000
100/100 - 44s - loss: 0.2254 - mse: 0.2254 - val_loss: 0.1922 - val_mse: 0.1922
Epoch 288/1000
100/100 - 43s - loss: 0.2204 - mse: 0.2204 - val_loss: 0.2043 - val_mse: 0.2043
Epoch 289/1000
100/100 - 44s - loss: 0.2228 - mse: 0.2228 - val_loss: 0.1914 - val_mse: 0.1914
Epoch 290/1000
100/100 - 46s - loss: 0.2192 - mse: 0.2192 - val_loss: 0.1889 - val_mse: 0.1889
Epoch 291/1000
100/100 - 46s - loss: 0.2242 - mse: 0.2242 - val_loss: 0.1920 - val_mse: 0.1920
Epoch 292/1000
100/100 - 46s - loss: 0.2164 - mse: 0.2164 - val_loss: 0.1871 - val_mse: 0.1871
Epoch 293/1000
100/100 - 45s - loss: 0.2252 - mse: 0.2252 - val_loss: 0.1869 - val_mse: 0.1869
Epoch 294/1000
100/100 - 43s - loss: 0.2226 - mse: 0.2226 - val_loss: 0.1882 - val_mse: 0.1882
Epoch 295/1000
100/100 - 43s - loss: 0.2185 - mse: 0.2185 - val_loss: 0.1890 - val_mse: 0.1890
Epoch 296/1000
100/100 - 45s - loss: 0.2129 - mse: 0.2129 - val_loss: 0.1864 - val_mse: 0.1864
Epoch 297/1000
100/100 - 45s - loss: 0.2207 - mse: 0.2207 - val_loss: 0.1870 - val_mse: 0.1870
Epoch 298/1000
100/100 - 45s - loss: 0.2177 - mse: 0.2177 - val_loss: 0.2549 - val_mse: 0.2549
Epoch 299/1000
100/100 - 43s - loss: 0.2429 - mse: 0.2429 - val_loss: 0.2155 - val_mse: 0.2155
Epoch 300/1000
100/100 - 43s - loss: 0.2288 - mse: 0.2288 - val_loss: 0.1953 - val_mse: 0.1953
Epoch 301/1000
100/100 - 44s - loss: 0.2203 - mse: 0.2203 - val_loss: 0.1945 - val_mse: 0.1945
Epoch 302/1000
100/100 - 44s - loss: 0.2309 - mse: 0.2309 - val_loss: 0.1956 - val_mse: 0.1956
Epoch 303/1000
100/100 - 43s - loss: 0.2287 - mse: 0.2287 - val_loss: 0.1919 - val_mse: 0.1919
Epoch 304/1000
100/100 - 46s - loss: 0.2169 - mse: 0.2169 - val_loss: 0.1897 - val_mse: 0.1897
Epoch 305/1000
100/100 - 45s - loss: 0.2192 - mse: 0.2192 - val_loss: 0.1900 - val_mse: 0.1900
Epoch 306/1000
100/100 - 46s - loss: 0.2217 - mse: 0.2217 - val_loss: 0.1868 - val_mse: 0.1868
Epoch 307/1000
100/100 - 46s - loss: 0.2179 - mse: 0.2179 - val_loss: 0.1857 - val_mse: 0.1857
Epoch 308/1000
100/100 - 45s - loss: 0.2185 - mse: 0.2185 - val_loss: 0.1873 - val_mse: 0.1873
Epoch 309/1000
100/100 - 46s - loss: 0.2116 - mse: 0.2116 - val_loss: 0.1866 - val_mse: 0.1866
Epoch 310/1000
100/100 - 46s - loss: 0.2144 - mse: 0.2144 - val_loss: 0.1869 - val_mse: 0.1869
Epoch 311/1000
100/100 - 46s - loss: 0.2156 - mse: 0.2156 - val_loss: 0.1851 - val_mse: 0.1851
Epoch 312/1000
100/100 - 46s - loss: 0.2191 - mse: 0.2191 - val_loss: 0.1868 - val_mse: 0.1868
Epoch 313/1000
100/100 - 44s - loss: 0.2099 - mse: 0.2099 - val_loss: 0.1899 - val_mse: 0.1899
Epoch 314/1000
100/100 - 45s - loss: 0.2191 - mse: 0.2191 - val_loss: 0.1860 - val_mse: 0.1860
Epoch 315/1000
100/100 - 45s - loss: 0.2149 - mse: 0.2149 - val_loss: 0.1843 - val_mse: 0.1843
Epoch 316/1000
100/100 - 45s - loss: 0.2145 - mse: 0.2145 - val_loss: 0.1888 - val_mse: 0.1888
Epoch 317/1000
100/100 - 46s - loss: 0.2202 - mse: 0.2202 - val_loss: 0.1914 - val_mse: 0.1914
Epoch 318/1000
100/100 - 46s - loss: 0.2160 - mse: 0.2160 - val_loss: 0.1871 - val_mse: 0.1871
Epoch 319/1000
100/100 - 45s - loss: 0.2200 - mse: 0.2200 - val_loss: 0.1861 - val_mse: 0.1861
Epoch 320/1000
100/100 - 45s - loss: 0.2134 - mse: 0.2134 - val_loss: 0.1883 - val_mse: 0.1883
Epoch 321/1000
100/100 - 45s - loss: 0.2136 - mse: 0.2136 - val_loss: 0.1869 - val_mse: 0.1869
Epoch 322/1000
100/100 - 46s - loss: 0.2169 - mse: 0.2169 - val_loss: 0.1877 - val_mse: 0.1877
Epoch 323/1000
100/100 - 45s - loss: 0.2137 - mse: 0.2137 - val_loss: 0.1886 - val_mse: 0.1886
Epoch 324/1000
100/100 - 45s - loss: 0.2180 - mse: 0.2180 - val_loss: 0.1923 - val_mse: 0.1923
Epoch 325/1000
100/100 - 45s - loss: 0.2182 - mse: 0.2182 - val_loss: 0.1893 - val_mse: 0.1893
Epoch 326/1000
100/100 - 45s - loss: 0.2185 - mse: 0.2185 - val_loss: 0.1864 - val_mse: 0.1864
Epoch 327/1000
100/100 - 46s - loss: 0.2191 - mse: 0.2191 - val_loss: 0.1878 - val_mse: 0.1878
Epoch 328/1000
100/100 - 46s - loss: 0.2117 - mse: 0.2117 - val_loss: 0.1907 - val_mse: 0.1907
Epoch 329/1000
100/100 - 44s - loss: 0.2158 - mse: 0.2158 - val_loss: 0.1956 - val_mse: 0.1956
Epoch 330/1000
100/100 - 47s - loss: 0.2274 - mse: 0.2274 - val_loss: 0.2032 - val_mse: 0.2032
Epoch 331/1000
100/100 - 44s - loss: 0.2685 - mse: 0.2685 - val_loss: 0.3691 - val_mse: 0.3691
Epoch 332/1000
100/100 - 45s - loss: 0.2646 - mse: 0.2646 - val_loss: 0.2397 - val_mse: 0.2397
Epoch 333/1000
100/100 - 46s - loss: 0.2400 - mse: 0.2400 - val_loss: 0.2102 - val_mse: 0.2102
Epoch 334/1000
100/100 - 52s - loss: 0.2382 - mse: 0.2382 - val_loss: 0.2101 - val_mse: 0.2101
Epoch 335/1000
100/100 - 46s - loss: 0.2282 - mse: 0.2282 - val_loss: 0.2028 - val_mse: 0.2028
Epoch 336/1000
100/100 - 46s - loss: 0.2200 - mse: 0.2200 - val_loss: 0.1975 - val_mse: 0.1975
Epoch 337/1000
100/100 - 45s - loss: 0.2271 - mse: 0.2271 - val_loss: 0.1975 - val_mse: 0.1975
Epoch 338/1000
100/100 - 43s - loss: 0.2283 - mse: 0.2283 - val_loss: 0.1934 - val_mse: 0.1934
Epoch 339/1000
100/100 - 44s - loss: 0.2310 - mse: 0.2310 - val_loss: 0.2055 - val_mse: 0.2055
Epoch 340/1000
100/100 - 44s - loss: 0.2216 - mse: 0.2216 - val_loss: 0.1916 - val_mse: 0.1916
Epoch 341/1000
100/100 - 45s - loss: 0.2209 - mse: 0.2209 - val_loss: 0.1914 - val_mse: 0.1914
Epoch 342/1000
100/100 - 44s - loss: 0.2183 - mse: 0.2183 - val_loss: 0.1921 - val_mse: 0.1921
Epoch 343/1000
100/100 - 44s - loss: 0.2147 - mse: 0.2147 - val_loss: 0.1883 - val_mse: 0.1883
Epoch 344/1000
100/100 - 44s - loss: 0.2142 - mse: 0.2142 - val_loss: 0.1883 - val_mse: 0.1883
Epoch 345/1000
100/100 - 43s - loss: 0.2133 - mse: 0.2133 - val_loss: 0.1909 - val_mse: 0.1909
Epoch 346/1000
100/100 - 46s - loss: 0.2199 - mse: 0.2199 - val_loss: 0.1997 - val_mse: 0.1997
Epoch 347/1000
100/100 - 45s - loss: 0.2215 - mse: 0.2215 - val_loss: 0.1956 - val_mse: 0.1956
Epoch 348/1000
100/100 - 45s - loss: 0.2273 - mse: 0.2273 - val_loss: 0.1888 - val_mse: 0.1888
Epoch 349/1000
100/100 - 45s - loss: 0.2159 - mse: 0.2159 - val_loss: 0.1859 - val_mse: 0.1859
Epoch 350/1000
100/100 - 45s - loss: 0.2197 - mse: 0.2197 - val_loss: 0.1966 - val_mse: 0.1966
Epoch 351/1000
100/100 - 44s - loss: 0.2210 - mse: 0.2210 - val_loss: 0.1872 - val_mse: 0.1872
Epoch 352/1000
100/100 - 46s - loss: 0.2156 - mse: 0.2156 - val_loss: 0.1848 - val_mse: 0.1848
Epoch 353/1000
100/100 - 46s - loss: 0.2173 - mse: 0.2173 - val_loss: 0.1864 - val_mse: 0.1864
Epoch 354/1000
100/100 - 43s - loss: 0.2097 - mse: 0.2097 - val_loss: 0.1851 - val_mse: 0.1851
Epoch 355/1000
100/100 - 43s - loss: 0.2190 - mse: 0.2190 - val_loss: 0.1871 - val_mse: 0.1871
Epoch 356/1000
100/100 - 44s - loss: 0.2157 - mse: 0.2157 - val_loss: 0.1848 - val_mse: 0.1848
Epoch 357/1000
100/100 - 44s - loss: 0.2156 - mse: 0.2156 - val_loss: 0.1851 - val_mse: 0.1851
Epoch 358/1000
100/100 - 45s - loss: 0.2130 - mse: 0.2130 - val_loss: 0.1854 - val_mse: 0.1854
Epoch 359/1000
100/100 - 45s - loss: 0.2125 - mse: 0.2125 - val_loss: 0.1835 - val_mse: 0.1835
Epoch 360/1000
100/100 - 46s - loss: 0.2207 - mse: 0.2207 - val_loss: 0.1870 - val_mse: 0.1870
Epoch 361/1000
100/100 - 46s - loss: 0.2152 - mse: 0.2152 - val_loss: 0.1866 - val_mse: 0.1866
Epoch 362/1000
100/100 - 45s - loss: 0.2062 - mse: 0.2062 - val_loss: 0.1921 - val_mse: 0.1921
Epoch 363/1000
100/100 - 45s - loss: 0.2079 - mse: 0.2079 - val_loss: 0.1866 - val_mse: 0.1866
Epoch 364/1000
100/100 - 46s - loss: 0.2100 - mse: 0.2100 - val_loss: 0.1871 - val_mse: 0.1871
Epoch 365/1000
100/100 - 46s - loss: 0.2130 - mse: 0.2130 - val_loss: 0.1964 - val_mse: 0.1964
Epoch 366/1000
100/100 - 46s - loss: 0.2258 - mse: 0.2258 - val_loss: 0.2016 - val_mse: 0.2016
Epoch 367/1000
100/100 - 46s - loss: 0.2208 - mse: 0.2208 - val_loss: 0.2060 - val_mse: 0.2060
Epoch 368/1000
100/100 - 46s - loss: 0.2150 - mse: 0.2150 - val_loss: 0.1908 - val_mse: 0.1908
Epoch 369/1000
100/100 - 44s - loss: 0.2161 - mse: 0.2161 - val_loss: 0.1898 - val_mse: 0.1898
Epoch 370/1000
100/100 - 45s - loss: 0.2180 - mse: 0.2180 - val_loss: 0.1866 - val_mse: 0.1866
Epoch 371/1000
100/100 - 45s - loss: 0.2133 - mse: 0.2133 - val_loss: 0.1891 - val_mse: 0.1891
Epoch 372/1000
100/100 - 45s - loss: 0.2116 - mse: 0.2116 - val_loss: 0.1857 - val_mse: 0.1857
Epoch 373/1000
100/100 - 45s - loss: 0.2126 - mse: 0.2126 - val_loss: 0.1841 - val_mse: 0.1841
Epoch 374/1000
100/100 - 45s - loss: 0.2100 - mse: 0.2100 - val_loss: 0.1847 - val_mse: 0.1847
Epoch 375/1000
100/100 - 46s - loss: 0.2112 - mse: 0.2112 - val_loss: 0.1842 - val_mse: 0.1842
Epoch 376/1000
100/100 - 45s - loss: 0.2142 - mse: 0.2142 - val_loss: 0.1844 - val_mse: 0.1844
Epoch 377/1000
100/100 - 45s - loss: 0.2097 - mse: 0.2097 - val_loss: 0.1870 - val_mse: 0.1870
Epoch 378/1000
100/100 - 46s - loss: 0.2106 - mse: 0.2106 - val_loss: 0.1877 - val_mse: 0.1877
Epoch 379/1000
100/100 - 46s - loss: 0.2126 - mse: 0.2126 - val_loss: 0.1894 - val_mse: 0.1894
Epoch 380/1000
100/100 - 43s - loss: 0.2161 - mse: 0.2161 - val_loss: 0.1829 - val_mse: 0.1829
Epoch 381/1000
100/100 - 46s - loss: 0.2057 - mse: 0.2057 - val_loss: 0.1840 - val_mse: 0.1840
Epoch 382/1000
100/100 - 45s - loss: 0.2127 - mse: 0.2127 - val_loss: 0.1861 - val_mse: 0.1861
Epoch 383/1000
100/100 - 45s - loss: 0.2102 - mse: 0.2102 - val_loss: 0.1886 - val_mse: 0.1886
Epoch 384/1000
100/100 - 46s - loss: 0.2146 - mse: 0.2146 - val_loss: 0.1854 - val_mse: 0.1854
Epoch 385/1000
100/100 - 46s - loss: 0.2122 - mse: 0.2122 - val_loss: 0.1863 - val_mse: 0.1863
Epoch 386/1000
100/100 - 45s - loss: 0.2080 - mse: 0.2080 - val_loss: 0.1883 - val_mse: 0.1883
Epoch 387/1000
100/100 - 45s - loss: 0.2113 - mse: 0.2113 - val_loss: 0.1851 - val_mse: 0.1851
Epoch 388/1000
100/100 - 46s - loss: 0.2149 - mse: 0.2149 - val_loss: 0.2056 - val_mse: 0.2056
Epoch 389/1000
100/100 - 45s - loss: 0.2123 - mse: 0.2123 - val_loss: 0.1859 - val_mse: 0.1859
Epoch 390/1000
100/100 - 45s - loss: 0.2071 - mse: 0.2071 - val_loss: 0.1863 - val_mse: 0.1863
Epoch 391/1000
100/100 - 46s - loss: 0.2158 - mse: 0.2158 - val_loss: 0.1929 - val_mse: 0.1929
Epoch 392/1000
100/100 - 46s - loss: 0.2102 - mse: 0.2102 - val_loss: 0.1843 - val_mse: 0.1843
Epoch 393/1000
100/100 - 45s - loss: 0.2115 - mse: 0.2115 - val_loss: 0.1844 - val_mse: 0.1844
Epoch 394/1000
100/100 - 46s - loss: 0.2191 - mse: 0.2191 - val_loss: 0.1875 - val_mse: 0.1875
Epoch 395/1000
100/100 - 46s - loss: 0.2094 - mse: 0.2094 - val_loss: 0.1833 - val_mse: 0.1833
Epoch 396/1000
100/100 - 44s - loss: 0.2081 - mse: 0.2081 - val_loss: 0.1843 - val_mse: 0.1843
Epoch 397/1000
100/100 - 45s - loss: 0.2094 - mse: 0.2094 - val_loss: 0.1844 - val_mse: 0.1844
Epoch 398/1000
100/100 - 46s - loss: 0.2102 - mse: 0.2102 - val_loss: 0.1829 - val_mse: 0.1829
Epoch 399/1000
100/100 - 46s - loss: 0.2111 - mse: 0.2111 - val_loss: 0.1845 - val_mse: 0.1845
Epoch 400/1000
100/100 - 45s - loss: 0.2100 - mse: 0.2100 - val_loss: 0.1861 - val_mse: 0.1861
Epoch 401/1000
100/100 - 45s - loss: 0.2107 - mse: 0.2107 - val_loss: 0.1835 - val_mse: 0.1835
Epoch 402/1000
100/100 - 46s - loss: 0.2071 - mse: 0.2071 - val_loss: 0.1823 - val_mse: 0.1823
Epoch 403/1000
100/100 - 47s - loss: 0.2057 - mse: 0.2057 - val_loss: 0.1848 - val_mse: 0.1848
Epoch 404/1000
100/100 - 47s - loss: 0.2113 - mse: 0.2113 - val_loss: 0.1872 - val_mse: 0.1872
Epoch 405/1000
100/100 - 45s - loss: 0.2076 - mse: 0.2076 - val_loss: 0.1890 - val_mse: 0.1890
Epoch 406/1000
100/100 - 45s - loss: 0.2082 - mse: 0.2082 - val_loss: 0.1847 - val_mse: 0.1847
Epoch 407/1000
100/100 - 45s - loss: 0.2057 - mse: 0.2057 - val_loss: 0.1938 - val_mse: 0.1938
Epoch 408/1000
100/100 - 46s - loss: 0.2082 - mse: 0.2082 - val_loss: 0.1867 - val_mse: 0.1867
Epoch 409/1000
100/100 - 46s - loss: 0.2046 - mse: 0.2046 - val_loss: 0.1925 - val_mse: 0.1925
Epoch 410/1000
100/100 - 47s - loss: 0.2179 - mse: 0.2179 - val_loss: 0.1852 - val_mse: 0.1852
Epoch 411/1000
100/100 - 43s - loss: 0.2103 - mse: 0.2103 - val_loss: 0.1872 - val_mse: 0.1872
Epoch 412/1000
100/100 - 47s - loss: 0.2111 - mse: 0.2111 - val_loss: 0.1838 - val_mse: 0.1838
Epoch 413/1000
100/100 - 55s - loss: 0.2087 - mse: 0.2087 - val_loss: 0.1863 - val_mse: 0.1863
Epoch 414/1000
100/100 - 45s - loss: 0.2044 - mse: 0.2044 - val_loss: 0.1838 - val_mse: 0.1838
Epoch 415/1000
100/100 - 47s - loss: 0.2129 - mse: 0.2129 - val_loss: 0.2224 - val_mse: 0.2224
Epoch 416/1000
100/100 - 46s - loss: 0.2154 - mse: 0.2154 - val_loss: 0.1913 - val_mse: 0.1913
Epoch 417/1000
100/100 - 45s - loss: 0.2178 - mse: 0.2178 - val_loss: 0.1866 - val_mse: 0.1866
Epoch 418/1000
100/100 - 45s - loss: 0.2111 - mse: 0.2111 - val_loss: 0.1834 - val_mse: 0.1834
Epoch 419/1000
100/100 - 45s - loss: 0.2048 - mse: 0.2048 - val_loss: 0.1993 - val_mse: 0.1993
Epoch 420/1000
100/100 - 46s - loss: 0.2179 - mse: 0.2179 - val_loss: 0.1871 - val_mse: 0.1871
Epoch 421/1000
100/100 - 45s - loss: 0.2084 - mse: 0.2084 - val_loss: 0.1839 - val_mse: 0.1839
Epoch 422/1000
100/100 - 45s - loss: 0.2110 - mse: 0.2110 - val_loss: 0.1893 - val_mse: 0.1893
Epoch 423/1000
100/100 - 46s - loss: 0.2121 - mse: 0.2121 - val_loss: 0.1839 - val_mse: 0.1839
Epoch 424/1000
100/100 - 45s - loss: 0.2130 - mse: 0.2130 - val_loss: 0.1846 - val_mse: 0.1846
Epoch 425/1000
100/100 - 45s - loss: 0.2122 - mse: 0.2122 - val_loss: 0.1831 - val_mse: 0.1831
Epoch 426/1000
100/100 - 45s - loss: 0.2071 - mse: 0.2071 - val_loss: 0.1829 - val_mse: 0.1829
Epoch 427/1000
100/100 - 46s - loss: 0.2141 - mse: 0.2141 - val_loss: 0.1843 - val_mse: 0.1843
Epoch 428/1000
100/100 - 46s - loss: 0.2106 - mse: 0.2106 - val_loss: 0.1855 - val_mse: 0.1855
Epoch 429/1000
100/100 - 43s - loss: 0.2142 - mse: 0.2142 - val_loss: 0.1813 - val_mse: 0.1813
Epoch 430/1000
100/100 - 46s - loss: 0.2055 - mse: 0.2055 - val_loss: 0.1849 - val_mse: 0.1849
Epoch 431/1000
100/100 - 45s - loss: 0.2090 - mse: 0.2090 - val_loss: 0.1864 - val_mse: 0.1864
Epoch 432/1000
100/100 - 46s - loss: 0.2022 - mse: 0.2022 - val_loss: 0.1830 - val_mse: 0.1830
Epoch 433/1000
100/100 - 46s - loss: 0.2096 - mse: 0.2096 - val_loss: 0.1826 - val_mse: 0.1826
Epoch 434/1000
100/100 - 46s - loss: 0.2036 - mse: 0.2036 - val_loss: 0.1830 - val_mse: 0.1830
Epoch 435/1000
100/100 - 46s - loss: 0.2067 - mse: 0.2067 - val_loss: 0.1865 - val_mse: 0.1865
Epoch 436/1000
100/100 - 45s - loss: 0.2101 - mse: 0.2101 - val_loss: 0.1831 - val_mse: 0.1831
Epoch 437/1000
100/100 - 45s - loss: 0.2098 - mse: 0.2098 - val_loss: 0.1847 - val_mse: 0.1847
Epoch 438/1000
100/100 - 45s - loss: 0.2103 - mse: 0.2103 - val_loss: 0.1893 - val_mse: 0.1893
Epoch 439/1000
100/100 - 45s - loss: 0.2056 - mse: 0.2056 - val_loss: 0.1822 - val_mse: 0.1822
Epoch 440/1000
100/100 - 46s - loss: 0.2075 - mse: 0.2075 - val_loss: 0.1821 - val_mse: 0.1821
Epoch 441/1000
100/100 - 46s - loss: 0.2100 - mse: 0.2100 - val_loss: 0.1828 - val_mse: 0.1828
Epoch 442/1000
100/100 - 45s - loss: 0.2056 - mse: 0.2056 - val_loss: 0.1835 - val_mse: 0.1835
Epoch 443/1000
100/100 - 45s - loss: 0.2051 - mse: 0.2051 - val_loss: 0.1837 - val_mse: 0.1837
Epoch 444/1000
100/100 - 45s - loss: 0.2090 - mse: 0.2090 - val_loss: 0.1832 - val_mse: 0.1832
Epoch 445/1000
100/100 - 45s - loss: 0.2132 - mse: 0.2132 - val_loss: 0.1832 - val_mse: 0.1832
Epoch 446/1000
100/100 - 46s - loss: 0.2064 - mse: 0.2064 - val_loss: 0.2464 - val_mse: 0.2464
Epoch 447/1000
100/100 - 46s - loss: 0.2558 - mse: 0.2558 - val_loss: 0.2302 - val_mse: 0.2302
Epoch 448/1000
100/100 - 44s - loss: 0.2260 - mse: 0.2260 - val_loss: 0.1983 - val_mse: 0.1983
Epoch 449/1000
100/100 - 45s - loss: 0.2143 - mse: 0.2143 - val_loss: 0.1973 - val_mse: 0.1973
Epoch 450/1000
100/100 - 46s - loss: 0.2156 - mse: 0.2156 - val_loss: 0.1876 - val_mse: 0.1876
Epoch 451/1000
100/100 - 44s - loss: 0.2083 - mse: 0.2083 - val_loss: 0.1860 - val_mse: 0.1860
Epoch 452/1000
100/100 - 45s - loss: 0.2159 - mse: 0.2159 - val_loss: 0.1847 - val_mse: 0.1847
Epoch 453/1000
100/100 - 45s - loss: 0.2041 - mse: 0.2041 - val_loss: 0.1829 - val_mse: 0.1829
Epoch 454/1000
100/100 - 45s - loss: 0.2112 - mse: 0.2112 - val_loss: 0.1870 - val_mse: 0.1870
Epoch 455/1000
100/100 - 44s - loss: 0.2128 - mse: 0.2128 - val_loss: 0.1863 - val_mse: 0.1863
Epoch 456/1000
100/100 - 45s - loss: 0.2095 - mse: 0.2095 - val_loss: 0.1848 - val_mse: 0.1848
Epoch 457/1000
100/100 - 45s - loss: 0.2149 - mse: 0.2149 - val_loss: 0.1826 - val_mse: 0.1826
Epoch 458/1000
100/100 - 45s - loss: 0.2057 - mse: 0.2057 - val_loss: 0.1838 - val_mse: 0.1838
Epoch 459/1000
100/100 - 46s - loss: 0.2097 - mse: 0.2097 - val_loss: 0.2214 - val_mse: 0.2214
Epoch 460/1000
100/100 - 45s - loss: 0.2265 - mse: 0.2265 - val_loss: 0.1903 - val_mse: 0.1903
Epoch 461/1000
100/100 - 45s - loss: 0.2095 - mse: 0.2095 - val_loss: 0.1841 - val_mse: 0.1841
Epoch 462/1000
100/100 - 46s - loss: 0.2086 - mse: 0.2086 - val_loss: 0.1915 - val_mse: 0.1915
Epoch 463/1000
100/100 - 45s - loss: 0.2086 - mse: 0.2086 - val_loss: 0.1819 - val_mse: 0.1819
Epoch 464/1000
100/100 - 44s - loss: 0.2109 - mse: 0.2109 - val_loss: 0.1837 - val_mse: 0.1837
Epoch 465/1000
100/100 - 45s - loss: 0.2073 - mse: 0.2073 - val_loss: 0.1820 - val_mse: 0.1820
Epoch 466/1000
100/100 - 44s - loss: 0.2085 - mse: 0.2085 - val_loss: 0.1796 - val_mse: 0.1796
Epoch 467/1000
100/100 - 44s - loss: 0.2078 - mse: 0.2078 - val_loss: 0.1808 - val_mse: 0.1808
Epoch 468/1000
100/100 - 44s - loss: 0.2112 - mse: 0.2112 - val_loss: 0.2002 - val_mse: 0.2002
Epoch 469/1000
100/100 - 45s - loss: 0.2379 - mse: 0.2379 - val_loss: 0.4114 - val_mse: 0.4114
Epoch 470/1000
100/100 - 46s - loss: 0.2343 - mse: 0.2343 - val_loss: 0.2116 - val_mse: 0.2116
Epoch 471/1000
100/100 - 45s - loss: 0.2203 - mse: 0.2203 - val_loss: 0.1997 - val_mse: 0.1997
Epoch 472/1000
100/100 - 45s - loss: 0.2205 - mse: 0.2205 - val_loss: 0.1894 - val_mse: 0.1894
Epoch 473/1000
100/100 - 46s - loss: 0.2300 - mse: 0.2300 - val_loss: 0.2222 - val_mse: 0.2222
Epoch 474/1000
100/100 - 46s - loss: 0.2287 - mse: 0.2287 - val_loss: 0.1933 - val_mse: 0.1933
Epoch 475/1000
100/100 - 45s - loss: 0.2211 - mse: 0.2211 - val_loss: 0.1888 - val_mse: 0.1888
Epoch 476/1000
100/100 - 45s - loss: 0.2199 - mse: 0.2199 - val_loss: 0.1879 - val_mse: 0.1879
Epoch 477/1000
100/100 - 45s - loss: 0.2171 - mse: 0.2171 - val_loss: 0.1854 - val_mse: 0.1854
Epoch 478/1000
100/100 - 45s - loss: 0.2110 - mse: 0.2110 - val_loss: 0.1851 - val_mse: 0.1851
Epoch 479/1000
100/100 - 47s - loss: 0.2168 - mse: 0.2168 - val_loss: 0.1848 - val_mse: 0.1848
Epoch 480/1000
100/100 - 46s - loss: 0.2129 - mse: 0.2129 - val_loss: 0.1922 - val_mse: 0.1922
Epoch 481/1000
100/100 - 43s - loss: 0.2128 - mse: 0.2128 - val_loss: 0.1869 - val_mse: 0.1869
Epoch 482/1000
100/100 - 46s - loss: 0.2188 - mse: 0.2188 - val_loss: 0.1903 - val_mse: 0.1903
Epoch 483/1000
100/100 - 46s - loss: 0.2077 - mse: 0.2077 - val_loss: 0.1863 - val_mse: 0.1863
Epoch 484/1000
100/100 - 46s - loss: 0.2125 - mse: 0.2125 - val_loss: 0.1830 - val_mse: 0.1830
Epoch 485/1000
100/100 - 46s - loss: 0.2125 - mse: 0.2125 - val_loss: 0.1847 - val_mse: 0.1847
Epoch 486/1000
100/100 - 47s - loss: 0.2120 - mse: 0.2120 - val_loss: 0.1851 - val_mse: 0.1851
Epoch 487/1000
100/100 - 45s - loss: 0.2157 - mse: 0.2157 - val_loss: 0.1830 - val_mse: 0.1830
Epoch 488/1000
100/100 - 46s - loss: 0.2115 - mse: 0.2115 - val_loss: 0.1853 - val_mse: 0.1853
Epoch 489/1000
100/100 - 46s - loss: 0.2041 - mse: 0.2041 - val_loss: 0.1839 - val_mse: 0.1839
Epoch 490/1000
100/100 - 46s - loss: 0.2107 - mse: 0.2107 - val_loss: 0.1825 - val_mse: 0.1825
Epoch 491/1000
100/100 - 45s - loss: 0.2070 - mse: 0.2070 - val_loss: 0.1817 - val_mse: 0.1817
Epoch 492/1000
100/100 - 46s - loss: 0.2110 - mse: 0.2110 - val_loss: 0.1842 - val_mse: 0.1842
Epoch 493/1000
100/100 - 47s - loss: 0.2067 - mse: 0.2067 - val_loss: 0.1822 - val_mse: 0.1822
Epoch 494/1000
100/100 - 46s - loss: 0.2083 - mse: 0.2083 - val_loss: 0.1842 - val_mse: 0.1842
Epoch 495/1000
100/100 - 43s - loss: 0.2136 - mse: 0.2136 - val_loss: 0.1810 - val_mse: 0.1810
Epoch 496/1000
100/100 - 47s - loss: 0.2138 - mse: 0.2138 - val_loss: 0.1819 - val_mse: 0.1819
Epoch 497/1000
100/100 - 43s - loss: 0.2045 - mse: 0.2045 - val_loss: 0.1830 - val_mse: 0.1830
Epoch 498/1000
100/100 - 45s - loss: 0.2021 - mse: 0.2021 - val_loss: 0.1828 - val_mse: 0.1828
Epoch 499/1000
100/100 - 44s - loss: 0.2072 - mse: 0.2072 - val_loss: 0.1824 - val_mse: 0.1824
Epoch 500/1000
100/100 - 45s - loss: 0.2052 - mse: 0.2052 - val_loss: 0.1818 - val_mse: 0.1818
Epoch 501/1000
100/100 - 45s - loss: 0.2110 - mse: 0.2110 - val_loss: 0.1858 - val_mse: 0.1858
Epoch 502/1000
100/100 - 45s - loss: 0.2051 - mse: 0.2051 - val_loss: 0.1815 - val_mse: 0.1815
Epoch 503/1000
100/100 - 45s - loss: 0.2063 - mse: 0.2063 - val_loss: 0.1814 - val_mse: 0.1814
Epoch 504/1000
100/100 - 45s - loss: 0.2084 - mse: 0.2084 - val_loss: 0.1840 - val_mse: 0.1840
Epoch 505/1000
100/100 - 46s - loss: 0.2083 - mse: 0.2083 - val_loss: 0.1817 - val_mse: 0.1817
Epoch 506/1000
100/100 - 45s - loss: 0.2030 - mse: 0.2030 - val_loss: 0.1822 - val_mse: 0.1822
Epoch 507/1000
100/100 - 45s - loss: 0.2101 - mse: 0.2101 - val_loss: 0.1804 - val_mse: 0.1804
Epoch 508/1000
100/100 - 45s - loss: 0.2088 - mse: 0.2088 - val_loss: 0.1872 - val_mse: 0.1872
Epoch 509/1000
100/100 - 45s - loss: 0.2137 - mse: 0.2137 - val_loss: 0.2039 - val_mse: 0.2039
Epoch 510/1000
100/100 - 45s - loss: 0.2239 - mse: 0.2239 - val_loss: 0.2036 - val_mse: 0.2036
Epoch 511/1000
100/100 - 43s - loss: 0.2224 - mse: 0.2224 - val_loss: 0.1850 - val_mse: 0.1850
Epoch 512/1000
100/100 - 47s - loss: 0.2093 - mse: 0.2093 - val_loss: 0.1837 - val_mse: 0.1837
Epoch 513/1000
100/100 - 42s - loss: 0.2095 - mse: 0.2095 - val_loss: 0.1835 - val_mse: 0.1835
Epoch 514/1000
100/100 - 46s - loss: 0.2116 - mse: 0.2116 - val_loss: 0.1827 - val_mse: 0.1827
Epoch 515/1000
100/100 - 46s - loss: 0.2054 - mse: 0.2054 - val_loss: 0.1831 - val_mse: 0.1831
Epoch 516/1000
100/100 - 46s - loss: 0.2062 - mse: 0.2062 - val_loss: 0.1817 - val_mse: 0.1817
