/common/pkgs/cuda/cuda-11.4/lib64:/common/pkgs/cuda/cuda-11.4/extras/CUPTI/lib64:/rhome/mdodson/.conda/envs/learn/lib
Tensorflow version: 2.4.1
Num GPUs Available:  1
[PhysicalDevice(name='/physical_device:CPU:0', device_type='CPU'), PhysicalDevice(name='/physical_device:XLA_CPU:0', device_type='XLA_CPU'), PhysicalDevice(name='/physical_device:XLA_GPU:0', device_type='XLA_GPU'), PhysicalDevice(name='/physical_device:GPU:0', device_type='GPU')]
Model: "model_1"
_________________________________________________________________
Layer (type)                 Output Shape              Param #   
=================================================================
input_1 (InputLayer)         [(None, 400, 22)]         0         
_________________________________________________________________
in_dist (TimeDistributed)    (None, 400, 64)           1472      
_________________________________________________________________
enc_bd_0 (Bidirectional)     (None, 400, 128)          66048     
_________________________________________________________________
enc_bnorm_0 (BatchNormalizat (None, 400, 128)          512       
_________________________________________________________________
enc_bd_1 (Bidirectional)     (None, 400, 128)          98816     
_________________________________________________________________
enc_bnorm_1 (BatchNormalizat (None, 400, 128)          512       
_________________________________________________________________
enc_bd_2 (Bidirectional)     (None, 128)               98816     
_________________________________________________________________
enc_bnorm_2 (BatchNormalizat (None, 128)               512       
_________________________________________________________________
latent_projection (Dense)    (None, 32)                4128      
_________________________________________________________________
repeat_vector (RepeatVector) (None, 400, 32)           0         
_________________________________________________________________
dec_bd_0 (Bidirectional)     (None, 400, 128)          49664     
_________________________________________________________________
dec_bnorm_0 (BatchNormalizat (None, 400, 128)          512       
_________________________________________________________________
dropout (Dropout)            (None, 400, 128)          0         
_________________________________________________________________
dec_bd_1 (Bidirectional)     (None, 400, 128)          98816     
_________________________________________________________________
dec_bnorm_1 (BatchNormalizat (None, 400, 128)          512       
_________________________________________________________________
dropout_1 (Dropout)          (None, 400, 128)          0         
_________________________________________________________________
dec_bd_2 (Bidirectional)     (None, 400, 128)          98816     
_________________________________________________________________
dec_bnorm_2 (BatchNormalizat (None, 400, 128)          512       
_________________________________________________________________
dropout_2 (Dropout)          (None, 400, 128)          0         
_________________________________________________________________
out_dist (TimeDistributed)   (None, 400, 8)            1032      
=================================================================
Total params: 520,680
Trainable params: 519,144
Non-trainable params: 1,536
_________________________________________________________________
Compiling encoder-decoder
Making generators
Fitting model
Epoch 1/1000
100/100 - 82s - loss: 1.5451 - val_loss: 0.6509
Epoch 2/1000
100/100 - 32s - loss: 0.6371 - val_loss: 0.5554
Epoch 3/1000
100/100 - 34s - loss: 0.5708 - val_loss: 0.5372
Epoch 4/1000
100/100 - 39s - loss: 0.5528 - val_loss: 0.5461
Epoch 5/1000
100/100 - 38s - loss: 0.5332 - val_loss: 0.4860
Epoch 6/1000
100/100 - 35s - loss: 0.4957 - val_loss: 0.5026
Epoch 7/1000
100/100 - 37s - loss: 0.2514 - val_loss: 0.1390
Epoch 8/1000
100/100 - 29s - loss: 0.1343 - val_loss: 0.1011
Epoch 9/1000
100/100 - 38s - loss: 0.1242 - val_loss: 0.0816
Epoch 10/1000
100/100 - 34s - loss: 0.1195 - val_loss: 0.0792
Epoch 11/1000
100/100 - 34s - loss: 0.1179 - val_loss: 0.0841
Epoch 12/1000
100/100 - 34s - loss: 0.1076 - val_loss: 0.0727
Epoch 13/1000
100/100 - 28s - loss: 0.1050 - val_loss: 0.0773
Epoch 14/1000
100/100 - 43s - loss: 0.1048 - val_loss: 0.0687
Epoch 15/1000
100/100 - 33s - loss: 0.1059 - val_loss: 0.0722
Epoch 16/1000
100/100 - 72s - loss: 0.1062 - val_loss: 0.0693
Epoch 17/1000
100/100 - 87s - loss: 0.1011 - val_loss: 0.0694
Epoch 18/1000
100/100 - 77s - loss: 0.0950 - val_loss: 0.0657
Epoch 19/1000
100/100 - 87s - loss: 0.0968 - val_loss: 0.0655
Epoch 20/1000
100/100 - 71s - loss: 0.0928 - val_loss: 0.0715
Epoch 21/1000
100/100 - 74s - loss: 0.0960 - val_loss: 0.0747
Epoch 22/1000
100/100 - 70s - loss: 0.0991 - val_loss: 0.0673
Epoch 23/1000
100/100 - 69s - loss: 0.0925 - val_loss: 0.0644
Epoch 24/1000
100/100 - 64s - loss: 0.0902 - val_loss: 0.0657
Epoch 25/1000
100/100 - 58s - loss: 0.0880 - val_loss: 0.0623
Epoch 26/1000
100/100 - 62s - loss: 0.0879 - val_loss: 0.0766
Epoch 27/1000
100/100 - 49s - loss: 0.0977 - val_loss: 0.0668
Epoch 28/1000
100/100 - 55s - loss: 0.0931 - val_loss: 0.0663
Epoch 29/1000
100/100 - 49s - loss: 0.1049 - val_loss: 0.0857
Epoch 30/1000
100/100 - 53s - loss: 0.1014 - val_loss: 0.0854
Epoch 31/1000
100/100 - 45s - loss: 0.0963 - val_loss: 0.0675
Epoch 32/1000
100/100 - 45s - loss: 0.0929 - val_loss: 0.0700
Epoch 33/1000
100/100 - 46s - loss: 0.0918 - val_loss: 0.0649
Epoch 34/1000
100/100 - 39s - loss: 0.0922 - val_loss: 0.0587
Epoch 35/1000
100/100 - 38s - loss: 0.1143 - val_loss: 0.1626
Epoch 36/1000
100/100 - 46s - loss: 0.1210 - val_loss: 0.0962
Epoch 37/1000
100/100 - 35s - loss: 0.1061 - val_loss: 0.0794
Epoch 38/1000
100/100 - 39s - loss: 0.1079 - val_loss: 0.0869
Epoch 39/1000
100/100 - 34s - loss: 0.1027 - val_loss: 0.0686
Epoch 40/1000
100/100 - 33s - loss: 0.0980 - val_loss: 0.0796
Epoch 41/1000
100/100 - 43s - loss: 0.1015 - val_loss: 0.0759
Epoch 42/1000
100/100 - 35s - loss: 0.1147 - val_loss: 0.1100
Epoch 43/1000
100/100 - 35s - loss: 0.0987 - val_loss: 0.0783
Epoch 44/1000
100/100 - 29s - loss: 0.0951 - val_loss: 0.0637
Epoch 45/1000
100/100 - 41s - loss: 0.0918 - val_loss: 0.0628
Epoch 46/1000
100/100 - 33s - loss: 0.0886 - val_loss: 0.0697
Epoch 47/1000
100/100 - 40s - loss: 0.0932 - val_loss: 0.0660
Epoch 48/1000
100/100 - 34s - loss: 0.0951 - val_loss: 0.0960
Epoch 49/1000
100/100 - 38s - loss: 0.1129 - val_loss: 0.0942
Epoch 50/1000
100/100 - 32s - loss: 0.1001 - val_loss: 0.0697
Epoch 51/1000
100/100 - 44s - loss: 0.0935 - val_loss: 0.0669
Epoch 52/1000
100/100 - 36s - loss: 0.1033 - val_loss: 0.0711
Epoch 53/1000
100/100 - 37s - loss: 0.0913 - val_loss: 0.0621
Epoch 54/1000
100/100 - 36s - loss: 0.0959 - val_loss: 0.0749
Epoch 55/1000
100/100 - 42s - loss: 0.1007 - val_loss: 0.1629
Epoch 56/1000
100/100 - 40s - loss: 0.1026 - val_loss: 0.0929
Epoch 57/1000
100/100 - 38s - loss: 0.0914 - val_loss: 0.0688
Epoch 58/1000
100/100 - 43s - loss: 0.0882 - val_loss: 0.0614
Epoch 59/1000
100/100 - 42s - loss: 0.0929 - val_loss: 0.0641
Epoch 60/1000
100/100 - 47s - loss: 0.0893 - val_loss: 0.0630
Epoch 61/1000
100/100 - 51s - loss: 0.0906 - val_loss: 0.0608
Epoch 62/1000
100/100 - 34s - loss: 0.0874 - val_loss: 0.0604
Epoch 63/1000
100/100 - 44s - loss: 0.0824 - val_loss: 0.0641
Epoch 64/1000
100/100 - 33s - loss: 0.0875 - val_loss: 0.0655
Epoch 65/1000
100/100 - 36s - loss: 0.0910 - val_loss: 0.0617
Epoch 66/1000
100/100 - 38s - loss: 0.0866 - val_loss: 0.0719
Epoch 67/1000
100/100 - 34s - loss: 0.0962 - val_loss: 0.0654
Epoch 68/1000
100/100 - 46s - loss: 0.0856 - val_loss: 0.0596
Epoch 69/1000
100/100 - 37s - loss: 0.0903 - val_loss: 0.0667
Epoch 70/1000
100/100 - 39s - loss: 0.0928 - val_loss: 0.0673
Epoch 71/1000
100/100 - 36s - loss: 0.0866 - val_loss: 0.0621
Epoch 72/1000
100/100 - 37s - loss: 0.0888 - val_loss: 0.0585
Epoch 73/1000
100/100 - 46s - loss: 0.0900 - val_loss: 0.1119
Epoch 74/1000
100/100 - 35s - loss: 0.1016 - val_loss: 0.0708
Epoch 75/1000
100/100 - 40s - loss: 0.0864 - val_loss: 0.0785
Epoch 76/1000
100/100 - 37s - loss: 0.0914 - val_loss: 0.0703
Epoch 77/1000
100/100 - 48s - loss: 0.1202 - val_loss: 0.0824
Epoch 78/1000
100/100 - 34s - loss: 0.0890 - val_loss: 0.0701
Epoch 79/1000
100/100 - 36s - loss: 0.0964 - val_loss: 0.0647
Epoch 80/1000
100/100 - 43s - loss: 0.0834 - val_loss: 0.0608
Epoch 81/1000
100/100 - 38s - loss: 0.0779 - val_loss: 0.0592
Epoch 82/1000
100/100 - 35s - loss: 0.0820 - val_loss: 0.0588
Epoch 83/1000
100/100 - 49s - loss: 0.0806 - val_loss: 0.0639
Epoch 84/1000
100/100 - 39s - loss: 0.0848 - val_loss: 0.0620
Epoch 85/1000
100/100 - 46s - loss: 0.0851 - val_loss: 0.0935
Epoch 86/1000
100/100 - 45s - loss: 0.0964 - val_loss: 0.0647
Epoch 87/1000
100/100 - 52s - loss: 0.0876 - val_loss: 0.0627
Epoch 88/1000
100/100 - 54s - loss: 0.0871 - val_loss: 0.0585
Epoch 89/1000
100/100 - 42s - loss: 0.0889 - val_loss: 0.0646
Epoch 90/1000
100/100 - 59s - loss: 0.0828 - val_loss: 0.0577
Epoch 91/1000
100/100 - 45s - loss: 0.0770 - val_loss: 0.0586
Epoch 92/1000
100/100 - 53s - loss: 0.0854 - val_loss: 0.0570
Epoch 93/1000
100/100 - 51s - loss: 0.0862 - val_loss: 0.0552
Epoch 94/1000
100/100 - 44s - loss: 0.0779 - val_loss: 0.0638
Epoch 95/1000
100/100 - 54s - loss: 0.0892 - val_loss: 0.0596
Epoch 96/1000
100/100 - 47s - loss: 0.0817 - val_loss: 0.0561
Epoch 97/1000
100/100 - 49s - loss: 0.0818 - val_loss: 0.0586
Epoch 98/1000
100/100 - 51s - loss: 0.1111 - val_loss: 0.1752
Epoch 99/1000
100/100 - 48s - loss: 0.1425 - val_loss: 0.1848
Epoch 100/1000
100/100 - 48s - loss: 0.1138 - val_loss: 0.0788
Epoch 101/1000
100/100 - 56s - loss: 0.0912 - val_loss: 0.0659
Epoch 102/1000
100/100 - 53s - loss: 0.0863 - val_loss: 0.0604
Epoch 103/1000
100/100 - 54s - loss: 0.0861 - val_loss: 0.0581
Epoch 104/1000
100/100 - 45s - loss: 0.0831 - val_loss: 0.0706
Epoch 105/1000
100/100 - 68s - loss: 0.1255 - val_loss: 0.1106
Epoch 106/1000
100/100 - 50s - loss: 0.1051 - val_loss: 0.0906
Epoch 107/1000
100/100 - 67s - loss: 0.0923 - val_loss: 0.0650
Epoch 108/1000
100/100 - 56s - loss: 0.0884 - val_loss: 0.0767
Epoch 109/1000
100/100 - 62s - loss: 0.0964 - val_loss: 0.0705
Epoch 110/1000
100/100 - 56s - loss: 0.0917 - val_loss: 0.0665
Epoch 111/1000
100/100 - 64s - loss: 0.0904 - val_loss: 0.0635
Epoch 112/1000
100/100 - 50s - loss: 0.0847 - val_loss: 0.0609
Epoch 113/1000
100/100 - 58s - loss: 0.0855 - val_loss: 0.0597
Epoch 114/1000
100/100 - 59s - loss: 0.0840 - val_loss: 0.0624
Epoch 115/1000
100/100 - 54s - loss: 0.0908 - val_loss: 0.1221
Epoch 116/1000
100/100 - 72s - loss: 0.1033 - val_loss: 0.0804
Epoch 117/1000
100/100 - 59s - loss: 0.0918 - val_loss: 0.0653
Epoch 118/1000
100/100 - 60s - loss: 0.0891 - val_loss: 0.0607
Epoch 119/1000
100/100 - 61s - loss: 0.0888 - val_loss: 0.0850
Epoch 120/1000
100/100 - 55s - loss: 0.0924 - val_loss: 0.0712
Epoch 121/1000
100/100 - 60s - loss: 0.0844 - val_loss: 0.0621
Epoch 122/1000
100/100 - 55s - loss: 0.0897 - val_loss: 0.0599
Epoch 123/1000
100/100 - 60s - loss: 0.0904 - val_loss: 0.0585
Epoch 124/1000
100/100 - 56s - loss: 0.0807 - val_loss: 0.0634
Epoch 125/1000
100/100 - 64s - loss: 0.0843 - val_loss: 0.0633
Epoch 126/1000
100/100 - 48s - loss: 0.0835 - val_loss: 0.0585
Epoch 127/1000
100/100 - 60s - loss: 0.0873 - val_loss: 0.0629
Epoch 128/1000
100/100 - 45s - loss: 0.0868 - val_loss: 0.0582
Epoch 129/1000
100/100 - 52s - loss: 0.0806 - val_loss: 0.0578
Epoch 130/1000
100/100 - 51s - loss: 0.0799 - val_loss: 0.0594
Epoch 131/1000
100/100 - 49s - loss: 0.0826 - val_loss: 0.0583
Epoch 132/1000
100/100 - 62s - loss: 0.0837 - val_loss: 0.0569
Epoch 133/1000
100/100 - 55s - loss: 0.0805 - val_loss: 0.0565
Epoch 134/1000
100/100 - 69s - loss: 0.0816 - val_loss: 0.0568
Epoch 135/1000
100/100 - 47s - loss: 0.0815 - val_loss: 0.0594
Epoch 136/1000
100/100 - 53s - loss: 0.0833 - val_loss: 0.0580
Epoch 137/1000
100/100 - 41s - loss: 0.0780 - val_loss: 0.0583
Epoch 138/1000
100/100 - 52s - loss: 0.0790 - val_loss: 0.0559
Epoch 139/1000
100/100 - 48s - loss: 0.0916 - val_loss: 0.0603
Epoch 140/1000
100/100 - 46s - loss: 0.0809 - val_loss: 0.0597
Epoch 141/1000
100/100 - 48s - loss: 0.0843 - val_loss: 0.0580
Epoch 142/1000
100/100 - 43s - loss: 0.0786 - val_loss: 0.0598
Epoch 143/1000
100/100 - 55s - loss: 0.0787 - val_loss: 0.0581
