/common/pkgs/cuda/cuda-11.4/lib64:/common/pkgs/cuda/cuda-11.4/extras/CUPTI/lib64:/rhome/mdodson/.conda/envs/learn/lib
Tensorflow version: 2.4.1
Num GPUs Available:  1
[PhysicalDevice(name='/physical_device:CPU:0', device_type='CPU'), PhysicalDevice(name='/physical_device:XLA_CPU:0', device_type='XLA_CPU'), PhysicalDevice(name='/physical_device:XLA_GPU:0', device_type='XLA_GPU'), PhysicalDevice(name='/physical_device:GPU:0', device_type='GPU')]
Model: "model_1"
_________________________________________________________________
Layer (type)                 Output Shape              Param #   
=================================================================
input_1 (InputLayer)         [(None, 400, 22)]         0         
_________________________________________________________________
in_dist (TimeDistributed)    (None, 400, 64)           1472      
_________________________________________________________________
enc_bd_0 (Bidirectional)     (None, 400, 128)          66048     
_________________________________________________________________
enc_bnorm_0 (BatchNormalizat (None, 400, 128)          512       
_________________________________________________________________
enc_bd_1 (Bidirectional)     (None, 400, 128)          98816     
_________________________________________________________________
enc_bnorm_1 (BatchNormalizat (None, 400, 128)          512       
_________________________________________________________________
enc_bd_2 (Bidirectional)     (None, 128)               98816     
_________________________________________________________________
enc_bnorm_2 (BatchNormalizat (None, 128)               512       
_________________________________________________________________
latent_projection (Dense)    (None, 32)                4128      
_________________________________________________________________
repeat_vector (RepeatVector) (None, 400, 32)           0         
_________________________________________________________________
dec_bd_0 (Bidirectional)     (None, 400, 64)           16640     
_________________________________________________________________
dec_bnorm_0 (BatchNormalizat (None, 400, 64)           256       
_________________________________________________________________
dropout (Dropout)            (None, 400, 64)           0         
_________________________________________________________________
dec_bd_1 (Bidirectional)     (None, 400, 128)          66048     
_________________________________________________________________
dec_bnorm_1 (BatchNormalizat (None, 400, 128)          512       
_________________________________________________________________
dropout_1 (Dropout)          (None, 400, 128)          0         
_________________________________________________________________
dec_bd_2 (Bidirectional)     (None, 400, 256)          263168    
_________________________________________________________________
dec_bnorm_2 (BatchNormalizat (None, 400, 256)          1024      
_________________________________________________________________
dropout_2 (Dropout)          (None, 400, 256)          0         
_________________________________________________________________
out_dist (TimeDistributed)   (None, 400, 8)            2056      
=================================================================
Total params: 620,520
Trainable params: 618,856
Non-trainable params: 1,664
_________________________________________________________________
Compiling encoder-decoder
Making generators
Fitting model
Epoch 1/1000
100/100 - 1086s - loss: 1.4784 - val_loss: 0.6546
Epoch 2/1000
100/100 - 61s - loss: 0.6439 - val_loss: 0.5482
Epoch 3/1000
100/100 - 114s - loss: 0.4721 - val_loss: 0.3535
Epoch 4/1000
100/100 - 145s - loss: 0.1852 - val_loss: 0.1404
Epoch 5/1000
100/100 - 147s - loss: 0.1497 - val_loss: 0.1306
Epoch 6/1000
100/100 - 155s - loss: 0.1383 - val_loss: 0.0850
Epoch 7/1000
100/100 - 135s - loss: 0.1215 - val_loss: 0.0776
Epoch 8/1000
100/100 - 127s - loss: 0.1098 - val_loss: 0.0796
Epoch 9/1000
100/100 - 142s - loss: 0.1074 - val_loss: 0.0773
Epoch 10/1000
100/100 - 142s - loss: 0.1057 - val_loss: 0.0683
Epoch 11/1000
100/100 - 117s - loss: 0.1053 - val_loss: 0.0777
Epoch 12/1000
100/100 - 126s - loss: 0.0981 - val_loss: 0.0707
Epoch 13/1000
100/100 - 143s - loss: 0.0976 - val_loss: 0.0741
Epoch 14/1000
100/100 - 148s - loss: 0.1000 - val_loss: 0.0725
Epoch 15/1000
100/100 - 143s - loss: 0.0986 - val_loss: 0.0931
Epoch 16/1000
100/100 - 129s - loss: 0.1028 - val_loss: 0.0718
Epoch 17/1000
100/100 - 118s - loss: 0.1030 - val_loss: 0.0733
Epoch 18/1000
100/100 - 111s - loss: 0.0927 - val_loss: 0.0678
Epoch 19/1000
100/100 - 102s - loss: 0.0975 - val_loss: 0.0762
Epoch 20/1000
100/100 - 105s - loss: 0.0879 - val_loss: 0.0621
Epoch 21/1000
100/100 - 117s - loss: 0.0914 - val_loss: 0.0940
Epoch 22/1000
100/100 - 105s - loss: 0.1023 - val_loss: 0.0824
Epoch 23/1000
100/100 - 107s - loss: 0.0936 - val_loss: 0.0679
Epoch 24/1000
100/100 - 90s - loss: 0.0937 - val_loss: 0.0855
Epoch 25/1000
100/100 - 79s - loss: 0.0886 - val_loss: 0.0666
Epoch 26/1000
100/100 - 86s - loss: 0.0868 - val_loss: 0.0677
Epoch 27/1000
100/100 - 79s - loss: 0.0933 - val_loss: 0.0629
Epoch 28/1000
100/100 - 78s - loss: 0.0901 - val_loss: 0.0679
Epoch 29/1000
100/100 - 69s - loss: 0.0925 - val_loss: 0.0654
Epoch 30/1000
100/100 - 81s - loss: 0.0833 - val_loss: 0.0644
Epoch 31/1000
100/100 - 67s - loss: 0.0835 - val_loss: 0.0657
Epoch 32/1000
100/100 - 64s - loss: 0.0821 - val_loss: 0.0633
Epoch 33/1000
100/100 - 62s - loss: 0.0847 - val_loss: 0.0615
Epoch 34/1000
100/100 - 56s - loss: 0.0875 - val_loss: 0.0688
Epoch 35/1000
100/100 - 63s - loss: 0.1018 - val_loss: 0.1501
Epoch 36/1000
100/100 - 52s - loss: 0.1107 - val_loss: 0.0722
Epoch 37/1000
100/100 - 48s - loss: 0.1194 - val_loss: 0.1062
Epoch 38/1000
100/100 - 46s - loss: 0.1020 - val_loss: 0.0685
Epoch 39/1000
100/100 - 42s - loss: 0.0887 - val_loss: 0.0628
Epoch 40/1000
100/100 - 49s - loss: 0.0876 - val_loss: 0.0609
Epoch 41/1000
100/100 - 46s - loss: 0.0894 - val_loss: 0.0612
Epoch 42/1000
100/100 - 44s - loss: 0.0861 - val_loss: 0.0593
Epoch 43/1000
100/100 - 44s - loss: 0.0846 - val_loss: 0.0597
Epoch 44/1000
100/100 - 43s - loss: 0.0920 - val_loss: 0.0928
Epoch 45/1000
100/100 - 39s - loss: 0.1119 - val_loss: 0.0829
Epoch 46/1000
100/100 - 52s - loss: 0.0900 - val_loss: 0.0702
Epoch 47/1000
100/100 - 43s - loss: 0.0860 - val_loss: 0.0706
Epoch 48/1000
100/100 - 43s - loss: 0.0899 - val_loss: 0.0957
Epoch 49/1000
100/100 - 43s - loss: 0.1047 - val_loss: 0.0832
Epoch 50/1000
100/100 - 43s - loss: 0.0918 - val_loss: 0.0781
Epoch 51/1000
100/100 - 44s - loss: 0.1085 - val_loss: 0.1897
Epoch 52/1000
100/100 - 38s - loss: 0.1162 - val_loss: 0.0832
Epoch 53/1000
100/100 - 47s - loss: 0.0961 - val_loss: 0.0696
Epoch 54/1000
100/100 - 43s - loss: 0.0942 - val_loss: 0.0695
Epoch 55/1000
100/100 - 42s - loss: 0.0867 - val_loss: 0.0711
Epoch 56/1000
100/100 - 38s - loss: 0.1079 - val_loss: 0.0814
Epoch 57/1000
100/100 - 48s - loss: 0.0882 - val_loss: 0.0665
Epoch 58/1000
100/100 - 43s - loss: 0.0882 - val_loss: 0.0691
Epoch 59/1000
100/100 - 43s - loss: 0.0909 - val_loss: 0.0615
Epoch 60/1000
100/100 - 43s - loss: 0.0917 - val_loss: 0.0673
Epoch 61/1000
100/100 - 38s - loss: 0.0919 - val_loss: 0.0613
Epoch 62/1000
100/100 - 48s - loss: 0.0942 - val_loss: 0.0692
Epoch 63/1000
100/100 - 43s - loss: 0.0860 - val_loss: 0.0628
Epoch 64/1000
100/100 - 42s - loss: 0.0879 - val_loss: 0.0675
Epoch 65/1000
100/100 - 42s - loss: 0.0877 - val_loss: 0.0621
Epoch 66/1000
100/100 - 46s - loss: 0.0864 - val_loss: 0.0612
Epoch 67/1000
100/100 - 38s - loss: 0.0855 - val_loss: 0.0599
Epoch 68/1000
100/100 - 48s - loss: 0.0842 - val_loss: 0.0616
Epoch 69/1000
100/100 - 43s - loss: 0.0865 - val_loss: 0.0643
Epoch 70/1000
100/100 - 44s - loss: 0.0904 - val_loss: 0.0615
Epoch 71/1000
100/100 - 38s - loss: 0.0834 - val_loss: 0.0599
Epoch 72/1000
100/100 - 47s - loss: 0.0857 - val_loss: 0.0608
Epoch 73/1000
100/100 - 43s - loss: 0.0830 - val_loss: 0.0626
Epoch 74/1000
100/100 - 43s - loss: 0.0869 - val_loss: 0.0629
Epoch 75/1000
100/100 - 44s - loss: 0.0814 - val_loss: 0.0582
Epoch 76/1000
100/100 - 38s - loss: 0.0877 - val_loss: 0.0630
Epoch 77/1000
100/100 - 47s - loss: 0.0920 - val_loss: 0.0654
Epoch 78/1000
100/100 - 43s - loss: 0.0866 - val_loss: 0.0683
Epoch 79/1000
100/100 - 43s - loss: 0.0922 - val_loss: 0.0627
Epoch 80/1000
100/100 - 43s - loss: 0.0805 - val_loss: 0.0590
Epoch 81/1000
100/100 - 43s - loss: 0.0760 - val_loss: 0.0577
Epoch 82/1000
100/100 - 38s - loss: 0.0792 - val_loss: 0.0589
Epoch 83/1000
100/100 - 45s - loss: 0.0792 - val_loss: 0.0592
Epoch 84/1000
100/100 - 42s - loss: 0.0810 - val_loss: 0.0603
Epoch 85/1000
100/100 - 42s - loss: 0.0815 - val_loss: 0.0632
Epoch 86/1000
100/100 - 42s - loss: 0.0899 - val_loss: 0.0772
Epoch 87/1000
100/100 - 43s - loss: 0.1014 - val_loss: 0.1436
Epoch 88/1000
100/100 - 39s - loss: 0.1073 - val_loss: 0.0681
Epoch 89/1000
100/100 - 45s - loss: 0.0900 - val_loss: 0.0587
Epoch 90/1000
100/100 - 42s - loss: 0.0852 - val_loss: 0.0709
Epoch 91/1000
100/100 - 43s - loss: 0.0804 - val_loss: 0.0614
Epoch 92/1000
100/100 - 43s - loss: 0.0837 - val_loss: 0.0567
Epoch 93/1000
100/100 - 38s - loss: 0.0864 - val_loss: 0.0604
Epoch 94/1000
100/100 - 49s - loss: 0.0778 - val_loss: 0.0616
Epoch 95/1000
100/100 - 44s - loss: 0.0896 - val_loss: 0.0774
Epoch 96/1000
100/100 - 43s - loss: 0.0852 - val_loss: 0.0627
Epoch 97/1000
100/100 - 39s - loss: 0.0824 - val_loss: 0.0648
Epoch 98/1000
100/100 - 46s - loss: 0.0878 - val_loss: 0.0603
Epoch 99/1000
100/100 - 42s - loss: 0.0886 - val_loss: 0.0633
Epoch 100/1000
100/100 - 43s - loss: 0.0818 - val_loss: 0.0594
Epoch 101/1000
100/100 - 39s - loss: 0.0773 - val_loss: 0.0576
Epoch 102/1000
100/100 - 50s - loss: 0.0783 - val_loss: 0.0570
Epoch 103/1000
100/100 - 45s - loss: 0.0804 - val_loss: 0.0570
Epoch 104/1000
100/100 - 44s - loss: 0.0763 - val_loss: 0.0573
Epoch 105/1000
100/100 - 43s - loss: 0.0724 - val_loss: 0.0560
Epoch 106/1000
100/100 - 44s - loss: 0.0816 - val_loss: 0.0668
Epoch 107/1000
100/100 - 38s - loss: 0.0819 - val_loss: 0.0562
Epoch 108/1000
100/100 - 46s - loss: 0.0784 - val_loss: 0.0591
Epoch 109/1000
100/100 - 44s - loss: 0.0840 - val_loss: 0.0698
Epoch 110/1000
100/100 - 43s - loss: 0.0876 - val_loss: 0.0667
Epoch 111/1000
100/100 - 41s - loss: 0.0953 - val_loss: 0.0689
Epoch 112/1000
100/100 - 37s - loss: 0.0857 - val_loss: 0.0625
Epoch 113/1000
100/100 - 44s - loss: 0.0858 - val_loss: 0.0604
Epoch 114/1000
100/100 - 42s - loss: 0.0824 - val_loss: 0.0716
Epoch 115/1000
100/100 - 42s - loss: 0.0839 - val_loss: 0.0616
Epoch 116/1000
100/100 - 37s - loss: 0.0809 - val_loss: 0.0611
Epoch 117/1000
100/100 - 44s - loss: 0.0917 - val_loss: 0.0719
Epoch 118/1000
100/100 - 41s - loss: 0.0845 - val_loss: 0.0621
Epoch 119/1000
100/100 - 43s - loss: 0.0797 - val_loss: 0.0612
Epoch 120/1000
100/100 - 37s - loss: 0.0846 - val_loss: 0.0679
Epoch 121/1000
100/100 - 46s - loss: 0.0805 - val_loss: 0.0600
Epoch 122/1000
100/100 - 42s - loss: 0.0834 - val_loss: 0.0589
Epoch 123/1000
100/100 - 42s - loss: 0.0829 - val_loss: 0.0558
Epoch 124/1000
100/100 - 40s - loss: 0.0766 - val_loss: 0.0639
Epoch 125/1000
100/100 - 44s - loss: 0.0788 - val_loss: 0.0568
Epoch 126/1000
100/100 - 37s - loss: 0.0781 - val_loss: 0.0696
Epoch 127/1000
100/100 - 47s - loss: 0.0862 - val_loss: 0.0606
Epoch 128/1000
100/100 - 43s - loss: 0.0822 - val_loss: 0.0640
Epoch 129/1000
100/100 - 43s - loss: 0.0894 - val_loss: 0.0742
Epoch 130/1000
100/100 - 43s - loss: 0.0824 - val_loss: 0.0602
Epoch 131/1000
100/100 - 39s - loss: 0.0818 - val_loss: 0.0600
Epoch 132/1000
100/100 - 47s - loss: 0.0813 - val_loss: 0.0565
Epoch 133/1000
100/100 - 43s - loss: 0.0788 - val_loss: 0.0598
Epoch 134/1000
100/100 - 45s - loss: 0.0828 - val_loss: 0.0555
Epoch 135/1000
100/100 - 39s - loss: 0.0815 - val_loss: 0.0579
Epoch 136/1000
100/100 - 47s - loss: 0.0838 - val_loss: 0.0899
Epoch 137/1000
100/100 - 43s - loss: 0.0822 - val_loss: 0.0598
Epoch 138/1000
100/100 - 44s - loss: 0.0785 - val_loss: 0.0564
Epoch 139/1000
100/100 - 38s - loss: 0.0822 - val_loss: 0.0549
Epoch 140/1000
100/100 - 46s - loss: 0.0759 - val_loss: 0.0594
Epoch 141/1000
100/100 - 43s - loss: 0.0856 - val_loss: 0.0681
Epoch 142/1000
100/100 - 45s - loss: 0.0928 - val_loss: 0.1507
Epoch 143/1000
100/100 - 44s - loss: 0.1392 - val_loss: 0.0916
Epoch 144/1000
100/100 - 43s - loss: 0.0942 - val_loss: 0.0712
Epoch 145/1000
100/100 - 39s - loss: 0.0905 - val_loss: 0.0675
Epoch 146/1000
100/100 - 45s - loss: 0.0869 - val_loss: 0.0687
Epoch 147/1000
100/100 - 42s - loss: 0.0849 - val_loss: 0.0637
Epoch 148/1000
100/100 - 43s - loss: 0.0888 - val_loss: 0.0608
Epoch 149/1000
100/100 - 43s - loss: 0.0817 - val_loss: 0.0567
Epoch 150/1000
100/100 - 43s - loss: 0.0821 - val_loss: 0.0612
Epoch 151/1000
100/100 - 38s - loss: 0.0793 - val_loss: 0.0577
Epoch 152/1000
100/100 - 46s - loss: 0.0789 - val_loss: 0.0562
Epoch 153/1000
100/100 - 45s - loss: 0.0795 - val_loss: 0.0595
Epoch 154/1000
100/100 - 44s - loss: 0.0772 - val_loss: 0.0562
Epoch 155/1000
100/100 - 45s - loss: 0.0778 - val_loss: 0.0609
Epoch 156/1000
100/100 - 38s - loss: 0.0798 - val_loss: 0.0587
Epoch 157/1000
100/100 - 47s - loss: 0.0838 - val_loss: 0.0566
Epoch 158/1000
100/100 - 42s - loss: 0.0778 - val_loss: 0.0571
Epoch 159/1000
100/100 - 45s - loss: 0.0756 - val_loss: 0.0595
Epoch 160/1000
100/100 - 39s - loss: 0.0792 - val_loss: 0.0543
Epoch 161/1000
100/100 - 47s - loss: 0.0743 - val_loss: 0.0576
Epoch 162/1000
100/100 - 45s - loss: 0.0823 - val_loss: 0.0531
Epoch 163/1000
100/100 - 43s - loss: 0.0746 - val_loss: 0.0558
Epoch 164/1000
100/100 - 38s - loss: 0.0725 - val_loss: 0.0559
Epoch 165/1000
100/100 - 46s - loss: 0.0776 - val_loss: 0.0568
Epoch 166/1000
100/100 - 43s - loss: 0.0791 - val_loss: 0.0656
Epoch 167/1000
100/100 - 43s - loss: 0.0902 - val_loss: 0.0621
Epoch 168/1000
100/100 - 44s - loss: 0.0783 - val_loss: 0.0658
Epoch 169/1000
100/100 - 43s - loss: 0.0763 - val_loss: 0.0573
Epoch 170/1000
100/100 - 38s - loss: 0.0791 - val_loss: 0.0595
Epoch 171/1000
100/100 - 46s - loss: 0.0818 - val_loss: 0.0608
Epoch 172/1000
100/100 - 43s - loss: 0.0750 - val_loss: 0.0543
Epoch 173/1000
100/100 - 43s - loss: 0.0761 - val_loss: 0.0547
Epoch 174/1000
100/100 - 43s - loss: 0.0751 - val_loss: 0.0539
Epoch 175/1000
100/100 - 38s - loss: 0.0788 - val_loss: 0.0596
Epoch 176/1000
100/100 - 47s - loss: 0.0737 - val_loss: 0.0571
Epoch 177/1000
100/100 - 43s - loss: 0.0882 - val_loss: 0.0784
Epoch 178/1000
100/100 - 44s - loss: 0.0819 - val_loss: 0.0636
Epoch 179/1000
100/100 - 39s - loss: 0.0814 - val_loss: 0.0586
Epoch 180/1000
100/100 - 46s - loss: 0.0781 - val_loss: 0.0563
Epoch 181/1000
100/100 - 43s - loss: 0.0791 - val_loss: 0.0577
Epoch 182/1000
100/100 - 43s - loss: 0.0755 - val_loss: 0.0582
Epoch 183/1000
100/100 - 38s - loss: 0.0790 - val_loss: 0.0579
Epoch 184/1000
100/100 - 45s - loss: 0.0718 - val_loss: 0.0579
Epoch 185/1000
100/100 - 43s - loss: 0.0778 - val_loss: 0.0546
Epoch 186/1000
100/100 - 43s - loss: 0.0822 - val_loss: 0.0578
Epoch 187/1000
100/100 - 43s - loss: 0.0792 - val_loss: 0.0587
Epoch 188/1000
100/100 - 42s - loss: 0.0784 - val_loss: 0.0557
Epoch 189/1000
100/100 - 38s - loss: 0.0763 - val_loss: 0.0538
Epoch 190/1000
100/100 - 46s - loss: 0.0813 - val_loss: 0.0565
Epoch 191/1000
100/100 - 43s - loss: 0.0738 - val_loss: 0.0588
Epoch 192/1000
100/100 - 43s - loss: 0.0745 - val_loss: 0.0530
Epoch 193/1000
100/100 - 42s - loss: 0.0769 - val_loss: 0.0542
Epoch 194/1000
100/100 - 38s - loss: 0.0734 - val_loss: 0.0558
Epoch 195/1000
100/100 - 47s - loss: 0.0775 - val_loss: 0.0537
Epoch 196/1000
100/100 - 43s - loss: 0.0727 - val_loss: 0.0554
Epoch 197/1000
100/100 - 45s - loss: 0.0772 - val_loss: 0.0546
Epoch 198/1000
100/100 - 38s - loss: 0.0773 - val_loss: 0.0554
Epoch 199/1000
100/100 - 46s - loss: 0.0732 - val_loss: 0.0564
Epoch 200/1000
100/100 - 43s - loss: 0.0770 - val_loss: 0.0519
Epoch 201/1000
100/100 - 43s - loss: 0.0724 - val_loss: 0.0532
Epoch 202/1000
100/100 - 39s - loss: 0.0684 - val_loss: 0.0534
Epoch 203/1000
100/100 - 48s - loss: 0.0760 - val_loss: 0.0553
Epoch 204/1000
100/100 - 42s - loss: 0.0792 - val_loss: 0.0553
Epoch 205/1000
100/100 - 42s - loss: 0.0761 - val_loss: 0.0608
Epoch 206/1000
100/100 - 41s - loss: 0.0822 - val_loss: 0.0745
Epoch 207/1000
100/100 - 41s - loss: 0.0959 - val_loss: 0.0630
Epoch 208/1000
100/100 - 37s - loss: 0.0882 - val_loss: 0.0671
Epoch 209/1000
100/100 - 45s - loss: 0.0796 - val_loss: 0.0560
Epoch 210/1000
100/100 - 43s - loss: 0.0771 - val_loss: 0.0548
Epoch 211/1000
100/100 - 44s - loss: 0.0738 - val_loss: 0.0537
Epoch 212/1000
100/100 - 42s - loss: 0.0774 - val_loss: 0.0560
Epoch 213/1000
100/100 - 42s - loss: 0.0754 - val_loss: 0.0565
Epoch 214/1000
100/100 - 38s - loss: 0.0722 - val_loss: 0.0586
Epoch 215/1000
100/100 - 47s - loss: 0.0821 - val_loss: 0.0545
Epoch 216/1000
100/100 - 41s - loss: 0.0728 - val_loss: 0.0547
Epoch 217/1000
100/100 - 42s - loss: 0.0794 - val_loss: 0.0711
Epoch 218/1000
100/100 - 41s - loss: 0.0870 - val_loss: 0.0628
Epoch 219/1000
100/100 - 41s - loss: 0.0854 - val_loss: 0.0596
Epoch 220/1000
100/100 - 36s - loss: 0.0806 - val_loss: 0.0593
Epoch 221/1000
100/100 - 43s - loss: 0.0782 - val_loss: 0.0573
Epoch 222/1000
100/100 - 41s - loss: 0.0714 - val_loss: 0.0526
Epoch 223/1000
100/100 - 41s - loss: 0.0783 - val_loss: 0.0525
Epoch 224/1000
100/100 - 40s - loss: 0.0800 - val_loss: 0.0522
Epoch 225/1000
100/100 - 42s - loss: 0.0920 - val_loss: 0.0670
Epoch 226/1000
100/100 - 38s - loss: 0.0834 - val_loss: 0.0616
Epoch 227/1000
100/100 - 45s - loss: 0.0764 - val_loss: 0.0602
Epoch 228/1000
100/100 - 41s - loss: 0.0762 - val_loss: 0.0536
Epoch 229/1000
100/100 - 42s - loss: 0.0722 - val_loss: 0.0560
Epoch 230/1000
100/100 - 44s - loss: 0.0771 - val_loss: 0.0561
Epoch 231/1000
100/100 - 37s - loss: 0.0725 - val_loss: 0.0528
Epoch 232/1000
100/100 - 48s - loss: 0.0753 - val_loss: 0.0548
Epoch 233/1000
100/100 - 43s - loss: 0.0770 - val_loss: 0.0544
Epoch 234/1000
100/100 - 43s - loss: 0.0794 - val_loss: 0.0547
Epoch 235/1000
100/100 - 44s - loss: 0.0774 - val_loss: 0.0532
Epoch 236/1000
100/100 - 39s - loss: 0.0715 - val_loss: 0.0571
Epoch 237/1000
100/100 - 48s - loss: 0.0710 - val_loss: 0.0545
Epoch 238/1000
100/100 - 43s - loss: 0.0755 - val_loss: 0.0516
Epoch 239/1000
100/100 - 43s - loss: 0.0749 - val_loss: 0.0517
Epoch 240/1000
100/100 - 38s - loss: 0.0727 - val_loss: 0.0528
Epoch 241/1000
100/100 - 45s - loss: 0.0755 - val_loss: 0.0538
Epoch 242/1000
100/100 - 42s - loss: 0.0754 - val_loss: 0.0521
Epoch 243/1000
100/100 - 43s - loss: 0.0714 - val_loss: 0.0515
Epoch 244/1000
100/100 - 38s - loss: 0.0711 - val_loss: 0.0522
Epoch 245/1000
100/100 - 45s - loss: 0.0708 - val_loss: 0.0545
Epoch 246/1000
100/100 - 44s - loss: 0.0753 - val_loss: 0.1085
Epoch 247/1000
100/100 - 45s - loss: 0.0759 - val_loss: 0.0529
Epoch 248/1000
100/100 - 43s - loss: 0.0746 - val_loss: 0.0530
Epoch 249/1000
100/100 - 38s - loss: 0.0672 - val_loss: 0.0527
Epoch 250/1000
100/100 - 48s - loss: 0.0730 - val_loss: 0.0546
Epoch 251/1000
100/100 - 42s - loss: 0.0690 - val_loss: 0.0527
Epoch 252/1000
100/100 - 43s - loss: 0.0760 - val_loss: 0.0559
Epoch 253/1000
100/100 - 39s - loss: 0.0757 - val_loss: 0.0532
Epoch 254/1000
100/100 - 45s - loss: 0.0741 - val_loss: 0.0536
Epoch 255/1000
100/100 - 42s - loss: 0.0745 - val_loss: 0.0560
Epoch 256/1000
100/100 - 43s - loss: 0.0738 - val_loss: 0.0512
Epoch 257/1000
100/100 - 38s - loss: 0.0703 - val_loss: 0.0540
Epoch 258/1000
100/100 - 47s - loss: 0.0717 - val_loss: 0.0526
Epoch 259/1000
100/100 - 43s - loss: 0.0734 - val_loss: 0.0527
Epoch 260/1000
100/100 - 42s - loss: 0.0746 - val_loss: 0.0557
Epoch 261/1000
100/100 - 43s - loss: 0.0688 - val_loss: 0.0533
Epoch 262/1000
100/100 - 43s - loss: 0.0752 - val_loss: 0.0536
Epoch 263/1000
100/100 - 39s - loss: 0.0708 - val_loss: 0.0518
Epoch 264/1000
100/100 - 46s - loss: 0.0734 - val_loss: 0.0557
Epoch 265/1000
100/100 - 43s - loss: 0.0690 - val_loss: 0.0557
Epoch 266/1000
100/100 - 45s - loss: 0.0742 - val_loss: 0.0547
Epoch 267/1000
100/100 - 38s - loss: 0.0737 - val_loss: 0.0549
Epoch 268/1000
100/100 - 47s - loss: 0.0755 - val_loss: 0.0529
Epoch 269/1000
100/100 - 42s - loss: 0.0700 - val_loss: 0.0535
Epoch 270/1000
100/100 - 43s - loss: 0.0711 - val_loss: 0.0523
Epoch 271/1000
100/100 - 42s - loss: 0.0790 - val_loss: 0.0559
Epoch 272/1000
100/100 - 43s - loss: 0.0724 - val_loss: 0.0558
Epoch 273/1000
100/100 - 38s - loss: 0.0718 - val_loss: 0.0555
Epoch 274/1000
100/100 - 45s - loss: 0.0756 - val_loss: 0.0617
Epoch 275/1000
100/100 - 43s - loss: 0.0872 - val_loss: 0.0576
Epoch 276/1000
100/100 - 43s - loss: 0.0712 - val_loss: 0.0535
Epoch 277/1000
100/100 - 43s - loss: 0.0793 - val_loss: 0.0551
Epoch 278/1000
100/100 - 39s - loss: 0.0722 - val_loss: 0.0547
Epoch 279/1000
100/100 - 46s - loss: 0.0749 - val_loss: 0.0614
Epoch 280/1000
100/100 - 42s - loss: 0.0745 - val_loss: 0.0546
Epoch 281/1000
100/100 - 43s - loss: 0.0685 - val_loss: 0.0527
Epoch 282/1000
100/100 - 39s - loss: 0.0694 - val_loss: 0.0567
Epoch 283/1000
100/100 - 45s - loss: 0.0711 - val_loss: 0.0539
Epoch 284/1000
100/100 - 43s - loss: 0.0730 - val_loss: 0.0527
Epoch 285/1000
100/100 - 43s - loss: 0.0748 - val_loss: 0.0533
Epoch 286/1000
100/100 - 43s - loss: 0.0765 - val_loss: 0.0518
Epoch 287/1000
100/100 - 39s - loss: 0.0702 - val_loss: 0.0535
Epoch 288/1000
100/100 - 48s - loss: 0.0711 - val_loss: 0.0529
Epoch 289/1000
100/100 - 45s - loss: 0.0742 - val_loss: 0.0711
Epoch 290/1000
100/100 - 44s - loss: 0.0747 - val_loss: 0.0593
Epoch 291/1000
100/100 - 39s - loss: 0.0796 - val_loss: 0.0595
Epoch 292/1000
100/100 - 45s - loss: 0.0714 - val_loss: 0.0547
Epoch 293/1000
100/100 - 43s - loss: 0.0712 - val_loss: 0.0505
Epoch 294/1000
100/100 - 43s - loss: 0.0725 - val_loss: 0.0554
Epoch 295/1000
100/100 - 38s - loss: 0.0709 - val_loss: 0.0539
Epoch 296/1000
100/100 - 47s - loss: 0.0731 - val_loss: 0.0515
Epoch 297/1000
100/100 - 43s - loss: 0.0709 - val_loss: 0.0531
Epoch 298/1000
100/100 - 42s - loss: 0.0705 - val_loss: 0.0511
Epoch 299/1000
100/100 - 42s - loss: 0.0702 - val_loss: 0.0529
Epoch 300/1000
100/100 - 43s - loss: 0.0718 - val_loss: 0.0524
Epoch 301/1000
100/100 - 39s - loss: 0.0725 - val_loss: 0.0533
Epoch 302/1000
100/100 - 45s - loss: 0.0690 - val_loss: 0.0522
Epoch 303/1000
100/100 - 42s - loss: 0.0718 - val_loss: 0.0549
Epoch 304/1000
100/100 - 43s - loss: 0.0785 - val_loss: 0.0717
Epoch 305/1000
100/100 - 43s - loss: 0.0768 - val_loss: 0.0575
Epoch 306/1000
100/100 - 38s - loss: 0.0706 - val_loss: 0.0523
Epoch 307/1000
100/100 - 46s - loss: 0.0741 - val_loss: 0.0549
Epoch 308/1000
100/100 - 43s - loss: 0.0730 - val_loss: 0.0535
Epoch 309/1000
100/100 - 43s - loss: 0.0771 - val_loss: 0.0548
Epoch 310/1000
100/100 - 39s - loss: 0.0768 - val_loss: 0.0530
Epoch 311/1000
100/100 - 48s - loss: 0.0704 - val_loss: 0.0528
Epoch 312/1000
100/100 - 43s - loss: 0.0752 - val_loss: 0.0545
Epoch 313/1000
100/100 - 43s - loss: 0.0697 - val_loss: 0.0517
Epoch 314/1000
100/100 - 39s - loss: 0.0754 - val_loss: 0.0534
Epoch 315/1000
100/100 - 46s - loss: 0.0713 - val_loss: 0.0519
Epoch 316/1000
100/100 - 43s - loss: 0.0731 - val_loss: 0.0510
Epoch 317/1000
100/100 - 43s - loss: 0.0753 - val_loss: 0.0516
Epoch 318/1000
100/100 - 42s - loss: 0.0764 - val_loss: 0.0526
Epoch 319/1000
100/100 - 45s - loss: 0.0706 - val_loss: 0.0517
Epoch 320/1000
100/100 - 38s - loss: 0.0708 - val_loss: 0.0517
Epoch 321/1000
100/100 - 49s - loss: 0.0704 - val_loss: 0.0507
Epoch 322/1000
100/100 - 44s - loss: 0.0738 - val_loss: 0.0533
Epoch 323/1000
100/100 - 42s - loss: 0.0710 - val_loss: 0.0521
Epoch 324/1000
100/100 - 43s - loss: 0.0737 - val_loss: 0.0532
Epoch 325/1000
100/100 - 39s - loss: 0.0721 - val_loss: 0.0571
Epoch 326/1000
100/100 - 47s - loss: 0.0730 - val_loss: 0.0537
Epoch 327/1000
100/100 - 43s - loss: 0.0753 - val_loss: 0.0498
Epoch 328/1000
100/100 - 43s - loss: 0.0743 - val_loss: 0.0539
Epoch 329/1000
100/100 - 38s - loss: 0.0725 - val_loss: 0.0510
Epoch 330/1000
100/100 - 46s - loss: 0.0708 - val_loss: 0.0518
Epoch 331/1000
100/100 - 43s - loss: 0.0736 - val_loss: 0.0541
Epoch 332/1000
100/100 - 43s - loss: 0.0721 - val_loss: 0.0509
Epoch 333/1000
100/100 - 38s - loss: 0.0729 - val_loss: 0.0502
Epoch 334/1000
100/100 - 46s - loss: 0.0665 - val_loss: 0.0508
Epoch 335/1000
100/100 - 45s - loss: 0.0732 - val_loss: 0.0533
Epoch 336/1000
100/100 - 44s - loss: 0.0719 - val_loss: 0.0524
Epoch 337/1000
100/100 - 42s - loss: 0.0738 - val_loss: 0.0519
Epoch 338/1000
100/100 - 45s - loss: 0.0698 - val_loss: 0.0505
Epoch 339/1000
100/100 - 38s - loss: 0.0745 - val_loss: 0.0501
Epoch 340/1000
100/100 - 47s - loss: 0.0711 - val_loss: 0.0519
Epoch 341/1000
100/100 - 42s - loss: 0.0778 - val_loss: 0.0632
Epoch 342/1000
100/100 - 45s - loss: 0.0751 - val_loss: 0.0624
Epoch 343/1000
100/100 - 44s - loss: 0.0716 - val_loss: 0.0504
Epoch 344/1000
100/100 - 38s - loss: 0.0694 - val_loss: 0.0520
Epoch 345/1000
100/100 - 48s - loss: 0.0741 - val_loss: 0.0519
Epoch 346/1000
100/100 - 44s - loss: 0.0717 - val_loss: 0.0524
Epoch 347/1000
100/100 - 42s - loss: 0.0702 - val_loss: 0.0536
Epoch 348/1000
100/100 - 38s - loss: 0.0677 - val_loss: 0.0508
Epoch 349/1000
100/100 - 47s - loss: 0.0699 - val_loss: 0.0505
Epoch 350/1000
100/100 - 43s - loss: 0.0736 - val_loss: 0.0498
Epoch 351/1000
100/100 - 42s - loss: 0.0760 - val_loss: 0.0507
Epoch 352/1000
100/100 - 38s - loss: 0.0686 - val_loss: 0.0524
Epoch 353/1000
100/100 - 46s - loss: 0.0696 - val_loss: 0.0535
Epoch 354/1000
100/100 - 44s - loss: 0.0717 - val_loss: 0.0540
Epoch 355/1000
100/100 - 44s - loss: 0.0728 - val_loss: 0.0528
Epoch 356/1000
100/100 - 43s - loss: 0.0740 - val_loss: 0.0616
Epoch 357/1000
100/100 - 42s - loss: 0.0788 - val_loss: 0.0980
Epoch 358/1000
100/100 - 39s - loss: 0.0872 - val_loss: 0.0823
Epoch 359/1000
100/100 - 47s - loss: 0.0840 - val_loss: 0.0617
Epoch 360/1000
100/100 - 43s - loss: 0.0801 - val_loss: 0.0583
Epoch 361/1000
100/100 - 42s - loss: 0.0787 - val_loss: 0.0554
Epoch 362/1000
100/100 - 39s - loss: 0.0757 - val_loss: 0.0563
Epoch 363/1000
100/100 - 45s - loss: 0.0735 - val_loss: 0.0545
Epoch 364/1000
100/100 - 45s - loss: 0.0714 - val_loss: 0.0537
Epoch 365/1000
100/100 - 43s - loss: 0.0814 - val_loss: 0.0609
Epoch 366/1000
100/100 - 42s - loss: 0.0763 - val_loss: 0.0579
Epoch 367/1000
100/100 - 45s - loss: 0.0761 - val_loss: 0.0533
Epoch 368/1000
100/100 - 39s - loss: 0.0721 - val_loss: 0.0524
Epoch 369/1000
100/100 - 46s - loss: 0.0742 - val_loss: 0.0546
Epoch 370/1000
100/100 - 42s - loss: 0.0742 - val_loss: 0.0537
Epoch 371/1000
100/100 - 43s - loss: 0.0739 - val_loss: 0.0510
Epoch 372/1000
100/100 - 42s - loss: 0.0746 - val_loss: 0.0519
Epoch 373/1000
100/100 - 39s - loss: 0.0701 - val_loss: 0.0517
Epoch 374/1000
100/100 - 46s - loss: 0.0722 - val_loss: 0.0534
Epoch 375/1000
100/100 - 43s - loss: 0.0691 - val_loss: 0.0544
Epoch 376/1000
100/100 - 43s - loss: 0.0729 - val_loss: 0.0529
Epoch 377/1000
100/100 - 39s - loss: 0.0683 - val_loss: 0.0536
Epoch 378/1000
100/100 - 46s - loss: 0.0700 - val_loss: 0.0527
Epoch 379/1000
100/100 - 42s - loss: 0.0744 - val_loss: 0.0512
Epoch 380/1000
100/100 - 43s - loss: 0.0651 - val_loss: 0.0521
Epoch 381/1000
100/100 - 39s - loss: 0.0715 - val_loss: 0.0606
Epoch 382/1000
100/100 - 46s - loss: 0.0759 - val_loss: 0.0574
Epoch 383/1000
100/100 - 46s - loss: 0.0668 - val_loss: 0.0514
Epoch 384/1000
100/100 - 44s - loss: 0.0731 - val_loss: 0.0516
Epoch 385/1000
100/100 - 45s - loss: 0.0699 - val_loss: 0.0514
Epoch 386/1000
100/100 - 42s - loss: 0.0723 - val_loss: 0.0505
Epoch 387/1000
100/100 - 38s - loss: 0.0707 - val_loss: 0.0530
Epoch 388/1000
100/100 - 46s - loss: 0.0701 - val_loss: 0.0525
Epoch 389/1000
100/100 - 43s - loss: 0.0649 - val_loss: 0.0512
Epoch 390/1000
100/100 - 42s - loss: 0.0718 - val_loss: 0.0503
Epoch 391/1000
100/100 - 39s - loss: 0.0723 - val_loss: 0.0520
Epoch 392/1000
100/100 - 45s - loss: 0.0721 - val_loss: 0.0509
Epoch 393/1000
100/100 - 42s - loss: 0.0660 - val_loss: 0.0508
Epoch 394/1000
100/100 - 43s - loss: 0.0719 - val_loss: 0.0531
Epoch 395/1000
100/100 - 42s - loss: 0.0734 - val_loss: 0.0495
Epoch 396/1000
100/100 - 43s - loss: 0.0673 - val_loss: 0.0539
Epoch 397/1000
100/100 - 39s - loss: 0.0669 - val_loss: 0.0541
Epoch 398/1000
100/100 - 45s - loss: 0.0772 - val_loss: 0.0549
Epoch 399/1000
100/100 - 42s - loss: 0.0713 - val_loss: 0.0527
Epoch 400/1000
100/100 - 45s - loss: 0.0732 - val_loss: 0.0552
Epoch 401/1000
100/100 - 44s - loss: 0.0692 - val_loss: 0.0532
Epoch 402/1000
100/100 - 38s - loss: 0.0731 - val_loss: 0.0518
Epoch 403/1000
100/100 - 48s - loss: 0.0700 - val_loss: 0.0534
Epoch 404/1000
100/100 - 43s - loss: 0.0736 - val_loss: 0.0509
Epoch 405/1000
100/100 - 43s - loss: 0.0665 - val_loss: 0.0516
Epoch 406/1000
100/100 - 38s - loss: 0.0649 - val_loss: 0.0544
Epoch 407/1000
100/100 - 46s - loss: 0.0659 - val_loss: 0.0523
Epoch 408/1000
100/100 - 44s - loss: 0.0726 - val_loss: 0.0549
Epoch 409/1000
100/100 - 45s - loss: 0.0676 - val_loss: 0.0546
Epoch 410/1000
100/100 - 44s - loss: 0.0729 - val_loss: 0.0525
Epoch 411/1000
100/100 - 38s - loss: 0.0662 - val_loss: 0.0514
Epoch 412/1000
100/100 - 46s - loss: 0.0711 - val_loss: 0.0555
Epoch 413/1000
100/100 - 42s - loss: 0.0730 - val_loss: 0.0563
Epoch 414/1000
100/100 - 43s - loss: 0.0700 - val_loss: 0.0528
Epoch 415/1000
100/100 - 38s - loss: 0.0693 - val_loss: 0.0522
Epoch 416/1000
100/100 - 46s - loss: 0.0723 - val_loss: 0.0505
Epoch 417/1000
100/100 - 45s - loss: 0.0686 - val_loss: 0.0520
Epoch 418/1000
100/100 - 44s - loss: 0.0675 - val_loss: 0.0512
Epoch 419/1000
100/100 - 39s - loss: 0.0703 - val_loss: 0.0536
Epoch 420/1000
100/100 - 46s - loss: 0.0663 - val_loss: 0.0528
Epoch 421/1000
100/100 - 43s - loss: 0.0711 - val_loss: 0.0518
Epoch 422/1000
100/100 - 44s - loss: 0.0720 - val_loss: 0.0809
Epoch 423/1000
100/100 - 43s - loss: 0.0887 - val_loss: 0.0606
Epoch 424/1000
100/100 - 45s - loss: 0.0756 - val_loss: 0.0591
Epoch 425/1000
100/100 - 38s - loss: 0.0734 - val_loss: 0.0607
Epoch 426/1000
100/100 - 47s - loss: 0.0714 - val_loss: 0.0532
Epoch 427/1000
100/100 - 43s - loss: 0.0733 - val_loss: 0.0534
Epoch 428/1000
100/100 - 44s - loss: 0.0762 - val_loss: 0.0524
Epoch 429/1000
100/100 - 43s - loss: 0.0679 - val_loss: 0.0530
Epoch 430/1000
100/100 - 38s - loss: 0.0670 - val_loss: 0.0520
Epoch 431/1000
100/100 - 48s - loss: 0.0689 - val_loss: 0.0530
Epoch 432/1000
100/100 - 42s - loss: 0.0746 - val_loss: 0.0528
Epoch 433/1000
100/100 - 43s - loss: 0.0698 - val_loss: 0.0529
Epoch 434/1000
100/100 - 38s - loss: 0.0716 - val_loss: 0.0511
Epoch 435/1000
100/100 - 46s - loss: 0.0707 - val_loss: 0.0518
Epoch 436/1000
100/100 - 43s - loss: 0.0769 - val_loss: 0.0637
Epoch 437/1000
100/100 - 43s - loss: 0.0746 - val_loss: 0.0546
Epoch 438/1000
100/100 - 38s - loss: 0.0716 - val_loss: 0.0525
Epoch 439/1000
100/100 - 45s - loss: 0.0685 - val_loss: 0.0554
Epoch 440/1000
100/100 - 42s - loss: 0.0692 - val_loss: 0.0529
Epoch 441/1000
100/100 - 43s - loss: 0.0682 - val_loss: 0.0518
Epoch 442/1000
100/100 - 43s - loss: 0.0709 - val_loss: 0.0523
Epoch 443/1000
100/100 - 43s - loss: 0.0746 - val_loss: 0.0523
Epoch 444/1000
100/100 - 38s - loss: 0.0689 - val_loss: 0.0502
Epoch 445/1000
100/100 - 46s - loss: 0.0682 - val_loss: 0.0515
