/common/pkgs/cuda/cuda-11.4/lib64:/common/pkgs/cuda/cuda-11.4/extras/CUPTI/lib64:/rhome/mdodson/.conda/envs/learn/lib
Tensorflow version: 2.4.1
Num GPUs Available:  1
[PhysicalDevice(name='/physical_device:CPU:0', device_type='CPU'), PhysicalDevice(name='/physical_device:XLA_CPU:0', device_type='XLA_CPU'), PhysicalDevice(name='/physical_device:XLA_GPU:0', device_type='XLA_GPU'), PhysicalDevice(name='/physical_device:GPU:0', device_type='GPU')]
Model: "model"
_________________________________________________________________
Layer (type)                 Output Shape              Param #   
=================================================================
input_1 (InputLayer)         [(None, 400, 22)]         0         
_________________________________________________________________
in_dist (TimeDistributed)    (None, 400, 256)          5888      
_________________________________________________________________
enc_bd_0 (Bidirectional)     (None, 400, 512)          1050624   
_________________________________________________________________
enc_bnorm_0 (BatchNormalizat (None, 400, 512)          2048      
_________________________________________________________________
dropout (Dropout)            (None, 400, 512)          0         
_________________________________________________________________
enc_bd_1 (Bidirectional)     (None, 400, 512)          1574912   
_________________________________________________________________
enc_bnorm_1 (BatchNormalizat (None, 400, 512)          2048      
_________________________________________________________________
dropout_1 (Dropout)          (None, 400, 512)          0         
_________________________________________________________________
enc_bd_2 (Bidirectional)     (None, 512)               1574912   
_________________________________________________________________
enc_bnorm_2 (BatchNormalizat (None, 512)               2048      
_________________________________________________________________
dropout_2 (Dropout)          (None, 512)               0         
_________________________________________________________________
latent_projection (Dense)    (None, 256)               131328    
_________________________________________________________________
repeat_vector (RepeatVector) (None, 400, 256)          0         
_________________________________________________________________
dec_bd_0 (Bidirectional)     (None, 400, 512)          1050624   
_________________________________________________________________
dec_bnorm_0 (BatchNormalizat (None, 400, 512)          2048      
_________________________________________________________________
dec_bd_1 (Bidirectional)     (None, 400, 512)          1574912   
_________________________________________________________________
dec_bnorm_1 (BatchNormalizat (None, 400, 512)          2048      
_________________________________________________________________
dec_bd_2 (Bidirectional)     (None, 400, 512)          1574912   
_________________________________________________________________
dec_bnorm_2 (BatchNormalizat (None, 400, 512)          2048      
_________________________________________________________________
out_dist (TimeDistributed)   (None, 400, 22)           11286     
=================================================================
Total params: 8,561,686
Trainable params: 8,555,542
Non-trainable params: 6,144
_________________________________________________________________
Compiling model
Making generators
Fitting model
Epoch 1/1000
500/500 - 192s - loss: 0.4467 - mse: 0.4467 - val_loss: 0.3801 - val_mse: 0.3801
Epoch 2/1000
500/500 - 155s - loss: 0.3407 - mse: 0.3407 - val_loss: 0.3379 - val_mse: 0.3379
Epoch 3/1000
500/500 - 156s - loss: 0.3505 - mse: 0.3505 - val_loss: 0.3088 - val_mse: 0.3088
Epoch 4/1000
500/500 - 156s - loss: 0.3393 - mse: 0.3393 - val_loss: 0.2878 - val_mse: 0.2878
Epoch 5/1000
500/500 - 155s - loss: 0.3350 - mse: 0.3350 - val_loss: 0.4272 - val_mse: 0.4272
Epoch 6/1000
500/500 - 153s - loss: 0.4337 - mse: 0.4337 - val_loss: 0.4201 - val_mse: 0.4201
Epoch 7/1000
500/500 - 153s - loss: 0.3759 - mse: 0.3759 - val_loss: 0.3276 - val_mse: 0.3276
Epoch 8/1000
500/500 - 152s - loss: 0.3367 - mse: 0.3367 - val_loss: 0.2871 - val_mse: 0.2871
Epoch 9/1000
500/500 - 184s - loss: 0.3161 - mse: 0.3161 - val_loss: 0.3009 - val_mse: 0.3009
Epoch 10/1000
500/500 - 153s - loss: 0.3058 - mse: 0.3058 - val_loss: 0.2568 - val_mse: 0.2568
Epoch 11/1000
500/500 - 152s - loss: 0.2935 - mse: 0.2935 - val_loss: 0.2581 - val_mse: 0.2581
Epoch 12/1000
500/500 - 152s - loss: 0.3088 - mse: 0.3088 - val_loss: 0.5577 - val_mse: 0.5577
Epoch 13/1000
500/500 - 155s - loss: 0.3362 - mse: 0.3362 - val_loss: 0.2742 - val_mse: 0.2742
Epoch 14/1000
500/500 - 155s - loss: 0.3139 - mse: 0.3139 - val_loss: 0.2745 - val_mse: 0.2745
Epoch 15/1000
500/500 - 159s - loss: 0.3465 - mse: 0.3465 - val_loss: 0.2874 - val_mse: 0.2874
Epoch 16/1000
500/500 - 153s - loss: 0.3070 - mse: 0.3070 - val_loss: 0.2777 - val_mse: 0.2777
Epoch 17/1000
500/500 - 153s - loss: 0.3036 - mse: 0.3036 - val_loss: 0.2587 - val_mse: 0.2587
Epoch 18/1000
500/500 - 152s - loss: 0.3004 - mse: 0.3004 - val_loss: 0.2443 - val_mse: 0.2443
Epoch 19/1000
500/500 - 153s - loss: 0.2841 - mse: 0.2841 - val_loss: 0.2529 - val_mse: 0.2529
Epoch 20/1000
500/500 - 152s - loss: 0.2773 - mse: 0.2773 - val_loss: 0.2577 - val_mse: 0.2577
Epoch 21/1000
500/500 - 152s - loss: 0.2834 - mse: 0.2834 - val_loss: 0.2786 - val_mse: 0.2786
Epoch 22/1000
500/500 - 153s - loss: 0.2773 - mse: 0.2773 - val_loss: 0.2361 - val_mse: 0.2361
Epoch 23/1000
500/500 - 152s - loss: 0.2721 - mse: 0.2721 - val_loss: 0.2523 - val_mse: 0.2523
Epoch 24/1000
500/500 - 152s - loss: 0.2745 - mse: 0.2745 - val_loss: 0.2507 - val_mse: 0.2507
Epoch 25/1000
500/500 - 152s - loss: 0.2681 - mse: 0.2681 - val_loss: 0.2329 - val_mse: 0.2329
Epoch 26/1000
500/500 - 152s - loss: 0.2685 - mse: 0.2685 - val_loss: 0.2267 - val_mse: 0.2267
Epoch 27/1000
500/500 - 151s - loss: 0.2593 - mse: 0.2593 - val_loss: 0.2300 - val_mse: 0.2300
Epoch 28/1000
500/500 - 152s - loss: 0.2579 - mse: 0.2579 - val_loss: 0.3252 - val_mse: 0.3252
Epoch 29/1000
500/500 - 151s - loss: 0.2619 - mse: 0.2619 - val_loss: 0.2242 - val_mse: 0.2242
Epoch 30/1000
500/500 - 152s - loss: 0.2557 - mse: 0.2557 - val_loss: 0.2396 - val_mse: 0.2396
Epoch 31/1000
500/500 - 151s - loss: 0.2606 - mse: 0.2606 - val_loss: 0.2267 - val_mse: 0.2267
Epoch 32/1000
500/500 - 171s - loss: 0.2545 - mse: 0.2545 - val_loss: 0.2362 - val_mse: 0.2362
Epoch 33/1000
500/500 - 154s - loss: 0.2581 - mse: 0.2581 - val_loss: 0.2281 - val_mse: 0.2281
Epoch 34/1000
500/500 - 153s - loss: 0.2647 - mse: 0.2647 - val_loss: 0.2322 - val_mse: 0.2322
Epoch 35/1000
500/500 - 152s - loss: 0.2662 - mse: 0.2662 - val_loss: 0.2363 - val_mse: 0.2363
Epoch 36/1000
500/500 - 152s - loss: 0.2607 - mse: 0.2607 - val_loss: 0.2290 - val_mse: 0.2290
Epoch 37/1000
500/500 - 152s - loss: 0.2495 - mse: 0.2495 - val_loss: 0.2210 - val_mse: 0.2210
Epoch 38/1000
500/500 - 150s - loss: 0.2486 - mse: 0.2486 - val_loss: 0.2179 - val_mse: 0.2179
Epoch 39/1000
500/500 - 151s - loss: 0.2476 - mse: 0.2476 - val_loss: 0.2157 - val_mse: 0.2157
Epoch 40/1000
500/500 - 153s - loss: 0.2459 - mse: 0.2459 - val_loss: 0.2233 - val_mse: 0.2233
Epoch 41/1000
500/500 - 150s - loss: 0.2481 - mse: 0.2481 - val_loss: 0.2263 - val_mse: 0.2263
Epoch 42/1000
500/500 - 158s - loss: 0.2475 - mse: 0.2475 - val_loss: 0.2348 - val_mse: 0.2348
Epoch 43/1000
500/500 - 150s - loss: 0.2435 - mse: 0.2435 - val_loss: 0.2261 - val_mse: 0.2261
Epoch 44/1000
500/500 - 154s - loss: 0.2488 - mse: 0.2488 - val_loss: 0.2277 - val_mse: 0.2277
Epoch 45/1000
500/500 - 149s - loss: 0.2467 - mse: 0.2467 - val_loss: 0.2231 - val_mse: 0.2231
Epoch 46/1000
500/500 - 156s - loss: 0.2445 - mse: 0.2445 - val_loss: 0.2166 - val_mse: 0.2166
Epoch 47/1000
500/500 - 153s - loss: 0.2383 - mse: 0.2383 - val_loss: 0.2129 - val_mse: 0.2129
Epoch 48/1000
500/500 - 151s - loss: 0.2426 - mse: 0.2426 - val_loss: 0.2290 - val_mse: 0.2290
Epoch 49/1000
500/500 - 154s - loss: 0.2416 - mse: 0.2416 - val_loss: 0.2204 - val_mse: 0.2204
Epoch 50/1000
500/500 - 150s - loss: 0.2411 - mse: 0.2411 - val_loss: 0.2191 - val_mse: 0.2191
Epoch 51/1000
500/500 - 153s - loss: 0.2426 - mse: 0.2426 - val_loss: 0.2269 - val_mse: 0.2269
Epoch 52/1000
500/500 - 151s - loss: 0.2439 - mse: 0.2439 - val_loss: 0.2234 - val_mse: 0.2234
Epoch 53/1000
500/500 - 159s - loss: 0.2409 - mse: 0.2409 - val_loss: 0.2142 - val_mse: 0.2142
Epoch 54/1000
500/500 - 156s - loss: 0.2414 - mse: 0.2414 - val_loss: 0.2146 - val_mse: 0.2146
Epoch 55/1000
500/500 - 161s - loss: 0.2426 - mse: 0.2426 - val_loss: 0.2184 - val_mse: 0.2184
Epoch 56/1000
500/500 - 182s - loss: 0.2434 - mse: 0.2434 - val_loss: 0.2287 - val_mse: 0.2287
Epoch 57/1000
500/500 - 156s - loss: 0.2378 - mse: 0.2378 - val_loss: 0.2138 - val_mse: 0.2138
Epoch 58/1000
500/500 - 322s - loss: 0.2393 - mse: 0.2393 - val_loss: 0.2223 - val_mse: 0.2223
Epoch 59/1000
500/500 - 286s - loss: 0.2420 - mse: 0.2420 - val_loss: 0.2199 - val_mse: 0.2199
Epoch 60/1000
500/500 - 226s - loss: 0.2402 - mse: 0.2402 - val_loss: 0.2168 - val_mse: 0.2168
Epoch 61/1000
500/500 - 209s - loss: 0.2400 - mse: 0.2400 - val_loss: 0.2185 - val_mse: 0.2185
Epoch 62/1000
500/500 - 190s - loss: 0.2449 - mse: 0.2449 - val_loss: 0.2172 - val_mse: 0.2172
Epoch 63/1000
500/500 - 186s - loss: 0.2414 - mse: 0.2414 - val_loss: 0.2215 - val_mse: 0.2215
Epoch 64/1000
500/500 - 164s - loss: 0.2382 - mse: 0.2382 - val_loss: 0.2169 - val_mse: 0.2169
Epoch 65/1000
500/500 - 162s - loss: 0.2414 - mse: 0.2414 - val_loss: 0.2171 - val_mse: 0.2171
Epoch 66/1000
500/500 - 153s - loss: 0.2404 - mse: 0.2404 - val_loss: 0.2178 - val_mse: 0.2178
Epoch 67/1000
500/500 - 161s - loss: 0.2392 - mse: 0.2392 - val_loss: 0.2292 - val_mse: 0.2292
Epoch 68/1000
500/500 - 151s - loss: 0.2389 - mse: 0.2389 - val_loss: 0.2146 - val_mse: 0.2146
Epoch 69/1000
500/500 - 157s - loss: 0.2344 - mse: 0.2344 - val_loss: 0.2133 - val_mse: 0.2133
Epoch 70/1000
500/500 - 154s - loss: 0.2397 - mse: 0.2397 - val_loss: 0.2182 - val_mse: 0.2182
Epoch 71/1000
500/500 - 150s - loss: 0.2375 - mse: 0.2375 - val_loss: 0.2157 - val_mse: 0.2157
Epoch 72/1000
500/500 - 153s - loss: 0.2357 - mse: 0.2357 - val_loss: 0.2116 - val_mse: 0.2116
Epoch 73/1000
500/500 - 150s - loss: 0.2323 - mse: 0.2323 - val_loss: 0.2223 - val_mse: 0.2223
Epoch 74/1000
500/500 - 154s - loss: 0.2355 - mse: 0.2355 - val_loss: 0.2123 - val_mse: 0.2123
Epoch 75/1000
500/500 - 150s - loss: 0.2322 - mse: 0.2322 - val_loss: 0.2118 - val_mse: 0.2118
Epoch 76/1000
500/500 - 171s - loss: 0.2335 - mse: 0.2335 - val_loss: 0.2161 - val_mse: 0.2161
Epoch 77/1000
500/500 - 150s - loss: 0.2333 - mse: 0.2333 - val_loss: 0.2131 - val_mse: 0.2131
Epoch 78/1000
500/500 - 152s - loss: 0.2314 - mse: 0.2314 - val_loss: 0.2192 - val_mse: 0.2192
Epoch 79/1000
500/500 - 151s - loss: 0.2338 - mse: 0.2338 - val_loss: 0.2139 - val_mse: 0.2139
Epoch 80/1000
500/500 - 150s - loss: 0.2306 - mse: 0.2306 - val_loss: 0.2164 - val_mse: 0.2164
Epoch 81/1000
500/500 - 151s - loss: 0.2285 - mse: 0.2285 - val_loss: 0.2180 - val_mse: 0.2180
Epoch 82/1000
500/500 - 153s - loss: 0.2274 - mse: 0.2274 - val_loss: 0.2144 - val_mse: 0.2144
Epoch 83/1000
500/500 - 150s - loss: 0.2297 - mse: 0.2297 - val_loss: 0.2156 - val_mse: 0.2156
Epoch 84/1000
500/500 - 153s - loss: 0.2317 - mse: 0.2317 - val_loss: 0.2354 - val_mse: 0.2354
Epoch 85/1000
500/500 - 150s - loss: 0.2318 - mse: 0.2318 - val_loss: 0.2090 - val_mse: 0.2090
Epoch 86/1000
500/500 - 153s - loss: 0.2312 - mse: 0.2312 - val_loss: 0.2172 - val_mse: 0.2172
Epoch 87/1000
500/500 - 154s - loss: 0.2315 - mse: 0.2315 - val_loss: 0.2258 - val_mse: 0.2258
Epoch 88/1000
500/500 - 149s - loss: 0.2328 - mse: 0.2328 - val_loss: 0.2180 - val_mse: 0.2180
Epoch 89/1000
500/500 - 154s - loss: 0.2317 - mse: 0.2317 - val_loss: 0.2158 - val_mse: 0.2158
Epoch 90/1000
500/500 - 150s - loss: 0.2295 - mse: 0.2295 - val_loss: 0.2134 - val_mse: 0.2134
Epoch 91/1000
500/500 - 153s - loss: 0.2291 - mse: 0.2291 - val_loss: 0.2494 - val_mse: 0.2494
Epoch 92/1000
500/500 - 152s - loss: 0.2393 - mse: 0.2393 - val_loss: 0.2287 - val_mse: 0.2287
Epoch 93/1000
500/500 - 150s - loss: 0.2334 - mse: 0.2334 - val_loss: 0.2171 - val_mse: 0.2171
Epoch 94/1000
500/500 - 151s - loss: 0.2326 - mse: 0.2326 - val_loss: 0.2226 - val_mse: 0.2226
Epoch 95/1000
500/500 - 154s - loss: 0.2282 - mse: 0.2282 - val_loss: 0.2130 - val_mse: 0.2130
Epoch 96/1000
500/500 - 149s - loss: 0.2283 - mse: 0.2283 - val_loss: 0.2284 - val_mse: 0.2284
Epoch 97/1000
500/500 - 154s - loss: 0.2290 - mse: 0.2290 - val_loss: 0.2175 - val_mse: 0.2175
Epoch 98/1000
500/500 - 151s - loss: 0.2293 - mse: 0.2293 - val_loss: 0.2194 - val_mse: 0.2194
Epoch 99/1000
500/500 - 188s - loss: 0.2280 - mse: 0.2280 - val_loss: 0.2180 - val_mse: 0.2180
Epoch 100/1000
500/500 - 153s - loss: 0.2253 - mse: 0.2253 - val_loss: 0.2151 - val_mse: 0.2151
Epoch 101/1000
500/500 - 156s - loss: 0.2279 - mse: 0.2279 - val_loss: 0.2137 - val_mse: 0.2137
Epoch 102/1000
500/500 - 150s - loss: 0.2283 - mse: 0.2283 - val_loss: 0.2164 - val_mse: 0.2164
Epoch 103/1000
500/500 - 153s - loss: 0.2305 - mse: 0.2305 - val_loss: 0.2139 - val_mse: 0.2139
Epoch 104/1000
500/500 - 153s - loss: 0.2289 - mse: 0.2289 - val_loss: 0.2175 - val_mse: 0.2175
Epoch 105/1000
500/500 - 151s - loss: 0.2276 - mse: 0.2276 - val_loss: 0.2136 - val_mse: 0.2136
Epoch 106/1000
500/500 - 153s - loss: 0.2289 - mse: 0.2289 - val_loss: 0.2128 - val_mse: 0.2128
Epoch 107/1000
500/500 - 150s - loss: 0.2308 - mse: 0.2308 - val_loss: 0.2122 - val_mse: 0.2122
Epoch 108/1000
500/500 - 154s - loss: 0.2266 - mse: 0.2266 - val_loss: 0.2115 - val_mse: 0.2115
Epoch 109/1000
500/500 - 150s - loss: 0.2247 - mse: 0.2247 - val_loss: 0.2136 - val_mse: 0.2136
Epoch 110/1000
500/500 - 155s - loss: 0.2315 - mse: 0.2315 - val_loss: 0.2110 - val_mse: 0.2110
Epoch 111/1000
500/500 - 150s - loss: 0.2298 - mse: 0.2298 - val_loss: 0.2201 - val_mse: 0.2201
Epoch 112/1000
500/500 - 151s - loss: 0.2265 - mse: 0.2265 - val_loss: 0.2167 - val_mse: 0.2167
Epoch 113/1000
500/500 - 154s - loss: 0.2236 - mse: 0.2236 - val_loss: 0.2175 - val_mse: 0.2175
Epoch 114/1000
500/500 - 153s - loss: 0.2254 - mse: 0.2254 - val_loss: 0.2166 - val_mse: 0.2166
Epoch 115/1000
500/500 - 150s - loss: 0.2284 - mse: 0.2284 - val_loss: 0.2161 - val_mse: 0.2161
Epoch 116/1000
500/500 - 153s - loss: 0.2269 - mse: 0.2269 - val_loss: 0.2182 - val_mse: 0.2182
Epoch 117/1000
500/500 - 153s - loss: 0.2256 - mse: 0.2256 - val_loss: 0.2145 - val_mse: 0.2145
Epoch 118/1000
500/500 - 150s - loss: 0.2272 - mse: 0.2272 - val_loss: 0.2249 - val_mse: 0.2249
Epoch 119/1000
500/500 - 154s - loss: 0.2268 - mse: 0.2268 - val_loss: 0.2110 - val_mse: 0.2110
Epoch 120/1000
500/500 - 149s - loss: 0.2238 - mse: 0.2238 - val_loss: 0.2124 - val_mse: 0.2124
Epoch 121/1000
500/500 - 155s - loss: 0.2262 - mse: 0.2262 - val_loss: 0.2104 - val_mse: 0.2104
Epoch 122/1000
500/500 - 151s - loss: 0.2283 - mse: 0.2283 - val_loss: 0.2158 - val_mse: 0.2158
Epoch 123/1000
500/500 - 183s - loss: 0.2248 - mse: 0.2248 - val_loss: 0.2210 - val_mse: 0.2210
Epoch 124/1000
500/500 - 153s - loss: 0.2263 - mse: 0.2263 - val_loss: 0.2218 - val_mse: 0.2218
Epoch 125/1000
500/500 - 150s - loss: 0.2267 - mse: 0.2267 - val_loss: 0.2181 - val_mse: 0.2181
Epoch 126/1000
500/500 - 153s - loss: 0.2249 - mse: 0.2249 - val_loss: 0.2122 - val_mse: 0.2122
Epoch 127/1000
500/500 - 150s - loss: 0.2244 - mse: 0.2244 - val_loss: 0.2073 - val_mse: 0.2073
Epoch 128/1000
500/500 - 152s - loss: 0.2252 - mse: 0.2252 - val_loss: 0.2127 - val_mse: 0.2127
Epoch 129/1000
500/500 - 149s - loss: 0.2245 - mse: 0.2245 - val_loss: 0.2227 - val_mse: 0.2227
Epoch 130/1000
500/500 - 151s - loss: 0.2277 - mse: 0.2277 - val_loss: 0.2138 - val_mse: 0.2138
Epoch 131/1000
500/500 - 153s - loss: 0.2244 - mse: 0.2244 - val_loss: 0.2133 - val_mse: 0.2133
Epoch 132/1000
500/500 - 152s - loss: 0.2241 - mse: 0.2241 - val_loss: 0.2148 - val_mse: 0.2148
Epoch 133/1000
500/500 - 150s - loss: 0.2250 - mse: 0.2250 - val_loss: 0.2125 - val_mse: 0.2125
Epoch 134/1000
500/500 - 153s - loss: 0.2245 - mse: 0.2245 - val_loss: 0.2135 - val_mse: 0.2135
Epoch 135/1000
500/500 - 152s - loss: 0.2267 - mse: 0.2267 - val_loss: 0.2144 - val_mse: 0.2144
Epoch 136/1000
500/500 - 149s - loss: 0.2211 - mse: 0.2211 - val_loss: 0.2232 - val_mse: 0.2232
Epoch 137/1000
500/500 - 152s - loss: 0.2247 - mse: 0.2247 - val_loss: 0.2128 - val_mse: 0.2128
Epoch 138/1000
500/500 - 149s - loss: 0.2245 - mse: 0.2245 - val_loss: 0.2132 - val_mse: 0.2132
Epoch 139/1000
500/500 - 153s - loss: 0.2245 - mse: 0.2245 - val_loss: 0.2064 - val_mse: 0.2064
Epoch 140/1000
500/500 - 151s - loss: 0.2261 - mse: 0.2261 - val_loss: 0.2169 - val_mse: 0.2169
Epoch 141/1000
500/500 - 154s - loss: 0.2275 - mse: 0.2275 - val_loss: 0.2142 - val_mse: 0.2142
Epoch 142/1000
500/500 - 148s - loss: 0.2220 - mse: 0.2220 - val_loss: 0.2155 - val_mse: 0.2155
Epoch 143/1000
500/500 - 152s - loss: 0.2232 - mse: 0.2232 - val_loss: 0.2174 - val_mse: 0.2174
Epoch 144/1000
500/500 - 153s - loss: 0.2242 - mse: 0.2242 - val_loss: 0.2102 - val_mse: 0.2102
Epoch 145/1000
500/500 - 149s - loss: 0.2266 - mse: 0.2266 - val_loss: 0.2084 - val_mse: 0.2084
Epoch 146/1000
500/500 - 177s - loss: 0.2238 - mse: 0.2238 - val_loss: 0.2238 - val_mse: 0.2238
Epoch 147/1000
500/500 - 149s - loss: 0.2268 - mse: 0.2268 - val_loss: 0.2111 - val_mse: 0.2111
Epoch 148/1000
500/500 - 154s - loss: 0.2230 - mse: 0.2230 - val_loss: 0.2196 - val_mse: 0.2196
Epoch 149/1000
500/500 - 149s - loss: 0.2220 - mse: 0.2220 - val_loss: 0.2072 - val_mse: 0.2072
Epoch 150/1000
500/500 - 152s - loss: 0.2249 - mse: 0.2249 - val_loss: 0.2199 - val_mse: 0.2199
Epoch 151/1000
500/500 - 149s - loss: 0.2254 - mse: 0.2254 - val_loss: 0.2113 - val_mse: 0.2113
Epoch 152/1000
500/500 - 155s - loss: 0.2258 - mse: 0.2258 - val_loss: 0.2112 - val_mse: 0.2112
Epoch 153/1000
500/500 - 152s - loss: 0.2240 - mse: 0.2240 - val_loss: 0.2178 - val_mse: 0.2178
Epoch 154/1000
500/500 - 155s - loss: 0.2254 - mse: 0.2254 - val_loss: 0.2161 - val_mse: 0.2161
Epoch 155/1000
500/500 - 153s - loss: 0.2259 - mse: 0.2259 - val_loss: 0.2134 - val_mse: 0.2134
Epoch 156/1000
500/500 - 151s - loss: 0.2207 - mse: 0.2207 - val_loss: 0.2058 - val_mse: 0.2058
Epoch 157/1000
500/500 - 151s - loss: 0.2230 - mse: 0.2230 - val_loss: 0.2095 - val_mse: 0.2095
Epoch 158/1000
500/500 - 153s - loss: 0.2214 - mse: 0.2214 - val_loss: 0.2143 - val_mse: 0.2143
Epoch 159/1000
500/500 - 150s - loss: 0.2215 - mse: 0.2215 - val_loss: 0.2196 - val_mse: 0.2196
Epoch 160/1000
500/500 - 154s - loss: 0.2231 - mse: 0.2231 - val_loss: 0.2084 - val_mse: 0.2084
Epoch 161/1000
500/500 - 150s - loss: 0.2217 - mse: 0.2217 - val_loss: 0.2206 - val_mse: 0.2206
Epoch 162/1000
500/500 - 152s - loss: 0.2224 - mse: 0.2224 - val_loss: 0.2124 - val_mse: 0.2124
Epoch 163/1000
500/500 - 153s - loss: 0.2260 - mse: 0.2260 - val_loss: 0.2136 - val_mse: 0.2136
Epoch 164/1000
500/500 - 150s - loss: 0.2216 - mse: 0.2216 - val_loss: 0.2103 - val_mse: 0.2103
Epoch 165/1000
500/500 - 154s - loss: 0.2247 - mse: 0.2247 - val_loss: 0.2153 - val_mse: 0.2153
Epoch 166/1000
500/500 - 150s - loss: 0.2220 - mse: 0.2220 - val_loss: 0.2126 - val_mse: 0.2126
Epoch 167/1000
500/500 - 153s - loss: 0.2241 - mse: 0.2241 - val_loss: 0.2195 - val_mse: 0.2195
Epoch 168/1000
500/500 - 148s - loss: 0.2196 - mse: 0.2196 - val_loss: 0.2075 - val_mse: 0.2075
Epoch 169/1000
500/500 - 154s - loss: 0.2224 - mse: 0.2224 - val_loss: 0.2264 - val_mse: 0.2264
Epoch 170/1000
500/500 - 172s - loss: 0.2248 - mse: 0.2248 - val_loss: 0.2075 - val_mse: 0.2075
Epoch 171/1000
500/500 - 29s - loss: 0.2239 - mse: 0.2239 - val_loss: 0.2109 - val_mse: 0.2109
