/common/pkgs/cuda/cuda-11.4/lib64:/common/pkgs/cuda/cuda-11.4/extras/CUPTI/lib64:/rhome/mdodson/.conda/envs/learn/lib
Tensorflow version: 2.4.1
Num GPUs Available:  1
[PhysicalDevice(name='/physical_device:CPU:0', device_type='CPU'), PhysicalDevice(name='/physical_device:XLA_CPU:0', device_type='XLA_CPU'), PhysicalDevice(name='/physical_device:XLA_GPU:0', device_type='XLA_GPU'), PhysicalDevice(name='/physical_device:GPU:0', device_type='GPU')]
Model: "model"
_________________________________________________________________
Layer (type)                 Output Shape              Param #   
=================================================================
input_1 (InputLayer)         [(None, 400, 22)]         0         
_________________________________________________________________
in_dist (TimeDistributed)    (None, 400, 256)          5888      
_________________________________________________________________
enc_bd_0 (Bidirectional)     (None, 400, 512)          1050624   
_________________________________________________________________
enc_bnorm_0 (BatchNormalizat (None, 400, 512)          2048      
_________________________________________________________________
dropout (Dropout)            (None, 400, 512)          0         
_________________________________________________________________
enc_bd_1 (Bidirectional)     (None, 512)               1574912   
_________________________________________________________________
enc_bnorm_1 (BatchNormalizat (None, 512)               2048      
_________________________________________________________________
dropout_1 (Dropout)          (None, 512)               0         
_________________________________________________________________
latent_projection (Dense)    (None, 256)               131328    
_________________________________________________________________
repeat_vector (RepeatVector) (None, 400, 256)          0         
_________________________________________________________________
dec_bd_0 (Bidirectional)     (None, 400, 512)          1050624   
_________________________________________________________________
dec_bnorm_0 (BatchNormalizat (None, 400, 512)          2048      
_________________________________________________________________
dec_bd_1 (Bidirectional)     (None, 400, 512)          1574912   
_________________________________________________________________
dec_bnorm_1 (BatchNormalizat (None, 400, 512)          2048      
_________________________________________________________________
out_dist (TimeDistributed)   (None, 400, 22)           11286     
=================================================================
Total params: 5,407,766
Trainable params: 5,403,670
Non-trainable params: 4,096
_________________________________________________________________
Compiling model
Making generators
Fitting model
Epoch 1/1000
500/500 - 201s - loss: 0.3556 - mse: 0.3556 - val_loss: 0.6504 - val_mse: 0.6504
Epoch 2/1000
500/500 - 180s - loss: 0.2818 - mse: 0.2818 - val_loss: 0.2649 - val_mse: 0.2649
Epoch 3/1000
500/500 - 182s - loss: 0.2673 - mse: 0.2673 - val_loss: 0.2302 - val_mse: 0.2302
Epoch 4/1000
500/500 - 187s - loss: 0.2612 - mse: 0.2612 - val_loss: 0.2328 - val_mse: 0.2328
Epoch 5/1000
500/500 - 184s - loss: 0.2555 - mse: 0.2555 - val_loss: 0.2154 - val_mse: 0.2154
Epoch 6/1000
500/500 - 181s - loss: 0.2333 - mse: 0.2333 - val_loss: 0.2357 - val_mse: 0.2357
Epoch 7/1000
500/500 - 159s - loss: 0.2308 - mse: 0.2308 - val_loss: 0.2151 - val_mse: 0.2151
Epoch 8/1000
500/500 - 151s - loss: 0.2540 - mse: 0.2540 - val_loss: 0.2175 - val_mse: 0.2175
Epoch 9/1000
500/500 - 164s - loss: 0.2317 - mse: 0.2317 - val_loss: 0.2057 - val_mse: 0.2057
Epoch 10/1000
500/500 - 202s - loss: 0.2288 - mse: 0.2288 - val_loss: 0.2064 - val_mse: 0.2064
Epoch 11/1000
500/500 - 151s - loss: 0.2212 - mse: 0.2212 - val_loss: 0.2008 - val_mse: 0.2008
Epoch 12/1000
500/500 - 188s - loss: 0.2261 - mse: 0.2261 - val_loss: 0.2051 - val_mse: 0.2051
Epoch 13/1000
500/500 - 164s - loss: 0.2219 - mse: 0.2219 - val_loss: 0.1986 - val_mse: 0.1986
Epoch 14/1000
500/500 - 175s - loss: 0.2253 - mse: 0.2253 - val_loss: 0.2213 - val_mse: 0.2213
Epoch 15/1000
500/500 - 165s - loss: 0.2244 - mse: 0.2244 - val_loss: 0.2081 - val_mse: 0.2081
Epoch 16/1000
500/500 - 153s - loss: 0.2170 - mse: 0.2170 - val_loss: 0.2005 - val_mse: 0.2005
Epoch 17/1000
500/500 - 143s - loss: 0.2175 - mse: 0.2175 - val_loss: 0.1936 - val_mse: 0.1936
Epoch 18/1000
500/500 - 142s - loss: 0.2192 - mse: 0.2192 - val_loss: 0.1919 - val_mse: 0.1919
Epoch 19/1000
500/500 - 135s - loss: 0.2146 - mse: 0.2146 - val_loss: 0.1934 - val_mse: 0.1934
Epoch 20/1000
500/500 - 146s - loss: 0.2162 - mse: 0.2162 - val_loss: 0.1932 - val_mse: 0.1932
Epoch 21/1000
500/500 - 128s - loss: 0.2255 - mse: 0.2255 - val_loss: 0.1993 - val_mse: 0.1993
Epoch 22/1000
500/500 - 129s - loss: 0.2175 - mse: 0.2175 - val_loss: 0.1926 - val_mse: 0.1926
Epoch 23/1000
500/500 - 125s - loss: 0.2165 - mse: 0.2165 - val_loss: 0.1921 - val_mse: 0.1922
Epoch 24/1000
500/500 - 134s - loss: 0.2143 - mse: 0.2143 - val_loss: 0.1920 - val_mse: 0.1920
Epoch 25/1000
500/500 - 127s - loss: 0.2114 - mse: 0.2114 - val_loss: 0.1935 - val_mse: 0.1935
Epoch 26/1000
500/500 - 126s - loss: 0.2109 - mse: 0.2109 - val_loss: 0.2355 - val_mse: 0.2355
Epoch 27/1000
500/500 - 130s - loss: 0.2158 - mse: 0.2158 - val_loss: 0.1907 - val_mse: 0.1907
Epoch 28/1000
500/500 - 127s - loss: 0.2112 - mse: 0.2112 - val_loss: 0.1888 - val_mse: 0.1888
Epoch 29/1000
500/500 - 136s - loss: 0.2092 - mse: 0.2092 - val_loss: 0.1919 - val_mse: 0.1919
Epoch 30/1000
500/500 - 127s - loss: 0.2093 - mse: 0.2093 - val_loss: 0.1940 - val_mse: 0.1940
Epoch 31/1000
500/500 - 128s - loss: 0.2102 - mse: 0.2102 - val_loss: 0.1910 - val_mse: 0.1910
Epoch 32/1000
500/500 - 131s - loss: 0.2076 - mse: 0.2076 - val_loss: 0.1909 - val_mse: 0.1909
Epoch 33/1000
500/500 - 127s - loss: 0.2120 - mse: 0.2120 - val_loss: 0.1898 - val_mse: 0.1898
Epoch 34/1000
500/500 - 136s - loss: 0.2070 - mse: 0.2070 - val_loss: 0.1886 - val_mse: 0.1886
Epoch 35/1000
500/500 - 191s - loss: 0.2092 - mse: 0.2092 - val_loss: 0.1910 - val_mse: 0.1910
Epoch 36/1000
500/500 - 197s - loss: 0.2086 - mse: 0.2086 - val_loss: 0.1877 - val_mse: 0.1877
Epoch 37/1000
500/500 - 134s - loss: 0.2059 - mse: 0.2059 - val_loss: 0.1892 - val_mse: 0.1892
Epoch 38/1000
500/500 - 127s - loss: 0.2079 - mse: 0.2079 - val_loss: 0.1872 - val_mse: 0.1872
Epoch 39/1000
500/500 - 134s - loss: 0.2083 - mse: 0.2083 - val_loss: 0.1926 - val_mse: 0.1926
Epoch 40/1000
500/500 - 123s - loss: 0.2065 - mse: 0.2065 - val_loss: 0.1872 - val_mse: 0.1872
Epoch 41/1000
500/500 - 126s - loss: 0.2060 - mse: 0.2060 - val_loss: 0.1880 - val_mse: 0.1880
Epoch 42/1000
500/500 - 126s - loss: 0.2066 - mse: 0.2066 - val_loss: 0.1873 - val_mse: 0.1873
Epoch 43/1000
500/500 - 123s - loss: 0.2045 - mse: 0.2045 - val_loss: 0.1984 - val_mse: 0.1984
Epoch 44/1000
500/500 - 133s - loss: 0.2089 - mse: 0.2089 - val_loss: 0.1876 - val_mse: 0.1876
Epoch 45/1000
500/500 - 125s - loss: 0.2069 - mse: 0.2069 - val_loss: 0.1895 - val_mse: 0.1895
Epoch 46/1000
500/500 - 133s - loss: 0.2065 - mse: 0.2065 - val_loss: 0.1859 - val_mse: 0.1859
Epoch 47/1000
500/500 - 125s - loss: 0.2025 - mse: 0.2025 - val_loss: 0.1871 - val_mse: 0.1871
Epoch 48/1000
500/500 - 124s - loss: 0.2053 - mse: 0.2053 - val_loss: 0.1837 - val_mse: 0.1837
Epoch 49/1000
500/500 - 136s - loss: 0.2057 - mse: 0.2057 - val_loss: 0.1848 - val_mse: 0.1848
Epoch 50/1000
500/500 - 125s - loss: 0.2052 - mse: 0.2052 - val_loss: 0.1832 - val_mse: 0.1832
Epoch 51/1000
500/500 - 125s - loss: 0.2075 - mse: 0.2075 - val_loss: 0.1870 - val_mse: 0.1870
Epoch 52/1000
500/500 - 126s - loss: 0.2076 - mse: 0.2076 - val_loss: 0.1895 - val_mse: 0.1895
Epoch 53/1000
500/500 - 126s - loss: 0.2044 - mse: 0.2044 - val_loss: 0.1867 - val_mse: 0.1867
Epoch 54/1000
500/500 - 135s - loss: 0.2042 - mse: 0.2042 - val_loss: 0.1818 - val_mse: 0.1818
Epoch 55/1000
500/500 - 125s - loss: 0.2046 - mse: 0.2046 - val_loss: 0.1849 - val_mse: 0.1849
Epoch 56/1000
500/500 - 136s - loss: 0.2032 - mse: 0.2032 - val_loss: 0.1812 - val_mse: 0.1812
Epoch 57/1000
500/500 - 131s - loss: 0.2025 - mse: 0.2025 - val_loss: 0.1857 - val_mse: 0.1857
Epoch 58/1000
500/500 - 139s - loss: 0.2059 - mse: 0.2059 - val_loss: 0.1806 - val_mse: 0.1806
Epoch 59/1000
500/500 - 138s - loss: 0.2058 - mse: 0.2058 - val_loss: 0.1934 - val_mse: 0.1934
Epoch 60/1000
500/500 - 134s - loss: 0.2036 - mse: 0.2036 - val_loss: 0.1836 - val_mse: 0.1836
Epoch 61/1000
500/500 - 138s - loss: 0.2047 - mse: 0.2047 - val_loss: 0.1842 - val_mse: 0.1842
Epoch 62/1000
500/500 - 161s - loss: 0.2044 - mse: 0.2044 - val_loss: 0.1827 - val_mse: 0.1827
Epoch 63/1000
500/500 - 127s - loss: 0.2019 - mse: 0.2019 - val_loss: 0.1801 - val_mse: 0.1801
Epoch 64/1000
500/500 - 136s - loss: 0.2019 - mse: 0.2019 - val_loss: 0.1844 - val_mse: 0.1844
Epoch 65/1000
500/500 - 127s - loss: 0.2027 - mse: 0.2027 - val_loss: 0.1815 - val_mse: 0.1815
Epoch 66/1000
500/500 - 125s - loss: 0.2021 - mse: 0.2021 - val_loss: 0.1867 - val_mse: 0.1867
Epoch 67/1000
500/500 - 123s - loss: 0.2016 - mse: 0.2016 - val_loss: 0.1818 - val_mse: 0.1818
Epoch 68/1000
500/500 - 135s - loss: 0.2016 - mse: 0.2016 - val_loss: 0.1803 - val_mse: 0.1803
Epoch 69/1000
500/500 - 127s - loss: 0.1999 - mse: 0.1999 - val_loss: 0.1813 - val_mse: 0.1813
Epoch 70/1000
500/500 - 125s - loss: 0.2048 - mse: 0.2048 - val_loss: 0.1821 - val_mse: 0.1821
Epoch 71/1000
500/500 - 129s - loss: 0.2032 - mse: 0.2032 - val_loss: 0.1813 - val_mse: 0.1813
Epoch 72/1000
500/500 - 124s - loss: 0.2038 - mse: 0.2038 - val_loss: 0.1916 - val_mse: 0.1916
Epoch 73/1000
500/500 - 129s - loss: 0.1976 - mse: 0.1976 - val_loss: 0.1831 - val_mse: 0.1831
Epoch 74/1000
500/500 - 121s - loss: 0.2022 - mse: 0.2022 - val_loss: 0.1833 - val_mse: 0.1833
Epoch 75/1000
500/500 - 118s - loss: 0.1986 - mse: 0.1986 - val_loss: 0.1803 - val_mse: 0.1803
Epoch 76/1000
500/500 - 121s - loss: 0.2009 - mse: 0.2009 - val_loss: 0.1858 - val_mse: 0.1858
Epoch 77/1000
500/500 - 118s - loss: 0.1992 - mse: 0.1992 - val_loss: 0.1785 - val_mse: 0.1785
Epoch 78/1000
500/500 - 129s - loss: 0.1980 - mse: 0.1980 - val_loss: 0.1806 - val_mse: 0.1806
Epoch 79/1000
500/500 - 125s - loss: 0.2012 - mse: 0.2012 - val_loss: 0.1794 - val_mse: 0.1794
Epoch 80/1000
500/500 - 125s - loss: 0.1988 - mse: 0.1988 - val_loss: 0.1839 - val_mse: 0.1839
Epoch 81/1000
500/500 - 125s - loss: 0.1982 - mse: 0.1982 - val_loss: 0.1801 - val_mse: 0.1801
Epoch 82/1000
500/500 - 121s - loss: 0.1959 - mse: 0.1959 - val_loss: 0.1789 - val_mse: 0.1789
Epoch 83/1000
500/500 - 131s - loss: 0.1979 - mse: 0.1979 - val_loss: 0.1796 - val_mse: 0.1796
Epoch 84/1000
500/500 - 124s - loss: 0.1988 - mse: 0.1988 - val_loss: 0.1793 - val_mse: 0.1793
Epoch 85/1000
500/500 - 122s - loss: 0.1990 - mse: 0.1990 - val_loss: 0.1800 - val_mse: 0.1800
Epoch 86/1000
500/500 - 123s - loss: 0.1999 - mse: 0.1999 - val_loss: 0.1878 - val_mse: 0.1878
Epoch 87/1000
500/500 - 118s - loss: 0.1969 - mse: 0.1969 - val_loss: 0.1830 - val_mse: 0.1830
Epoch 88/1000
500/500 - 131s - loss: 0.1984 - mse: 0.1984 - val_loss: 0.1799 - val_mse: 0.1799
Epoch 89/1000
500/500 - 127s - loss: 0.1989 - mse: 0.1989 - val_loss: 0.1885 - val_mse: 0.1885
Epoch 90/1000
500/500 - 166s - loss: 0.1983 - mse: 0.1983 - val_loss: 0.1784 - val_mse: 0.1784
Epoch 91/1000
500/500 - 122s - loss: 0.1980 - mse: 0.1980 - val_loss: 0.1801 - val_mse: 0.1801
Epoch 92/1000
500/500 - 133s - loss: 0.2013 - mse: 0.2013 - val_loss: 0.1782 - val_mse: 0.1782
Epoch 93/1000
500/500 - 134s - loss: 0.1977 - mse: 0.1977 - val_loss: 0.1776 - val_mse: 0.1776
Epoch 94/1000
500/500 - 132s - loss: 0.2007 - mse: 0.2007 - val_loss: 0.1801 - val_mse: 0.1801
Epoch 95/1000
500/500 - 133s - loss: 0.1977 - mse: 0.1977 - val_loss: 0.1795 - val_mse: 0.1795
Epoch 96/1000
500/500 - 134s - loss: 0.1977 - mse: 0.1977 - val_loss: 0.1798 - val_mse: 0.1798
Epoch 97/1000
500/500 - 135s - loss: 0.1966 - mse: 0.1966 - val_loss: 0.1798 - val_mse: 0.1798
Epoch 98/1000
500/500 - 135s - loss: 0.1975 - mse: 0.1975 - val_loss: 0.1780 - val_mse: 0.1780
Epoch 99/1000
500/500 - 126s - loss: 0.1975 - mse: 0.1975 - val_loss: 0.1794 - val_mse: 0.1794
Epoch 100/1000
500/500 - 127s - loss: 0.1955 - mse: 0.1955 - val_loss: 0.1770 - val_mse: 0.1770
Epoch 101/1000
500/500 - 122s - loss: 0.1967 - mse: 0.1967 - val_loss: 0.1776 - val_mse: 0.1776
Epoch 102/1000
500/500 - 133s - loss: 0.1961 - mse: 0.1961 - val_loss: 0.1772 - val_mse: 0.1772
Epoch 103/1000
500/500 - 125s - loss: 0.1980 - mse: 0.1980 - val_loss: 0.1787 - val_mse: 0.1787
Epoch 104/1000
500/500 - 122s - loss: 0.1955 - mse: 0.1955 - val_loss: 0.1759 - val_mse: 0.1759
Epoch 105/1000
500/500 - 126s - loss: 0.1951 - mse: 0.1951 - val_loss: 0.1773 - val_mse: 0.1773
Epoch 106/1000
500/500 - 125s - loss: 0.1976 - mse: 0.1976 - val_loss: 0.1770 - val_mse: 0.1770
Epoch 107/1000
500/500 - 131s - loss: 0.2002 - mse: 0.2002 - val_loss: 0.1777 - val_mse: 0.1777
Epoch 108/1000
500/500 - 124s - loss: 0.1953 - mse: 0.1953 - val_loss: 0.1764 - val_mse: 0.1764
Epoch 109/1000
500/500 - 121s - loss: 0.1954 - mse: 0.1954 - val_loss: 0.1778 - val_mse: 0.1778
Epoch 110/1000
500/500 - 121s - loss: 0.1985 - mse: 0.1985 - val_loss: 0.1795 - val_mse: 0.1795
Epoch 111/1000
500/500 - 118s - loss: 0.1978 - mse: 0.1978 - val_loss: 0.1774 - val_mse: 0.1774
Epoch 112/1000
500/500 - 128s - loss: 0.1968 - mse: 0.1968 - val_loss: 0.1775 - val_mse: 0.1775
Epoch 113/1000
500/500 - 124s - loss: 0.1941 - mse: 0.1941 - val_loss: 0.1775 - val_mse: 0.1775
Epoch 114/1000
500/500 - 123s - loss: 0.1959 - mse: 0.1959 - val_loss: 0.1838 - val_mse: 0.1838
Epoch 115/1000
500/500 - 125s - loss: 0.1965 - mse: 0.1965 - val_loss: 0.1790 - val_mse: 0.1790
Epoch 116/1000
500/500 - 123s - loss: 0.1943 - mse: 0.1943 - val_loss: 0.1772 - val_mse: 0.1772
Epoch 117/1000
500/500 - 131s - loss: 0.1927 - mse: 0.1927 - val_loss: 0.1751 - val_mse: 0.1751
Epoch 118/1000
500/500 - 163s - loss: 0.1959 - mse: 0.1959 - val_loss: 0.1780 - val_mse: 0.1780
Epoch 119/1000
500/500 - 125s - loss: 0.1951 - mse: 0.1951 - val_loss: 0.1785 - val_mse: 0.1785
Epoch 120/1000
500/500 - 128s - loss: 0.1935 - mse: 0.1935 - val_loss: 0.1771 - val_mse: 0.1771
Epoch 121/1000
500/500 - 122s - loss: 0.1957 - mse: 0.1957 - val_loss: 0.1764 - val_mse: 0.1764
Epoch 122/1000
500/500 - 132s - loss: 0.1973 - mse: 0.1973 - val_loss: 0.1767 - val_mse: 0.1767
Epoch 123/1000
500/500 - 120s - loss: 0.1941 - mse: 0.1941 - val_loss: 0.1785 - val_mse: 0.1785
Epoch 124/1000
500/500 - 136s - loss: 0.1951 - mse: 0.1951 - val_loss: 0.1757 - val_mse: 0.1757
Epoch 125/1000
500/500 - 126s - loss: 0.1969 - mse: 0.1969 - val_loss: 0.1757 - val_mse: 0.1757
Epoch 126/1000
500/500 - 133s - loss: 0.1944 - mse: 0.1944 - val_loss: 0.1839 - val_mse: 0.1839
Epoch 127/1000
500/500 - 127s - loss: 0.1955 - mse: 0.1955 - val_loss: 0.1761 - val_mse: 0.1761
Epoch 128/1000
500/500 - 127s - loss: 0.1944 - mse: 0.1944 - val_loss: 0.1765 - val_mse: 0.1765
Epoch 129/1000
500/500 - 133s - loss: 0.1917 - mse: 0.1917 - val_loss: 0.1757 - val_mse: 0.1757
Epoch 130/1000
500/500 - 129s - loss: 0.1945 - mse: 0.1945 - val_loss: 0.1778 - val_mse: 0.1778
Epoch 131/1000
500/500 - 128s - loss: 0.1942 - mse: 0.1942 - val_loss: 0.1801 - val_mse: 0.1801
Epoch 132/1000
500/500 - 139s - loss: 0.1944 - mse: 0.1944 - val_loss: 0.1758 - val_mse: 0.1758
Epoch 133/1000
500/500 - 126s - loss: 0.1954 - mse: 0.1954 - val_loss: 0.1763 - val_mse: 0.1763
Epoch 134/1000
500/500 - 130s - loss: 0.1981 - mse: 0.1981 - val_loss: 0.1771 - val_mse: 0.1771
Epoch 135/1000
500/500 - 130s - loss: 0.1960 - mse: 0.1960 - val_loss: 0.1747 - val_mse: 0.1747
Epoch 136/1000
500/500 - 136s - loss: 0.1913 - mse: 0.1913 - val_loss: 0.1739 - val_mse: 0.1739
Epoch 137/1000
500/500 - 130s - loss: 0.1941 - mse: 0.1941 - val_loss: 0.1758 - val_mse: 0.1758
Epoch 138/1000
500/500 - 129s - loss: 0.1940 - mse: 0.1940 - val_loss: 0.1750 - val_mse: 0.1750
Epoch 139/1000
500/500 - 139s - loss: 0.1959 - mse: 0.1959 - val_loss: 0.1773 - val_mse: 0.1773
Epoch 140/1000
500/500 - 129s - loss: 0.1959 - mse: 0.1959 - val_loss: 0.1755 - val_mse: 0.1755
Epoch 141/1000
500/500 - 143s - loss: 0.1965 - mse: 0.1965 - val_loss: 0.1783 - val_mse: 0.1783
Epoch 142/1000
500/500 - 131s - loss: 0.1927 - mse: 0.1927 - val_loss: 0.1762 - val_mse: 0.1762
Epoch 143/1000
500/500 - 140s - loss: 0.1929 - mse: 0.1929 - val_loss: 0.1765 - val_mse: 0.1765
Epoch 144/1000
500/500 - 140s - loss: 0.1943 - mse: 0.1943 - val_loss: 0.1735 - val_mse: 0.1735
Epoch 145/1000
500/500 - 173s - loss: 0.1952 - mse: 0.1952 - val_loss: 0.1762 - val_mse: 0.1762
Epoch 146/1000
500/500 - 139s - loss: 0.1927 - mse: 0.1927 - val_loss: 0.1749 - val_mse: 0.1749
Epoch 147/1000
500/500 - 134s - loss: 0.1960 - mse: 0.1960 - val_loss: 0.1754 - val_mse: 0.1754
Epoch 148/1000
500/500 - 130s - loss: 0.1920 - mse: 0.1920 - val_loss: 0.1728 - val_mse: 0.1728
Epoch 149/1000
500/500 - 128s - loss: 0.1906 - mse: 0.1906 - val_loss: 0.1745 - val_mse: 0.1745
Epoch 150/1000
500/500 - 128s - loss: 0.1927 - mse: 0.1927 - val_loss: 0.1750 - val_mse: 0.1750
Epoch 151/1000
500/500 - 138s - loss: 0.1926 - mse: 0.1926 - val_loss: 0.1766 - val_mse: 0.1766
Epoch 152/1000
500/500 - 126s - loss: 0.1932 - mse: 0.1932 - val_loss: 0.1777 - val_mse: 0.1777
Epoch 153/1000
500/500 - 137s - loss: 0.1941 - mse: 0.1941 - val_loss: 0.1780 - val_mse: 0.1780
Epoch 154/1000
500/500 - 128s - loss: 0.1947 - mse: 0.1947 - val_loss: 0.1786 - val_mse: 0.1786
Epoch 155/1000
500/500 - 130s - loss: 0.1949 - mse: 0.1949 - val_loss: 0.1750 - val_mse: 0.1750
Epoch 156/1000
500/500 - 139s - loss: 0.1911 - mse: 0.1911 - val_loss: 0.1731 - val_mse: 0.1731
Epoch 157/1000
500/500 - 129s - loss: 0.1934 - mse: 0.1934 - val_loss: 0.1745 - val_mse: 0.1745
Epoch 158/1000
500/500 - 131s - loss: 0.1916 - mse: 0.1916 - val_loss: 0.1737 - val_mse: 0.1737
Epoch 159/1000
500/500 - 136s - loss: 0.1928 - mse: 0.1928 - val_loss: 0.1786 - val_mse: 0.1786
Epoch 160/1000
500/500 - 125s - loss: 0.1929 - mse: 0.1929 - val_loss: 0.1763 - val_mse: 0.1763
Epoch 161/1000
500/500 - 135s - loss: 0.1925 - mse: 0.1925 - val_loss: 0.1756 - val_mse: 0.1756
Epoch 162/1000
500/500 - 129s - loss: 0.1928 - mse: 0.1928 - val_loss: 0.1732 - val_mse: 0.1732
Epoch 163/1000
500/500 - 134s - loss: 0.1929 - mse: 0.1929 - val_loss: 0.1740 - val_mse: 0.1740
Epoch 164/1000
500/500 - 126s - loss: 0.1900 - mse: 0.1900 - val_loss: 0.1725 - val_mse: 0.1725
Epoch 165/1000
500/500 - 135s - loss: 0.1931 - mse: 0.1931 - val_loss: 0.1744 - val_mse: 0.1744
Epoch 166/1000
500/500 - 126s - loss: 0.1896 - mse: 0.1896 - val_loss: 0.1736 - val_mse: 0.1736
Epoch 167/1000
500/500 - 124s - loss: 0.1953 - mse: 0.1953 - val_loss: 0.1745 - val_mse: 0.1745
Epoch 168/1000
500/500 - 126s - loss: 0.1904 - mse: 0.1904 - val_loss: 0.1723 - val_mse: 0.1723
Epoch 169/1000
500/500 - 126s - loss: 0.1919 - mse: 0.1919 - val_loss: 0.1721 - val_mse: 0.1721
Epoch 170/1000
500/500 - 127s - loss: 0.1915 - mse: 0.1915 - val_loss: 0.1722 - val_mse: 0.1722
Epoch 171/1000
500/500 - 28s - loss: 0.1916 - mse: 0.1916 - val_loss: 0.1745 - val_mse: 0.1745
