/common/pkgs/cuda/cuda-11.4/lib64:/common/pkgs/cuda/cuda-11.4/extras/CUPTI/lib64:/rhome/mdodson/.conda/envs/learn/lib
Tensorflow version: 2.4.1
Num GPUs Available:  1
[PhysicalDevice(name='/physical_device:CPU:0', device_type='CPU'), PhysicalDevice(name='/physical_device:XLA_CPU:0', device_type='XLA_CPU'), PhysicalDevice(name='/physical_device:XLA_GPU:0', device_type='XLA_GPU'), PhysicalDevice(name='/physical_device:GPU:0', device_type='GPU')]
Model: "model"
_________________________________________________________________
Layer (type)                 Output Shape              Param #   
=================================================================
input_1 (InputLayer)         [(None, 400, 22)]         0         
_________________________________________________________________
in_dist (TimeDistributed)    (None, 400, 128)          2944      
_________________________________________________________________
enc_bd_0 (Bidirectional)     (None, 400, 256)          263168    
_________________________________________________________________
enc_bnorm_0 (BatchNormalizat (None, 400, 256)          1024      
_________________________________________________________________
dropout (Dropout)            (None, 400, 256)          0         
_________________________________________________________________
enc_bd_1 (Bidirectional)     (None, 400, 192)          271104    
_________________________________________________________________
enc_bnorm_1 (BatchNormalizat (None, 400, 192)          768       
_________________________________________________________________
dropout_1 (Dropout)          (None, 400, 192)          0         
_________________________________________________________________
enc_bd_2 (Bidirectional)     (None, 400, 128)          131584    
_________________________________________________________________
enc_bnorm_2 (BatchNormalizat (None, 400, 128)          512       
_________________________________________________________________
dropout_2 (Dropout)          (None, 400, 128)          0         
_________________________________________________________________
enc_bd_3 (Bidirectional)     (None, 64)                41216     
_________________________________________________________________
enc_bnorm_3 (BatchNormalizat (None, 64)                256       
_________________________________________________________________
dropout_3 (Dropout)          (None, 64)                0         
_________________________________________________________________
latent_projection (Dense)    (None, 32)                2080      
_________________________________________________________________
repeat_vector (RepeatVector) (None, 400, 32)           0         
_________________________________________________________________
dec_bd_0 (Bidirectional)     (None, 400, 64)           16640     
_________________________________________________________________
dec_bnorm_0 (BatchNormalizat (None, 400, 64)           256       
_________________________________________________________________
dec_bd_1 (Bidirectional)     (None, 400, 128)          66048     
_________________________________________________________________
dec_bnorm_1 (BatchNormalizat (None, 400, 128)          512       
_________________________________________________________________
dec_bd_2 (Bidirectional)     (None, 400, 192)          172800    
_________________________________________________________________
dec_bnorm_2 (BatchNormalizat (None, 400, 192)          768       
_________________________________________________________________
dec_bd_3 (Bidirectional)     (None, 400, 256)          328704    
_________________________________________________________________
dec_bnorm_3 (BatchNormalizat (None, 400, 256)          1024      
_________________________________________________________________
out_dist (TimeDistributed)   (None, 400, 22)           5654      
=================================================================
Total params: 1,307,062
Trainable params: 1,304,502
Non-trainable params: 2,560
_________________________________________________________________
Compiling model
Making generators
Fitting model
Epoch 1/1000
100/100 - 1190s - loss: 0.8310 - mse: 0.8310 - val_loss: 0.6782 - val_mse: 0.6782
Epoch 2/1000
100/100 - 113s - loss: 0.4593 - mse: 0.4593 - val_loss: 0.5805 - val_mse: 0.5805
Epoch 3/1000
100/100 - 116s - loss: 0.4254 - mse: 0.4254 - val_loss: 0.4224 - val_mse: 0.4224
Epoch 4/1000
100/100 - 110s - loss: 0.4152 - mse: 0.4152 - val_loss: 0.3592 - val_mse: 0.3592
Epoch 5/1000
100/100 - 111s - loss: 0.3940 - mse: 0.3940 - val_loss: 0.3418 - val_mse: 0.3418
Epoch 6/1000
100/100 - 108s - loss: 0.3761 - mse: 0.3761 - val_loss: 0.3285 - val_mse: 0.3285
Epoch 7/1000
100/100 - 108s - loss: 0.3543 - mse: 0.3543 - val_loss: 0.3163 - val_mse: 0.3163
Epoch 8/1000
100/100 - 105s - loss: 0.3572 - mse: 0.3572 - val_loss: 0.3055 - val_mse: 0.3055
Epoch 9/1000
100/100 - 115s - loss: 0.3518 - mse: 0.3518 - val_loss: 0.2991 - val_mse: 0.2991
Epoch 10/1000
100/100 - 123s - loss: 0.3308 - mse: 0.3308 - val_loss: 0.2873 - val_mse: 0.2873
Epoch 11/1000
100/100 - 131s - loss: 0.3317 - mse: 0.3317 - val_loss: 0.2726 - val_mse: 0.2726
Epoch 12/1000
100/100 - 127s - loss: 0.3289 - mse: 0.3289 - val_loss: 0.2756 - val_mse: 0.2756
Epoch 13/1000
100/100 - 125s - loss: 0.3366 - mse: 0.3366 - val_loss: 0.2907 - val_mse: 0.2907
Epoch 14/1000
100/100 - 120s - loss: 0.3415 - mse: 0.3415 - val_loss: 0.3364 - val_mse: 0.3364
Epoch 15/1000
100/100 - 117s - loss: 0.3405 - mse: 0.3405 - val_loss: 0.2879 - val_mse: 0.2879
Epoch 16/1000
100/100 - 105s - loss: 0.4292 - mse: 0.4292 - val_loss: 0.4248 - val_mse: 0.4248
Epoch 17/1000
100/100 - 107s - loss: 0.3943 - mse: 0.3943 - val_loss: 0.3681 - val_mse: 0.3681
Epoch 18/1000
100/100 - 101s - loss: 0.3885 - mse: 0.3885 - val_loss: 0.3206 - val_mse: 0.3206
Epoch 19/1000
100/100 - 92s - loss: 0.3821 - mse: 0.3821 - val_loss: 0.3247 - val_mse: 0.3247
Epoch 20/1000
100/100 - 92s - loss: 0.3486 - mse: 0.3486 - val_loss: 0.3272 - val_mse: 0.3272
Epoch 21/1000
100/100 - 118s - loss: 0.3439 - mse: 0.3439 - val_loss: 0.3115 - val_mse: 0.3115
Epoch 22/1000
100/100 - 82s - loss: 0.3581 - mse: 0.3581 - val_loss: 0.3602 - val_mse: 0.3602
Epoch 23/1000
100/100 - 84s - loss: 0.3715 - mse: 0.3715 - val_loss: 0.3426 - val_mse: 0.3426
Epoch 24/1000
100/100 - 83s - loss: 0.4381 - mse: 0.4381 - val_loss: 0.4127 - val_mse: 0.4127
Epoch 25/1000
100/100 - 70s - loss: 0.3727 - mse: 0.3727 - val_loss: 0.3313 - val_mse: 0.3313
Epoch 26/1000
100/100 - 74s - loss: 0.3646 - mse: 0.3646 - val_loss: 0.3168 - val_mse: 0.3168
Epoch 27/1000
100/100 - 60s - loss: 0.3613 - mse: 0.3613 - val_loss: 0.4023 - val_mse: 0.4023
Epoch 28/1000
100/100 - 62s - loss: 0.3948 - mse: 0.3948 - val_loss: 0.3618 - val_mse: 0.3618
Epoch 29/1000
100/100 - 57s - loss: 0.3942 - mse: 0.3942 - val_loss: 0.3822 - val_mse: 0.3822
Epoch 30/1000
100/100 - 53s - loss: 0.4526 - mse: 0.4526 - val_loss: 0.4171 - val_mse: 0.4171
Epoch 31/1000
100/100 - 49s - loss: 0.4257 - mse: 0.4257 - val_loss: 0.3705 - val_mse: 0.3705
Epoch 32/1000
100/100 - 47s - loss: 0.3961 - mse: 0.3961 - val_loss: 0.3454 - val_mse: 0.3454
Epoch 33/1000
100/100 - 45s - loss: 0.3716 - mse: 0.3716 - val_loss: 0.3331 - val_mse: 0.3331
Epoch 34/1000
100/100 - 47s - loss: 0.3694 - mse: 0.3694 - val_loss: 0.3494 - val_mse: 0.3494
Epoch 35/1000
100/100 - 44s - loss: 0.3690 - mse: 0.3690 - val_loss: 0.3206 - val_mse: 0.3206
Epoch 36/1000
100/100 - 45s - loss: 0.3477 - mse: 0.3477 - val_loss: 0.2997 - val_mse: 0.2997
Epoch 37/1000
100/100 - 43s - loss: 0.3596 - mse: 0.3596 - val_loss: 0.3176 - val_mse: 0.3176
Epoch 38/1000
100/100 - 45s - loss: 0.3473 - mse: 0.3473 - val_loss: 0.3145 - val_mse: 0.3145
Epoch 39/1000
100/100 - 46s - loss: 0.3571 - mse: 0.3571 - val_loss: 0.2938 - val_mse: 0.2938
Epoch 40/1000
100/100 - 43s - loss: 0.3447 - mse: 0.3447 - val_loss: 0.3362 - val_mse: 0.3362
Epoch 41/1000
100/100 - 46s - loss: 0.3426 - mse: 0.3426 - val_loss: 0.2952 - val_mse: 0.2952
Epoch 42/1000
100/100 - 46s - loss: 0.3499 - mse: 0.3499 - val_loss: 0.3677 - val_mse: 0.3677
Epoch 43/1000
100/100 - 43s - loss: 0.3597 - mse: 0.3597 - val_loss: 0.3199 - val_mse: 0.3199
Epoch 44/1000
100/100 - 46s - loss: 0.3542 - mse: 0.3542 - val_loss: 0.3119 - val_mse: 0.3119
Epoch 45/1000
100/100 - 47s - loss: 0.3510 - mse: 0.3510 - val_loss: 0.3550 - val_mse: 0.3550
Epoch 46/1000
100/100 - 43s - loss: 0.3673 - mse: 0.3673 - val_loss: 0.3955 - val_mse: 0.3955
Epoch 47/1000
100/100 - 45s - loss: 0.3612 - mse: 0.3612 - val_loss: 0.3342 - val_mse: 0.3342
Epoch 48/1000
100/100 - 44s - loss: 0.3665 - mse: 0.3665 - val_loss: 0.3135 - val_mse: 0.3135
Epoch 49/1000
100/100 - 46s - loss: 0.3485 - mse: 0.3485 - val_loss: 0.3145 - val_mse: 0.3145
Epoch 50/1000
100/100 - 43s - loss: 0.3564 - mse: 0.3564 - val_loss: 0.3299 - val_mse: 0.3299
Epoch 51/1000
100/100 - 45s - loss: 0.3463 - mse: 0.3463 - val_loss: 0.2983 - val_mse: 0.2983
Epoch 52/1000
100/100 - 47s - loss: 0.3313 - mse: 0.3313 - val_loss: 0.2847 - val_mse: 0.2847
Epoch 53/1000
100/100 - 43s - loss: 0.3352 - mse: 0.3352 - val_loss: 0.3173 - val_mse: 0.3173
Epoch 54/1000
100/100 - 45s - loss: 0.3293 - mse: 0.3293 - val_loss: 0.2998 - val_mse: 0.2998
Epoch 55/1000
100/100 - 45s - loss: 0.3369 - mse: 0.3369 - val_loss: 0.3011 - val_mse: 0.3011
Epoch 56/1000
100/100 - 43s - loss: 0.3375 - mse: 0.3375 - val_loss: 0.2843 - val_mse: 0.2843
Epoch 57/1000
100/100 - 44s - loss: 0.3292 - mse: 0.3292 - val_loss: 0.2937 - val_mse: 0.2937
Epoch 58/1000
100/100 - 45s - loss: 0.3273 - mse: 0.3273 - val_loss: 0.3311 - val_mse: 0.3311
Epoch 59/1000
100/100 - 43s - loss: 0.3263 - mse: 0.3263 - val_loss: 0.2757 - val_mse: 0.2757
Epoch 60/1000
100/100 - 44s - loss: 0.3182 - mse: 0.3182 - val_loss: 0.2788 - val_mse: 0.2788
Epoch 61/1000
100/100 - 46s - loss: 0.3143 - mse: 0.3143 - val_loss: 0.2624 - val_mse: 0.2624
Epoch 62/1000
100/100 - 43s - loss: 0.3118 - mse: 0.3118 - val_loss: 0.2817 - val_mse: 0.2817
Epoch 63/1000
100/100 - 44s - loss: 0.3042 - mse: 0.3042 - val_loss: 0.2561 - val_mse: 0.2561
Epoch 64/1000
100/100 - 45s - loss: 0.2926 - mse: 0.2926 - val_loss: 0.2664 - val_mse: 0.2664
Epoch 65/1000
100/100 - 46s - loss: 0.3052 - mse: 0.3052 - val_loss: 0.2680 - val_mse: 0.2680
Epoch 66/1000
100/100 - 43s - loss: 0.3074 - mse: 0.3074 - val_loss: 0.2642 - val_mse: 0.2642
Epoch 67/1000
100/100 - 45s - loss: 0.3066 - mse: 0.3066 - val_loss: 0.2501 - val_mse: 0.2501
Epoch 68/1000
100/100 - 46s - loss: 0.3120 - mse: 0.3120 - val_loss: 0.2829 - val_mse: 0.2829
Epoch 69/1000
100/100 - 43s - loss: 0.4809 - mse: 0.4809 - val_loss: 0.4931 - val_mse: 0.4931
Epoch 70/1000
100/100 - 45s - loss: 0.4305 - mse: 0.4305 - val_loss: 0.3791 - val_mse: 0.3791
Epoch 71/1000
100/100 - 43s - loss: 0.3857 - mse: 0.3857 - val_loss: 0.3644 - val_mse: 0.3644
Epoch 72/1000
100/100 - 45s - loss: 0.4009 - mse: 0.4009 - val_loss: 0.3535 - val_mse: 0.3535
Epoch 73/1000
100/100 - 45s - loss: 0.3764 - mse: 0.3764 - val_loss: 0.3278 - val_mse: 0.3278
Epoch 74/1000
100/100 - 46s - loss: 0.3650 - mse: 0.3650 - val_loss: 0.3123 - val_mse: 0.3123
Epoch 75/1000
100/100 - 42s - loss: 0.3424 - mse: 0.3424 - val_loss: 0.3100 - val_mse: 0.3100
Epoch 76/1000
100/100 - 45s - loss: 0.3466 - mse: 0.3466 - val_loss: 0.2935 - val_mse: 0.2935
Epoch 77/1000
100/100 - 45s - loss: 0.3311 - mse: 0.3311 - val_loss: 0.2994 - val_mse: 0.2994
Epoch 78/1000
100/100 - 42s - loss: 0.3267 - mse: 0.3267 - val_loss: 0.2988 - val_mse: 0.2988
Epoch 79/1000
100/100 - 45s - loss: 0.3388 - mse: 0.3388 - val_loss: 0.2869 - val_mse: 0.2869
Epoch 80/1000
100/100 - 46s - loss: 0.3568 - mse: 0.3568 - val_loss: 0.2992 - val_mse: 0.2992
Epoch 81/1000
100/100 - 43s - loss: 0.3340 - mse: 0.3340 - val_loss: 0.2862 - val_mse: 0.2862
Epoch 82/1000
100/100 - 45s - loss: 0.3373 - mse: 0.3373 - val_loss: 0.2765 - val_mse: 0.2765
Epoch 83/1000
100/100 - 46s - loss: 0.3345 - mse: 0.3345 - val_loss: 0.2815 - val_mse: 0.2815
Epoch 84/1000
100/100 - 42s - loss: 0.3234 - mse: 0.3234 - val_loss: 0.2752 - val_mse: 0.2752
Epoch 85/1000
100/100 - 45s - loss: 0.3095 - mse: 0.3095 - val_loss: 0.2709 - val_mse: 0.2709
Epoch 86/1000
100/100 - 46s - loss: 0.3290 - mse: 0.3290 - val_loss: 0.2864 - val_mse: 0.2864
Epoch 87/1000
100/100 - 43s - loss: 0.3242 - mse: 0.3242 - val_loss: 0.2803 - val_mse: 0.2803
Epoch 88/1000
100/100 - 45s - loss: 0.3671 - mse: 0.3671 - val_loss: 0.3760 - val_mse: 0.3760
Epoch 89/1000
100/100 - 45s - loss: 0.3636 - mse: 0.3636 - val_loss: 0.2972 - val_mse: 0.2972
Epoch 90/1000
100/100 - 46s - loss: 0.3447 - mse: 0.3447 - val_loss: 0.2875 - val_mse: 0.2875
Epoch 91/1000
100/100 - 43s - loss: 0.3253 - mse: 0.3253 - val_loss: 0.2769 - val_mse: 0.2769
Epoch 92/1000
100/100 - 45s - loss: 0.3162 - mse: 0.3162 - val_loss: 0.2829 - val_mse: 0.2829
Epoch 93/1000
100/100 - 44s - loss: 0.3255 - mse: 0.3255 - val_loss: 0.2848 - val_mse: 0.2848
Epoch 94/1000
100/100 - 45s - loss: 0.3113 - mse: 0.3113 - val_loss: 0.2797 - val_mse: 0.2797
Epoch 95/1000
100/100 - 43s - loss: 0.3194 - mse: 0.3194 - val_loss: 0.2705 - val_mse: 0.2705
Epoch 96/1000
100/100 - 46s - loss: 0.3094 - mse: 0.3094 - val_loss: 0.2605 - val_mse: 0.2605
Epoch 97/1000
100/100 - 43s - loss: 0.3052 - mse: 0.3052 - val_loss: 0.2554 - val_mse: 0.2554
Epoch 98/1000
100/100 - 45s - loss: 0.3179 - mse: 0.3179 - val_loss: 0.3116 - val_mse: 0.3116
Epoch 99/1000
100/100 - 45s - loss: 0.3182 - mse: 0.3182 - val_loss: 0.2777 - val_mse: 0.2777
Epoch 100/1000
100/100 - 46s - loss: 0.3158 - mse: 0.3158 - val_loss: 0.2677 - val_mse: 0.2677
Epoch 101/1000
100/100 - 42s - loss: 0.3043 - mse: 0.3043 - val_loss: 0.2677 - val_mse: 0.2677
Epoch 102/1000
100/100 - 45s - loss: 0.2992 - mse: 0.2992 - val_loss: 0.2530 - val_mse: 0.2530
Epoch 103/1000
100/100 - 46s - loss: 0.3074 - mse: 0.3074 - val_loss: 0.2587 - val_mse: 0.2587
Epoch 104/1000
100/100 - 43s - loss: 0.2917 - mse: 0.2917 - val_loss: 0.2538 - val_mse: 0.2538
Epoch 105/1000
100/100 - 45s - loss: 0.3006 - mse: 0.3006 - val_loss: 0.2582 - val_mse: 0.2582
Epoch 106/1000
100/100 - 45s - loss: 0.2935 - mse: 0.2935 - val_loss: 0.2466 - val_mse: 0.2466
Epoch 107/1000
100/100 - 46s - loss: 0.2925 - mse: 0.2925 - val_loss: 0.2558 - val_mse: 0.2558
Epoch 108/1000
100/100 - 43s - loss: 0.3006 - mse: 0.3006 - val_loss: 0.2496 - val_mse: 0.2496
Epoch 109/1000
100/100 - 44s - loss: 0.2960 - mse: 0.2960 - val_loss: 0.2496 - val_mse: 0.2496
Epoch 110/1000
100/100 - 46s - loss: 0.3009 - mse: 0.3009 - val_loss: 0.2585 - val_mse: 0.2585
Epoch 111/1000
100/100 - 43s - loss: 0.2899 - mse: 0.2899 - val_loss: 0.2477 - val_mse: 0.2477
Epoch 112/1000
100/100 - 45s - loss: 0.2896 - mse: 0.2896 - val_loss: 0.2396 - val_mse: 0.2396
Epoch 113/1000
100/100 - 46s - loss: 0.2922 - mse: 0.2922 - val_loss: 0.2529 - val_mse: 0.2529
Epoch 114/1000
100/100 - 43s - loss: 0.2985 - mse: 0.2985 - val_loss: 0.2533 - val_mse: 0.2533
Epoch 115/1000
100/100 - 45s - loss: 0.2913 - mse: 0.2913 - val_loss: 0.2492 - val_mse: 0.2492
Epoch 116/1000
100/100 - 45s - loss: 0.2878 - mse: 0.2878 - val_loss: 0.2431 - val_mse: 0.2431
Epoch 117/1000
100/100 - 42s - loss: 0.2947 - mse: 0.2947 - val_loss: 0.2529 - val_mse: 0.2529
Epoch 118/1000
100/100 - 44s - loss: 0.2931 - mse: 0.2931 - val_loss: 0.2478 - val_mse: 0.2478
Epoch 119/1000
100/100 - 45s - loss: 0.2837 - mse: 0.2837 - val_loss: 0.2484 - val_mse: 0.2484
Epoch 120/1000
100/100 - 46s - loss: 0.2833 - mse: 0.2833 - val_loss: 0.2421 - val_mse: 0.2421
Epoch 121/1000
100/100 - 43s - loss: 0.2782 - mse: 0.2782 - val_loss: 0.2372 - val_mse: 0.2372
Epoch 122/1000
100/100 - 45s - loss: 0.2825 - mse: 0.2825 - val_loss: 0.2414 - val_mse: 0.2414
Epoch 123/1000
100/100 - 46s - loss: 0.2801 - mse: 0.2801 - val_loss: 0.2323 - val_mse: 0.2323
Epoch 124/1000
100/100 - 44s - loss: 0.2663 - mse: 0.2663 - val_loss: 0.2308 - val_mse: 0.2308
Epoch 125/1000
100/100 - 45s - loss: 0.2752 - mse: 0.2752 - val_loss: 0.2304 - val_mse: 0.2304
Epoch 126/1000
100/100 - 45s - loss: 0.2734 - mse: 0.2734 - val_loss: 0.2339 - val_mse: 0.2339
Epoch 127/1000
100/100 - 43s - loss: 0.2654 - mse: 0.2654 - val_loss: 0.2252 - val_mse: 0.2252
Epoch 128/1000
100/100 - 43s - loss: 0.2849 - mse: 0.2849 - val_loss: 0.2371 - val_mse: 0.2371
Epoch 129/1000
100/100 - 45s - loss: 0.2756 - mse: 0.2756 - val_loss: 0.2398 - val_mse: 0.2398
Epoch 130/1000
100/100 - 43s - loss: 0.2803 - mse: 0.2803 - val_loss: 0.2378 - val_mse: 0.2378
Epoch 131/1000
100/100 - 46s - loss: 0.2741 - mse: 0.2741 - val_loss: 0.2352 - val_mse: 0.2352
Epoch 132/1000
100/100 - 48s - loss: 0.2824 - mse: 0.2824 - val_loss: 0.2337 - val_mse: 0.2337
Epoch 133/1000
100/100 - 43s - loss: 0.2661 - mse: 0.2661 - val_loss: 0.2285 - val_mse: 0.2285
Epoch 134/1000
100/100 - 45s - loss: 0.2682 - mse: 0.2682 - val_loss: 0.2281 - val_mse: 0.2281
Epoch 135/1000
100/100 - 45s - loss: 0.2720 - mse: 0.2720 - val_loss: 0.2397 - val_mse: 0.2397
Epoch 136/1000
100/100 - 46s - loss: 0.2733 - mse: 0.2733 - val_loss: 0.2428 - val_mse: 0.2428
Epoch 137/1000
100/100 - 43s - loss: 0.2712 - mse: 0.2712 - val_loss: 0.2357 - val_mse: 0.2357
Epoch 138/1000
100/100 - 46s - loss: 0.2775 - mse: 0.2775 - val_loss: 0.2360 - val_mse: 0.2360
Epoch 139/1000
100/100 - 43s - loss: 0.2670 - mse: 0.2670 - val_loss: 0.2364 - val_mse: 0.2364
Epoch 140/1000
100/100 - 45s - loss: 0.2602 - mse: 0.2602 - val_loss: 0.2346 - val_mse: 0.2346
Epoch 141/1000
100/100 - 45s - loss: 0.2663 - mse: 0.2663 - val_loss: 0.2302 - val_mse: 0.2302
Epoch 142/1000
100/100 - 46s - loss: 0.2611 - mse: 0.2611 - val_loss: 0.2247 - val_mse: 0.2247
Epoch 143/1000
100/100 - 42s - loss: 0.2656 - mse: 0.2656 - val_loss: 0.2264 - val_mse: 0.2264
Epoch 144/1000
100/100 - 44s - loss: 0.2669 - mse: 0.2669 - val_loss: 0.2390 - val_mse: 0.2390
Epoch 145/1000
100/100 - 44s - loss: 0.2651 - mse: 0.2651 - val_loss: 0.2263 - val_mse: 0.2263
Epoch 146/1000
100/100 - 46s - loss: 0.2951 - mse: 0.2951 - val_loss: 0.3237 - val_mse: 0.3237
Epoch 147/1000
100/100 - 42s - loss: 0.3103 - mse: 0.3103 - val_loss: 0.2928 - val_mse: 0.2928
Epoch 148/1000
100/100 - 46s - loss: 0.2994 - mse: 0.2994 - val_loss: 0.2703 - val_mse: 0.2703
Epoch 149/1000
100/100 - 42s - loss: 0.2948 - mse: 0.2948 - val_loss: 0.2480 - val_mse: 0.2480
Epoch 150/1000
100/100 - 45s - loss: 0.2794 - mse: 0.2794 - val_loss: 0.2510 - val_mse: 0.2510
Epoch 151/1000
100/100 - 45s - loss: 0.2851 - mse: 0.2851 - val_loss: 0.2411 - val_mse: 0.2411
Epoch 152/1000
100/100 - 46s - loss: 0.2708 - mse: 0.2708 - val_loss: 0.2365 - val_mse: 0.2365
Epoch 153/1000
100/100 - 43s - loss: 0.2688 - mse: 0.2688 - val_loss: 0.2341 - val_mse: 0.2341
Epoch 154/1000
100/100 - 45s - loss: 0.2775 - mse: 0.2775 - val_loss: 0.2285 - val_mse: 0.2285
Epoch 155/1000
100/100 - 46s - loss: 0.2639 - mse: 0.2639 - val_loss: 0.2333 - val_mse: 0.2333
Epoch 156/1000
100/100 - 43s - loss: 0.2645 - mse: 0.2645 - val_loss: 0.2235 - val_mse: 0.2235
Epoch 157/1000
100/100 - 43s - loss: 0.2624 - mse: 0.2624 - val_loss: 0.2267 - val_mse: 0.2267
Epoch 158/1000
100/100 - 44s - loss: 0.2586 - mse: 0.2586 - val_loss: 0.2192 - val_mse: 0.2192
Epoch 159/1000
100/100 - 45s - loss: 0.2591 - mse: 0.2591 - val_loss: 0.2247 - val_mse: 0.2247
Epoch 160/1000
100/100 - 43s - loss: 0.2758 - mse: 0.2758 - val_loss: 0.2680 - val_mse: 0.2680
Epoch 161/1000
100/100 - 44s - loss: 0.2725 - mse: 0.2725 - val_loss: 0.2357 - val_mse: 0.2357
Epoch 162/1000
100/100 - 44s - loss: 0.2787 - mse: 0.2787 - val_loss: 0.2320 - val_mse: 0.2320
Epoch 163/1000
100/100 - 45s - loss: 0.2861 - mse: 0.2861 - val_loss: 0.2419 - val_mse: 0.2419
Epoch 164/1000
100/100 - 42s - loss: 0.2688 - mse: 0.2688 - val_loss: 0.2343 - val_mse: 0.2343
Epoch 165/1000
100/100 - 47s - loss: 0.2735 - mse: 0.2735 - val_loss: 0.2248 - val_mse: 0.2248
Epoch 166/1000
100/100 - 43s - loss: 0.2615 - mse: 0.2615 - val_loss: 0.2239 - val_mse: 0.2239
Epoch 167/1000
100/100 - 45s - loss: 0.2588 - mse: 0.2588 - val_loss: 0.2196 - val_mse: 0.2196
Epoch 168/1000
100/100 - 45s - loss: 0.2563 - mse: 0.2563 - val_loss: 0.2195 - val_mse: 0.2195
Epoch 169/1000
100/100 - 46s - loss: 0.2572 - mse: 0.2572 - val_loss: 0.2256 - val_mse: 0.2256
Epoch 170/1000
100/100 - 42s - loss: 0.2539 - mse: 0.2539 - val_loss: 0.2211 - val_mse: 0.2211
Epoch 171/1000
100/100 - 45s - loss: 0.2664 - mse: 0.2664 - val_loss: 0.2255 - val_mse: 0.2255
Epoch 172/1000
100/100 - 46s - loss: 0.2562 - mse: 0.2562 - val_loss: 0.2214 - val_mse: 0.2214
Epoch 173/1000
100/100 - 43s - loss: 0.2602 - mse: 0.2602 - val_loss: 0.2288 - val_mse: 0.2288
Epoch 174/1000
100/100 - 45s - loss: 0.2661 - mse: 0.2661 - val_loss: 0.2228 - val_mse: 0.2228
Epoch 175/1000
100/100 - 45s - loss: 0.2633 - mse: 0.2633 - val_loss: 0.2288 - val_mse: 0.2288
Epoch 176/1000
100/100 - 46s - loss: 0.2568 - mse: 0.2568 - val_loss: 0.2201 - val_mse: 0.2201
Epoch 177/1000
100/100 - 43s - loss: 0.2546 - mse: 0.2546 - val_loss: 0.2167 - val_mse: 0.2167
Epoch 178/1000
100/100 - 44s - loss: 0.2527 - mse: 0.2527 - val_loss: 0.2181 - val_mse: 0.2181
Epoch 179/1000
100/100 - 45s - loss: 0.2600 - mse: 0.2600 - val_loss: 0.2168 - val_mse: 0.2168
Epoch 180/1000
100/100 - 43s - loss: 0.2469 - mse: 0.2469 - val_loss: 0.2202 - val_mse: 0.2202
Epoch 181/1000
100/100 - 45s - loss: 0.2511 - mse: 0.2511 - val_loss: 0.2165 - val_mse: 0.2165
Epoch 182/1000
100/100 - 46s - loss: 0.2545 - mse: 0.2545 - val_loss: 0.2211 - val_mse: 0.2211
Epoch 183/1000
100/100 - 44s - loss: 0.2545 - mse: 0.2545 - val_loss: 0.2184 - val_mse: 0.2184
Epoch 184/1000
100/100 - 45s - loss: 0.2444 - mse: 0.2444 - val_loss: 0.2175 - val_mse: 0.2175
Epoch 185/1000
100/100 - 46s - loss: 0.2506 - mse: 0.2506 - val_loss: 0.2159 - val_mse: 0.2159
Epoch 186/1000
100/100 - 43s - loss: 0.2467 - mse: 0.2467 - val_loss: 0.2180 - val_mse: 0.2180
Epoch 187/1000
100/100 - 44s - loss: 0.2477 - mse: 0.2477 - val_loss: 0.2151 - val_mse: 0.2151
Epoch 188/1000
100/100 - 45s - loss: 0.2490 - mse: 0.2490 - val_loss: 0.2153 - val_mse: 0.2153
Epoch 189/1000
100/100 - 43s - loss: 0.2559 - mse: 0.2559 - val_loss: 0.2107 - val_mse: 0.2107
Epoch 190/1000
100/100 - 44s - loss: 0.2651 - mse: 0.2651 - val_loss: 0.3124 - val_mse: 0.3124
Epoch 191/1000
100/100 - 45s - loss: 0.2892 - mse: 0.2892 - val_loss: 0.2373 - val_mse: 0.2373
Epoch 192/1000
100/100 - 43s - loss: 0.2682 - mse: 0.2682 - val_loss: 0.2273 - val_mse: 0.2273
Epoch 193/1000
100/100 - 44s - loss: 0.2563 - mse: 0.2563 - val_loss: 0.2225 - val_mse: 0.2225
Epoch 194/1000
100/100 - 45s - loss: 0.2519 - mse: 0.2519 - val_loss: 0.2191 - val_mse: 0.2191
Epoch 195/1000
100/100 - 47s - loss: 0.2505 - mse: 0.2505 - val_loss: 0.2162 - val_mse: 0.2162
Epoch 196/1000
100/100 - 43s - loss: 0.2543 - mse: 0.2543 - val_loss: 0.2220 - val_mse: 0.2220
Epoch 197/1000
100/100 - 45s - loss: 0.2487 - mse: 0.2487 - val_loss: 0.2153 - val_mse: 0.2153
Epoch 198/1000
100/100 - 46s - loss: 0.2448 - mse: 0.2448 - val_loss: 0.2299 - val_mse: 0.2299
Epoch 199/1000
100/100 - 43s - loss: 0.2426 - mse: 0.2426 - val_loss: 0.2165 - val_mse: 0.2165
Epoch 200/1000
100/100 - 47s - loss: 0.2482 - mse: 0.2482 - val_loss: 0.2277 - val_mse: 0.2277
Epoch 201/1000
100/100 - 42s - loss: 0.2505 - mse: 0.2505 - val_loss: 0.2113 - val_mse: 0.2113
Epoch 202/1000
100/100 - 45s - loss: 0.2480 - mse: 0.2480 - val_loss: 0.2150 - val_mse: 0.2150
Epoch 203/1000
100/100 - 46s - loss: 0.2556 - mse: 0.2556 - val_loss: 0.2198 - val_mse: 0.2198
Epoch 204/1000
100/100 - 48s - loss: 0.2523 - mse: 0.2523 - val_loss: 0.2109 - val_mse: 0.2109
Epoch 205/1000
100/100 - 43s - loss: 0.2467 - mse: 0.2467 - val_loss: 0.2109 - val_mse: 0.2109
Epoch 206/1000
100/100 - 47s - loss: 0.2509 - mse: 0.2509 - val_loss: 0.2127 - val_mse: 0.2127
Epoch 207/1000
100/100 - 48s - loss: 0.2466 - mse: 0.2466 - val_loss: 0.2147 - val_mse: 0.2147
Epoch 208/1000
100/100 - 43s - loss: 0.2443 - mse: 0.2443 - val_loss: 0.2088 - val_mse: 0.2088
Epoch 209/1000
100/100 - 47s - loss: 0.2362 - mse: 0.2362 - val_loss: 0.2144 - val_mse: 0.2144
Epoch 210/1000
100/100 - 46s - loss: 0.2521 - mse: 0.2521 - val_loss: 0.2104 - val_mse: 0.2104
Epoch 211/1000
100/100 - 47s - loss: 0.2395 - mse: 0.2395 - val_loss: 0.2114 - val_mse: 0.2114
Epoch 212/1000
100/100 - 43s - loss: 0.2421 - mse: 0.2421 - val_loss: 0.2176 - val_mse: 0.2176
Epoch 213/1000
100/100 - 45s - loss: 0.2390 - mse: 0.2390 - val_loss: 0.2114 - val_mse: 0.2114
Epoch 214/1000
100/100 - 47s - loss: 0.2428 - mse: 0.2428 - val_loss: 0.2162 - val_mse: 0.2162
Epoch 215/1000
100/100 - 43s - loss: 0.2441 - mse: 0.2441 - val_loss: 0.2098 - val_mse: 0.2098
Epoch 216/1000
100/100 - 45s - loss: 0.2492 - mse: 0.2492 - val_loss: 0.2197 - val_mse: 0.2197
Epoch 217/1000
100/100 - 46s - loss: 0.2523 - mse: 0.2523 - val_loss: 0.2190 - val_mse: 0.2190
Epoch 218/1000
100/100 - 43s - loss: 0.2501 - mse: 0.2501 - val_loss: 0.2150 - val_mse: 0.2150
Epoch 219/1000
100/100 - 45s - loss: 0.2473 - mse: 0.2473 - val_loss: 0.2154 - val_mse: 0.2154
Epoch 220/1000
100/100 - 46s - loss: 0.2401 - mse: 0.2401 - val_loss: 0.2098 - val_mse: 0.2098
Epoch 221/1000
100/100 - 43s - loss: 0.2394 - mse: 0.2394 - val_loss: 0.2081 - val_mse: 0.2081
Epoch 222/1000
100/100 - 45s - loss: 0.2393 - mse: 0.2393 - val_loss: 0.2108 - val_mse: 0.2108
Epoch 223/1000
100/100 - 45s - loss: 0.2420 - mse: 0.2420 - val_loss: 0.2158 - val_mse: 0.2158
Epoch 224/1000
100/100 - 46s - loss: 0.2506 - mse: 0.2506 - val_loss: 0.2162 - val_mse: 0.2162
Epoch 225/1000
100/100 - 42s - loss: 0.2448 - mse: 0.2448 - val_loss: 0.2132 - val_mse: 0.2132
Epoch 226/1000
100/100 - 45s - loss: 0.2423 - mse: 0.2423 - val_loss: 0.2115 - val_mse: 0.2115
Epoch 227/1000
100/100 - 46s - loss: 0.2386 - mse: 0.2386 - val_loss: 0.2133 - val_mse: 0.2133
Epoch 228/1000
100/100 - 43s - loss: 0.2583 - mse: 0.2583 - val_loss: 0.2193 - val_mse: 0.2193
Epoch 229/1000
100/100 - 45s - loss: 0.2468 - mse: 0.2468 - val_loss: 0.2178 - val_mse: 0.2178
Epoch 230/1000
100/100 - 46s - loss: 0.2533 - mse: 0.2533 - val_loss: 0.2104 - val_mse: 0.2104
Epoch 231/1000
100/100 - 43s - loss: 0.2391 - mse: 0.2391 - val_loss: 0.2171 - val_mse: 0.2171
Epoch 232/1000
100/100 - 45s - loss: 0.2407 - mse: 0.2407 - val_loss: 0.2131 - val_mse: 0.2131
Epoch 233/1000
100/100 - 46s - loss: 0.2385 - mse: 0.2385 - val_loss: 0.2119 - val_mse: 0.2119
Epoch 234/1000
100/100 - 43s - loss: 0.2322 - mse: 0.2322 - val_loss: 0.2131 - val_mse: 0.2131
Epoch 235/1000
100/100 - 46s - loss: 0.2398 - mse: 0.2398 - val_loss: 0.2072 - val_mse: 0.2072
Epoch 236/1000
100/100 - 47s - loss: 0.2369 - mse: 0.2369 - val_loss: 0.2095 - val_mse: 0.2095
Epoch 237/1000
100/100 - 43s - loss: 0.2394 - mse: 0.2394 - val_loss: 0.2138 - val_mse: 0.2138
Epoch 238/1000
100/100 - 45s - loss: 0.2366 - mse: 0.2366 - val_loss: 0.2089 - val_mse: 0.2089
Epoch 239/1000
100/100 - 45s - loss: 0.2453 - mse: 0.2453 - val_loss: 0.2085 - val_mse: 0.2085
Epoch 240/1000
100/100 - 46s - loss: 0.2709 - mse: 0.2709 - val_loss: 0.3825 - val_mse: 0.3825
Epoch 241/1000
100/100 - 43s - loss: 0.2638 - mse: 0.2638 - val_loss: 0.2269 - val_mse: 0.2269
Epoch 242/1000
100/100 - 44s - loss: 0.2492 - mse: 0.2492 - val_loss: 0.2121 - val_mse: 0.2121
Epoch 243/1000
100/100 - 44s - loss: 0.2533 - mse: 0.2533 - val_loss: 0.2127 - val_mse: 0.2127
Epoch 244/1000
100/100 - 46s - loss: 0.2447 - mse: 0.2447 - val_loss: 0.2147 - val_mse: 0.2147
Epoch 245/1000
100/100 - 43s - loss: 0.2381 - mse: 0.2381 - val_loss: 0.2106 - val_mse: 0.2106
Epoch 246/1000
100/100 - 46s - loss: 0.2481 - mse: 0.2481 - val_loss: 0.2099 - val_mse: 0.2099
Epoch 247/1000
100/100 - 43s - loss: 0.2408 - mse: 0.2408 - val_loss: 0.2113 - val_mse: 0.2113
Epoch 248/1000
100/100 - 48s - loss: 0.2398 - mse: 0.2398 - val_loss: 0.2068 - val_mse: 0.2068
Epoch 249/1000
100/100 - 46s - loss: 0.2335 - mse: 0.2335 - val_loss: 0.2092 - val_mse: 0.2092
Epoch 250/1000
100/100 - 47s - loss: 0.2369 - mse: 0.2369 - val_loss: 0.2089 - val_mse: 0.2089
Epoch 251/1000
100/100 - 44s - loss: 0.2347 - mse: 0.2347 - val_loss: 0.2060 - val_mse: 0.2060
Epoch 252/1000
100/100 - 44s - loss: 0.2390 - mse: 0.2390 - val_loss: 0.2043 - val_mse: 0.2043
Epoch 253/1000
100/100 - 45s - loss: 0.2420 - mse: 0.2420 - val_loss: 0.2069 - val_mse: 0.2069
Epoch 254/1000
100/100 - 43s - loss: 0.2433 - mse: 0.2433 - val_loss: 0.2379 - val_mse: 0.2379
Epoch 255/1000
100/100 - 44s - loss: 0.2456 - mse: 0.2456 - val_loss: 0.2173 - val_mse: 0.2173
Epoch 256/1000
100/100 - 44s - loss: 0.2509 - mse: 0.2509 - val_loss: 0.2089 - val_mse: 0.2089
Epoch 257/1000
100/100 - 45s - loss: 0.2353 - mse: 0.2353 - val_loss: 0.2064 - val_mse: 0.2064
Epoch 258/1000
100/100 - 43s - loss: 0.2366 - mse: 0.2366 - val_loss: 0.2023 - val_mse: 0.2023
Epoch 259/1000
100/100 - 45s - loss: 0.2377 - mse: 0.2377 - val_loss: 0.2055 - val_mse: 0.2055
Epoch 260/1000
100/100 - 46s - loss: 0.2405 - mse: 0.2405 - val_loss: 0.2049 - val_mse: 0.2049
Epoch 261/1000
100/100 - 43s - loss: 0.2314 - mse: 0.2314 - val_loss: 0.2044 - val_mse: 0.2044
Epoch 262/1000
100/100 - 46s - loss: 0.2383 - mse: 0.2383 - val_loss: 0.2022 - val_mse: 0.2022
Epoch 263/1000
100/100 - 43s - loss: 0.2336 - mse: 0.2336 - val_loss: 0.2039 - val_mse: 0.2039
Epoch 264/1000
100/100 - 45s - loss: 0.2349 - mse: 0.2349 - val_loss: 0.2037 - val_mse: 0.2037
Epoch 265/1000
100/100 - 44s - loss: 0.2364 - mse: 0.2364 - val_loss: 0.2041 - val_mse: 0.2041
Epoch 266/1000
100/100 - 46s - loss: 0.2281 - mse: 0.2281 - val_loss: 0.2056 - val_mse: 0.2056
Epoch 267/1000
100/100 - 43s - loss: 0.2370 - mse: 0.2370 - val_loss: 0.2010 - val_mse: 0.2010
Epoch 268/1000
100/100 - 45s - loss: 0.2344 - mse: 0.2344 - val_loss: 0.2018 - val_mse: 0.2018
Epoch 269/1000
100/100 - 47s - loss: 0.2287 - mse: 0.2287 - val_loss: 0.2001 - val_mse: 0.2001
Epoch 270/1000
100/100 - 43s - loss: 0.2364 - mse: 0.2364 - val_loss: 0.1999 - val_mse: 0.1999
Epoch 271/1000
100/100 - 45s - loss: 0.2376 - mse: 0.2376 - val_loss: 0.2016 - val_mse: 0.2016
Epoch 272/1000
100/100 - 46s - loss: 0.2267 - mse: 0.2267 - val_loss: 0.2010 - val_mse: 0.2010
Epoch 273/1000
100/100 - 46s - loss: 0.2282 - mse: 0.2282 - val_loss: 0.2027 - val_mse: 0.2027
Epoch 274/1000
100/100 - 43s - loss: 0.2495 - mse: 0.2495 - val_loss: 0.2211 - val_mse: 0.2211
Epoch 275/1000
100/100 - 45s - loss: 0.2484 - mse: 0.2484 - val_loss: 0.2119 - val_mse: 0.2119
Epoch 276/1000
100/100 - 46s - loss: 0.2335 - mse: 0.2335 - val_loss: 0.2042 - val_mse: 0.2042
Epoch 277/1000
100/100 - 43s - loss: 0.2399 - mse: 0.2399 - val_loss: 0.2067 - val_mse: 0.2067
Epoch 278/1000
100/100 - 45s - loss: 0.2346 - mse: 0.2346 - val_loss: 0.2077 - val_mse: 0.2077
Epoch 279/1000
100/100 - 46s - loss: 0.2399 - mse: 0.2399 - val_loss: 0.2056 - val_mse: 0.2056
Epoch 280/1000
100/100 - 43s - loss: 0.2324 - mse: 0.2324 - val_loss: 0.2051 - val_mse: 0.2051
Epoch 281/1000
100/100 - 45s - loss: 0.2233 - mse: 0.2233 - val_loss: 0.2033 - val_mse: 0.2033
Epoch 282/1000
100/100 - 46s - loss: 0.2432 - mse: 0.2432 - val_loss: 0.2292 - val_mse: 0.2292
Epoch 283/1000
100/100 - 43s - loss: 0.2310 - mse: 0.2310 - val_loss: 0.2045 - val_mse: 0.2045
Epoch 284/1000
100/100 - 44s - loss: 0.2366 - mse: 0.2366 - val_loss: 0.2004 - val_mse: 0.2004
Epoch 285/1000
100/100 - 44s - loss: 0.2443 - mse: 0.2443 - val_loss: 0.2660 - val_mse: 0.2660
Epoch 286/1000
100/100 - 46s - loss: 0.2491 - mse: 0.2491 - val_loss: 0.2109 - val_mse: 0.2109
Epoch 287/1000
100/100 - 43s - loss: 0.2430 - mse: 0.2430 - val_loss: 0.2158 - val_mse: 0.2158
Epoch 288/1000
100/100 - 45s - loss: 0.2399 - mse: 0.2399 - val_loss: 0.2059 - val_mse: 0.2059
Epoch 289/1000
100/100 - 46s - loss: 0.2372 - mse: 0.2372 - val_loss: 0.2031 - val_mse: 0.2031
Epoch 290/1000
100/100 - 43s - loss: 0.2329 - mse: 0.2329 - val_loss: 0.2004 - val_mse: 0.2004
Epoch 291/1000
100/100 - 46s - loss: 0.2370 - mse: 0.2370 - val_loss: 0.2020 - val_mse: 0.2020
Epoch 292/1000
100/100 - 42s - loss: 0.2288 - mse: 0.2288 - val_loss: 0.2108 - val_mse: 0.2108
Epoch 293/1000
100/100 - 45s - loss: 0.2367 - mse: 0.2367 - val_loss: 0.1976 - val_mse: 0.1976
Epoch 294/1000
100/100 - 44s - loss: 0.2326 - mse: 0.2326 - val_loss: 0.1973 - val_mse: 0.1973
Epoch 295/1000
100/100 - 46s - loss: 0.2280 - mse: 0.2280 - val_loss: 0.1981 - val_mse: 0.1981
Epoch 296/1000
100/100 - 42s - loss: 0.2219 - mse: 0.2219 - val_loss: 0.1985 - val_mse: 0.1985
Epoch 297/1000
100/100 - 45s - loss: 0.2307 - mse: 0.2307 - val_loss: 0.1980 - val_mse: 0.1980
Epoch 298/1000
100/100 - 46s - loss: 0.2382 - mse: 0.2382 - val_loss: 0.2122 - val_mse: 0.2122
Epoch 299/1000
100/100 - 43s - loss: 0.2350 - mse: 0.2350 - val_loss: 0.2052 - val_mse: 0.2052
Epoch 300/1000
100/100 - 45s - loss: 0.2330 - mse: 0.2330 - val_loss: 0.1989 - val_mse: 0.1989
Epoch 301/1000
100/100 - 46s - loss: 0.2271 - mse: 0.2271 - val_loss: 0.1951 - val_mse: 0.1951
Epoch 302/1000
100/100 - 48s - loss: 0.2329 - mse: 0.2329 - val_loss: 0.1965 - val_mse: 0.1965
Epoch 303/1000
100/100 - 44s - loss: 0.2353 - mse: 0.2353 - val_loss: 0.2010 - val_mse: 0.2010
Epoch 304/1000
100/100 - 45s - loss: 0.2243 - mse: 0.2243 - val_loss: 0.1970 - val_mse: 0.1970
Epoch 305/1000
100/100 - 47s - loss: 0.2295 - mse: 0.2295 - val_loss: 0.2055 - val_mse: 0.2055
Epoch 306/1000
100/100 - 44s - loss: 0.2310 - mse: 0.2310 - val_loss: 0.1986 - val_mse: 0.1986
Epoch 307/1000
100/100 - 47s - loss: 0.2278 - mse: 0.2278 - val_loss: 0.1986 - val_mse: 0.1986
Epoch 308/1000
100/100 - 47s - loss: 0.2264 - mse: 0.2264 - val_loss: 0.1968 - val_mse: 0.1968
Epoch 309/1000
100/100 - 43s - loss: 0.2217 - mse: 0.2217 - val_loss: 0.1966 - val_mse: 0.1966
Epoch 310/1000
100/100 - 46s - loss: 0.2268 - mse: 0.2268 - val_loss: 0.2044 - val_mse: 0.2044
Epoch 311/1000
100/100 - 45s - loss: 0.2276 - mse: 0.2276 - val_loss: 0.1973 - val_mse: 0.1973
Epoch 312/1000
100/100 - 43s - loss: 0.2290 - mse: 0.2290 - val_loss: 0.1981 - val_mse: 0.1981
Epoch 313/1000
100/100 - 44s - loss: 0.2286 - mse: 0.2286 - val_loss: 0.2016 - val_mse: 0.2016
Epoch 314/1000
100/100 - 44s - loss: 0.2347 - mse: 0.2347 - val_loss: 0.2062 - val_mse: 0.2062
Epoch 315/1000
100/100 - 46s - loss: 0.2377 - mse: 0.2377 - val_loss: 0.2088 - val_mse: 0.2088
Epoch 316/1000
100/100 - 43s - loss: 0.2292 - mse: 0.2292 - val_loss: 0.2014 - val_mse: 0.2014
Epoch 317/1000
100/100 - 46s - loss: 0.2320 - mse: 0.2320 - val_loss: 0.1960 - val_mse: 0.1960
Epoch 318/1000
100/100 - 46s - loss: 0.2236 - mse: 0.2236 - val_loss: 0.1945 - val_mse: 0.1945
Epoch 319/1000
100/100 - 43s - loss: 0.2295 - mse: 0.2295 - val_loss: 0.1936 - val_mse: 0.1936
Epoch 320/1000
100/100 - 46s - loss: 0.2240 - mse: 0.2240 - val_loss: 0.1935 - val_mse: 0.1935
Epoch 321/1000
100/100 - 48s - loss: 0.2234 - mse: 0.2234 - val_loss: 0.1959 - val_mse: 0.1959
Epoch 322/1000
100/100 - 44s - loss: 0.2270 - mse: 0.2270 - val_loss: 0.1930 - val_mse: 0.1930
Epoch 323/1000
100/100 - 46s - loss: 0.2229 - mse: 0.2229 - val_loss: 0.1947 - val_mse: 0.1947
Epoch 324/1000
100/100 - 46s - loss: 0.2265 - mse: 0.2265 - val_loss: 0.2021 - val_mse: 0.2021
Epoch 325/1000
100/100 - 44s - loss: 0.2278 - mse: 0.2278 - val_loss: 0.1954 - val_mse: 0.1954
Epoch 326/1000
100/100 - 45s - loss: 0.2272 - mse: 0.2272 - val_loss: 0.1934 - val_mse: 0.1934
Epoch 327/1000
100/100 - 44s - loss: 0.2260 - mse: 0.2260 - val_loss: 0.1919 - val_mse: 0.1919
Epoch 328/1000
100/100 - 45s - loss: 0.2178 - mse: 0.2178 - val_loss: 0.1971 - val_mse: 0.1971
Epoch 329/1000
100/100 - 43s - loss: 0.2215 - mse: 0.2215 - val_loss: 0.1942 - val_mse: 0.1942
Epoch 330/1000
100/100 - 46s - loss: 0.2243 - mse: 0.2243 - val_loss: 0.1970 - val_mse: 0.1970
Epoch 331/1000
100/100 - 45s - loss: 0.2223 - mse: 0.2223 - val_loss: 0.1966 - val_mse: 0.1966
Epoch 332/1000
100/100 - 46s - loss: 0.2244 - mse: 0.2244 - val_loss: 0.2176 - val_mse: 0.2176
Epoch 333/1000
100/100 - 43s - loss: 0.2292 - mse: 0.2292 - val_loss: 0.2037 - val_mse: 0.2037
Epoch 334/1000
100/100 - 47s - loss: 0.2307 - mse: 0.2307 - val_loss: 0.1974 - val_mse: 0.1974
Epoch 335/1000
100/100 - 43s - loss: 0.2215 - mse: 0.2215 - val_loss: 0.1921 - val_mse: 0.1921
Epoch 336/1000
100/100 - 45s - loss: 0.2142 - mse: 0.2142 - val_loss: 0.1958 - val_mse: 0.1958
Epoch 337/1000
100/100 - 45s - loss: 0.2232 - mse: 0.2232 - val_loss: 0.1917 - val_mse: 0.1917
Epoch 338/1000
100/100 - 46s - loss: 0.2268 - mse: 0.2268 - val_loss: 0.1925 - val_mse: 0.1925
Epoch 339/1000
100/100 - 43s - loss: 0.2263 - mse: 0.2263 - val_loss: 0.1923 - val_mse: 0.1923
Epoch 340/1000
100/100 - 45s - loss: 0.2180 - mse: 0.2180 - val_loss: 0.1895 - val_mse: 0.1895
Epoch 341/1000
100/100 - 47s - loss: 0.2235 - mse: 0.2235 - val_loss: 0.2029 - val_mse: 0.2029
Epoch 342/1000
100/100 - 44s - loss: 0.2225 - mse: 0.2225 - val_loss: 0.2042 - val_mse: 0.2042
Epoch 343/1000
100/100 - 46s - loss: 0.2272 - mse: 0.2272 - val_loss: 0.2047 - val_mse: 0.2047
Epoch 344/1000
100/100 - 45s - loss: 0.2214 - mse: 0.2214 - val_loss: 0.1927 - val_mse: 0.1927
Epoch 345/1000
100/100 - 46s - loss: 0.2258 - mse: 0.2258 - val_loss: 0.1937 - val_mse: 0.1937
Epoch 346/1000
100/100 - 44s - loss: 0.2255 - mse: 0.2255 - val_loss: 0.1923 - val_mse: 0.1923
Epoch 347/1000
100/100 - 46s - loss: 0.2223 - mse: 0.2223 - val_loss: 0.1923 - val_mse: 0.1923
Epoch 348/1000
100/100 - 45s - loss: 0.2310 - mse: 0.2310 - val_loss: 0.1953 - val_mse: 0.1953
Epoch 349/1000
100/100 - 48s - loss: 0.2208 - mse: 0.2208 - val_loss: 0.1899 - val_mse: 0.1899
Epoch 350/1000
100/100 - 43s - loss: 0.2240 - mse: 0.2240 - val_loss: 0.1899 - val_mse: 0.1899
Epoch 351/1000
100/100 - 46s - loss: 0.2236 - mse: 0.2236 - val_loss: 0.1912 - val_mse: 0.1912
Epoch 352/1000
100/100 - 43s - loss: 0.2204 - mse: 0.2204 - val_loss: 0.1885 - val_mse: 0.1885
Epoch 353/1000
100/100 - 44s - loss: 0.2214 - mse: 0.2214 - val_loss: 0.1904 - val_mse: 0.1904
Epoch 354/1000
100/100 - 46s - loss: 0.2139 - mse: 0.2139 - val_loss: 0.1868 - val_mse: 0.1868
Epoch 355/1000
100/100 - 48s - loss: 0.2244 - mse: 0.2244 - val_loss: 0.1920 - val_mse: 0.1920
Epoch 356/1000
100/100 - 43s - loss: 0.2229 - mse: 0.2229 - val_loss: 0.1937 - val_mse: 0.1937
Epoch 357/1000
100/100 - 46s - loss: 0.2355 - mse: 0.2355 - val_loss: 0.3646 - val_mse: 0.3646
Epoch 358/1000
100/100 - 46s - loss: 0.2465 - mse: 0.2465 - val_loss: 0.2186 - val_mse: 0.2186
Epoch 359/1000
100/100 - 46s - loss: 0.2328 - mse: 0.2328 - val_loss: 0.2111 - val_mse: 0.2111
Epoch 360/1000
100/100 - 44s - loss: 0.2356 - mse: 0.2356 - val_loss: 0.1978 - val_mse: 0.1978
Epoch 361/1000
100/100 - 49s - loss: 0.2252 - mse: 0.2252 - val_loss: 0.1961 - val_mse: 0.1961
Epoch 362/1000
100/100 - 43s - loss: 0.2131 - mse: 0.2131 - val_loss: 0.1960 - val_mse: 0.1960
Epoch 363/1000
100/100 - 46s - loss: 0.2206 - mse: 0.2206 - val_loss: 0.1999 - val_mse: 0.1999
Epoch 364/1000
100/100 - 45s - loss: 0.2221 - mse: 0.2221 - val_loss: 0.1949 - val_mse: 0.1949
Epoch 365/1000
100/100 - 46s - loss: 0.2221 - mse: 0.2221 - val_loss: 0.1931 - val_mse: 0.1931
Epoch 366/1000
100/100 - 43s - loss: 0.2306 - mse: 0.2306 - val_loss: 0.1951 - val_mse: 0.1951
Epoch 367/1000
100/100 - 45s - loss: 0.2191 - mse: 0.2191 - val_loss: 0.1890 - val_mse: 0.1890
Epoch 368/1000
100/100 - 44s - loss: 0.2167 - mse: 0.2167 - val_loss: 0.1925 - val_mse: 0.1925
Epoch 369/1000
100/100 - 46s - loss: 0.2186 - mse: 0.2186 - val_loss: 0.1886 - val_mse: 0.1886
Epoch 370/1000
100/100 - 43s - loss: 0.2223 - mse: 0.2223 - val_loss: 0.1893 - val_mse: 0.1893
Epoch 371/1000
100/100 - 47s - loss: 0.2177 - mse: 0.2177 - val_loss: 0.1912 - val_mse: 0.1912
Epoch 372/1000
100/100 - 43s - loss: 0.2154 - mse: 0.2154 - val_loss: 0.1926 - val_mse: 0.1926
Epoch 373/1000
100/100 - 45s - loss: 0.2166 - mse: 0.2166 - val_loss: 0.1887 - val_mse: 0.1887
Epoch 374/1000
100/100 - 44s - loss: 0.2131 - mse: 0.2131 - val_loss: 0.1868 - val_mse: 0.1868
Epoch 375/1000
100/100 - 45s - loss: 0.2150 - mse: 0.2150 - val_loss: 0.1889 - val_mse: 0.1889
Epoch 376/1000
100/100 - 43s - loss: 0.2191 - mse: 0.2191 - val_loss: 0.1895 - val_mse: 0.1895
Epoch 377/1000
100/100 - 44s - loss: 0.2162 - mse: 0.2162 - val_loss: 0.1997 - val_mse: 0.1997
Epoch 378/1000
100/100 - 46s - loss: 0.2143 - mse: 0.2143 - val_loss: 0.1893 - val_mse: 0.1893
Epoch 379/1000
100/100 - 44s - loss: 0.2399 - mse: 0.2399 - val_loss: 0.2159 - val_mse: 0.2159
Epoch 380/1000
100/100 - 45s - loss: 0.2455 - mse: 0.2455 - val_loss: 0.2099 - val_mse: 0.2099
Epoch 381/1000
100/100 - 45s - loss: 0.2209 - mse: 0.2209 - val_loss: 0.1948 - val_mse: 0.1948
Epoch 382/1000
100/100 - 46s - loss: 0.2224 - mse: 0.2224 - val_loss: 0.1916 - val_mse: 0.1916
Epoch 383/1000
100/100 - 43s - loss: 0.2179 - mse: 0.2179 - val_loss: 0.1885 - val_mse: 0.1885
Epoch 384/1000
100/100 - 45s - loss: 0.2188 - mse: 0.2188 - val_loss: 0.1880 - val_mse: 0.1880
Epoch 385/1000
100/100 - 46s - loss: 0.2168 - mse: 0.2168 - val_loss: 0.1852 - val_mse: 0.1852
Epoch 386/1000
100/100 - 43s - loss: 0.2133 - mse: 0.2133 - val_loss: 0.1934 - val_mse: 0.1934
Epoch 387/1000
100/100 - 47s - loss: 0.2224 - mse: 0.2224 - val_loss: 0.1898 - val_mse: 0.1898
Epoch 388/1000
100/100 - 43s - loss: 0.2217 - mse: 0.2217 - val_loss: 0.1910 - val_mse: 0.1910
Epoch 389/1000
100/100 - 46s - loss: 0.2175 - mse: 0.2175 - val_loss: 0.1901 - val_mse: 0.1901
Epoch 390/1000
100/100 - 45s - loss: 0.2126 - mse: 0.2126 - val_loss: 0.1899 - val_mse: 0.1899
Epoch 391/1000
100/100 - 47s - loss: 0.2217 - mse: 0.2217 - val_loss: 0.1858 - val_mse: 0.1858
Epoch 392/1000
100/100 - 43s - loss: 0.2168 - mse: 0.2168 - val_loss: 0.1893 - val_mse: 0.1893
Epoch 393/1000
100/100 - 46s - loss: 0.2192 - mse: 0.2192 - val_loss: 0.2194 - val_mse: 0.2194
Epoch 394/1000
100/100 - 46s - loss: 0.2255 - mse: 0.2255 - val_loss: 0.1929 - val_mse: 0.1929
Epoch 395/1000
100/100 - 43s - loss: 0.2161 - mse: 0.2161 - val_loss: 0.1883 - val_mse: 0.1883
Epoch 396/1000
100/100 - 46s - loss: 0.2138 - mse: 0.2138 - val_loss: 0.1909 - val_mse: 0.1909
Epoch 397/1000
100/100 - 43s - loss: 0.2181 - mse: 0.2181 - val_loss: 0.1868 - val_mse: 0.1868
Epoch 398/1000
100/100 - 45s - loss: 0.2165 - mse: 0.2165 - val_loss: 0.1868 - val_mse: 0.1868
Epoch 399/1000
100/100 - 45s - loss: 0.2172 - mse: 0.2172 - val_loss: 0.1844 - val_mse: 0.1844
Epoch 400/1000
100/100 - 46s - loss: 0.2146 - mse: 0.2146 - val_loss: 0.1862 - val_mse: 0.1862
Epoch 401/1000
100/100 - 43s - loss: 0.2121 - mse: 0.2121 - val_loss: 0.1853 - val_mse: 0.1853
Epoch 402/1000
100/100 - 45s - loss: 0.2110 - mse: 0.2110 - val_loss: 0.1864 - val_mse: 0.1864
Epoch 403/1000
100/100 - 46s - loss: 0.2090 - mse: 0.2090 - val_loss: 0.2010 - val_mse: 0.2010
Epoch 404/1000
100/100 - 43s - loss: 0.2253 - mse: 0.2253 - val_loss: 0.2035 - val_mse: 0.2035
Epoch 405/1000
100/100 - 48s - loss: 0.2145 - mse: 0.2145 - val_loss: 0.1924 - val_mse: 0.1924
Epoch 406/1000
100/100 - 43s - loss: 0.2124 - mse: 0.2124 - val_loss: 0.1850 - val_mse: 0.1850
Epoch 407/1000
100/100 - 46s - loss: 0.2098 - mse: 0.2098 - val_loss: 0.1883 - val_mse: 0.1883
Epoch 408/1000
100/100 - 45s - loss: 0.2114 - mse: 0.2114 - val_loss: 0.1883 - val_mse: 0.1883
Epoch 409/1000
100/100 - 45s - loss: 0.2073 - mse: 0.2073 - val_loss: 0.1887 - val_mse: 0.1887
Epoch 410/1000
100/100 - 43s - loss: 0.2185 - mse: 0.2185 - val_loss: 0.1878 - val_mse: 0.1878
Epoch 411/1000
100/100 - 47s - loss: 0.2127 - mse: 0.2127 - val_loss: 0.1862 - val_mse: 0.1862
Epoch 412/1000
100/100 - 47s - loss: 0.2144 - mse: 0.2144 - val_loss: 0.1846 - val_mse: 0.1846
Epoch 413/1000
100/100 - 42s - loss: 0.2130 - mse: 0.2130 - val_loss: 0.1851 - val_mse: 0.1851
Epoch 414/1000
100/100 - 46s - loss: 0.2080 - mse: 0.2080 - val_loss: 0.1845 - val_mse: 0.1845
Epoch 415/1000
100/100 - 43s - loss: 0.2149 - mse: 0.2149 - val_loss: 0.1870 - val_mse: 0.1870
Epoch 416/1000
100/100 - 45s - loss: 0.2128 - mse: 0.2128 - val_loss: 0.1852 - val_mse: 0.1852
Epoch 417/1000
100/100 - 44s - loss: 0.2189 - mse: 0.2189 - val_loss: 0.1885 - val_mse: 0.1885
Epoch 418/1000
100/100 - 46s - loss: 0.2161 - mse: 0.2161 - val_loss: 0.1867 - val_mse: 0.1867
Epoch 419/1000
100/100 - 43s - loss: 0.2075 - mse: 0.2075 - val_loss: 0.1987 - val_mse: 0.1987
Epoch 420/1000
100/100 - 46s - loss: 0.2216 - mse: 0.2216 - val_loss: 0.1884 - val_mse: 0.1884
Epoch 421/1000
100/100 - 48s - loss: 0.2116 - mse: 0.2116 - val_loss: 0.1878 - val_mse: 0.1878
Epoch 422/1000
100/100 - 43s - loss: 0.2126 - mse: 0.2126 - val_loss: 0.1853 - val_mse: 0.1853
Epoch 423/1000
100/100 - 47s - loss: 0.2136 - mse: 0.2136 - val_loss: 0.1940 - val_mse: 0.1940
Epoch 424/1000
100/100 - 43s - loss: 0.2164 - mse: 0.2164 - val_loss: 0.1895 - val_mse: 0.1895
Epoch 425/1000
100/100 - 45s - loss: 0.2163 - mse: 0.2163 - val_loss: 0.1851 - val_mse: 0.1851
Epoch 426/1000
100/100 - 44s - loss: 0.2115 - mse: 0.2115 - val_loss: 0.1858 - val_mse: 0.1858
Epoch 427/1000
100/100 - 46s - loss: 0.2164 - mse: 0.2164 - val_loss: 0.1891 - val_mse: 0.1891
Epoch 428/1000
100/100 - 43s - loss: 0.2126 - mse: 0.2126 - val_loss: 0.1969 - val_mse: 0.1969
Epoch 429/1000
100/100 - 45s - loss: 0.2265 - mse: 0.2265 - val_loss: 0.1942 - val_mse: 0.1942
Epoch 430/1000
100/100 - 46s - loss: 0.2155 - mse: 0.2155 - val_loss: 0.2078 - val_mse: 0.2078
Epoch 431/1000
100/100 - 43s - loss: 0.2233 - mse: 0.2233 - val_loss: 0.2002 - val_mse: 0.2002
Epoch 432/1000
100/100 - 46s - loss: 0.2118 - mse: 0.2118 - val_loss: 0.1962 - val_mse: 0.1962
Epoch 433/1000
100/100 - 43s - loss: 0.2161 - mse: 0.2161 - val_loss: 0.1984 - val_mse: 0.1984
Epoch 434/1000
100/100 - 45s - loss: 0.2100 - mse: 0.2100 - val_loss: 0.1971 - val_mse: 0.1971
Epoch 435/1000
100/100 - 45s - loss: 0.2127 - mse: 0.2127 - val_loss: 0.1911 - val_mse: 0.1911
Epoch 436/1000
100/100 - 45s - loss: 0.2176 - mse: 0.2176 - val_loss: 0.1884 - val_mse: 0.1884
Epoch 437/1000
100/100 - 44s - loss: 0.2147 - mse: 0.2147 - val_loss: 0.1884 - val_mse: 0.1884
Epoch 438/1000
100/100 - 45s - loss: 0.2132 - mse: 0.2132 - val_loss: 0.1848 - val_mse: 0.1848
Epoch 439/1000
100/100 - 47s - loss: 0.2081 - mse: 0.2081 - val_loss: 0.1869 - val_mse: 0.1869
Epoch 440/1000
100/100 - 43s - loss: 0.2131 - mse: 0.2131 - val_loss: 0.1906 - val_mse: 0.1906
Epoch 441/1000
100/100 - 47s - loss: 0.2147 - mse: 0.2147 - val_loss: 0.1869 - val_mse: 0.1869
Epoch 442/1000
100/100 - 43s - loss: 0.2091 - mse: 0.2091 - val_loss: 0.1890 - val_mse: 0.1890
Epoch 443/1000
100/100 - 45s - loss: 0.2073 - mse: 0.2073 - val_loss: 0.1873 - val_mse: 0.1873
Epoch 444/1000
100/100 - 44s - loss: 0.2119 - mse: 0.2119 - val_loss: 0.1843 - val_mse: 0.1843
Epoch 445/1000
100/100 - 45s - loss: 0.2165 - mse: 0.2165 - val_loss: 0.1843 - val_mse: 0.1843
Epoch 446/1000
100/100 - 43s - loss: 0.2039 - mse: 0.2039 - val_loss: 0.1829 - val_mse: 0.1829
Epoch 447/1000
100/100 - 46s - loss: 0.2198 - mse: 0.2198 - val_loss: 0.1907 - val_mse: 0.1907
Epoch 448/1000
100/100 - 46s - loss: 0.2158 - mse: 0.2158 - val_loss: 0.1883 - val_mse: 0.1883
Epoch 449/1000
100/100 - 43s - loss: 0.2094 - mse: 0.2094 - val_loss: 0.2005 - val_mse: 0.2005
Epoch 450/1000
100/100 - 47s - loss: 0.2187 - mse: 0.2187 - val_loss: 0.1965 - val_mse: 0.1965
Epoch 451/1000
100/100 - 44s - loss: 0.2075 - mse: 0.2075 - val_loss: 0.1870 - val_mse: 0.1870
Epoch 452/1000
100/100 - 47s - loss: 0.2157 - mse: 0.2157 - val_loss: 0.1846 - val_mse: 0.1846
Epoch 453/1000
100/100 - 45s - loss: 0.2059 - mse: 0.2059 - val_loss: 0.1818 - val_mse: 0.1818
Epoch 454/1000
100/100 - 46s - loss: 0.2112 - mse: 0.2112 - val_loss: 0.1947 - val_mse: 0.1947
Epoch 455/1000
100/100 - 43s - loss: 0.2149 - mse: 0.2149 - val_loss: 0.1852 - val_mse: 0.1852
Epoch 456/1000
100/100 - 46s - loss: 0.2119 - mse: 0.2119 - val_loss: 0.1818 - val_mse: 0.1818
Epoch 457/1000
100/100 - 46s - loss: 0.2152 - mse: 0.2152 - val_loss: 0.1814 - val_mse: 0.1814
Epoch 458/1000
100/100 - 43s - loss: 0.2116 - mse: 0.2116 - val_loss: 0.2082 - val_mse: 0.2082
Epoch 459/1000
100/100 - 46s - loss: 0.2140 - mse: 0.2140 - val_loss: 0.1888 - val_mse: 0.1888
Epoch 460/1000
100/100 - 43s - loss: 0.2218 - mse: 0.2218 - val_loss: 0.1937 - val_mse: 0.1937
Epoch 461/1000
100/100 - 45s - loss: 0.2115 - mse: 0.2115 - val_loss: 0.1882 - val_mse: 0.1882
Epoch 462/1000
100/100 - 45s - loss: 0.2074 - mse: 0.2074 - val_loss: 0.1863 - val_mse: 0.1863
Epoch 463/1000
100/100 - 46s - loss: 0.2089 - mse: 0.2089 - val_loss: 0.1859 - val_mse: 0.1859
Epoch 464/1000
100/100 - 43s - loss: 0.2127 - mse: 0.2127 - val_loss: 0.1850 - val_mse: 0.1850
Epoch 465/1000
100/100 - 45s - loss: 0.2103 - mse: 0.2103 - val_loss: 0.1853 - val_mse: 0.1853
Epoch 466/1000
100/100 - 46s - loss: 0.2108 - mse: 0.2108 - val_loss: 0.1854 - val_mse: 0.1854
Epoch 467/1000
100/100 - 43s - loss: 0.2099 - mse: 0.2099 - val_loss: 0.1848 - val_mse: 0.1848
Epoch 468/1000
100/100 - 46s - loss: 0.2130 - mse: 0.2130 - val_loss: 0.1826 - val_mse: 0.1826
Epoch 469/1000
100/100 - 43s - loss: 0.2129 - mse: 0.2129 - val_loss: 0.1857 - val_mse: 0.1857
Epoch 470/1000
100/100 - 45s - loss: 0.2068 - mse: 0.2068 - val_loss: 0.1830 - val_mse: 0.1830
Epoch 471/1000
100/100 - 45s - loss: 0.2070 - mse: 0.2070 - val_loss: 0.1885 - val_mse: 0.1885
Epoch 472/1000
100/100 - 47s - loss: 0.2175 - mse: 0.2175 - val_loss: 0.2010 - val_mse: 0.2010
Epoch 473/1000
100/100 - 43s - loss: 0.2211 - mse: 0.2211 - val_loss: 0.1952 - val_mse: 0.1952
Epoch 474/1000
100/100 - 46s - loss: 0.2186 - mse: 0.2186 - val_loss: 0.1971 - val_mse: 0.1971
Epoch 475/1000
100/100 - 47s - loss: 0.2262 - mse: 0.2262 - val_loss: 0.1921 - val_mse: 0.1921
Epoch 476/1000
100/100 - 43s - loss: 0.2224 - mse: 0.2224 - val_loss: 0.1978 - val_mse: 0.1978
Epoch 477/1000
100/100 - 49s - loss: 0.2168 - mse: 0.2168 - val_loss: 0.1905 - val_mse: 0.1905
Epoch 478/1000
100/100 - 43s - loss: 0.2078 - mse: 0.2078 - val_loss: 0.1929 - val_mse: 0.1929
Epoch 479/1000
100/100 - 46s - loss: 0.2144 - mse: 0.2144 - val_loss: 0.1860 - val_mse: 0.1860
Epoch 480/1000
100/100 - 44s - loss: 0.2076 - mse: 0.2076 - val_loss: 0.1909 - val_mse: 0.1909
Epoch 481/1000
100/100 - 48s - loss: 0.2068 - mse: 0.2068 - val_loss: 0.1902 - val_mse: 0.1902
Epoch 482/1000
100/100 - 44s - loss: 0.2132 - mse: 0.2132 - val_loss: 0.1883 - val_mse: 0.1883
Epoch 483/1000
100/100 - 46s - loss: 0.2049 - mse: 0.2049 - val_loss: 0.1860 - val_mse: 0.1860
Epoch 484/1000
100/100 - 47s - loss: 0.2105 - mse: 0.2105 - val_loss: 0.1894 - val_mse: 0.1894
Epoch 485/1000
100/100 - 44s - loss: 0.2103 - mse: 0.2103 - val_loss: 0.1892 - val_mse: 0.1892
Epoch 486/1000
100/100 - 48s - loss: 0.2124 - mse: 0.2124 - val_loss: 0.1857 - val_mse: 0.1857
Epoch 487/1000
100/100 - 43s - loss: 0.2137 - mse: 0.2137 - val_loss: 0.1841 - val_mse: 0.1841
Epoch 488/1000
100/100 - 45s - loss: 0.2113 - mse: 0.2113 - val_loss: 0.1834 - val_mse: 0.1834
Epoch 489/1000
100/100 - 44s - loss: 0.2025 - mse: 0.2025 - val_loss: 0.1818 - val_mse: 0.1818
Epoch 490/1000
100/100 - 46s - loss: 0.2100 - mse: 0.2100 - val_loss: 0.1823 - val_mse: 0.1823
Epoch 491/1000
100/100 - 44s - loss: 0.2057 - mse: 0.2057 - val_loss: 0.1814 - val_mse: 0.1814
Epoch 492/1000
100/100 - 45s - loss: 0.2093 - mse: 0.2093 - val_loss: 0.1811 - val_mse: 0.1811
Epoch 493/1000
100/100 - 45s - loss: 0.2061 - mse: 0.2061 - val_loss: 0.1820 - val_mse: 0.1820
Epoch 494/1000
100/100 - 43s - loss: 0.2084 - mse: 0.2084 - val_loss: 0.1818 - val_mse: 0.1818
Epoch 495/1000
100/100 - 47s - loss: 0.2129 - mse: 0.2129 - val_loss: 0.1823 - val_mse: 0.1823
Epoch 496/1000
100/100 - 42s - loss: 0.2136 - mse: 0.2136 - val_loss: 0.1847 - val_mse: 0.1847
Epoch 497/1000
100/100 - 45s - loss: 0.2034 - mse: 0.2034 - val_loss: 0.1827 - val_mse: 0.1827
Epoch 498/1000
100/100 - 44s - loss: 0.2005 - mse: 0.2005 - val_loss: 0.1822 - val_mse: 0.1822
Epoch 499/1000
100/100 - 45s - loss: 0.2059 - mse: 0.2059 - val_loss: 0.1820 - val_mse: 0.1820
Epoch 500/1000
100/100 - 43s - loss: 0.2055 - mse: 0.2055 - val_loss: 0.1843 - val_mse: 0.1843
Epoch 501/1000
100/100 - 45s - loss: 0.2113 - mse: 0.2113 - val_loss: 0.1881 - val_mse: 0.1881
Epoch 502/1000
100/100 - 46s - loss: 0.2059 - mse: 0.2059 - val_loss: 0.1825 - val_mse: 0.1825
Epoch 503/1000
100/100 - 43s - loss: 0.2076 - mse: 0.2076 - val_loss: 0.1814 - val_mse: 0.1814
Epoch 504/1000
100/100 - 47s - loss: 0.2098 - mse: 0.2098 - val_loss: 0.1934 - val_mse: 0.1934
Epoch 505/1000
100/100 - 43s - loss: 0.2086 - mse: 0.2086 - val_loss: 0.1940 - val_mse: 0.1940
Epoch 506/1000
100/100 - 45s - loss: 0.2031 - mse: 0.2031 - val_loss: 0.1906 - val_mse: 0.1906
Epoch 507/1000
100/100 - 44s - loss: 0.2116 - mse: 0.2116 - val_loss: 0.2039 - val_mse: 0.2039
Epoch 508/1000
100/100 - 47s - loss: 0.2059 - mse: 0.2059 - val_loss: 0.1859 - val_mse: 0.1859
Epoch 509/1000
100/100 - 43s - loss: 0.2108 - mse: 0.2108 - val_loss: 0.1866 - val_mse: 0.1866
Epoch 510/1000
100/100 - 47s - loss: 0.2073 - mse: 0.2073 - val_loss: 0.1883 - val_mse: 0.1883
Epoch 511/1000
100/100 - 47s - loss: 0.2185 - mse: 0.2185 - val_loss: 0.1878 - val_mse: 0.1878
Epoch 512/1000
100/100 - 43s - loss: 0.2096 - mse: 0.2096 - val_loss: 0.1821 - val_mse: 0.1821
Epoch 513/1000
100/100 - 48s - loss: 0.2086 - mse: 0.2086 - val_loss: 0.1861 - val_mse: 0.1861
Epoch 514/1000
100/100 - 43s - loss: 0.2059 - mse: 0.2059 - val_loss: 0.2107 - val_mse: 0.2107
Epoch 515/1000
100/100 - 46s - loss: 0.2052 - mse: 0.2052 - val_loss: 0.2065 - val_mse: 0.2065
Epoch 516/1000
100/100 - 45s - loss: 0.2057 - mse: 0.2057 - val_loss: 0.1826 - val_mse: 0.1826
Epoch 517/1000
100/100 - 46s - loss: 0.2016 - mse: 0.2016 - val_loss: 0.1873 - val_mse: 0.1873
Epoch 518/1000
100/100 - 44s - loss: 0.2062 - mse: 0.2062 - val_loss: 0.1822 - val_mse: 0.1822
Epoch 519/1000
100/100 - 46s - loss: 0.2129 - mse: 0.2129 - val_loss: 0.1811 - val_mse: 0.1811
Epoch 520/1000
100/100 - 46s - loss: 0.2063 - mse: 0.2063 - val_loss: 0.1848 - val_mse: 0.1848
Epoch 521/1000
100/100 - 43s - loss: 0.2080 - mse: 0.2080 - val_loss: 0.1824 - val_mse: 0.1824
Epoch 522/1000
100/100 - 46s - loss: 0.2057 - mse: 0.2057 - val_loss: 0.1816 - val_mse: 0.1816
Epoch 523/1000
100/100 - 43s - loss: 0.2063 - mse: 0.2063 - val_loss: 0.1829 - val_mse: 0.1829
Epoch 524/1000
100/100 - 45s - loss: 0.2016 - mse: 0.2016 - val_loss: 0.1817 - val_mse: 0.1817
Epoch 525/1000
100/100 - 45s - loss: 0.2087 - mse: 0.2087 - val_loss: 0.1837 - val_mse: 0.1837
Epoch 526/1000
100/100 - 45s - loss: 0.2067 - mse: 0.2067 - val_loss: 0.1846 - val_mse: 0.1846
Epoch 527/1000
100/100 - 43s - loss: 0.2135 - mse: 0.2135 - val_loss: 0.1832 - val_mse: 0.1832
Epoch 528/1000
100/100 - 45s - loss: 0.2093 - mse: 0.2093 - val_loss: 0.1806 - val_mse: 0.1806
Epoch 529/1000
100/100 - 46s - loss: 0.2047 - mse: 0.2047 - val_loss: 0.1829 - val_mse: 0.1829
Epoch 530/1000
100/100 - 43s - loss: 0.2056 - mse: 0.2056 - val_loss: 0.1832 - val_mse: 0.1832
Epoch 531/1000
100/100 - 47s - loss: 0.2051 - mse: 0.2051 - val_loss: 0.1820 - val_mse: 0.1820
Epoch 532/1000
100/100 - 43s - loss: 0.2089 - mse: 0.2089 - val_loss: 0.1829 - val_mse: 0.1829
Epoch 533/1000
100/100 - 45s - loss: 0.2136 - mse: 0.2136 - val_loss: 0.1834 - val_mse: 0.1834
Epoch 534/1000
100/100 - 45s - loss: 0.2084 - mse: 0.2084 - val_loss: 0.1813 - val_mse: 0.1813
Epoch 535/1000
100/100 - 46s - loss: 0.2101 - mse: 0.2101 - val_loss: 0.1826 - val_mse: 0.1826
Epoch 536/1000
100/100 - 43s - loss: 0.2025 - mse: 0.2025 - val_loss: 0.1820 - val_mse: 0.1820
Epoch 537/1000
100/100 - 45s - loss: 0.2049 - mse: 0.2049 - val_loss: 0.1831 - val_mse: 0.1831
Epoch 538/1000
100/100 - 47s - loss: 0.2107 - mse: 0.2107 - val_loss: 0.1884 - val_mse: 0.1884
Epoch 539/1000
100/100 - 43s - loss: 0.2149 - mse: 0.2149 - val_loss: 0.1958 - val_mse: 0.1958
Epoch 540/1000
100/100 - 46s - loss: 0.2056 - mse: 0.2056 - val_loss: 0.1851 - val_mse: 0.1851
Epoch 541/1000
100/100 - 43s - loss: 0.2057 - mse: 0.2057 - val_loss: 0.1822 - val_mse: 0.1822
Epoch 542/1000
100/100 - 45s - loss: 0.1999 - mse: 0.1999 - val_loss: 0.1877 - val_mse: 0.1877
Epoch 543/1000
100/100 - 44s - loss: 0.2063 - mse: 0.2063 - val_loss: 0.1833 - val_mse: 0.1833
Epoch 544/1000
100/100 - 46s - loss: 0.2098 - mse: 0.2098 - val_loss: 0.1811 - val_mse: 0.1811
Epoch 545/1000
100/100 - 43s - loss: 0.2032 - mse: 0.2032 - val_loss: 0.1837 - val_mse: 0.1837
Epoch 546/1000
100/100 - 45s - loss: 0.2028 - mse: 0.2028 - val_loss: 0.1839 - val_mse: 0.1839
Epoch 547/1000
100/100 - 46s - loss: 0.2112 - mse: 0.2112 - val_loss: 0.1850 - val_mse: 0.1850
Epoch 548/1000
100/100 - 42s - loss: 0.2041 - mse: 0.2041 - val_loss: 0.1841 - val_mse: 0.1841
Epoch 549/1000
100/100 - 47s - loss: 0.2071 - mse: 0.2071 - val_loss: 0.1884 - val_mse: 0.1884
Epoch 550/1000
100/100 - 43s - loss: 0.2183 - mse: 0.2183 - val_loss: 0.1853 - val_mse: 0.1853
Epoch 551/1000
100/100 - 45s - loss: 0.2071 - mse: 0.2071 - val_loss: 0.1818 - val_mse: 0.1818
Epoch 552/1000
100/100 - 44s - loss: 0.2137 - mse: 0.2137 - val_loss: 0.1836 - val_mse: 0.1836
Epoch 553/1000
100/100 - 45s - loss: 0.2091 - mse: 0.2091 - val_loss: 0.2032 - val_mse: 0.2032
Epoch 554/1000
100/100 - 43s - loss: 0.2121 - mse: 0.2121 - val_loss: 0.1850 - val_mse: 0.1850
Epoch 555/1000
100/100 - 44s - loss: 0.2072 - mse: 0.2072 - val_loss: 0.1829 - val_mse: 0.1829
Epoch 556/1000
100/100 - 46s - loss: 0.2112 - mse: 0.2112 - val_loss: 0.1838 - val_mse: 0.1838
Epoch 557/1000
100/100 - 43s - loss: 0.2136 - mse: 0.2136 - val_loss: 0.1826 - val_mse: 0.1826
Epoch 558/1000
100/100 - 47s - loss: 0.2012 - mse: 0.2012 - val_loss: 0.1827 - val_mse: 0.1827
Epoch 559/1000
100/100 - 43s - loss: 0.2038 - mse: 0.2038 - val_loss: 0.1816 - val_mse: 0.1816
Epoch 560/1000
100/100 - 46s - loss: 0.2045 - mse: 0.2045 - val_loss: 0.1811 - val_mse: 0.1811
Epoch 561/1000
100/100 - 45s - loss: 0.2039 - mse: 0.2039 - val_loss: 0.1819 - val_mse: 0.1819
Epoch 562/1000
100/100 - 46s - loss: 0.2058 - mse: 0.2058 - val_loss: 0.1845 - val_mse: 0.1845
Epoch 563/1000
100/100 - 43s - loss: 0.2063 - mse: 0.2063 - val_loss: 0.1888 - val_mse: 0.1888
Epoch 564/1000
100/100 - 46s - loss: 0.2014 - mse: 0.2014 - val_loss: 0.1892 - val_mse: 0.1892
Epoch 565/1000
100/100 - 46s - loss: 0.2059 - mse: 0.2059 - val_loss: 0.1860 - val_mse: 0.1860
Epoch 566/1000
100/100 - 44s - loss: 0.2055 - mse: 0.2055 - val_loss: 0.1828 - val_mse: 0.1828
Epoch 567/1000
100/100 - 49s - loss: 0.2019 - mse: 0.2019 - val_loss: 0.1809 - val_mse: 0.1809
Epoch 568/1000
100/100 - 44s - loss: 0.2069 - mse: 0.2069 - val_loss: 0.1884 - val_mse: 0.1884
Epoch 569/1000
100/100 - 48s - loss: 0.2177 - mse: 0.2177 - val_loss: 0.1956 - val_mse: 0.1956
Epoch 570/1000
100/100 - 46s - loss: 0.2236 - mse: 0.2236 - val_loss: 0.2039 - val_mse: 0.2039
Epoch 571/1000
100/100 - 47s - loss: 0.2090 - mse: 0.2090 - val_loss: 0.1903 - val_mse: 0.1903
Epoch 572/1000
100/100 - 43s - loss: 0.2065 - mse: 0.2065 - val_loss: 0.1836 - val_mse: 0.1836
Epoch 573/1000
100/100 - 47s - loss: 0.2045 - mse: 0.2045 - val_loss: 0.1822 - val_mse: 0.1822
Epoch 574/1000
100/100 - 47s - loss: 0.2151 - mse: 0.2151 - val_loss: 0.2152 - val_mse: 0.2152
Epoch 575/1000
100/100 - 43s - loss: 0.2085 - mse: 0.2085 - val_loss: 0.1882 - val_mse: 0.1882
Epoch 576/1000
100/100 - 46s - loss: 0.2032 - mse: 0.2032 - val_loss: 0.1809 - val_mse: 0.1809
Epoch 577/1000
100/100 - 43s - loss: 0.2066 - mse: 0.2066 - val_loss: 0.1807 - val_mse: 0.1807
Epoch 578/1000
100/100 - 45s - loss: 0.2095 - mse: 0.2095 - val_loss: 0.1820 - val_mse: 0.1820
