/common/pkgs/cuda/cuda-11.4/lib64:/common/pkgs/cuda/cuda-11.4/extras/CUPTI/lib64:/rhome/mdodson/.conda/envs/learn/lib
Tensorflow version: 2.4.1
Num GPUs Available:  1
[PhysicalDevice(name='/physical_device:CPU:0', device_type='CPU'), PhysicalDevice(name='/physical_device:XLA_CPU:0', device_type='XLA_CPU'), PhysicalDevice(name='/physical_device:XLA_GPU:0', device_type='XLA_GPU'), PhysicalDevice(name='/physical_device:GPU:0', device_type='GPU')]
Model: "model"
_________________________________________________________________
Layer (type)                 Output Shape              Param #   
=================================================================
input_1 (InputLayer)         [(None, 400, 22)]         0         
_________________________________________________________________
in_dist (TimeDistributed)    (None, 400, 256)          5888      
_________________________________________________________________
enc_bd_0 (Bidirectional)     (None, 400, 512)          1050624   
_________________________________________________________________
enc_bnorm_0 (BatchNormalizat (None, 400, 512)          2048      
_________________________________________________________________
dropout (Dropout)            (None, 400, 512)          0         
_________________________________________________________________
enc_bd_1 (Bidirectional)     (None, 400, 256)          656384    
_________________________________________________________________
enc_bnorm_1 (BatchNormalizat (None, 400, 256)          1024      
_________________________________________________________________
dropout_1 (Dropout)          (None, 400, 256)          0         
_________________________________________________________________
enc_bd_2 (Bidirectional)     (None, 128)               164352    
_________________________________________________________________
enc_bnorm_2 (BatchNormalizat (None, 128)               512       
_________________________________________________________________
dropout_2 (Dropout)          (None, 128)               0         
_________________________________________________________________
latent_projection (Dense)    (None, 64)                8256      
_________________________________________________________________
repeat_vector (RepeatVector) (None, 400, 64)           0         
_________________________________________________________________
dec_bd_0 (Bidirectional)     (None, 400, 128)          66048     
_________________________________________________________________
dec_bnorm_0 (BatchNormalizat (None, 400, 128)          512       
_________________________________________________________________
dec_bd_1 (Bidirectional)     (None, 400, 256)          263168    
_________________________________________________________________
dec_bnorm_1 (BatchNormalizat (None, 400, 256)          1024      
_________________________________________________________________
dec_bd_2 (Bidirectional)     (None, 400, 512)          1050624   
_________________________________________________________________
dec_bnorm_2 (BatchNormalizat (None, 400, 512)          2048      
_________________________________________________________________
out_dist (TimeDistributed)   (None, 400, 22)           11286     
=================================================================
Total params: 3,283,798
Trainable params: 3,280,214
Non-trainable params: 3,584
_________________________________________________________________
Compiling model
Making generators
Fitting model
Epoch 1/1000
100/100 - 73s - loss: 0.7290 - mse: 0.7290 - val_loss: 0.6829 - val_mse: 0.6829
Epoch 2/1000
100/100 - 36s - loss: 0.4035 - mse: 0.4035 - val_loss: 0.5422 - val_mse: 0.5422
Epoch 3/1000
100/100 - 36s - loss: 0.3770 - mse: 0.3770 - val_loss: 0.3982 - val_mse: 0.3982
Epoch 4/1000
100/100 - 38s - loss: 0.3575 - mse: 0.3575 - val_loss: 0.3414 - val_mse: 0.3414
Epoch 5/1000
100/100 - 37s - loss: 0.3469 - mse: 0.3469 - val_loss: 0.3103 - val_mse: 0.3103
Epoch 6/1000
100/100 - 37s - loss: 0.3361 - mse: 0.3361 - val_loss: 0.2787 - val_mse: 0.2787
Epoch 7/1000
100/100 - 37s - loss: 0.4043 - mse: 0.4043 - val_loss: 0.5297 - val_mse: 0.5297
Epoch 8/1000
100/100 - 38s - loss: 0.5563 - mse: 0.5563 - val_loss: 0.5927 - val_mse: 0.5927
Epoch 9/1000
100/100 - 37s - loss: 0.5102 - mse: 0.5102 - val_loss: 0.6602 - val_mse: 0.6602
Epoch 10/1000
100/100 - 36s - loss: 0.5009 - mse: 0.5009 - val_loss: 0.4625 - val_mse: 0.4625
Epoch 11/1000
100/100 - 39s - loss: 0.4401 - mse: 0.4401 - val_loss: 0.3962 - val_mse: 0.3962
Epoch 12/1000
100/100 - 50s - loss: 0.4141 - mse: 0.4141 - val_loss: 0.4325 - val_mse: 0.4325
Epoch 13/1000
100/100 - 59s - loss: 0.3903 - mse: 0.3903 - val_loss: 0.3740 - val_mse: 0.3740
Epoch 14/1000
100/100 - 37s - loss: 0.3649 - mse: 0.3649 - val_loss: 0.3361 - val_mse: 0.3361
Epoch 15/1000
100/100 - 37s - loss: 0.3741 - mse: 0.3741 - val_loss: 0.4937 - val_mse: 0.4937
Epoch 16/1000
100/100 - 35s - loss: 0.3896 - mse: 0.3896 - val_loss: 0.3291 - val_mse: 0.3291
Epoch 17/1000
100/100 - 36s - loss: 0.3513 - mse: 0.3513 - val_loss: 0.2978 - val_mse: 0.2978
Epoch 18/1000
100/100 - 36s - loss: 0.3227 - mse: 0.3227 - val_loss: 0.2934 - val_mse: 0.2934
Epoch 19/1000
100/100 - 36s - loss: 0.3344 - mse: 0.3344 - val_loss: 0.2727 - val_mse: 0.2727
Epoch 20/1000
100/100 - 35s - loss: 0.3090 - mse: 0.3090 - val_loss: 0.2763 - val_mse: 0.2763
Epoch 21/1000
100/100 - 39s - loss: 0.3025 - mse: 0.3025 - val_loss: 0.2682 - val_mse: 0.2682
Epoch 22/1000
100/100 - 33s - loss: 0.2931 - mse: 0.2931 - val_loss: 0.2514 - val_mse: 0.2514
Epoch 23/1000
100/100 - 38s - loss: 0.2990 - mse: 0.2990 - val_loss: 0.2555 - val_mse: 0.2555
Epoch 24/1000
100/100 - 34s - loss: 0.2913 - mse: 0.2913 - val_loss: 0.2519 - val_mse: 0.2519
Epoch 25/1000
100/100 - 39s - loss: 0.2760 - mse: 0.2760 - val_loss: 0.2485 - val_mse: 0.2485
Epoch 26/1000
100/100 - 34s - loss: 0.2862 - mse: 0.2862 - val_loss: 0.2499 - val_mse: 0.2499
Epoch 27/1000
100/100 - 38s - loss: 0.2831 - mse: 0.2831 - val_loss: 0.2447 - val_mse: 0.2447
Epoch 28/1000
100/100 - 34s - loss: 0.2902 - mse: 0.2902 - val_loss: 0.2612 - val_mse: 0.2612
Epoch 29/1000
100/100 - 38s - loss: 0.2971 - mse: 0.2971 - val_loss: 0.2519 - val_mse: 0.2519
Epoch 30/1000
100/100 - 33s - loss: 0.2884 - mse: 0.2884 - val_loss: 0.2826 - val_mse: 0.2826
Epoch 31/1000
100/100 - 37s - loss: 0.2912 - mse: 0.2912 - val_loss: 0.2416 - val_mse: 0.2416
Epoch 32/1000
100/100 - 34s - loss: 0.2833 - mse: 0.2833 - val_loss: 0.2435 - val_mse: 0.2435
Epoch 33/1000
100/100 - 38s - loss: 0.2677 - mse: 0.2677 - val_loss: 0.2406 - val_mse: 0.2406
Epoch 34/1000
100/100 - 36s - loss: 0.2721 - mse: 0.2721 - val_loss: 0.2441 - val_mse: 0.2441
Epoch 35/1000
100/100 - 35s - loss: 0.2718 - mse: 0.2718 - val_loss: 0.2449 - val_mse: 0.2449
Epoch 36/1000
100/100 - 38s - loss: 0.2725 - mse: 0.2725 - val_loss: 0.2358 - val_mse: 0.2358
Epoch 37/1000
100/100 - 32s - loss: 0.2736 - mse: 0.2736 - val_loss: 0.2317 - val_mse: 0.2317
Epoch 38/1000
100/100 - 36s - loss: 0.2663 - mse: 0.2663 - val_loss: 0.2359 - val_mse: 0.2359
Epoch 39/1000
100/100 - 34s - loss: 0.2799 - mse: 0.2799 - val_loss: 0.2347 - val_mse: 0.2347
Epoch 40/1000
100/100 - 37s - loss: 0.2633 - mse: 0.2633 - val_loss: 0.2279 - val_mse: 0.2279
Epoch 41/1000
100/100 - 33s - loss: 0.2610 - mse: 0.2610 - val_loss: 0.2311 - val_mse: 0.2311
Epoch 42/1000
100/100 - 36s - loss: 0.2679 - mse: 0.2679 - val_loss: 0.2421 - val_mse: 0.2421
Epoch 43/1000
100/100 - 32s - loss: 0.2750 - mse: 0.2750 - val_loss: 0.2270 - val_mse: 0.2270
Epoch 44/1000
100/100 - 38s - loss: 0.2716 - mse: 0.2716 - val_loss: 0.2319 - val_mse: 0.2319
Epoch 45/1000
100/100 - 34s - loss: 0.2664 - mse: 0.2664 - val_loss: 0.2302 - val_mse: 0.2302
Epoch 46/1000
100/100 - 37s - loss: 0.2637 - mse: 0.2637 - val_loss: 0.2420 - val_mse: 0.2420
Epoch 47/1000
100/100 - 36s - loss: 0.2627 - mse: 0.2627 - val_loss: 0.2345 - val_mse: 0.2345
Epoch 48/1000
100/100 - 40s - loss: 0.2692 - mse: 0.2692 - val_loss: 0.2365 - val_mse: 0.2365
Epoch 49/1000
100/100 - 38s - loss: 0.2679 - mse: 0.2679 - val_loss: 0.2344 - val_mse: 0.2344
Epoch 50/1000
100/100 - 36s - loss: 0.2867 - mse: 0.2867 - val_loss: 0.2666 - val_mse: 0.2666
Epoch 51/1000
100/100 - 43s - loss: 0.2738 - mse: 0.2738 - val_loss: 0.2358 - val_mse: 0.2358
Epoch 52/1000
100/100 - 37s - loss: 0.2648 - mse: 0.2648 - val_loss: 0.2377 - val_mse: 0.2377
Epoch 53/1000
100/100 - 41s - loss: 0.2630 - mse: 0.2630 - val_loss: 0.2286 - val_mse: 0.2286
Epoch 54/1000
100/100 - 38s - loss: 0.2670 - mse: 0.2670 - val_loss: 0.2316 - val_mse: 0.2316
Epoch 55/1000
100/100 - 37s - loss: 0.2733 - mse: 0.2733 - val_loss: 0.2560 - val_mse: 0.2560
Epoch 56/1000
100/100 - 39s - loss: 0.2841 - mse: 0.2841 - val_loss: 0.2713 - val_mse: 0.2713
Epoch 57/1000
100/100 - 41s - loss: 0.2814 - mse: 0.2814 - val_loss: 0.2398 - val_mse: 0.2398
Epoch 58/1000
100/100 - 38s - loss: 0.2738 - mse: 0.2738 - val_loss: 0.2529 - val_mse: 0.2529
Epoch 59/1000
100/100 - 44s - loss: 0.2724 - mse: 0.2724 - val_loss: 0.2380 - val_mse: 0.2380
Epoch 60/1000
100/100 - 40s - loss: 0.2676 - mse: 0.2676 - val_loss: 0.2334 - val_mse: 0.2334
Epoch 61/1000
100/100 - 42s - loss: 0.2691 - mse: 0.2691 - val_loss: 0.2318 - val_mse: 0.2318
Epoch 62/1000
100/100 - 37s - loss: 0.2636 - mse: 0.2636 - val_loss: 0.2256 - val_mse: 0.2256
Epoch 63/1000
100/100 - 44s - loss: 0.2564 - mse: 0.2564 - val_loss: 0.2219 - val_mse: 0.2219
Epoch 64/1000
100/100 - 40s - loss: 0.2482 - mse: 0.2482 - val_loss: 0.2286 - val_mse: 0.2286
Epoch 65/1000
100/100 - 40s - loss: 0.2756 - mse: 0.2756 - val_loss: 0.2850 - val_mse: 0.2850
Epoch 66/1000
100/100 - 37s - loss: 0.2727 - mse: 0.2727 - val_loss: 0.2294 - val_mse: 0.2294
Epoch 67/1000
100/100 - 42s - loss: 0.2687 - mse: 0.2687 - val_loss: 0.2308 - val_mse: 0.2308
Epoch 68/1000
100/100 - 45s - loss: 0.2674 - mse: 0.2674 - val_loss: 0.2205 - val_mse: 0.2205
Epoch 69/1000
100/100 - 38s - loss: 0.2634 - mse: 0.2634 - val_loss: 0.2266 - val_mse: 0.2266
Epoch 70/1000
100/100 - 40s - loss: 0.2665 - mse: 0.2665 - val_loss: 0.2279 - val_mse: 0.2279
Epoch 71/1000
100/100 - 36s - loss: 0.2546 - mse: 0.2546 - val_loss: 0.2169 - val_mse: 0.2169
Epoch 72/1000
100/100 - 37s - loss: 0.2661 - mse: 0.2661 - val_loss: 0.2271 - val_mse: 0.2271
Epoch 73/1000
100/100 - 33s - loss: 0.2596 - mse: 0.2596 - val_loss: 0.2304 - val_mse: 0.2304
Epoch 74/1000
100/100 - 38s - loss: 0.2673 - mse: 0.2673 - val_loss: 0.2342 - val_mse: 0.2342
Epoch 75/1000
100/100 - 37s - loss: 0.2503 - mse: 0.2503 - val_loss: 0.2411 - val_mse: 0.2411
Epoch 76/1000
100/100 - 35s - loss: 0.2604 - mse: 0.2604 - val_loss: 0.2223 - val_mse: 0.2223
Epoch 77/1000
100/100 - 34s - loss: 0.2509 - mse: 0.2509 - val_loss: 0.2648 - val_mse: 0.2648
Epoch 78/1000
100/100 - 38s - loss: 0.2568 - mse: 0.2568 - val_loss: 0.2239 - val_mse: 0.2239
Epoch 79/1000
100/100 - 37s - loss: 0.2612 - mse: 0.2612 - val_loss: 0.2341 - val_mse: 0.2341
Epoch 80/1000
100/100 - 32s - loss: 0.2535 - mse: 0.2535 - val_loss: 0.2199 - val_mse: 0.2199
Epoch 81/1000
100/100 - 40s - loss: 0.2587 - mse: 0.2587 - val_loss: 0.2334 - val_mse: 0.2334
Epoch 82/1000
100/100 - 34s - loss: 0.2674 - mse: 0.2674 - val_loss: 0.2193 - val_mse: 0.2193
Epoch 83/1000
100/100 - 35s - loss: 0.2568 - mse: 0.2568 - val_loss: 0.2178 - val_mse: 0.2178
Epoch 84/1000
100/100 - 32s - loss: 0.2526 - mse: 0.2526 - val_loss: 0.2256 - val_mse: 0.2256
Epoch 85/1000
100/100 - 38s - loss: 0.2455 - mse: 0.2455 - val_loss: 0.2204 - val_mse: 0.2204
Epoch 86/1000
100/100 - 34s - loss: 0.2621 - mse: 0.2621 - val_loss: 0.2221 - val_mse: 0.2221
Epoch 87/1000
100/100 - 33s - loss: 0.2530 - mse: 0.2530 - val_loss: 0.2174 - val_mse: 0.2174
Epoch 88/1000
100/100 - 33s - loss: 0.2464 - mse: 0.2464 - val_loss: 0.2242 - val_mse: 0.2242
Epoch 89/1000
100/100 - 36s - loss: 0.2473 - mse: 0.2473 - val_loss: 0.2204 - val_mse: 0.2204
Epoch 90/1000
100/100 - 34s - loss: 0.2558 - mse: 0.2558 - val_loss: 0.2264 - val_mse: 0.2264
Epoch 91/1000
100/100 - 36s - loss: 0.2455 - mse: 0.2455 - val_loss: 0.2106 - val_mse: 0.2106
Epoch 92/1000
100/100 - 34s - loss: 0.2405 - mse: 0.2405 - val_loss: 0.2124 - val_mse: 0.2124
Epoch 93/1000
100/100 - 35s - loss: 0.2482 - mse: 0.2482 - val_loss: 0.2211 - val_mse: 0.2211
Epoch 94/1000
100/100 - 35s - loss: 0.2390 - mse: 0.2390 - val_loss: 0.2101 - val_mse: 0.2101
Epoch 95/1000
100/100 - 39s - loss: 0.2475 - mse: 0.2475 - val_loss: 0.2146 - val_mse: 0.2146
Epoch 96/1000
100/100 - 42s - loss: 0.2446 - mse: 0.2446 - val_loss: 0.2191 - val_mse: 0.2191
Epoch 97/1000
100/100 - 47s - loss: 0.2433 - mse: 0.2433 - val_loss: 0.2144 - val_mse: 0.2144
Epoch 98/1000
100/100 - 44s - loss: 0.2542 - mse: 0.2542 - val_loss: 0.2209 - val_mse: 0.2209
Epoch 99/1000
100/100 - 51s - loss: 0.2549 - mse: 0.2549 - val_loss: 0.2365 - val_mse: 0.2365
Epoch 100/1000
100/100 - 48s - loss: 0.2504 - mse: 0.2504 - val_loss: 0.2151 - val_mse: 0.2151
Epoch 101/1000
100/100 - 40s - loss: 0.2478 - mse: 0.2478 - val_loss: 0.2105 - val_mse: 0.2105
Epoch 102/1000
100/100 - 41s - loss: 0.2432 - mse: 0.2432 - val_loss: 0.2159 - val_mse: 0.2159
Epoch 103/1000
100/100 - 36s - loss: 0.2494 - mse: 0.2494 - val_loss: 0.2049 - val_mse: 0.2049
Epoch 104/1000
100/100 - 38s - loss: 0.2366 - mse: 0.2366 - val_loss: 0.2061 - val_mse: 0.2061
Epoch 105/1000
100/100 - 36s - loss: 0.2410 - mse: 0.2410 - val_loss: 0.2113 - val_mse: 0.2113
Epoch 106/1000
100/100 - 43s - loss: 0.2380 - mse: 0.2380 - val_loss: 0.2142 - val_mse: 0.2142
Epoch 107/1000
100/100 - 46s - loss: 0.2413 - mse: 0.2413 - val_loss: 0.2354 - val_mse: 0.2354
Epoch 108/1000
100/100 - 63s - loss: 0.2639 - mse: 0.2639 - val_loss: 0.2531 - val_mse: 0.2531
Epoch 109/1000
100/100 - 41s - loss: 0.2512 - mse: 0.2512 - val_loss: 0.2202 - val_mse: 0.2202
Epoch 110/1000
100/100 - 42s - loss: 0.2441 - mse: 0.2441 - val_loss: 0.2082 - val_mse: 0.2082
Epoch 111/1000
100/100 - 37s - loss: 0.2347 - mse: 0.2347 - val_loss: 0.2097 - val_mse: 0.2097
Epoch 112/1000
100/100 - 42s - loss: 0.2386 - mse: 0.2386 - val_loss: 0.2127 - val_mse: 0.2127
Epoch 113/1000
100/100 - 39s - loss: 0.2357 - mse: 0.2357 - val_loss: 0.2044 - val_mse: 0.2044
Epoch 114/1000
100/100 - 44s - loss: 0.2398 - mse: 0.2398 - val_loss: 0.2248 - val_mse: 0.2248
Epoch 115/1000
100/100 - 40s - loss: 0.2376 - mse: 0.2376 - val_loss: 0.2074 - val_mse: 0.2074
Epoch 116/1000
100/100 - 46s - loss: 0.2383 - mse: 0.2383 - val_loss: 0.2050 - val_mse: 0.2050
Epoch 117/1000
100/100 - 36s - loss: 0.2624 - mse: 0.2624 - val_loss: 0.2806 - val_mse: 0.2806
Epoch 118/1000
100/100 - 43s - loss: 0.2583 - mse: 0.2583 - val_loss: 0.2200 - val_mse: 0.2200
Epoch 119/1000
100/100 - 39s - loss: 0.2502 - mse: 0.2502 - val_loss: 0.2150 - val_mse: 0.2150
Epoch 120/1000
100/100 - 37s - loss: 0.2440 - mse: 0.2440 - val_loss: 0.2155 - val_mse: 0.2155
Epoch 121/1000
100/100 - 41s - loss: 0.2405 - mse: 0.2405 - val_loss: 0.2227 - val_mse: 0.2227
Epoch 122/1000
100/100 - 40s - loss: 0.2484 - mse: 0.2484 - val_loss: 0.2139 - val_mse: 0.2139
Epoch 123/1000
100/100 - 40s - loss: 0.2421 - mse: 0.2421 - val_loss: 0.2130 - val_mse: 0.2130
Epoch 124/1000
100/100 - 42s - loss: 0.2318 - mse: 0.2318 - val_loss: 0.2071 - val_mse: 0.2071
Epoch 125/1000
100/100 - 40s - loss: 0.2385 - mse: 0.2385 - val_loss: 0.2061 - val_mse: 0.2061
Epoch 126/1000
100/100 - 39s - loss: 0.2406 - mse: 0.2406 - val_loss: 0.2164 - val_mse: 0.2164
Epoch 127/1000
100/100 - 43s - loss: 0.2336 - mse: 0.2336 - val_loss: 0.2062 - val_mse: 0.2062
Epoch 128/1000
100/100 - 41s - loss: 0.2425 - mse: 0.2425 - val_loss: 0.2181 - val_mse: 0.2181
Epoch 129/1000
100/100 - 45s - loss: 0.2419 - mse: 0.2419 - val_loss: 0.2162 - val_mse: 0.2162
Epoch 130/1000
100/100 - 33s - loss: 0.2509 - mse: 0.2509 - val_loss: 0.2098 - val_mse: 0.2098
Epoch 131/1000
100/100 - 31s - loss: 0.2429 - mse: 0.2429 - val_loss: 0.2139 - val_mse: 0.2139
Epoch 132/1000
100/100 - 37s - loss: 0.2432 - mse: 0.2432 - val_loss: 0.2023 - val_mse: 0.2023
Epoch 133/1000
100/100 - 44s - loss: 0.2388 - mse: 0.2388 - val_loss: 0.2446 - val_mse: 0.2446
Epoch 134/1000
100/100 - 39s - loss: 0.2465 - mse: 0.2465 - val_loss: 0.2091 - val_mse: 0.2091
Epoch 135/1000
100/100 - 37s - loss: 0.2474 - mse: 0.2474 - val_loss: 0.2089 - val_mse: 0.2089
Epoch 136/1000
100/100 - 37s - loss: 0.2390 - mse: 0.2390 - val_loss: 0.2087 - val_mse: 0.2087
Epoch 137/1000
100/100 - 40s - loss: 0.2350 - mse: 0.2350 - val_loss: 0.2029 - val_mse: 0.2029
Epoch 138/1000
100/100 - 36s - loss: 0.2414 - mse: 0.2414 - val_loss: 0.2050 - val_mse: 0.2050
Epoch 139/1000
100/100 - 41s - loss: 0.2296 - mse: 0.2296 - val_loss: 0.2023 - val_mse: 0.2023
Epoch 140/1000
100/100 - 35s - loss: 0.2266 - mse: 0.2266 - val_loss: 0.1975 - val_mse: 0.1975
Epoch 141/1000
100/100 - 39s - loss: 0.2305 - mse: 0.2305 - val_loss: 0.2018 - val_mse: 0.2018
Epoch 142/1000
100/100 - 36s - loss: 0.2294 - mse: 0.2294 - val_loss: 0.2028 - val_mse: 0.2028
Epoch 143/1000
100/100 - 40s - loss: 0.2318 - mse: 0.2318 - val_loss: 0.2009 - val_mse: 0.2009
Epoch 144/1000
100/100 - 36s - loss: 0.2290 - mse: 0.2290 - val_loss: 0.1993 - val_mse: 0.1993
Epoch 145/1000
100/100 - 39s - loss: 0.2316 - mse: 0.2316 - val_loss: 0.2001 - val_mse: 0.2001
Epoch 146/1000
100/100 - 34s - loss: 0.2337 - mse: 0.2337 - val_loss: 0.1979 - val_mse: 0.1979
Epoch 147/1000
100/100 - 39s - loss: 0.2265 - mse: 0.2265 - val_loss: 0.2034 - val_mse: 0.2034
Epoch 148/1000
100/100 - 38s - loss: 0.2262 - mse: 0.2262 - val_loss: 0.2039 - val_mse: 0.2039
Epoch 149/1000
100/100 - 39s - loss: 0.2301 - mse: 0.2301 - val_loss: 0.1989 - val_mse: 0.1989
Epoch 150/1000
100/100 - 40s - loss: 0.2320 - mse: 0.2320 - val_loss: 0.2047 - val_mse: 0.2047
Epoch 151/1000
100/100 - 35s - loss: 0.2381 - mse: 0.2381 - val_loss: 0.2039 - val_mse: 0.2039
Epoch 152/1000
100/100 - 39s - loss: 0.2254 - mse: 0.2254 - val_loss: 0.2021 - val_mse: 0.2021
Epoch 153/1000
100/100 - 37s - loss: 0.2238 - mse: 0.2238 - val_loss: 0.1964 - val_mse: 0.1964
Epoch 154/1000
100/100 - 33s - loss: 0.2362 - mse: 0.2362 - val_loss: 0.1992 - val_mse: 0.1992
Epoch 155/1000
100/100 - 39s - loss: 0.2247 - mse: 0.2247 - val_loss: 0.1983 - val_mse: 0.1983
Epoch 156/1000
100/100 - 37s - loss: 0.2288 - mse: 0.2288 - val_loss: 0.2031 - val_mse: 0.2031
Epoch 157/1000
100/100 - 35s - loss: 0.2279 - mse: 0.2279 - val_loss: 0.1987 - val_mse: 0.1987
Epoch 158/1000
100/100 - 37s - loss: 0.2256 - mse: 0.2256 - val_loss: 0.2021 - val_mse: 0.2021
Epoch 159/1000
100/100 - 34s - loss: 0.2312 - mse: 0.2312 - val_loss: 0.2454 - val_mse: 0.2454
Epoch 160/1000
100/100 - 37s - loss: 0.2445 - mse: 0.2445 - val_loss: 0.2145 - val_mse: 0.2145
Epoch 161/1000
100/100 - 34s - loss: 0.2303 - mse: 0.2303 - val_loss: 0.2122 - val_mse: 0.2122
Epoch 162/1000
100/100 - 39s - loss: 0.2388 - mse: 0.2388 - val_loss: 0.2044 - val_mse: 0.2044
Epoch 163/1000
100/100 - 32s - loss: 0.2350 - mse: 0.2350 - val_loss: 0.2015 - val_mse: 0.2015
Epoch 164/1000
100/100 - 38s - loss: 0.2303 - mse: 0.2303 - val_loss: 0.1981 - val_mse: 0.1981
Epoch 165/1000
100/100 - 33s - loss: 0.2325 - mse: 0.2325 - val_loss: 0.2026 - val_mse: 0.2026
Epoch 166/1000
100/100 - 37s - loss: 0.2263 - mse: 0.2263 - val_loss: 0.2006 - val_mse: 0.2006
Epoch 167/1000
100/100 - 34s - loss: 0.2277 - mse: 0.2277 - val_loss: 0.1984 - val_mse: 0.1984
Epoch 168/1000
100/100 - 37s - loss: 0.2243 - mse: 0.2243 - val_loss: 0.2047 - val_mse: 0.2047
Epoch 169/1000
100/100 - 35s - loss: 0.2356 - mse: 0.2356 - val_loss: 0.2193 - val_mse: 0.2193
Epoch 170/1000
100/100 - 34s - loss: 0.2262 - mse: 0.2262 - val_loss: 0.2106 - val_mse: 0.2106
Epoch 171/1000
100/100 - 38s - loss: 0.2353 - mse: 0.2353 - val_loss: 0.2099 - val_mse: 0.2099
Epoch 172/1000
100/100 - 35s - loss: 0.2270 - mse: 0.2270 - val_loss: 0.2031 - val_mse: 0.2031
Epoch 173/1000
100/100 - 38s - loss: 0.2407 - mse: 0.2407 - val_loss: 0.2588 - val_mse: 0.2588
Epoch 174/1000
100/100 - 33s - loss: 0.2341 - mse: 0.2341 - val_loss: 0.2188 - val_mse: 0.2188
Epoch 175/1000
100/100 - 37s - loss: 0.2319 - mse: 0.2319 - val_loss: 0.1997 - val_mse: 0.1997
Epoch 176/1000
100/100 - 32s - loss: 0.2306 - mse: 0.2306 - val_loss: 0.2019 - val_mse: 0.2019
Epoch 177/1000
100/100 - 37s - loss: 0.2296 - mse: 0.2296 - val_loss: 0.2009 - val_mse: 0.2009
Epoch 178/1000
100/100 - 33s - loss: 0.2300 - mse: 0.2300 - val_loss: 0.1988 - val_mse: 0.1988
Epoch 179/1000
100/100 - 34s - loss: 0.2345 - mse: 0.2345 - val_loss: 0.2035 - val_mse: 0.2035
Epoch 180/1000
100/100 - 34s - loss: 0.2181 - mse: 0.2181 - val_loss: 0.1940 - val_mse: 0.1940
Epoch 181/1000
100/100 - 34s - loss: 0.2249 - mse: 0.2249 - val_loss: 0.1984 - val_mse: 0.1984
Epoch 182/1000
100/100 - 32s - loss: 0.2261 - mse: 0.2261 - val_loss: 0.1964 - val_mse: 0.1964
Epoch 183/1000
100/100 - 36s - loss: 0.2160 - mse: 0.2160 - val_loss: 0.1947 - val_mse: 0.1947
Epoch 184/1000
100/100 - 36s - loss: 0.2161 - mse: 0.2161 - val_loss: 0.1992 - val_mse: 0.1992
Epoch 185/1000
100/100 - 32s - loss: 0.2214 - mse: 0.2214 - val_loss: 0.1938 - val_mse: 0.1938
Epoch 186/1000
100/100 - 37s - loss: 0.2199 - mse: 0.2199 - val_loss: 0.2015 - val_mse: 0.2015
Epoch 187/1000
100/100 - 32s - loss: 0.2233 - mse: 0.2233 - val_loss: 0.1969 - val_mse: 0.1969
Epoch 188/1000
100/100 - 35s - loss: 0.2278 - mse: 0.2278 - val_loss: 0.1955 - val_mse: 0.1955
Epoch 189/1000
100/100 - 30s - loss: 0.2283 - mse: 0.2283 - val_loss: 0.1909 - val_mse: 0.1909
Epoch 190/1000
100/100 - 36s - loss: 0.2302 - mse: 0.2302 - val_loss: 0.2045 - val_mse: 0.2045
Epoch 191/1000
100/100 - 31s - loss: 0.2293 - mse: 0.2293 - val_loss: 0.1964 - val_mse: 0.1964
Epoch 192/1000
100/100 - 34s - loss: 0.2274 - mse: 0.2274 - val_loss: 0.2012 - val_mse: 0.2012
Epoch 193/1000
100/100 - 31s - loss: 0.2275 - mse: 0.2275 - val_loss: 0.2057 - val_mse: 0.2057
Epoch 194/1000
100/100 - 37s - loss: 0.2215 - mse: 0.2215 - val_loss: 0.1920 - val_mse: 0.1920
Epoch 195/1000
100/100 - 31s - loss: 0.2197 - mse: 0.2197 - val_loss: 0.1912 - val_mse: 0.1912
Epoch 196/1000
100/100 - 32s - loss: 0.2217 - mse: 0.2217 - val_loss: 0.2008 - val_mse: 0.2008
Epoch 197/1000
100/100 - 29s - loss: 0.2191 - mse: 0.2191 - val_loss: 0.1907 - val_mse: 0.1907
Epoch 198/1000
100/100 - 31s - loss: 0.2167 - mse: 0.2167 - val_loss: 0.1944 - val_mse: 0.1944
Epoch 199/1000
100/100 - 32s - loss: 0.2115 - mse: 0.2115 - val_loss: 0.1923 - val_mse: 0.1923
Epoch 200/1000
100/100 - 28s - loss: 0.2176 - mse: 0.2176 - val_loss: 0.2008 - val_mse: 0.2008
Epoch 201/1000
100/100 - 31s - loss: 0.2230 - mse: 0.2230 - val_loss: 0.2216 - val_mse: 0.2216
Epoch 202/1000
100/100 - 28s - loss: 0.2248 - mse: 0.2248 - val_loss: 0.1954 - val_mse: 0.1954
Epoch 203/1000
100/100 - 32s - loss: 0.2255 - mse: 0.2255 - val_loss: 0.2073 - val_mse: 0.2073
Epoch 204/1000
100/100 - 31s - loss: 0.2271 - mse: 0.2271 - val_loss: 0.2009 - val_mse: 0.2009
Epoch 205/1000
100/100 - 37s - loss: 0.2206 - mse: 0.2206 - val_loss: 0.2016 - val_mse: 0.2016
Epoch 206/1000
100/100 - 46s - loss: 0.2252 - mse: 0.2252 - val_loss: 0.1929 - val_mse: 0.1929
Epoch 207/1000
100/100 - 35s - loss: 0.2217 - mse: 0.2217 - val_loss: 0.1961 - val_mse: 0.1961
Epoch 208/1000
100/100 - 44s - loss: 0.2168 - mse: 0.2168 - val_loss: 0.1881 - val_mse: 0.1881
Epoch 209/1000
100/100 - 38s - loss: 0.2124 - mse: 0.2124 - val_loss: 0.1956 - val_mse: 0.1956
Epoch 210/1000
100/100 - 43s - loss: 0.2226 - mse: 0.2226 - val_loss: 0.1957 - val_mse: 0.1957
Epoch 211/1000
100/100 - 38s - loss: 0.2136 - mse: 0.2136 - val_loss: 0.1877 - val_mse: 0.1877
Epoch 212/1000
100/100 - 33s - loss: 0.2215 - mse: 0.2215 - val_loss: 0.2046 - val_mse: 0.2046
Epoch 213/1000
100/100 - 30s - loss: 0.2158 - mse: 0.2158 - val_loss: 0.1909 - val_mse: 0.1909
Epoch 214/1000
100/100 - 32s - loss: 0.2157 - mse: 0.2157 - val_loss: 0.1908 - val_mse: 0.1908
Epoch 215/1000
100/100 - 28s - loss: 0.2159 - mse: 0.2159 - val_loss: 0.1904 - val_mse: 0.1904
Epoch 216/1000
100/100 - 32s - loss: 0.2196 - mse: 0.2196 - val_loss: 0.2007 - val_mse: 0.2007
Epoch 217/1000
100/100 - 28s - loss: 0.2199 - mse: 0.2199 - val_loss: 0.1967 - val_mse: 0.1967
Epoch 218/1000
100/100 - 32s - loss: 0.2207 - mse: 0.2207 - val_loss: 0.1913 - val_mse: 0.1913
Epoch 219/1000
100/100 - 28s - loss: 0.2181 - mse: 0.2181 - val_loss: 0.1914 - val_mse: 0.1914
Epoch 220/1000
100/100 - 32s - loss: 0.2139 - mse: 0.2139 - val_loss: 0.1968 - val_mse: 0.1968
Epoch 221/1000
100/100 - 31s - loss: 0.2216 - mse: 0.2216 - val_loss: 0.1953 - val_mse: 0.1953
Epoch 222/1000
100/100 - 29s - loss: 0.2158 - mse: 0.2158 - val_loss: 0.1918 - val_mse: 0.1918
Epoch 223/1000
100/100 - 30s - loss: 0.2191 - mse: 0.2191 - val_loss: 0.1936 - val_mse: 0.1936
Epoch 224/1000
100/100 - 29s - loss: 0.2228 - mse: 0.2228 - val_loss: 0.1941 - val_mse: 0.1941
Epoch 225/1000
100/100 - 31s - loss: 0.2164 - mse: 0.2164 - val_loss: 0.1875 - val_mse: 0.1875
Epoch 226/1000
100/100 - 30s - loss: 0.2183 - mse: 0.2183 - val_loss: 0.2361 - val_mse: 0.2361
Epoch 227/1000
100/100 - 33s - loss: 0.2172 - mse: 0.2172 - val_loss: 0.1995 - val_mse: 0.1995
Epoch 228/1000
100/100 - 28s - loss: 0.2237 - mse: 0.2237 - val_loss: 0.1950 - val_mse: 0.1950
Epoch 229/1000
100/100 - 33s - loss: 0.2164 - mse: 0.2164 - val_loss: 0.1983 - val_mse: 0.1983
Epoch 230/1000
100/100 - 31s - loss: 0.2270 - mse: 0.2270 - val_loss: 0.1922 - val_mse: 0.1922
Epoch 231/1000
100/100 - 31s - loss: 0.2129 - mse: 0.2129 - val_loss: 0.1934 - val_mse: 0.1934
Epoch 232/1000
100/100 - 31s - loss: 0.2125 - mse: 0.2125 - val_loss: 0.1903 - val_mse: 0.1903
Epoch 233/1000
100/100 - 30s - loss: 0.2125 - mse: 0.2125 - val_loss: 0.1877 - val_mse: 0.1877
Epoch 234/1000
100/100 - 28s - loss: 0.2072 - mse: 0.2072 - val_loss: 0.1866 - val_mse: 0.1866
Epoch 235/1000
100/100 - 30s - loss: 0.2152 - mse: 0.2152 - val_loss: 0.1885 - val_mse: 0.1885
Epoch 236/1000
100/100 - 31s - loss: 0.2146 - mse: 0.2146 - val_loss: 0.1856 - val_mse: 0.1856
Epoch 237/1000
100/100 - 29s - loss: 0.2138 - mse: 0.2138 - val_loss: 0.1896 - val_mse: 0.1896
Epoch 238/1000
100/100 - 33s - loss: 0.2104 - mse: 0.2104 - val_loss: 0.1876 - val_mse: 0.1876
Epoch 239/1000
100/100 - 29s - loss: 0.2189 - mse: 0.2189 - val_loss: 0.1856 - val_mse: 0.1856
Epoch 240/1000
100/100 - 33s - loss: 0.2130 - mse: 0.2130 - val_loss: 0.1892 - val_mse: 0.1892
Epoch 241/1000
100/100 - 28s - loss: 0.2172 - mse: 0.2172 - val_loss: 0.1891 - val_mse: 0.1891
Epoch 242/1000
100/100 - 33s - loss: 0.2133 - mse: 0.2133 - val_loss: 0.1912 - val_mse: 0.1912
Epoch 243/1000
100/100 - 31s - loss: 0.2201 - mse: 0.2201 - val_loss: 0.1932 - val_mse: 0.1932
Epoch 244/1000
100/100 - 28s - loss: 0.2123 - mse: 0.2123 - val_loss: 0.1872 - val_mse: 0.1872
Epoch 245/1000
100/100 - 34s - loss: 0.2077 - mse: 0.2077 - val_loss: 0.1877 - val_mse: 0.1877
Epoch 246/1000
100/100 - 29s - loss: 0.2169 - mse: 0.2169 - val_loss: 0.1873 - val_mse: 0.1873
Epoch 247/1000
100/100 - 33s - loss: 0.2125 - mse: 0.2125 - val_loss: 0.1885 - val_mse: 0.1885
Epoch 248/1000
100/100 - 29s - loss: 0.2131 - mse: 0.2131 - val_loss: 0.1901 - val_mse: 0.1901
Epoch 249/1000
100/100 - 33s - loss: 0.2063 - mse: 0.2063 - val_loss: 0.1873 - val_mse: 0.1873
Epoch 250/1000
100/100 - 33s - loss: 0.2090 - mse: 0.2090 - val_loss: 0.1835 - val_mse: 0.1835
Epoch 251/1000
100/100 - 34s - loss: 0.2091 - mse: 0.2091 - val_loss: 0.1888 - val_mse: 0.1888
Epoch 252/1000
100/100 - 35s - loss: 0.2107 - mse: 0.2107 - val_loss: 0.1863 - val_mse: 0.1863
Epoch 253/1000
100/100 - 37s - loss: 0.2180 - mse: 0.2180 - val_loss: 0.1930 - val_mse: 0.1930
Epoch 254/1000
100/100 - 37s - loss: 0.2317 - mse: 0.2317 - val_loss: 0.2031 - val_mse: 0.2031
Epoch 255/1000
100/100 - 33s - loss: 0.2207 - mse: 0.2207 - val_loss: 0.1901 - val_mse: 0.1901
Epoch 256/1000
100/100 - 38s - loss: 0.2227 - mse: 0.2227 - val_loss: 0.1941 - val_mse: 0.1941
Epoch 257/1000
100/100 - 34s - loss: 0.2149 - mse: 0.2149 - val_loss: 0.1923 - val_mse: 0.1923
Epoch 258/1000
100/100 - 39s - loss: 0.2143 - mse: 0.2143 - val_loss: 0.1872 - val_mse: 0.1872
Epoch 259/1000
100/100 - 33s - loss: 0.2138 - mse: 0.2138 - val_loss: 0.1880 - val_mse: 0.1880
Epoch 260/1000
100/100 - 38s - loss: 0.2169 - mse: 0.2169 - val_loss: 0.1966 - val_mse: 0.1966
Epoch 261/1000
100/100 - 32s - loss: 0.2087 - mse: 0.2087 - val_loss: 0.1843 - val_mse: 0.1843
Epoch 262/1000
100/100 - 36s - loss: 0.2133 - mse: 0.2133 - val_loss: 0.1866 - val_mse: 0.1866
Epoch 263/1000
100/100 - 34s - loss: 0.2119 - mse: 0.2119 - val_loss: 0.1987 - val_mse: 0.1987
Epoch 264/1000
100/100 - 37s - loss: 0.2120 - mse: 0.2120 - val_loss: 0.1932 - val_mse: 0.1932
Epoch 265/1000
100/100 - 32s - loss: 0.2139 - mse: 0.2139 - val_loss: 0.1845 - val_mse: 0.1845
Epoch 266/1000
100/100 - 38s - loss: 0.2067 - mse: 0.2067 - val_loss: 0.1894 - val_mse: 0.1894
Epoch 267/1000
100/100 - 34s - loss: 0.2132 - mse: 0.2132 - val_loss: 0.1892 - val_mse: 0.1892
Epoch 268/1000
100/100 - 37s - loss: 0.2131 - mse: 0.2131 - val_loss: 0.1899 - val_mse: 0.1899
Epoch 269/1000
100/100 - 36s - loss: 0.2091 - mse: 0.2091 - val_loss: 0.1881 - val_mse: 0.1881
Epoch 270/1000
100/100 - 32s - loss: 0.2162 - mse: 0.2162 - val_loss: 0.1910 - val_mse: 0.1910
Epoch 271/1000
100/100 - 37s - loss: 0.2177 - mse: 0.2177 - val_loss: 0.1955 - val_mse: 0.1955
Epoch 272/1000
100/100 - 35s - loss: 0.2160 - mse: 0.2160 - val_loss: 0.2165 - val_mse: 0.2165
Epoch 273/1000
100/100 - 37s - loss: 0.2116 - mse: 0.2116 - val_loss: 0.2084 - val_mse: 0.2084
Epoch 274/1000
100/100 - 33s - loss: 0.2148 - mse: 0.2148 - val_loss: 0.2096 - val_mse: 0.2096
Epoch 275/1000
100/100 - 39s - loss: 0.2175 - mse: 0.2175 - val_loss: 0.1909 - val_mse: 0.1909
Epoch 276/1000
100/100 - 34s - loss: 0.2083 - mse: 0.2083 - val_loss: 0.1879 - val_mse: 0.1879
Epoch 277/1000
100/100 - 34s - loss: 0.2086 - mse: 0.2086 - val_loss: 0.1975 - val_mse: 0.1975
Epoch 278/1000
100/100 - 36s - loss: 0.2085 - mse: 0.2085 - val_loss: 0.1984 - val_mse: 0.1984
Epoch 279/1000
100/100 - 36s - loss: 0.2158 - mse: 0.2158 - val_loss: 0.1864 - val_mse: 0.1864
Epoch 280/1000
100/100 - 35s - loss: 0.2079 - mse: 0.2079 - val_loss: 0.1893 - val_mse: 0.1893
Epoch 281/1000
100/100 - 37s - loss: 0.2032 - mse: 0.2032 - val_loss: 0.2079 - val_mse: 0.2079
Epoch 282/1000
100/100 - 37s - loss: 0.2138 - mse: 0.2138 - val_loss: 0.2013 - val_mse: 0.2013
Epoch 283/1000
100/100 - 32s - loss: 0.2109 - mse: 0.2109 - val_loss: 0.2043 - val_mse: 0.2043
Epoch 284/1000
100/100 - 35s - loss: 0.2174 - mse: 0.2174 - val_loss: 0.1876 - val_mse: 0.1876
Epoch 285/1000
100/100 - 30s - loss: 0.2101 - mse: 0.2101 - val_loss: 0.1841 - val_mse: 0.1841
Epoch 286/1000
100/100 - 33s - loss: 0.2143 - mse: 0.2143 - val_loss: 0.1855 - val_mse: 0.1855
Epoch 287/1000
100/100 - 30s - loss: 0.2155 - mse: 0.2155 - val_loss: 0.1841 - val_mse: 0.1841
Epoch 288/1000
100/100 - 35s - loss: 0.2092 - mse: 0.2092 - val_loss: 0.1860 - val_mse: 0.1860
Epoch 289/1000
100/100 - 29s - loss: 0.2125 - mse: 0.2125 - val_loss: 0.1861 - val_mse: 0.1861
Epoch 290/1000
100/100 - 35s - loss: 0.2082 - mse: 0.2082 - val_loss: 0.1859 - val_mse: 0.1859
Epoch 291/1000
100/100 - 32s - loss: 0.2191 - mse: 0.2191 - val_loss: 0.1912 - val_mse: 0.1912
Epoch 292/1000
100/100 - 30s - loss: 0.2075 - mse: 0.2075 - val_loss: 0.1874 - val_mse: 0.1874
Epoch 293/1000
100/100 - 32s - loss: 0.2207 - mse: 0.2207 - val_loss: 0.1870 - val_mse: 0.1870
Epoch 294/1000
100/100 - 32s - loss: 0.2155 - mse: 0.2155 - val_loss: 0.1837 - val_mse: 0.1837
Epoch 295/1000
100/100 - 28s - loss: 0.2098 - mse: 0.2098 - val_loss: 0.1840 - val_mse: 0.1840
Epoch 296/1000
100/100 - 31s - loss: 0.2069 - mse: 0.2069 - val_loss: 0.2175 - val_mse: 0.2175
Epoch 297/1000
100/100 - 28s - loss: 0.2173 - mse: 0.2173 - val_loss: 0.1921 - val_mse: 0.1921
Epoch 298/1000
100/100 - 33s - loss: 0.2140 - mse: 0.2140 - val_loss: 0.1921 - val_mse: 0.1921
Epoch 299/1000
100/100 - 29s - loss: 0.2096 - mse: 0.2096 - val_loss: 0.1838 - val_mse: 0.1838
Epoch 300/1000
100/100 - 33s - loss: 0.2100 - mse: 0.2100 - val_loss: 0.1829 - val_mse: 0.1829
Epoch 301/1000
100/100 - 29s - loss: 0.2068 - mse: 0.2068 - val_loss: 0.1829 - val_mse: 0.1829
Epoch 302/1000
100/100 - 31s - loss: 0.2134 - mse: 0.2134 - val_loss: 0.1810 - val_mse: 0.1810
Epoch 303/1000
100/100 - 28s - loss: 0.2143 - mse: 0.2143 - val_loss: 0.1834 - val_mse: 0.1834
Epoch 304/1000
100/100 - 32s - loss: 0.2044 - mse: 0.2044 - val_loss: 0.1805 - val_mse: 0.1805
Epoch 305/1000
100/100 - 29s - loss: 0.2080 - mse: 0.2080 - val_loss: 0.1816 - val_mse: 0.1816
Epoch 306/1000
100/100 - 34s - loss: 0.2129 - mse: 0.2129 - val_loss: 0.1843 - val_mse: 0.1843
Epoch 307/1000
100/100 - 31s - loss: 0.2091 - mse: 0.2091 - val_loss: 0.1870 - val_mse: 0.1870
Epoch 308/1000
100/100 - 30s - loss: 0.2084 - mse: 0.2084 - val_loss: 0.1822 - val_mse: 0.1822
Epoch 309/1000
100/100 - 30s - loss: 0.2025 - mse: 0.2025 - val_loss: 0.1822 - val_mse: 0.1822
Epoch 310/1000
100/100 - 31s - loss: 0.2048 - mse: 0.2048 - val_loss: 0.1930 - val_mse: 0.1930
Epoch 311/1000
100/100 - 30s - loss: 0.2067 - mse: 0.2067 - val_loss: 0.1947 - val_mse: 0.1947
Epoch 312/1000
100/100 - 34s - loss: 0.2112 - mse: 0.2112 - val_loss: 0.1835 - val_mse: 0.1835
Epoch 313/1000
100/100 - 28s - loss: 0.1999 - mse: 0.1999 - val_loss: 0.1901 - val_mse: 0.1901
Epoch 314/1000
100/100 - 34s - loss: 0.2093 - mse: 0.2093 - val_loss: 0.1836 - val_mse: 0.1836
Epoch 315/1000
100/100 - 40s - loss: 0.2064 - mse: 0.2064 - val_loss: 0.1825 - val_mse: 0.1825
Epoch 316/1000
100/100 - 49s - loss: 0.2042 - mse: 0.2042 - val_loss: 0.1913 - val_mse: 0.1913
Epoch 317/1000
100/100 - 33s - loss: 0.2117 - mse: 0.2117 - val_loss: 0.1909 - val_mse: 0.1909
Epoch 318/1000
100/100 - 30s - loss: 0.2052 - mse: 0.2052 - val_loss: 0.1828 - val_mse: 0.1828
Epoch 319/1000
100/100 - 28s - loss: 0.2099 - mse: 0.2099 - val_loss: 0.1809 - val_mse: 0.1809
Epoch 320/1000
100/100 - 30s - loss: 0.2038 - mse: 0.2038 - val_loss: 0.1838 - val_mse: 0.1838
Epoch 321/1000
100/100 - 31s - loss: 0.2051 - mse: 0.2051 - val_loss: 0.1815 - val_mse: 0.1815
Epoch 322/1000
100/100 - 28s - loss: 0.2076 - mse: 0.2076 - val_loss: 0.1847 - val_mse: 0.1847
Epoch 323/1000
100/100 - 33s - loss: 0.2051 - mse: 0.2051 - val_loss: 0.1843 - val_mse: 0.1843
Epoch 324/1000
100/100 - 29s - loss: 0.2073 - mse: 0.2073 - val_loss: 0.1861 - val_mse: 0.1861
Epoch 325/1000
100/100 - 34s - loss: 0.2201 - mse: 0.2201 - val_loss: 0.1970 - val_mse: 0.1970
Epoch 326/1000
100/100 - 29s - loss: 0.2238 - mse: 0.2238 - val_loss: 0.2004 - val_mse: 0.2004
Epoch 327/1000
100/100 - 33s - loss: 0.2175 - mse: 0.2175 - val_loss: 0.1873 - val_mse: 0.1873
Epoch 328/1000
100/100 - 29s - loss: 0.2052 - mse: 0.2052 - val_loss: 0.1861 - val_mse: 0.1861
Epoch 329/1000
100/100 - 33s - loss: 0.2116 - mse: 0.2116 - val_loss: 0.1869 - val_mse: 0.1869
Epoch 330/1000
100/100 - 29s - loss: 0.2097 - mse: 0.2097 - val_loss: 0.1857 - val_mse: 0.1857
Epoch 331/1000
100/100 - 32s - loss: 0.2068 - mse: 0.2068 - val_loss: 0.1850 - val_mse: 0.1850
Epoch 332/1000
100/100 - 31s - loss: 0.2051 - mse: 0.2051 - val_loss: 0.1823 - val_mse: 0.1823
Epoch 333/1000
100/100 - 31s - loss: 0.2059 - mse: 0.2059 - val_loss: 0.1806 - val_mse: 0.1806
Epoch 334/1000
100/100 - 28s - loss: 0.2090 - mse: 0.2090 - val_loss: 0.1908 - val_mse: 0.1908
Epoch 335/1000
100/100 - 30s - loss: 0.2175 - mse: 0.2175 - val_loss: 0.1936 - val_mse: 0.1936
Epoch 336/1000
100/100 - 31s - loss: 0.2083 - mse: 0.2083 - val_loss: 0.2080 - val_mse: 0.2080
Epoch 337/1000
100/100 - 28s - loss: 0.2152 - mse: 0.2152 - val_loss: 0.1861 - val_mse: 0.1861
Epoch 338/1000
100/100 - 33s - loss: 0.2170 - mse: 0.2170 - val_loss: 0.1857 - val_mse: 0.1857
Epoch 339/1000
100/100 - 30s - loss: 0.2144 - mse: 0.2144 - val_loss: 0.1820 - val_mse: 0.1820
Epoch 340/1000
100/100 - 32s - loss: 0.2049 - mse: 0.2049 - val_loss: 0.1824 - val_mse: 0.1824
Epoch 341/1000
100/100 - 28s - loss: 0.2069 - mse: 0.2069 - val_loss: 0.1801 - val_mse: 0.1801
Epoch 342/1000
100/100 - 31s - loss: 0.2051 - mse: 0.2051 - val_loss: 0.1841 - val_mse: 0.1841
Epoch 343/1000
100/100 - 31s - loss: 0.2037 - mse: 0.2037 - val_loss: 0.1828 - val_mse: 0.1828
Epoch 344/1000
100/100 - 28s - loss: 0.2031 - mse: 0.2031 - val_loss: 0.1821 - val_mse: 0.1821
Epoch 345/1000
100/100 - 33s - loss: 0.2026 - mse: 0.2026 - val_loss: 0.1797 - val_mse: 0.1797
Epoch 346/1000
100/100 - 31s - loss: 0.2069 - mse: 0.2069 - val_loss: 0.1829 - val_mse: 0.1829
Epoch 347/1000
100/100 - 29s - loss: 0.2055 - mse: 0.2055 - val_loss: 0.1808 - val_mse: 0.1808
Epoch 348/1000
100/100 - 32s - loss: 0.2125 - mse: 0.2125 - val_loss: 0.1828 - val_mse: 0.1828
Epoch 349/1000
100/100 - 31s - loss: 0.2065 - mse: 0.2065 - val_loss: 0.1806 - val_mse: 0.1806
Epoch 350/1000
100/100 - 28s - loss: 0.2092 - mse: 0.2092 - val_loss: 0.1804 - val_mse: 0.1804
Epoch 351/1000
100/100 - 32s - loss: 0.2096 - mse: 0.2096 - val_loss: 0.1801 - val_mse: 0.1801
Epoch 352/1000
100/100 - 29s - loss: 0.2060 - mse: 0.2060 - val_loss: 0.1848 - val_mse: 0.1848
Epoch 353/1000
100/100 - 32s - loss: 0.2080 - mse: 0.2080 - val_loss: 0.1951 - val_mse: 0.1951
Epoch 354/1000
100/100 - 28s - loss: 0.2007 - mse: 0.2007 - val_loss: 0.1986 - val_mse: 0.1986
Epoch 355/1000
100/100 - 30s - loss: 0.2092 - mse: 0.2092 - val_loss: 0.1910 - val_mse: 0.1910
Epoch 356/1000
100/100 - 31s - loss: 0.2059 - mse: 0.2059 - val_loss: 0.1805 - val_mse: 0.1805
Epoch 357/1000
100/100 - 28s - loss: 0.2065 - mse: 0.2065 - val_loss: 0.1787 - val_mse: 0.1787
Epoch 358/1000
100/100 - 33s - loss: 0.2034 - mse: 0.2034 - val_loss: 0.1795 - val_mse: 0.1795
Epoch 359/1000
100/100 - 28s - loss: 0.2030 - mse: 0.2030 - val_loss: 0.1797 - val_mse: 0.1797
Epoch 360/1000
100/100 - 31s - loss: 0.2073 - mse: 0.2073 - val_loss: 0.1980 - val_mse: 0.1980
Epoch 361/1000
100/100 - 28s - loss: 0.2034 - mse: 0.2034 - val_loss: 0.2028 - val_mse: 0.2028
Epoch 362/1000
100/100 - 32s - loss: 0.1929 - mse: 0.1929 - val_loss: 0.1796 - val_mse: 0.1796
Epoch 363/1000
100/100 - 28s - loss: 0.1982 - mse: 0.1982 - val_loss: 0.1817 - val_mse: 0.1817
Epoch 364/1000
100/100 - 32s - loss: 0.2037 - mse: 0.2037 - val_loss: 0.1941 - val_mse: 0.1941
Epoch 365/1000
100/100 - 29s - loss: 0.2055 - mse: 0.2055 - val_loss: 0.1819 - val_mse: 0.1819
Epoch 366/1000
100/100 - 30s - loss: 0.2117 - mse: 0.2117 - val_loss: 0.1832 - val_mse: 0.1832
Epoch 367/1000
100/100 - 28s - loss: 0.2018 - mse: 0.2018 - val_loss: 0.1803 - val_mse: 0.1803
Epoch 368/1000
100/100 - 32s - loss: 0.2009 - mse: 0.2009 - val_loss: 0.1810 - val_mse: 0.1810
Epoch 369/1000
100/100 - 30s - loss: 0.2034 - mse: 0.2034 - val_loss: 0.1797 - val_mse: 0.1797
Epoch 370/1000
100/100 - 29s - loss: 0.2112 - mse: 0.2112 - val_loss: 0.1924 - val_mse: 0.1924
Epoch 371/1000
100/100 - 30s - loss: 0.2098 - mse: 0.2098 - val_loss: 0.1902 - val_mse: 0.1902
Epoch 372/1000
100/100 - 31s - loss: 0.2049 - mse: 0.2049 - val_loss: 0.1913 - val_mse: 0.1913
Epoch 373/1000
100/100 - 29s - loss: 0.2051 - mse: 0.2051 - val_loss: 0.1938 - val_mse: 0.1938
Epoch 374/1000
100/100 - 34s - loss: 0.2022 - mse: 0.2022 - val_loss: 0.1924 - val_mse: 0.1924
Epoch 375/1000
100/100 - 27s - loss: 0.2031 - mse: 0.2031 - val_loss: 0.1917 - val_mse: 0.1917
Epoch 376/1000
100/100 - 31s - loss: 0.2059 - mse: 0.2059 - val_loss: 0.1893 - val_mse: 0.1893
Epoch 377/1000
100/100 - 31s - loss: 0.2007 - mse: 0.2007 - val_loss: 0.1904 - val_mse: 0.1904
Epoch 378/1000
100/100 - 30s - loss: 0.2007 - mse: 0.2007 - val_loss: 0.1927 - val_mse: 0.1927
Epoch 379/1000
100/100 - 29s - loss: 0.2030 - mse: 0.2030 - val_loss: 0.1896 - val_mse: 0.1896
Epoch 380/1000
100/100 - 32s - loss: 0.2067 - mse: 0.2067 - val_loss: 0.1781 - val_mse: 0.1781
Epoch 381/1000
100/100 - 31s - loss: 0.1967 - mse: 0.1967 - val_loss: 0.1783 - val_mse: 0.1783
Epoch 382/1000
100/100 - 28s - loss: 0.2043 - mse: 0.2043 - val_loss: 0.1828 - val_mse: 0.1828
Epoch 383/1000
100/100 - 33s - loss: 0.2017 - mse: 0.2017 - val_loss: 0.1781 - val_mse: 0.1781
Epoch 384/1000
100/100 - 29s - loss: 0.2028 - mse: 0.2028 - val_loss: 0.1787 - val_mse: 0.1787
Epoch 385/1000
100/100 - 32s - loss: 0.2027 - mse: 0.2027 - val_loss: 0.1829 - val_mse: 0.1829
Epoch 386/1000
100/100 - 28s - loss: 0.2283 - mse: 0.2283 - val_loss: 0.2319 - val_mse: 0.2319
Epoch 387/1000
100/100 - 32s - loss: 0.2137 - mse: 0.2137 - val_loss: 0.1907 - val_mse: 0.1907
Epoch 388/1000
100/100 - 28s - loss: 0.2097 - mse: 0.2097 - val_loss: 0.1879 - val_mse: 0.1879
Epoch 389/1000
100/100 - 33s - loss: 0.2066 - mse: 0.2066 - val_loss: 0.1852 - val_mse: 0.1852
Epoch 390/1000
100/100 - 28s - loss: 0.2013 - mse: 0.2013 - val_loss: 0.1796 - val_mse: 0.1796
Epoch 391/1000
100/100 - 32s - loss: 0.2095 - mse: 0.2095 - val_loss: 0.1792 - val_mse: 0.1792
Epoch 392/1000
100/100 - 31s - loss: 0.2033 - mse: 0.2033 - val_loss: 0.1800 - val_mse: 0.1800
Epoch 393/1000
100/100 - 28s - loss: 0.2064 - mse: 0.2064 - val_loss: 0.1872 - val_mse: 0.1872
Epoch 394/1000
100/100 - 33s - loss: 0.2131 - mse: 0.2131 - val_loss: 0.1856 - val_mse: 0.1856
Epoch 395/1000
100/100 - 28s - loss: 0.2032 - mse: 0.2032 - val_loss: 0.1788 - val_mse: 0.1788
Epoch 396/1000
100/100 - 33s - loss: 0.2012 - mse: 0.2012 - val_loss: 0.1807 - val_mse: 0.1807
Epoch 397/1000
100/100 - 28s - loss: 0.2023 - mse: 0.2023 - val_loss: 0.1779 - val_mse: 0.1779
Epoch 398/1000
100/100 - 33s - loss: 0.2026 - mse: 0.2026 - val_loss: 0.1783 - val_mse: 0.1783
Epoch 399/1000
100/100 - 28s - loss: 0.2042 - mse: 0.2042 - val_loss: 0.1771 - val_mse: 0.1771
Epoch 400/1000
100/100 - 31s - loss: 0.2028 - mse: 0.2028 - val_loss: 0.1769 - val_mse: 0.1769
Epoch 401/1000
100/100 - 32s - loss: 0.2015 - mse: 0.2015 - val_loss: 0.1787 - val_mse: 0.1787
Epoch 402/1000
100/100 - 28s - loss: 0.1998 - mse: 0.1998 - val_loss: 0.1786 - val_mse: 0.1786
Epoch 403/1000
100/100 - 32s - loss: 0.1975 - mse: 0.1975 - val_loss: 0.1787 - val_mse: 0.1787
Epoch 404/1000
100/100 - 28s - loss: 0.2039 - mse: 0.2039 - val_loss: 0.1790 - val_mse: 0.1790
Epoch 405/1000
100/100 - 32s - loss: 0.1983 - mse: 0.1983 - val_loss: 0.1781 - val_mse: 0.1781
Epoch 406/1000
100/100 - 28s - loss: 0.1979 - mse: 0.1979 - val_loss: 0.1772 - val_mse: 0.1772
Epoch 407/1000
100/100 - 31s - loss: 0.1964 - mse: 0.1964 - val_loss: 0.1795 - val_mse: 0.1795
Epoch 408/1000
100/100 - 30s - loss: 0.1985 - mse: 0.1985 - val_loss: 0.1817 - val_mse: 0.1817
Epoch 409/1000
100/100 - 28s - loss: 0.1944 - mse: 0.1944 - val_loss: 0.1778 - val_mse: 0.1778
Epoch 410/1000
100/100 - 30s - loss: 0.2059 - mse: 0.2059 - val_loss: 0.1773 - val_mse: 0.1773
Epoch 411/1000
100/100 - 31s - loss: 0.2005 - mse: 0.2005 - val_loss: 0.1775 - val_mse: 0.1775
Epoch 412/1000
100/100 - 28s - loss: 0.2024 - mse: 0.2024 - val_loss: 0.1819 - val_mse: 0.1819
Epoch 413/1000
100/100 - 33s - loss: 0.2006 - mse: 0.2006 - val_loss: 0.1784 - val_mse: 0.1784
Epoch 414/1000
100/100 - 29s - loss: 0.1961 - mse: 0.1961 - val_loss: 0.1787 - val_mse: 0.1787
Epoch 415/1000
100/100 - 31s - loss: 0.2035 - mse: 0.2035 - val_loss: 0.1790 - val_mse: 0.1790
Epoch 416/1000
100/100 - 28s - loss: 0.2013 - mse: 0.2013 - val_loss: 0.1802 - val_mse: 0.1802
Epoch 417/1000
100/100 - 32s - loss: 0.2065 - mse: 0.2065 - val_loss: 0.1786 - val_mse: 0.1786
Epoch 418/1000
100/100 - 29s - loss: 0.2026 - mse: 0.2026 - val_loss: 0.1788 - val_mse: 0.1788
Epoch 419/1000
100/100 - 32s - loss: 0.1957 - mse: 0.1957 - val_loss: 0.1772 - val_mse: 0.1772
Epoch 420/1000
100/100 - 29s - loss: 0.2049 - mse: 0.2049 - val_loss: 0.1810 - val_mse: 0.1810
Epoch 421/1000
100/100 - 31s - loss: 0.1997 - mse: 0.1997 - val_loss: 0.1815 - val_mse: 0.1815
Epoch 422/1000
100/100 - 32s - loss: 0.2027 - mse: 0.2027 - val_loss: 0.2079 - val_mse: 0.2079
Epoch 423/1000
100/100 - 33s - loss: 0.2197 - mse: 0.2197 - val_loss: 0.2154 - val_mse: 0.2154
Epoch 424/1000
100/100 - 37s - loss: 0.2256 - mse: 0.2256 - val_loss: 0.2229 - val_mse: 0.2229
Epoch 425/1000
100/100 - 38s - loss: 0.2157 - mse: 0.2157 - val_loss: 0.1926 - val_mse: 0.1926
Epoch 426/1000
100/100 - 32s - loss: 0.2052 - mse: 0.2052 - val_loss: 0.1877 - val_mse: 0.1877
Epoch 427/1000
100/100 - 36s - loss: 0.2086 - mse: 0.2086 - val_loss: 0.1870 - val_mse: 0.1870
Epoch 428/1000
100/100 - 37s - loss: 0.2042 - mse: 0.2042 - val_loss: 0.1818 - val_mse: 0.1818
Epoch 429/1000
100/100 - 35s - loss: 0.2088 - mse: 0.2088 - val_loss: 0.1806 - val_mse: 0.1806
Epoch 430/1000
100/100 - 40s - loss: 0.2000 - mse: 0.2000 - val_loss: 0.1837 - val_mse: 0.1837
Epoch 431/1000
100/100 - 39s - loss: 0.2036 - mse: 0.2036 - val_loss: 0.1889 - val_mse: 0.1889
Epoch 432/1000
100/100 - 57s - loss: 0.1974 - mse: 0.1974 - val_loss: 0.1884 - val_mse: 0.1884
Epoch 433/1000
100/100 - 35s - loss: 0.2039 - mse: 0.2039 - val_loss: 0.1877 - val_mse: 0.1877
Epoch 434/1000
100/100 - 33s - loss: 0.1978 - mse: 0.1978 - val_loss: 0.1933 - val_mse: 0.1933
Epoch 435/1000
100/100 - 35s - loss: 0.2028 - mse: 0.2028 - val_loss: 0.1902 - val_mse: 0.1902
Epoch 436/1000
100/100 - 35s - loss: 0.2055 - mse: 0.2055 - val_loss: 0.1903 - val_mse: 0.1903
Epoch 437/1000
100/100 - 33s - loss: 0.2026 - mse: 0.2026 - val_loss: 0.1878 - val_mse: 0.1878
Epoch 438/1000
100/100 - 35s - loss: 0.2022 - mse: 0.2022 - val_loss: 0.1891 - val_mse: 0.1891
Epoch 439/1000
100/100 - 33s - loss: 0.1982 - mse: 0.1982 - val_loss: 0.1953 - val_mse: 0.1953
Epoch 440/1000
100/100 - 37s - loss: 0.2009 - mse: 0.2009 - val_loss: 0.1934 - val_mse: 0.1934
Epoch 441/1000
100/100 - 34s - loss: 0.2035 - mse: 0.2035 - val_loss: 0.2079 - val_mse: 0.2079
Epoch 442/1000
100/100 - 38s - loss: 0.1988 - mse: 0.1988 - val_loss: 0.2284 - val_mse: 0.2284
Epoch 443/1000
100/100 - 34s - loss: 0.1979 - mse: 0.1979 - val_loss: 0.1995 - val_mse: 0.1995
Epoch 444/1000
100/100 - 35s - loss: 0.2020 - mse: 0.2020 - val_loss: 0.1979 - val_mse: 0.1979
Epoch 445/1000
100/100 - 36s - loss: 0.2073 - mse: 0.2073 - val_loss: 0.2015 - val_mse: 0.2015
Epoch 446/1000
100/100 - 36s - loss: 0.1956 - mse: 0.1956 - val_loss: 0.2091 - val_mse: 0.2091
Epoch 447/1000
100/100 - 33s - loss: 0.2060 - mse: 0.2060 - val_loss: 0.1966 - val_mse: 0.1966
Epoch 448/1000
100/100 - 34s - loss: 0.2037 - mse: 0.2037 - val_loss: 0.1788 - val_mse: 0.1788
Epoch 449/1000
100/100 - 36s - loss: 0.1978 - mse: 0.1978 - val_loss: 0.1796 - val_mse: 0.1796
Epoch 450/1000
100/100 - 31s - loss: 0.2002 - mse: 0.2002 - val_loss: 0.1774 - val_mse: 0.1774
