/common/pkgs/cuda/cuda-11.4/lib64:/common/pkgs/cuda/cuda-11.4/extras/CUPTI/lib64:/rhome/mdodson/.conda/envs/learn/lib
Tensorflow version: 2.4.1
Num GPUs Available:  1
[PhysicalDevice(name='/physical_device:CPU:0', device_type='CPU'), PhysicalDevice(name='/physical_device:XLA_CPU:0', device_type='XLA_CPU'), PhysicalDevice(name='/physical_device:XLA_GPU:0', device_type='XLA_GPU'), PhysicalDevice(name='/physical_device:GPU:0', device_type='GPU')]
Model: "model"
_________________________________________________________________
Layer (type)                 Output Shape              Param #   
=================================================================
input_1 (InputLayer)         [(None, 400, 22)]         0         
_________________________________________________________________
in_dist (TimeDistributed)    (None, 400, 256)          5888      
_________________________________________________________________
enc_bd_0 (Bidirectional)     (None, 400, 512)          1050624   
_________________________________________________________________
enc_bnorm_0 (BatchNormalizat (None, 400, 512)          2048      
_________________________________________________________________
dropout (Dropout)            (None, 400, 512)          0         
_________________________________________________________________
enc_bd_1 (Bidirectional)     (None, 256)               656384    
_________________________________________________________________
enc_bnorm_1 (BatchNormalizat (None, 256)               1024      
_________________________________________________________________
dropout_1 (Dropout)          (None, 256)               0         
_________________________________________________________________
latent_projection (Dense)    (None, 128)               32896     
_________________________________________________________________
repeat_vector (RepeatVector) (None, 400, 128)          0         
_________________________________________________________________
dec_bd_0 (Bidirectional)     (None, 400, 256)          263168    
_________________________________________________________________
dec_bnorm_0 (BatchNormalizat (None, 400, 256)          1024      
_________________________________________________________________
dec_bd_1 (Bidirectional)     (None, 400, 512)          1050624   
_________________________________________________________________
dec_bnorm_1 (BatchNormalizat (None, 400, 512)          2048      
_________________________________________________________________
out_dist (TimeDistributed)   (None, 400, 22)           11286     
=================================================================
Total params: 3,077,014
Trainable params: 3,073,942
Non-trainable params: 3,072
_________________________________________________________________
Compiling model
Making generators
Fitting model
Epoch 1/1000
100/100 - 1221s - loss: 0.5948 - mse: 0.5948 - val_loss: 0.7922 - val_mse: 0.7922
Epoch 2/1000
100/100 - 139s - loss: 0.3478 - mse: 0.3478 - val_loss: 0.5849 - val_mse: 0.5849
Epoch 3/1000
100/100 - 144s - loss: 0.3288 - mse: 0.3288 - val_loss: 0.4108 - val_mse: 0.4108
Epoch 4/1000
100/100 - 151s - loss: 0.3198 - mse: 0.3198 - val_loss: 0.3604 - val_mse: 0.3604
Epoch 5/1000
100/100 - 151s - loss: 0.3057 - mse: 0.3057 - val_loss: 0.2748 - val_mse: 0.2748
Epoch 6/1000
100/100 - 146s - loss: 0.2963 - mse: 0.2963 - val_loss: 0.2669 - val_mse: 0.2669
Epoch 7/1000
100/100 - 141s - loss: 0.2813 - mse: 0.2813 - val_loss: 0.3523 - val_mse: 0.3523
Epoch 8/1000
100/100 - 130s - loss: 0.2866 - mse: 0.2866 - val_loss: 0.2437 - val_mse: 0.2437
Epoch 9/1000
100/100 - 131s - loss: 0.2795 - mse: 0.2795 - val_loss: 0.2392 - val_mse: 0.2392
Epoch 10/1000
100/100 - 131s - loss: 0.2666 - mse: 0.2666 - val_loss: 0.2367 - val_mse: 0.2367
Epoch 11/1000
100/100 - 123s - loss: 0.2882 - mse: 0.2882 - val_loss: 0.2711 - val_mse: 0.2711
Epoch 12/1000
100/100 - 122s - loss: 0.2763 - mse: 0.2763 - val_loss: 0.2254 - val_mse: 0.2254
Epoch 13/1000
100/100 - 117s - loss: 0.2731 - mse: 0.2731 - val_loss: 0.2239 - val_mse: 0.2239
Epoch 14/1000
100/100 - 129s - loss: 0.2760 - mse: 0.2760 - val_loss: 0.2634 - val_mse: 0.2634
Epoch 15/1000
100/100 - 122s - loss: 0.2720 - mse: 0.2720 - val_loss: 0.2578 - val_mse: 0.2578
Epoch 16/1000
100/100 - 110s - loss: 0.3213 - mse: 0.3213 - val_loss: 1.2836 - val_mse: 1.2836
Epoch 17/1000
100/100 - 105s - loss: 0.3340 - mse: 0.3340 - val_loss: 0.4712 - val_mse: 0.4712
Epoch 18/1000
100/100 - 135s - loss: 0.2837 - mse: 0.2837 - val_loss: 0.2746 - val_mse: 0.2746
Epoch 19/1000
100/100 - 94s - loss: 0.2889 - mse: 0.2889 - val_loss: 0.2392 - val_mse: 0.2392
Epoch 20/1000
100/100 - 87s - loss: 0.2704 - mse: 0.2704 - val_loss: 0.2871 - val_mse: 0.2871
Epoch 21/1000
100/100 - 83s - loss: 0.2716 - mse: 0.2716 - val_loss: 0.2432 - val_mse: 0.2432
Epoch 22/1000
100/100 - 77s - loss: 0.2691 - mse: 0.2691 - val_loss: 0.2603 - val_mse: 0.2603
Epoch 23/1000
100/100 - 73s - loss: 0.2692 - mse: 0.2692 - val_loss: 0.2341 - val_mse: 0.2341
Epoch 24/1000
100/100 - 71s - loss: 0.2618 - mse: 0.2618 - val_loss: 0.2182 - val_mse: 0.2182
Epoch 25/1000
100/100 - 60s - loss: 0.2450 - mse: 0.2450 - val_loss: 0.2150 - val_mse: 0.2150
Epoch 26/1000
100/100 - 68s - loss: 0.2555 - mse: 0.2555 - val_loss: 0.2112 - val_mse: 0.2112
Epoch 27/1000
100/100 - 59s - loss: 0.2473 - mse: 0.2473 - val_loss: 0.2172 - val_mse: 0.2172
Epoch 28/1000
100/100 - 53s - loss: 0.2491 - mse: 0.2491 - val_loss: 0.2143 - val_mse: 0.2143
Epoch 29/1000
100/100 - 53s - loss: 0.2492 - mse: 0.2492 - val_loss: 0.2105 - val_mse: 0.2105
Epoch 30/1000
100/100 - 50s - loss: 0.2425 - mse: 0.2425 - val_loss: 0.2121 - val_mse: 0.2121
Epoch 31/1000
100/100 - 45s - loss: 0.2460 - mse: 0.2460 - val_loss: 0.2102 - val_mse: 0.2102
Epoch 32/1000
100/100 - 43s - loss: 0.2516 - mse: 0.2516 - val_loss: 0.2066 - val_mse: 0.2066
Epoch 33/1000
100/100 - 39s - loss: 0.2478 - mse: 0.2478 - val_loss: 0.2288 - val_mse: 0.2288
Epoch 34/1000
100/100 - 44s - loss: 0.2602 - mse: 0.2602 - val_loss: 0.2142 - val_mse: 0.2142
Epoch 35/1000
100/100 - 39s - loss: 0.2530 - mse: 0.2530 - val_loss: 0.2142 - val_mse: 0.2142
Epoch 36/1000
100/100 - 35s - loss: 0.2524 - mse: 0.2524 - val_loss: 0.2165 - val_mse: 0.2165
Epoch 37/1000
100/100 - 35s - loss: 0.2993 - mse: 0.2993 - val_loss: 0.2667 - val_mse: 0.2667
Epoch 38/1000
100/100 - 31s - loss: 0.2736 - mse: 0.2736 - val_loss: 0.2271 - val_mse: 0.2271
Epoch 39/1000
100/100 - 32s - loss: 0.2729 - mse: 0.2729 - val_loss: 0.2192 - val_mse: 0.2192
Epoch 40/1000
100/100 - 29s - loss: 0.2888 - mse: 0.2888 - val_loss: 0.3660 - val_mse: 0.3660
Epoch 41/1000
100/100 - 32s - loss: 0.2862 - mse: 0.2862 - val_loss: 0.2469 - val_mse: 0.2469
Epoch 42/1000
100/100 - 27s - loss: 0.2631 - mse: 0.2631 - val_loss: 0.2235 - val_mse: 0.2235
Epoch 43/1000
100/100 - 30s - loss: 0.2627 - mse: 0.2627 - val_loss: 0.2189 - val_mse: 0.2189
Epoch 44/1000
100/100 - 29s - loss: 0.2550 - mse: 0.2550 - val_loss: 0.2205 - val_mse: 0.2205
Epoch 45/1000
100/100 - 26s - loss: 0.2504 - mse: 0.2504 - val_loss: 0.2138 - val_mse: 0.2138
Epoch 46/1000
100/100 - 28s - loss: 0.2451 - mse: 0.2451 - val_loss: 0.2076 - val_mse: 0.2076
Epoch 47/1000
100/100 - 26s - loss: 0.2436 - mse: 0.2436 - val_loss: 0.2041 - val_mse: 0.2041
Epoch 48/1000
100/100 - 28s - loss: 0.2483 - mse: 0.2483 - val_loss: 0.2084 - val_mse: 0.2084
Epoch 49/1000
100/100 - 27s - loss: 0.2429 - mse: 0.2429 - val_loss: 0.2127 - val_mse: 0.2127
Epoch 50/1000
100/100 - 25s - loss: 0.2415 - mse: 0.2415 - val_loss: 0.2021 - val_mse: 0.2021
Epoch 51/1000
100/100 - 28s - loss: 0.2369 - mse: 0.2369 - val_loss: 0.2086 - val_mse: 0.2086
Epoch 52/1000
100/100 - 27s - loss: 0.2339 - mse: 0.2339 - val_loss: 0.2045 - val_mse: 0.2045
Epoch 53/1000
100/100 - 25s - loss: 0.2361 - mse: 0.2361 - val_loss: 0.2035 - val_mse: 0.2035
Epoch 54/1000
100/100 - 28s - loss: 0.2467 - mse: 0.2467 - val_loss: 0.2645 - val_mse: 0.2645
Epoch 55/1000
100/100 - 26s - loss: 0.2584 - mse: 0.2584 - val_loss: 0.2168 - val_mse: 0.2168
Epoch 56/1000
100/100 - 28s - loss: 0.2522 - mse: 0.2522 - val_loss: 0.2314 - val_mse: 0.2314
Epoch 57/1000
100/100 - 25s - loss: 0.2496 - mse: 0.2496 - val_loss: 0.2150 - val_mse: 0.2150
Epoch 58/1000
100/100 - 29s - loss: 0.2431 - mse: 0.2431 - val_loss: 0.2072 - val_mse: 0.2072
Epoch 59/1000
100/100 - 27s - loss: 0.2406 - mse: 0.2406 - val_loss: 0.2108 - val_mse: 0.2108
Epoch 60/1000
100/100 - 25s - loss: 0.2410 - mse: 0.2410 - val_loss: 0.2183 - val_mse: 0.2183
Epoch 61/1000
100/100 - 29s - loss: 0.2426 - mse: 0.2426 - val_loss: 0.2068 - val_mse: 0.2068
Epoch 62/1000
100/100 - 25s - loss: 0.2385 - mse: 0.2385 - val_loss: 0.2052 - val_mse: 0.2052
Epoch 63/1000
100/100 - 28s - loss: 0.2380 - mse: 0.2380 - val_loss: 0.2140 - val_mse: 0.2140
Epoch 64/1000
100/100 - 27s - loss: 0.2321 - mse: 0.2321 - val_loss: 0.2052 - val_mse: 0.2052
Epoch 65/1000
100/100 - 25s - loss: 0.2367 - mse: 0.2367 - val_loss: 0.2037 - val_mse: 0.2037
Epoch 66/1000
100/100 - 28s - loss: 0.2405 - mse: 0.2405 - val_loss: 0.2114 - val_mse: 0.2114
Epoch 67/1000
100/100 - 25s - loss: 0.2442 - mse: 0.2442 - val_loss: 0.2099 - val_mse: 0.2099
Epoch 68/1000
100/100 - 28s - loss: 0.2414 - mse: 0.2414 - val_loss: 0.2076 - val_mse: 0.2076
Epoch 69/1000
100/100 - 25s - loss: 0.2414 - mse: 0.2414 - val_loss: 0.2028 - val_mse: 0.2028
Epoch 70/1000
100/100 - 28s - loss: 0.2429 - mse: 0.2429 - val_loss: 0.1976 - val_mse: 0.1976
Epoch 71/1000
100/100 - 27s - loss: 0.2355 - mse: 0.2355 - val_loss: 0.1977 - val_mse: 0.1977
Epoch 72/1000
100/100 - 25s - loss: 0.2416 - mse: 0.2416 - val_loss: 0.2105 - val_mse: 0.2105
Epoch 73/1000
100/100 - 29s - loss: 0.2375 - mse: 0.2375 - val_loss: 0.2049 - val_mse: 0.2049
Epoch 74/1000
100/100 - 26s - loss: 0.2327 - mse: 0.2327 - val_loss: 0.2000 - val_mse: 0.2000
Epoch 75/1000
100/100 - 28s - loss: 0.2259 - mse: 0.2259 - val_loss: 0.1992 - val_mse: 0.1992
Epoch 76/1000
100/100 - 27s - loss: 0.2363 - mse: 0.2363 - val_loss: 0.2447 - val_mse: 0.2447
Epoch 77/1000
100/100 - 25s - loss: 0.2774 - mse: 0.2774 - val_loss: 0.2672 - val_mse: 0.2672
Epoch 78/1000
100/100 - 28s - loss: 0.2493 - mse: 0.2493 - val_loss: 0.2197 - val_mse: 0.2197
Epoch 79/1000
100/100 - 25s - loss: 0.2496 - mse: 0.2496 - val_loss: 0.2097 - val_mse: 0.2097
Epoch 80/1000
100/100 - 28s - loss: 0.2419 - mse: 0.2419 - val_loss: 0.2092 - val_mse: 0.2092
Epoch 81/1000
100/100 - 25s - loss: 0.2378 - mse: 0.2378 - val_loss: 0.2103 - val_mse: 0.2103
Epoch 82/1000
100/100 - 28s - loss: 0.2460 - mse: 0.2460 - val_loss: 0.2096 - val_mse: 0.2096
Epoch 83/1000
100/100 - 28s - loss: 0.2445 - mse: 0.2445 - val_loss: 0.2117 - val_mse: 0.2117
Epoch 84/1000
100/100 - 25s - loss: 0.2397 - mse: 0.2397 - val_loss: 0.2089 - val_mse: 0.2089
Epoch 85/1000
100/100 - 30s - loss: 0.2320 - mse: 0.2320 - val_loss: 0.2069 - val_mse: 0.2069
Epoch 86/1000
100/100 - 26s - loss: 0.2421 - mse: 0.2421 - val_loss: 0.2021 - val_mse: 0.2021
Epoch 87/1000
100/100 - 28s - loss: 0.2368 - mse: 0.2368 - val_loss: 0.2002 - val_mse: 0.2002
Epoch 88/1000
100/100 - 27s - loss: 0.2326 - mse: 0.2326 - val_loss: 0.2050 - val_mse: 0.2050
Epoch 89/1000
100/100 - 26s - loss: 0.2396 - mse: 0.2396 - val_loss: 0.2039 - val_mse: 0.2039
Epoch 90/1000
100/100 - 28s - loss: 0.2390 - mse: 0.2390 - val_loss: 0.1995 - val_mse: 0.1995
Epoch 91/1000
100/100 - 25s - loss: 0.2346 - mse: 0.2346 - val_loss: 0.2026 - val_mse: 0.2026
Epoch 92/1000
100/100 - 28s - loss: 0.2286 - mse: 0.2286 - val_loss: 0.1998 - val_mse: 0.1998
Epoch 93/1000
100/100 - 25s - loss: 0.2484 - mse: 0.2484 - val_loss: 0.2167 - val_mse: 0.2167
Epoch 94/1000
100/100 - 29s - loss: 0.2370 - mse: 0.2370 - val_loss: 0.2206 - val_mse: 0.2206
Epoch 95/1000
100/100 - 27s - loss: 0.2488 - mse: 0.2488 - val_loss: 0.2090 - val_mse: 0.2090
Epoch 96/1000
100/100 - 25s - loss: 0.2375 - mse: 0.2375 - val_loss: 0.2071 - val_mse: 0.2071
Epoch 97/1000
100/100 - 31s - loss: 0.2379 - mse: 0.2379 - val_loss: 0.2072 - val_mse: 0.2072
Epoch 98/1000
100/100 - 25s - loss: 0.2390 - mse: 0.2390 - val_loss: 0.2015 - val_mse: 0.2015
Epoch 99/1000
100/100 - 28s - loss: 0.2300 - mse: 0.2300 - val_loss: 0.2005 - val_mse: 0.2005
Epoch 100/1000
100/100 - 28s - loss: 0.2367 - mse: 0.2367 - val_loss: 0.2051 - val_mse: 0.2051
Epoch 101/1000
100/100 - 25s - loss: 0.2380 - mse: 0.2380 - val_loss: 0.2079 - val_mse: 0.2079
Epoch 102/1000
100/100 - 28s - loss: 0.2318 - mse: 0.2318 - val_loss: 0.1996 - val_mse: 0.1996
Epoch 103/1000
100/100 - 25s - loss: 0.2379 - mse: 0.2379 - val_loss: 0.1970 - val_mse: 0.1970
Epoch 104/1000
100/100 - 28s - loss: 0.2289 - mse: 0.2289 - val_loss: 0.2037 - val_mse: 0.2037
Epoch 105/1000
100/100 - 25s - loss: 0.2338 - mse: 0.2338 - val_loss: 0.2062 - val_mse: 0.2062
Epoch 106/1000
100/100 - 30s - loss: 0.2281 - mse: 0.2281 - val_loss: 0.1985 - val_mse: 0.1985
Epoch 107/1000
100/100 - 28s - loss: 0.2263 - mse: 0.2263 - val_loss: 0.2025 - val_mse: 0.2025
Epoch 108/1000
100/100 - 25s - loss: 0.2397 - mse: 0.2397 - val_loss: 0.2217 - val_mse: 0.2217
Epoch 109/1000
100/100 - 30s - loss: 0.2487 - mse: 0.2487 - val_loss: 0.5312 - val_mse: 0.5312
Epoch 110/1000
100/100 - 25s - loss: 0.2635 - mse: 0.2635 - val_loss: 0.2250 - val_mse: 0.2250
Epoch 111/1000
100/100 - 29s - loss: 0.2442 - mse: 0.2442 - val_loss: 0.2150 - val_mse: 0.2150
Epoch 112/1000
100/100 - 27s - loss: 0.2504 - mse: 0.2504 - val_loss: 0.2180 - val_mse: 0.2180
Epoch 113/1000
100/100 - 26s - loss: 0.2465 - mse: 0.2465 - val_loss: 0.2070 - val_mse: 0.2070
Epoch 114/1000
100/100 - 28s - loss: 0.2387 - mse: 0.2387 - val_loss: 0.2054 - val_mse: 0.2054
Epoch 115/1000
100/100 - 26s - loss: 0.2356 - mse: 0.2356 - val_loss: 0.1999 - val_mse: 0.1999
Epoch 116/1000
100/100 - 28s - loss: 0.2418 - mse: 0.2418 - val_loss: 0.2103 - val_mse: 0.2103
Epoch 117/1000
100/100 - 25s - loss: 0.2426 - mse: 0.2426 - val_loss: 0.2041 - val_mse: 0.2041
Epoch 118/1000
100/100 - 30s - loss: 0.2398 - mse: 0.2398 - val_loss: 0.2052 - val_mse: 0.2052
Epoch 119/1000
100/100 - 28s - loss: 0.2317 - mse: 0.2317 - val_loss: 0.2021 - val_mse: 0.2021
Epoch 120/1000
100/100 - 25s - loss: 0.2671 - mse: 0.2671 - val_loss: 0.2639 - val_mse: 0.2639
Epoch 121/1000
100/100 - 30s - loss: 0.2500 - mse: 0.2500 - val_loss: 0.2188 - val_mse: 0.2188
Epoch 122/1000
100/100 - 25s - loss: 0.2456 - mse: 0.2456 - val_loss: 0.2108 - val_mse: 0.2108
Epoch 123/1000
100/100 - 28s - loss: 0.2516 - mse: 0.2516 - val_loss: 0.2098 - val_mse: 0.2098
Epoch 124/1000
100/100 - 27s - loss: 0.2414 - mse: 0.2414 - val_loss: 0.2154 - val_mse: 0.2154
Epoch 125/1000
100/100 - 25s - loss: 0.2434 - mse: 0.2434 - val_loss: 0.2067 - val_mse: 0.2067
Epoch 126/1000
100/100 - 28s - loss: 0.2375 - mse: 0.2375 - val_loss: 0.1985 - val_mse: 0.1985
Epoch 127/1000
100/100 - 25s - loss: 0.2320 - mse: 0.2320 - val_loss: 0.2044 - val_mse: 0.2044
Epoch 128/1000
100/100 - 28s - loss: 0.2366 - mse: 0.2366 - val_loss: 0.1973 - val_mse: 0.1973
Epoch 129/1000
100/100 - 25s - loss: 0.2301 - mse: 0.2301 - val_loss: 0.1970 - val_mse: 0.1970
Epoch 130/1000
100/100 - 29s - loss: 0.2347 - mse: 0.2347 - val_loss: 0.1952 - val_mse: 0.1952
Epoch 131/1000
100/100 - 27s - loss: 0.2315 - mse: 0.2315 - val_loss: 0.1961 - val_mse: 0.1961
Epoch 132/1000
100/100 - 25s - loss: 0.2354 - mse: 0.2354 - val_loss: 0.1950 - val_mse: 0.1950
Epoch 133/1000
100/100 - 29s - loss: 0.2278 - mse: 0.2278 - val_loss: 0.1997 - val_mse: 0.1997
Epoch 134/1000
100/100 - 25s - loss: 0.2294 - mse: 0.2294 - val_loss: 0.1958 - val_mse: 0.1958
Epoch 135/1000
100/100 - 29s - loss: 0.2271 - mse: 0.2271 - val_loss: 0.1939 - val_mse: 0.1939
Epoch 136/1000
100/100 - 27s - loss: 0.2415 - mse: 0.2415 - val_loss: 0.2042 - val_mse: 0.2042
Epoch 137/1000
100/100 - 26s - loss: 0.2314 - mse: 0.2314 - val_loss: 0.2052 - val_mse: 0.2052
Epoch 138/1000
100/100 - 29s - loss: 0.2381 - mse: 0.2381 - val_loss: 0.1994 - val_mse: 0.1994
Epoch 139/1000
100/100 - 25s - loss: 0.2300 - mse: 0.2300 - val_loss: 0.1988 - val_mse: 0.1988
Epoch 140/1000
100/100 - 28s - loss: 0.2226 - mse: 0.2226 - val_loss: 0.1932 - val_mse: 0.1932
Epoch 141/1000
100/100 - 25s - loss: 0.2286 - mse: 0.2286 - val_loss: 0.1959 - val_mse: 0.1959
Epoch 142/1000
100/100 - 29s - loss: 0.2297 - mse: 0.2297 - val_loss: 0.2051 - val_mse: 0.2051
Epoch 143/1000
100/100 - 29s - loss: 0.2347 - mse: 0.2347 - val_loss: 0.2047 - val_mse: 0.2047
Epoch 144/1000
100/100 - 25s - loss: 0.2286 - mse: 0.2286 - val_loss: 0.1945 - val_mse: 0.1945
Epoch 145/1000
100/100 - 30s - loss: 0.2299 - mse: 0.2299 - val_loss: 0.1961 - val_mse: 0.1961
Epoch 146/1000
100/100 - 26s - loss: 0.2305 - mse: 0.2305 - val_loss: 0.1970 - val_mse: 0.1970
Epoch 147/1000
100/100 - 29s - loss: 0.2244 - mse: 0.2244 - val_loss: 0.2129 - val_mse: 0.2129
Epoch 148/1000
100/100 - 28s - loss: 0.2312 - mse: 0.2312 - val_loss: 0.2022 - val_mse: 0.2022
Epoch 149/1000
100/100 - 26s - loss: 0.2361 - mse: 0.2361 - val_loss: 0.1999 - val_mse: 0.1999
Epoch 150/1000
100/100 - 29s - loss: 0.2275 - mse: 0.2275 - val_loss: 0.1994 - val_mse: 0.1994
Epoch 151/1000
100/100 - 25s - loss: 0.2362 - mse: 0.2362 - val_loss: 0.2002 - val_mse: 0.2002
Epoch 152/1000
100/100 - 28s - loss: 0.2227 - mse: 0.2227 - val_loss: 0.2048 - val_mse: 0.2048
Epoch 153/1000
100/100 - 25s - loss: 0.2203 - mse: 0.2203 - val_loss: 0.1981 - val_mse: 0.1981
Epoch 154/1000
100/100 - 30s - loss: 0.2364 - mse: 0.2364 - val_loss: 0.2020 - val_mse: 0.2020
Epoch 155/1000
100/100 - 28s - loss: 0.2242 - mse: 0.2242 - val_loss: 0.1977 - val_mse: 0.1977
Epoch 156/1000
100/100 - 26s - loss: 0.2303 - mse: 0.2303 - val_loss: 0.1979 - val_mse: 0.1979
Epoch 157/1000
100/100 - 29s - loss: 0.2240 - mse: 0.2240 - val_loss: 0.1964 - val_mse: 0.1964
Epoch 158/1000
100/100 - 26s - loss: 0.2232 - mse: 0.2232 - val_loss: 0.1978 - val_mse: 0.1978
Epoch 159/1000
100/100 - 28s - loss: 0.2251 - mse: 0.2251 - val_loss: 0.2305 - val_mse: 0.2305
Epoch 160/1000
100/100 - 27s - loss: 0.2230 - mse: 0.2230 - val_loss: 0.2009 - val_mse: 0.2009
Epoch 161/1000
100/100 - 26s - loss: 0.2229 - mse: 0.2229 - val_loss: 0.2050 - val_mse: 0.2050
Epoch 162/1000
100/100 - 28s - loss: 0.2311 - mse: 0.2311 - val_loss: 0.1991 - val_mse: 0.1991
Epoch 163/1000
100/100 - 25s - loss: 0.2266 - mse: 0.2266 - val_loss: 0.1967 - val_mse: 0.1967
Epoch 164/1000
100/100 - 28s - loss: 0.2198 - mse: 0.2198 - val_loss: 0.1983 - val_mse: 0.1983
Epoch 165/1000
100/100 - 25s - loss: 0.2267 - mse: 0.2267 - val_loss: 0.1941 - val_mse: 0.1941
Epoch 166/1000
100/100 - 29s - loss: 0.2211 - mse: 0.2211 - val_loss: 0.1923 - val_mse: 0.1923
Epoch 167/1000
100/100 - 27s - loss: 0.2237 - mse: 0.2237 - val_loss: 0.1963 - val_mse: 0.1963
Epoch 168/1000
100/100 - 25s - loss: 0.2195 - mse: 0.2195 - val_loss: 0.1980 - val_mse: 0.1980
Epoch 169/1000
100/100 - 29s - loss: 0.2225 - mse: 0.2225 - val_loss: 0.1987 - val_mse: 0.1987
Epoch 170/1000
100/100 - 25s - loss: 0.2229 - mse: 0.2229 - val_loss: 0.1994 - val_mse: 0.1994
Epoch 171/1000
100/100 - 29s - loss: 0.2265 - mse: 0.2265 - val_loss: 0.1967 - val_mse: 0.1967
Epoch 172/1000
100/100 - 27s - loss: 0.2189 - mse: 0.2189 - val_loss: 0.2043 - val_mse: 0.2043
Epoch 173/1000
100/100 - 25s - loss: 0.2239 - mse: 0.2239 - val_loss: 0.2035 - val_mse: 0.2035
Epoch 174/1000
100/100 - 29s - loss: 0.2232 - mse: 0.2232 - val_loss: 0.1979 - val_mse: 0.1979
Epoch 175/1000
100/100 - 26s - loss: 0.2234 - mse: 0.2234 - val_loss: 0.1976 - val_mse: 0.1976
Epoch 176/1000
100/100 - 28s - loss: 0.2222 - mse: 0.2222 - val_loss: 0.1960 - val_mse: 0.1960
Epoch 177/1000
100/100 - 25s - loss: 0.2201 - mse: 0.2201 - val_loss: 0.1945 - val_mse: 0.1945
Epoch 178/1000
100/100 - 30s - loss: 0.2199 - mse: 0.2199 - val_loss: 0.1957 - val_mse: 0.1957
Epoch 179/1000
100/100 - 28s - loss: 0.2276 - mse: 0.2276 - val_loss: 0.1965 - val_mse: 0.1965
Epoch 180/1000
100/100 - 25s - loss: 0.2124 - mse: 0.2124 - val_loss: 0.1904 - val_mse: 0.1904
Epoch 181/1000
100/100 - 30s - loss: 0.2205 - mse: 0.2205 - val_loss: 0.1933 - val_mse: 0.1933
Epoch 182/1000
100/100 - 26s - loss: 0.2221 - mse: 0.2221 - val_loss: 0.2113 - val_mse: 0.2113
Epoch 183/1000
100/100 - 28s - loss: 0.2195 - mse: 0.2195 - val_loss: 0.1976 - val_mse: 0.1976
Epoch 184/1000
100/100 - 28s - loss: 0.2147 - mse: 0.2147 - val_loss: 0.1929 - val_mse: 0.1929
Epoch 185/1000
100/100 - 26s - loss: 0.2226 - mse: 0.2226 - val_loss: 0.1978 - val_mse: 0.1978
Epoch 186/1000
100/100 - 29s - loss: 0.2184 - mse: 0.2184 - val_loss: 0.1997 - val_mse: 0.1997
Epoch 187/1000
100/100 - 26s - loss: 0.2196 - mse: 0.2196 - val_loss: 0.1984 - val_mse: 0.1984
Epoch 188/1000
100/100 - 29s - loss: 0.2220 - mse: 0.2220 - val_loss: 0.1996 - val_mse: 0.1996
Epoch 189/1000
100/100 - 26s - loss: 0.2272 - mse: 0.2272 - val_loss: 0.1912 - val_mse: 0.1912
Epoch 190/1000
100/100 - 30s - loss: 0.2249 - mse: 0.2249 - val_loss: 0.1975 - val_mse: 0.1975
Epoch 191/1000
100/100 - 28s - loss: 0.2269 - mse: 0.2269 - val_loss: 0.1973 - val_mse: 0.1973
Epoch 192/1000
100/100 - 25s - loss: 0.2253 - mse: 0.2253 - val_loss: 0.1969 - val_mse: 0.1969
Epoch 193/1000
100/100 - 30s - loss: 0.2189 - mse: 0.2189 - val_loss: 0.1934 - val_mse: 0.1934
Epoch 194/1000
100/100 - 26s - loss: 0.2174 - mse: 0.2174 - val_loss: 0.1938 - val_mse: 0.1938
Epoch 195/1000
100/100 - 28s - loss: 0.2194 - mse: 0.2194 - val_loss: 0.1934 - val_mse: 0.1934
Epoch 196/1000
100/100 - 27s - loss: 0.2223 - mse: 0.2223 - val_loss: 0.1943 - val_mse: 0.1943
Epoch 197/1000
100/100 - 26s - loss: 0.2190 - mse: 0.2190 - val_loss: 0.1918 - val_mse: 0.1918
Epoch 198/1000
100/100 - 28s - loss: 0.2156 - mse: 0.2156 - val_loss: 0.1952 - val_mse: 0.1952
Epoch 199/1000
100/100 - 25s - loss: 0.2119 - mse: 0.2119 - val_loss: 0.2008 - val_mse: 0.2008
Epoch 200/1000
100/100 - 29s - loss: 0.2155 - mse: 0.2155 - val_loss: 0.1946 - val_mse: 0.1946
Epoch 201/1000
100/100 - 25s - loss: 0.2152 - mse: 0.2152 - val_loss: 0.1968 - val_mse: 0.1968
Epoch 202/1000
100/100 - 29s - loss: 0.2127 - mse: 0.2127 - val_loss: 0.1915 - val_mse: 0.1915
Epoch 203/1000
100/100 - 28s - loss: 0.2183 - mse: 0.2183 - val_loss: 0.1910 - val_mse: 0.1910
Epoch 204/1000
100/100 - 25s - loss: 0.2205 - mse: 0.2205 - val_loss: 0.1969 - val_mse: 0.1969
Epoch 205/1000
100/100 - 29s - loss: 0.2180 - mse: 0.2180 - val_loss: 0.1930 - val_mse: 0.1930
Epoch 206/1000
100/100 - 25s - loss: 0.2216 - mse: 0.2216 - val_loss: 0.1946 - val_mse: 0.1946
Epoch 207/1000
100/100 - 28s - loss: 0.2203 - mse: 0.2203 - val_loss: 0.1936 - val_mse: 0.1936
Epoch 208/1000
100/100 - 28s - loss: 0.2166 - mse: 0.2166 - val_loss: 0.1943 - val_mse: 0.1943
Epoch 209/1000
100/100 - 26s - loss: 0.2104 - mse: 0.2104 - val_loss: 0.1936 - val_mse: 0.1936
Epoch 210/1000
100/100 - 28s - loss: 0.2240 - mse: 0.2240 - val_loss: 0.1948 - val_mse: 0.1948
Epoch 211/1000
100/100 - 25s - loss: 0.2134 - mse: 0.2134 - val_loss: 0.1924 - val_mse: 0.1924
Epoch 212/1000
100/100 - 28s - loss: 0.2156 - mse: 0.2156 - val_loss: 0.1899 - val_mse: 0.1899
Epoch 213/1000
100/100 - 25s - loss: 0.2148 - mse: 0.2148 - val_loss: 0.1973 - val_mse: 0.1973
Epoch 214/1000
100/100 - 29s - loss: 0.2159 - mse: 0.2159 - val_loss: 0.1924 - val_mse: 0.1924
Epoch 215/1000
100/100 - 27s - loss: 0.2169 - mse: 0.2169 - val_loss: 0.1892 - val_mse: 0.1892
Epoch 216/1000
100/100 - 25s - loss: 0.2167 - mse: 0.2167 - val_loss: 0.1902 - val_mse: 0.1902
Epoch 217/1000
100/100 - 29s - loss: 0.2188 - mse: 0.2188 - val_loss: 0.1894 - val_mse: 0.1894
Epoch 218/1000
100/100 - 26s - loss: 0.2196 - mse: 0.2196 - val_loss: 0.1913 - val_mse: 0.1913
Epoch 219/1000
100/100 - 28s - loss: 0.2213 - mse: 0.2213 - val_loss: 0.1946 - val_mse: 0.1946
Epoch 220/1000
100/100 - 27s - loss: 0.2172 - mse: 0.2172 - val_loss: 0.1943 - val_mse: 0.1943
Epoch 221/1000
100/100 - 26s - loss: 0.2182 - mse: 0.2182 - val_loss: 0.1901 - val_mse: 0.1901
Epoch 222/1000
100/100 - 28s - loss: 0.2259 - mse: 0.2259 - val_loss: 0.2373 - val_mse: 0.2373
Epoch 223/1000
100/100 - 26s - loss: 0.2280 - mse: 0.2280 - val_loss: 0.1932 - val_mse: 0.1932
Epoch 224/1000
100/100 - 28s - loss: 0.2256 - mse: 0.2256 - val_loss: 0.1943 - val_mse: 0.1943
Epoch 225/1000
100/100 - 26s - loss: 0.2196 - mse: 0.2196 - val_loss: 0.1900 - val_mse: 0.1900
Epoch 226/1000
100/100 - 30s - loss: 0.2172 - mse: 0.2172 - val_loss: 0.1943 - val_mse: 0.1943
Epoch 227/1000
100/100 - 29s - loss: 0.2123 - mse: 0.2123 - val_loss: 0.1958 - val_mse: 0.1958
Epoch 228/1000
100/100 - 25s - loss: 0.2216 - mse: 0.2216 - val_loss: 0.1946 - val_mse: 0.1946
Epoch 229/1000
100/100 - 30s - loss: 0.2134 - mse: 0.2134 - val_loss: 0.1976 - val_mse: 0.1976
Epoch 230/1000
100/100 - 25s - loss: 0.2233 - mse: 0.2233 - val_loss: 0.1909 - val_mse: 0.1909
Epoch 231/1000
100/100 - 28s - loss: 0.2124 - mse: 0.2124 - val_loss: 0.1942 - val_mse: 0.1942
Epoch 232/1000
100/100 - 27s - loss: 0.2143 - mse: 0.2143 - val_loss: 0.1931 - val_mse: 0.1931
Epoch 233/1000
100/100 - 26s - loss: 0.2145 - mse: 0.2145 - val_loss: 0.1981 - val_mse: 0.1981
Epoch 234/1000
100/100 - 28s - loss: 0.2093 - mse: 0.2093 - val_loss: 0.1933 - val_mse: 0.1933
Epoch 235/1000
100/100 - 25s - loss: 0.2160 - mse: 0.2160 - val_loss: 0.1940 - val_mse: 0.1940
Epoch 236/1000
100/100 - 28s - loss: 0.2177 - mse: 0.2177 - val_loss: 0.1989 - val_mse: 0.1989
Epoch 237/1000
100/100 - 25s - loss: 0.2154 - mse: 0.2154 - val_loss: 0.1960 - val_mse: 0.1960
Epoch 238/1000
100/100 - 29s - loss: 0.2123 - mse: 0.2123 - val_loss: 0.1918 - val_mse: 0.1918
Epoch 239/1000
100/100 - 27s - loss: 0.2209 - mse: 0.2209 - val_loss: 0.1909 - val_mse: 0.1909
Epoch 240/1000
100/100 - 25s - loss: 0.2142 - mse: 0.2142 - val_loss: 0.1911 - val_mse: 0.1911
Epoch 241/1000
100/100 - 29s - loss: 0.2169 - mse: 0.2169 - val_loss: 0.1975 - val_mse: 0.1975
Epoch 242/1000
100/100 - 25s - loss: 0.2153 - mse: 0.2153 - val_loss: 0.1967 - val_mse: 0.1967
Epoch 243/1000
100/100 - 28s - loss: 0.2214 - mse: 0.2214 - val_loss: 0.1938 - val_mse: 0.1938
Epoch 244/1000
100/100 - 27s - loss: 0.2135 - mse: 0.2135 - val_loss: 0.1901 - val_mse: 0.1901
Epoch 245/1000
100/100 - 25s - loss: 0.2090 - mse: 0.2090 - val_loss: 0.1915 - val_mse: 0.1915
Epoch 246/1000
100/100 - 28s - loss: 0.2188 - mse: 0.2188 - val_loss: 0.1945 - val_mse: 0.1945
Epoch 247/1000
100/100 - 25s - loss: 0.2129 - mse: 0.2129 - val_loss: 0.1895 - val_mse: 0.1895
Epoch 248/1000
100/100 - 29s - loss: 0.2150 - mse: 0.2150 - val_loss: 0.1892 - val_mse: 0.1892
Epoch 249/1000
100/100 - 25s - loss: 0.2080 - mse: 0.2080 - val_loss: 0.1879 - val_mse: 0.1879
Epoch 250/1000
100/100 - 30s - loss: 0.2112 - mse: 0.2112 - val_loss: 0.1901 - val_mse: 0.1901
Epoch 251/1000
100/100 - 28s - loss: 0.2101 - mse: 0.2101 - val_loss: 0.1929 - val_mse: 0.1929
Epoch 252/1000
100/100 - 25s - loss: 0.2149 - mse: 0.2149 - val_loss: 0.1967 - val_mse: 0.1967
Epoch 253/1000
100/100 - 30s - loss: 0.2159 - mse: 0.2159 - val_loss: 0.1972 - val_mse: 0.1972
Epoch 254/1000
100/100 - 26s - loss: 0.2147 - mse: 0.2147 - val_loss: 0.1892 - val_mse: 0.1892
Epoch 255/1000
100/100 - 28s - loss: 0.2160 - mse: 0.2160 - val_loss: 0.2057 - val_mse: 0.2057
Epoch 256/1000
100/100 - 27s - loss: 0.2233 - mse: 0.2233 - val_loss: 0.1894 - val_mse: 0.1894
Epoch 257/1000
100/100 - 25s - loss: 0.2140 - mse: 0.2140 - val_loss: 0.1917 - val_mse: 0.1917
Epoch 258/1000
100/100 - 29s - loss: 0.2144 - mse: 0.2144 - val_loss: 0.1920 - val_mse: 0.1920
Epoch 259/1000
100/100 - 25s - loss: 0.2179 - mse: 0.2179 - val_loss: 0.1915 - val_mse: 0.1915
Epoch 260/1000
100/100 - 28s - loss: 0.2191 - mse: 0.2191 - val_loss: 0.1951 - val_mse: 0.1951
Epoch 261/1000
100/100 - 25s - loss: 0.2098 - mse: 0.2098 - val_loss: 0.1920 - val_mse: 0.1920
Epoch 262/1000
100/100 - 30s - loss: 0.2161 - mse: 0.2161 - val_loss: 0.1896 - val_mse: 0.1896
Epoch 263/1000
100/100 - 28s - loss: 0.2134 - mse: 0.2134 - val_loss: 0.1877 - val_mse: 0.1877
Epoch 264/1000
100/100 - 25s - loss: 0.2146 - mse: 0.2146 - val_loss: 0.1941 - val_mse: 0.1941
Epoch 265/1000
100/100 - 29s - loss: 0.2163 - mse: 0.2163 - val_loss: 0.1933 - val_mse: 0.1933
Epoch 266/1000
100/100 - 25s - loss: 0.2083 - mse: 0.2083 - val_loss: 0.1974 - val_mse: 0.1974
Epoch 267/1000
100/100 - 29s - loss: 0.2159 - mse: 0.2159 - val_loss: 0.1924 - val_mse: 0.1924
Epoch 268/1000
100/100 - 27s - loss: 0.2135 - mse: 0.2135 - val_loss: 0.1899 - val_mse: 0.1899
Epoch 269/1000
100/100 - 25s - loss: 0.2098 - mse: 0.2098 - val_loss: 0.1891 - val_mse: 0.1891
Epoch 270/1000
100/100 - 28s - loss: 0.2163 - mse: 0.2163 - val_loss: 0.1876 - val_mse: 0.1876
Epoch 271/1000
100/100 - 26s - loss: 0.2194 - mse: 0.2194 - val_loss: 0.1938 - val_mse: 0.1938
Epoch 272/1000
100/100 - 29s - loss: 0.2098 - mse: 0.2098 - val_loss: 0.1909 - val_mse: 0.1909
Epoch 273/1000
100/100 - 25s - loss: 0.2093 - mse: 0.2093 - val_loss: 0.1941 - val_mse: 0.1941
Epoch 274/1000
100/100 - 30s - loss: 0.2139 - mse: 0.2139 - val_loss: 0.1937 - val_mse: 0.1937
Epoch 275/1000
100/100 - 27s - loss: 0.2153 - mse: 0.2153 - val_loss: 0.1976 - val_mse: 0.1976
Epoch 276/1000
100/100 - 25s - loss: 0.2087 - mse: 0.2087 - val_loss: 0.1930 - val_mse: 0.1930
Epoch 277/1000
100/100 - 29s - loss: 0.2099 - mse: 0.2099 - val_loss: 0.1945 - val_mse: 0.1945
Epoch 278/1000
100/100 - 26s - loss: 0.2098 - mse: 0.2098 - val_loss: 0.1904 - val_mse: 0.1904
Epoch 279/1000
100/100 - 29s - loss: 0.2171 - mse: 0.2171 - val_loss: 0.1904 - val_mse: 0.1904
Epoch 280/1000
100/100 - 27s - loss: 0.2105 - mse: 0.2105 - val_loss: 0.1926 - val_mse: 0.1926
Epoch 281/1000
100/100 - 25s - loss: 0.2064 - mse: 0.2064 - val_loss: 0.1971 - val_mse: 0.1971
Epoch 282/1000
100/100 - 29s - loss: 0.2142 - mse: 0.2142 - val_loss: 0.2050 - val_mse: 0.2050
Epoch 283/1000
100/100 - 25s - loss: 0.2080 - mse: 0.2080 - val_loss: 0.2007 - val_mse: 0.2007
Epoch 284/1000
100/100 - 28s - loss: 0.2172 - mse: 0.2172 - val_loss: 0.1931 - val_mse: 0.1931
Epoch 285/1000
100/100 - 25s - loss: 0.2128 - mse: 0.2128 - val_loss: 0.1956 - val_mse: 0.1956
Epoch 286/1000
100/100 - 29s - loss: 0.2180 - mse: 0.2180 - val_loss: 0.1897 - val_mse: 0.1897
Epoch 287/1000
100/100 - 28s - loss: 0.2173 - mse: 0.2173 - val_loss: 0.1915 - val_mse: 0.1915
Epoch 288/1000
100/100 - 25s - loss: 0.2118 - mse: 0.2118 - val_loss: 0.1873 - val_mse: 0.1873
Epoch 289/1000
100/100 - 29s - loss: 0.2140 - mse: 0.2140 - val_loss: 0.1878 - val_mse: 0.1878
Epoch 290/1000
100/100 - 25s - loss: 0.2125 - mse: 0.2125 - val_loss: 0.1888 - val_mse: 0.1888
Epoch 291/1000
100/100 - 28s - loss: 0.2157 - mse: 0.2157 - val_loss: 0.1906 - val_mse: 0.1906
Epoch 292/1000
100/100 - 27s - loss: 0.2094 - mse: 0.2094 - val_loss: 0.1941 - val_mse: 0.1941
Epoch 293/1000
100/100 - 25s - loss: 0.2210 - mse: 0.2210 - val_loss: 0.1915 - val_mse: 0.1915
Epoch 294/1000
100/100 - 28s - loss: 0.2171 - mse: 0.2171 - val_loss: 0.1870 - val_mse: 0.1870
Epoch 295/1000
100/100 - 25s - loss: 0.2134 - mse: 0.2134 - val_loss: 0.1868 - val_mse: 0.1868
Epoch 296/1000
100/100 - 28s - loss: 0.2069 - mse: 0.2069 - val_loss: 0.1862 - val_mse: 0.1862
Epoch 297/1000
100/100 - 25s - loss: 0.2156 - mse: 0.2156 - val_loss: 0.1951 - val_mse: 0.1951
Epoch 298/1000
100/100 - 30s - loss: 0.2110 - mse: 0.2110 - val_loss: 0.1961 - val_mse: 0.1961
Epoch 299/1000
100/100 - 28s - loss: 0.2111 - mse: 0.2111 - val_loss: 0.1975 - val_mse: 0.1975
Epoch 300/1000
100/100 - 25s - loss: 0.2130 - mse: 0.2130 - val_loss: 0.1936 - val_mse: 0.1936
Epoch 301/1000
100/100 - 29s - loss: 0.2098 - mse: 0.2098 - val_loss: 0.1861 - val_mse: 0.1861
Epoch 302/1000
100/100 - 25s - loss: 0.2180 - mse: 0.2180 - val_loss: 0.1993 - val_mse: 0.1993
Epoch 303/1000
100/100 - 28s - loss: 0.2195 - mse: 0.2195 - val_loss: 0.1991 - val_mse: 0.1991
Epoch 304/1000
100/100 - 27s - loss: 0.2147 - mse: 0.2147 - val_loss: 0.1953 - val_mse: 0.1953
Epoch 305/1000
100/100 - 26s - loss: 0.2155 - mse: 0.2155 - val_loss: 0.1915 - val_mse: 0.1915
Epoch 306/1000
100/100 - 28s - loss: 0.2168 - mse: 0.2168 - val_loss: 0.1876 - val_mse: 0.1876
Epoch 307/1000
100/100 - 25s - loss: 0.2126 - mse: 0.2126 - val_loss: 0.1887 - val_mse: 0.1887
Epoch 308/1000
100/100 - 28s - loss: 0.2128 - mse: 0.2128 - val_loss: 0.1957 - val_mse: 0.1957
Epoch 309/1000
100/100 - 25s - loss: 0.2070 - mse: 0.2070 - val_loss: 0.1960 - val_mse: 0.1960
Epoch 310/1000
100/100 - 29s - loss: 0.2095 - mse: 0.2095 - val_loss: 0.2012 - val_mse: 0.2012
Epoch 311/1000
100/100 - 29s - loss: 0.2108 - mse: 0.2108 - val_loss: 0.1899 - val_mse: 0.1899
Epoch 312/1000
100/100 - 25s - loss: 0.2141 - mse: 0.2141 - val_loss: 0.1904 - val_mse: 0.1904
Epoch 313/1000
100/100 - 29s - loss: 0.2054 - mse: 0.2054 - val_loss: 0.1939 - val_mse: 0.1939
Epoch 314/1000
100/100 - 25s - loss: 0.2138 - mse: 0.2138 - val_loss: 0.1983 - val_mse: 0.1983
Epoch 315/1000
100/100 - 29s - loss: 0.2103 - mse: 0.2103 - val_loss: 0.2070 - val_mse: 0.2070
Epoch 316/1000
100/100 - 28s - loss: 0.2073 - mse: 0.2073 - val_loss: 0.2000 - val_mse: 0.2000
Epoch 317/1000
100/100 - 26s - loss: 0.2124 - mse: 0.2124 - val_loss: 0.2004 - val_mse: 0.2004
Epoch 318/1000
100/100 - 28s - loss: 0.2118 - mse: 0.2118 - val_loss: 0.1899 - val_mse: 0.1899
Epoch 319/1000
100/100 - 25s - loss: 0.2170 - mse: 0.2170 - val_loss: 0.1969 - val_mse: 0.1969
Epoch 320/1000
100/100 - 28s - loss: 0.2101 - mse: 0.2101 - val_loss: 0.1930 - val_mse: 0.1930
Epoch 321/1000
100/100 - 25s - loss: 0.2105 - mse: 0.2105 - val_loss: 0.1896 - val_mse: 0.1896
Epoch 322/1000
100/100 - 29s - loss: 0.2118 - mse: 0.2118 - val_loss: 0.1895 - val_mse: 0.1895
Epoch 323/1000
100/100 - 27s - loss: 0.2084 - mse: 0.2084 - val_loss: 0.1904 - val_mse: 0.1904
Epoch 324/1000
100/100 - 25s - loss: 0.2116 - mse: 0.2116 - val_loss: 0.1889 - val_mse: 0.1889
Epoch 325/1000
100/100 - 29s - loss: 0.2132 - mse: 0.2132 - val_loss: 0.1916 - val_mse: 0.1916
Epoch 326/1000
100/100 - 26s - loss: 0.2131 - mse: 0.2131 - val_loss: 0.1952 - val_mse: 0.1952
Epoch 327/1000
100/100 - 29s - loss: 0.2133 - mse: 0.2133 - val_loss: 0.1909 - val_mse: 0.1909
Epoch 328/1000
100/100 - 27s - loss: 0.2046 - mse: 0.2046 - val_loss: 0.1924 - val_mse: 0.1924
Epoch 329/1000
100/100 - 26s - loss: 0.2081 - mse: 0.2081 - val_loss: 0.1922 - val_mse: 0.1922
Epoch 330/1000
100/100 - 29s - loss: 0.2100 - mse: 0.2100 - val_loss: 0.1993 - val_mse: 0.1993
Epoch 331/1000
100/100 - 25s - loss: 0.2101 - mse: 0.2101 - val_loss: 0.1897 - val_mse: 0.1897
Epoch 332/1000
100/100 - 29s - loss: 0.2093 - mse: 0.2093 - val_loss: 0.1864 - val_mse: 0.1864
Epoch 333/1000
100/100 - 25s - loss: 0.2130 - mse: 0.2130 - val_loss: 0.1868 - val_mse: 0.1868
Epoch 334/1000
100/100 - 29s - loss: 0.2151 - mse: 0.2151 - val_loss: 0.1910 - val_mse: 0.1910
Epoch 335/1000
100/100 - 28s - loss: 0.2100 - mse: 0.2100 - val_loss: 0.1991 - val_mse: 0.1991
Epoch 336/1000
100/100 - 25s - loss: 0.2034 - mse: 0.2034 - val_loss: 0.1923 - val_mse: 0.1923
Epoch 337/1000
100/100 - 30s - loss: 0.2113 - mse: 0.2113 - val_loss: 0.1913 - val_mse: 0.1913
Epoch 338/1000
100/100 - 25s - loss: 0.2148 - mse: 0.2148 - val_loss: 0.1982 - val_mse: 0.1982
Epoch 339/1000
100/100 - 29s - loss: 0.2174 - mse: 0.2174 - val_loss: 0.1996 - val_mse: 0.1996
Epoch 340/1000
100/100 - 28s - loss: 0.2085 - mse: 0.2085 - val_loss: 0.1943 - val_mse: 0.1943
Epoch 341/1000
100/100 - 25s - loss: 0.2116 - mse: 0.2116 - val_loss: 0.1944 - val_mse: 0.1944
Epoch 342/1000
100/100 - 29s - loss: 0.2092 - mse: 0.2092 - val_loss: 0.1982 - val_mse: 0.1982
Epoch 343/1000
100/100 - 26s - loss: 0.2074 - mse: 0.2074 - val_loss: 0.1874 - val_mse: 0.1874
Epoch 344/1000
100/100 - 28s - loss: 0.2076 - mse: 0.2076 - val_loss: 0.1886 - val_mse: 0.1886
Epoch 345/1000
100/100 - 25s - loss: 0.2067 - mse: 0.2067 - val_loss: 0.1891 - val_mse: 0.1891
Epoch 346/1000
100/100 - 30s - loss: 0.2115 - mse: 0.2115 - val_loss: 0.1936 - val_mse: 0.1936
Epoch 347/1000
100/100 - 28s - loss: 0.2103 - mse: 0.2103 - val_loss: 0.1946 - val_mse: 0.1946
Epoch 348/1000
100/100 - 25s - loss: 0.2184 - mse: 0.2184 - val_loss: 0.1872 - val_mse: 0.1872
Epoch 349/1000
100/100 - 30s - loss: 0.2117 - mse: 0.2117 - val_loss: 0.1926 - val_mse: 0.1926
Epoch 350/1000
100/100 - 26s - loss: 0.2157 - mse: 0.2157 - val_loss: 0.1937 - val_mse: 0.1937
Epoch 351/1000
100/100 - 29s - loss: 0.2146 - mse: 0.2146 - val_loss: 0.1930 - val_mse: 0.1930
